[2023-07-17T12:53:35.880+0000] {taskinstance.py:1103} INFO - Dependencies all met for dep_context=non-requeueable deps ti=<TaskInstance: main_dag.data_acquisition manual__2023-07-17T12:53:26.416378+00:00 [queued]>
[2023-07-17T12:53:35.892+0000] {taskinstance.py:1103} INFO - Dependencies all met for dep_context=requeueable deps ti=<TaskInstance: main_dag.data_acquisition manual__2023-07-17T12:53:26.416378+00:00 [queued]>
[2023-07-17T12:53:35.892+0000] {taskinstance.py:1308} INFO - Starting attempt 1 of 1
[2023-07-17T12:53:35.911+0000] {taskinstance.py:1327} INFO - Executing <Task(PythonOperator): data_acquisition> on 2023-07-17 12:53:26.416378+00:00
[2023-07-17T12:53:35.917+0000] {standard_task_runner.py:57} INFO - Started process 723 to run task
[2023-07-17T12:53:35.921+0000] {standard_task_runner.py:84} INFO - Running: ['***', 'tasks', 'run', 'main_dag', 'data_acquisition', 'manual__2023-07-17T12:53:26.416378+00:00', '--job-id', '682', '--raw', '--subdir', 'DAGS_FOLDER/main_dag.py', '--cfg-path', '/tmp/tmpdeciq9eq']
[2023-07-17T12:53:35.925+0000] {standard_task_runner.py:85} INFO - Job 682: Subtask data_acquisition
[2023-07-17T12:53:35.980+0000] {task_command.py:410} INFO - Running <TaskInstance: main_dag.data_acquisition manual__2023-07-17T12:53:26.416378+00:00 [running]> on host d3ee5a861c36
[2023-07-17T12:53:36.088+0000] {taskinstance.py:1547} INFO - Exporting env vars: AIRFLOW_CTX_DAG_OWNER='***' AIRFLOW_CTX_DAG_ID='main_dag' AIRFLOW_CTX_TASK_ID='data_acquisition' AIRFLOW_CTX_EXECUTION_DATE='2023-07-17T12:53:26.416378+00:00' AIRFLOW_CTX_TRY_NUMBER='1' AIRFLOW_CTX_DAG_RUN_ID='manual__2023-07-17T12:53:26.416378+00:00'
[2023-07-17T12:54:59.274+0000] {logging_mixin.py:150} WARNING - /home/***/.local/lib/python3.7/site-packages/wikipedia/wikipedia.py:389 GuessedAtParserWarning: No parser was explicitly specified, so I'm using the best available HTML parser for this system ("lxml"). This usually isn't a problem, but if you run this code on another system, or in a different virtual environment, it may use a different parser and behave differently.

The code that caused this warning is on line 389 of the file /home/***/.local/lib/python3.7/site-packages/wikipedia/wikipedia.py. To get rid of this warning, pass the additional argument 'features="lxml"' to the BeautifulSoup constructor.
[2023-07-17T12:54:59.298+0000] {logging_mixin.py:150} INFO - Could not load Casp
[2023-07-17T12:55:27.382+0000] {logging_mixin.py:150} INFO - Could not load Computer Vision
[2023-07-17T12:55:41.244+0000] {logging_mixin.py:150} INFO - Could not load Dbscan
[2023-07-17T12:55:45.984+0000] {logging_mixin.py:150} INFO - Could not load Data Mining
[2023-07-17T12:56:57.336+0000] {logging_mixin.py:150} INFO - Could not load Github
[2023-07-17T12:57:03.186+0000] {logging_mixin.py:150} INFO - Could not load Google
[2023-07-17T12:57:29.571+0000] {logging_mixin.py:150} INFO - Could not load Identity Matrix
[2023-07-17T12:58:32.050+0000] {logging_mixin.py:150} INFO - Could not load Machine Learning
[2023-07-17T12:59:03.794+0000] {logging_mixin.py:150} INFO - Could not load Multilayer Perceptron
[2023-07-17T12:59:08.914+0000] {logging_mixin.py:150} INFO - Could not load Np-Hard
[2023-07-17T12:59:46.098+0000] {logging_mixin.py:150} INFO - Could not load Pmc (Identifier)
[2023-07-17T12:59:52.571+0000] {logging_mixin.py:150} INFO - Could not load Petar Veličković
[2023-07-17T12:59:54.921+0000] {logging_mixin.py:150} INFO - Could not load Physics
[2023-07-17T12:59:57.606+0000] {logging_mixin.py:150} INFO - Could not load Pixel
[2023-07-17T13:00:27.082+0000] {logging_mixin.py:150} INFO - Could not load Relu
[2023-07-17T13:01:21.114+0000] {logging_mixin.py:150} INFO - Could not load Social Graph
[2023-07-17T13:01:58.288+0000] {logging_mixin.py:150} INFO - Could not load Tensorflow
[2023-07-17T13:02:00.436+0000] {logging_mixin.py:150} INFO - Could not load Thomas Kipf
[2023-07-17T13:02:30.303+0000] {python.py:183} INFO - Done. Returned value was: None
[2023-07-17T13:02:30.314+0000] {taskinstance.py:1350} INFO - Marking task as SUCCESS. dag_id=main_dag, task_id=data_acquisition, execution_date=20230717T125326, start_date=20230717T125335, end_date=20230717T130230
[2023-07-17T13:02:30.363+0000] {local_task_job_runner.py:225} INFO - Task exited with return code 0
[2023-07-17T13:02:30.398+0000] {taskinstance.py:2653} INFO - 1 downstream tasks scheduled from follow-on schedule check
