[2023-07-16T13:26:11.075+0000] {taskinstance.py:1103} INFO - Dependencies all met for dep_context=non-requeueable deps ti=<TaskInstance: main_dag.install_libraries manual__2023-07-16T13:26:09.182709+00:00 [queued]>
[2023-07-16T13:26:11.085+0000] {taskinstance.py:1103} INFO - Dependencies all met for dep_context=requeueable deps ti=<TaskInstance: main_dag.install_libraries manual__2023-07-16T13:26:09.182709+00:00 [queued]>
[2023-07-16T13:26:11.085+0000] {taskinstance.py:1308} INFO - Starting attempt 1 of 1
[2023-07-16T13:26:11.099+0000] {taskinstance.py:1327} INFO - Executing <Task(BashOperator): install_libraries> on 2023-07-16 13:26:09.182709+00:00
[2023-07-16T13:26:11.103+0000] {standard_task_runner.py:57} INFO - Started process 551 to run task
[2023-07-16T13:26:11.106+0000] {standard_task_runner.py:84} INFO - Running: ['***', 'tasks', 'run', 'main_dag', 'install_libraries', 'manual__2023-07-16T13:26:09.182709+00:00', '--job-id', '489', '--raw', '--subdir', 'DAGS_FOLDER/main_dag.py', '--cfg-path', '/tmp/tmp9qx9s9p_']
[2023-07-16T13:26:11.107+0000] {standard_task_runner.py:85} INFO - Job 489: Subtask install_libraries
[2023-07-16T13:26:11.149+0000] {task_command.py:410} INFO - Running <TaskInstance: main_dag.install_libraries manual__2023-07-16T13:26:09.182709+00:00 [running]> on host e866793b1059
[2023-07-16T13:26:11.245+0000] {taskinstance.py:1547} INFO - Exporting env vars: AIRFLOW_CTX_DAG_OWNER='***' AIRFLOW_CTX_DAG_ID='main_dag' AIRFLOW_CTX_TASK_ID='install_libraries' AIRFLOW_CTX_EXECUTION_DATE='2023-07-16T13:26:09.182709+00:00' AIRFLOW_CTX_TRY_NUMBER='1' AIRFLOW_CTX_DAG_RUN_ID='manual__2023-07-16T13:26:09.182709+00:00'
[2023-07-16T13:26:11.246+0000] {subprocess.py:63} INFO - Tmp dir root location: /tmp
[2023-07-16T13:26:11.246+0000] {subprocess.py:75} INFO - Running command: ['/bin/bash', '-c', 'pip install networkx matplotlib']
[2023-07-16T13:26:11.257+0000] {subprocess.py:86} INFO - Output:
[2023-07-16T13:26:12.499+0000] {subprocess.py:93} INFO - Defaulting to user installation because normal site-packages is not writeable
[2023-07-16T13:26:14.169+0000] {subprocess.py:93} INFO - Collecting networkx
[2023-07-16T13:26:19.705+0000] {subprocess.py:93} INFO -   Downloading networkx-2.6.3-py3-none-any.whl (1.9 MB)
[2023-07-16T13:26:20.066+0000] {subprocess.py:93} INFO -      ━━━━━━━━━━━━━━━━━━━━━━━━━━━━━━━━━━━━━━━━ 1.9/1.9 MB 5.4 MB/s eta 0:00:00
[2023-07-16T13:26:20.720+0000] {subprocess.py:93} INFO - Collecting matplotlib
[2023-07-16T13:26:20.751+0000] {subprocess.py:93} INFO -   Downloading matplotlib-3.5.3-cp37-cp37m-manylinux_2_5_x86_64.manylinux1_x86_64.whl (11.2 MB)
[2023-07-16T13:26:21.394+0000] {subprocess.py:93} INFO -      ━━━━━━━━━━━━━━━━━━━━━━━━━━━━━━━━━━━━━━━━ 11.2/11.2 MB 19.9 MB/s eta 0:00:00
[2023-07-16T13:26:21.468+0000] {subprocess.py:93} INFO - Collecting cycler>=0.10 (from matplotlib)
[2023-07-16T13:26:21.483+0000] {subprocess.py:93} INFO -   Downloading cycler-0.11.0-py3-none-any.whl (6.4 kB)
[2023-07-16T13:26:21.619+0000] {subprocess.py:93} INFO - Collecting fonttools>=4.22.0 (from matplotlib)
[2023-07-16T13:26:21.644+0000] {subprocess.py:93} INFO -   Downloading fonttools-4.38.0-py3-none-any.whl (965 kB)
[2023-07-16T13:26:21.695+0000] {subprocess.py:93} INFO -      ━━━━━━━━━━━━━━━━━━━━━━━━━━━━━━━━━━━━━━ 965.4/965.4 kB 19.7 MB/s eta 0:00:00
[2023-07-16T13:26:21.803+0000] {subprocess.py:93} INFO - Collecting kiwisolver>=1.0.1 (from matplotlib)
[2023-07-16T13:26:21.823+0000] {subprocess.py:93} INFO -   Downloading kiwisolver-1.4.4-cp37-cp37m-manylinux_2_5_x86_64.manylinux1_x86_64.whl (1.1 MB)
[2023-07-16T13:26:21.886+0000] {subprocess.py:93} INFO -      ━━━━━━━━━━━━━━━━━━━━━━━━━━━━━━━━━━━━━━━━ 1.1/1.1 MB 19.1 MB/s eta 0:00:00
[2023-07-16T13:26:21.889+0000] {subprocess.py:93} INFO - Requirement already satisfied: numpy>=1.17 in /home/***/.local/lib/python3.7/site-packages (from matplotlib) (1.21.6)
[2023-07-16T13:26:21.890+0000] {subprocess.py:93} INFO - Requirement already satisfied: packaging>=20.0 in /home/***/.local/lib/python3.7/site-packages (from matplotlib) (21.3)
[2023-07-16T13:26:22.270+0000] {subprocess.py:93} INFO - Collecting pillow>=6.2.0 (from matplotlib)
[2023-07-16T13:26:22.291+0000] {subprocess.py:93} INFO -   Downloading Pillow-9.5.0-cp37-cp37m-manylinux_2_28_x86_64.whl (3.4 MB)
[2023-07-16T13:26:22.449+0000] {subprocess.py:93} INFO -      ━━━━━━━━━━━━━━━━━━━━━━━━━━━━━━━━━━━━━━━━ 3.4/3.4 MB 21.9 MB/s eta 0:00:00
[2023-07-16T13:26:22.455+0000] {subprocess.py:93} INFO - Requirement already satisfied: pyparsing>=2.2.1 in /home/***/.local/lib/python3.7/site-packages (from matplotlib) (3.1.0)
[2023-07-16T13:26:22.456+0000] {subprocess.py:93} INFO - Requirement already satisfied: python-dateutil>=2.7 in /home/***/.local/lib/python3.7/site-packages (from matplotlib) (2.8.2)
[2023-07-16T13:26:22.500+0000] {subprocess.py:93} INFO - Requirement already satisfied: typing-extensions in /home/***/.local/lib/python3.7/site-packages (from kiwisolver>=1.0.1->matplotlib) (4.7.1)
[2023-07-16T13:26:22.524+0000] {subprocess.py:93} INFO - Requirement already satisfied: six>=1.5 in /home/***/.local/lib/python3.7/site-packages (from python-dateutil>=2.7->matplotlib) (1.16.0)
[2023-07-16T13:26:27.233+0000] {subprocess.py:93} INFO - Installing collected packages: pillow, networkx, kiwisolver, fonttools, cycler, matplotlib
[2023-07-16T13:26:29.762+0000] {subprocess.py:93} INFO - Successfully installed cycler-0.11.0 fonttools-4.38.0 kiwisolver-1.4.4 matplotlib-3.5.3 networkx-2.6.3 pillow-9.5.0
[2023-07-16T13:26:34.578+0000] {subprocess.py:93} INFO - 
[2023-07-16T13:26:34.578+0000] {subprocess.py:93} INFO - [notice] A new release of pip is available: 23.1.2 -> 23.2
[2023-07-16T13:26:34.578+0000] {subprocess.py:93} INFO - [notice] To update, run: python -m pip install --upgrade pip
[2023-07-16T13:26:34.792+0000] {subprocess.py:97} INFO - Command exited with return code 0
[2023-07-16T13:26:34.834+0000] {taskinstance.py:1350} INFO - Marking task as SUCCESS. dag_id=main_dag, task_id=install_libraries, execution_date=20230716T132609, start_date=20230716T132611, end_date=20230716T132634
[2023-07-16T13:26:34.895+0000] {local_task_job_runner.py:225} INFO - Task exited with return code 0
[2023-07-16T13:26:34.927+0000] {taskinstance.py:2653} INFO - 2 downstream tasks scheduled from follow-on schedule check
