[2023-07-15T22:31:26.119+0000] {processor.py:157} INFO - Started process (PID=278) to work on /home/airflow/.local/lib/python3.7/site-packages/airflow/example_dags/example_branch_operator.py
[2023-07-15T22:31:26.119+0000] {processor.py:826} INFO - Processing file /home/airflow/.local/lib/python3.7/site-packages/airflow/example_dags/example_branch_operator.py for tasks to queue
[2023-07-15T22:31:26.120+0000] {logging_mixin.py:150} INFO - [2023-07-15T22:31:26.120+0000] {dagbag.py:541} INFO - Filling up the DagBag from /home/airflow/.local/lib/python3.7/site-packages/airflow/example_dags/example_branch_operator.py
[2023-07-15T22:31:26.130+0000] {processor.py:836} INFO - DAG(s) dict_keys(['example_branch_operator']) retrieved from /home/airflow/.local/lib/python3.7/site-packages/airflow/example_dags/example_branch_operator.py
[2023-07-15T22:31:26.141+0000] {logging_mixin.py:150} INFO - [2023-07-15T22:31:26.140+0000] {dag.py:2742} INFO - Sync 1 DAGs
[2023-07-15T22:31:26.171+0000] {logging_mixin.py:150} INFO - [2023-07-15T22:31:26.170+0000] {dag.py:3508} INFO - Setting next_dagrun for example_branch_operator to 2023-07-14T00:00:00+00:00, run_after=2023-07-15T00:00:00+00:00
[2023-07-15T22:31:26.191+0000] {processor.py:179} INFO - Processing /home/airflow/.local/lib/python3.7/site-packages/airflow/example_dags/example_branch_operator.py took 0.075 seconds
[2023-07-15T22:31:56.437+0000] {processor.py:157} INFO - Started process (PID=522) to work on /home/airflow/.local/lib/python3.7/site-packages/airflow/example_dags/example_branch_operator.py
[2023-07-15T22:31:56.438+0000] {processor.py:826} INFO - Processing file /home/airflow/.local/lib/python3.7/site-packages/airflow/example_dags/example_branch_operator.py for tasks to queue
[2023-07-15T22:31:56.438+0000] {logging_mixin.py:150} INFO - [2023-07-15T22:31:56.438+0000] {dagbag.py:541} INFO - Filling up the DagBag from /home/airflow/.local/lib/python3.7/site-packages/airflow/example_dags/example_branch_operator.py
[2023-07-15T22:31:56.445+0000] {processor.py:836} INFO - DAG(s) dict_keys(['example_branch_operator']) retrieved from /home/airflow/.local/lib/python3.7/site-packages/airflow/example_dags/example_branch_operator.py
[2023-07-15T22:31:56.470+0000] {logging_mixin.py:150} INFO - [2023-07-15T22:31:56.470+0000] {dag.py:2742} INFO - Sync 1 DAGs
[2023-07-15T22:31:56.495+0000] {logging_mixin.py:150} INFO - [2023-07-15T22:31:56.495+0000] {dag.py:3508} INFO - Setting next_dagrun for example_branch_operator to 2023-07-14T00:00:00+00:00, run_after=2023-07-15T00:00:00+00:00
[2023-07-15T22:31:56.514+0000] {processor.py:179} INFO - Processing /home/airflow/.local/lib/python3.7/site-packages/airflow/example_dags/example_branch_operator.py took 0.079 seconds
[2023-07-15T22:32:26.624+0000] {processor.py:157} INFO - Started process (PID=771) to work on /home/airflow/.local/lib/python3.7/site-packages/airflow/example_dags/example_branch_operator.py
[2023-07-15T22:32:26.625+0000] {processor.py:826} INFO - Processing file /home/airflow/.local/lib/python3.7/site-packages/airflow/example_dags/example_branch_operator.py for tasks to queue
[2023-07-15T22:32:26.626+0000] {logging_mixin.py:150} INFO - [2023-07-15T22:32:26.626+0000] {dagbag.py:541} INFO - Filling up the DagBag from /home/airflow/.local/lib/python3.7/site-packages/airflow/example_dags/example_branch_operator.py
[2023-07-15T22:32:26.638+0000] {processor.py:836} INFO - DAG(s) dict_keys(['example_branch_operator']) retrieved from /home/airflow/.local/lib/python3.7/site-packages/airflow/example_dags/example_branch_operator.py
[2023-07-15T22:32:26.667+0000] {logging_mixin.py:150} INFO - [2023-07-15T22:32:26.666+0000] {dag.py:2742} INFO - Sync 1 DAGs
[2023-07-15T22:32:26.694+0000] {logging_mixin.py:150} INFO - [2023-07-15T22:32:26.694+0000] {dag.py:3508} INFO - Setting next_dagrun for example_branch_operator to 2023-07-14T00:00:00+00:00, run_after=2023-07-15T00:00:00+00:00
[2023-07-15T22:32:26.715+0000] {processor.py:179} INFO - Processing /home/airflow/.local/lib/python3.7/site-packages/airflow/example_dags/example_branch_operator.py took 0.095 seconds
[2023-07-15T22:32:56.859+0000] {processor.py:157} INFO - Started process (PID=1027) to work on /home/airflow/.local/lib/python3.7/site-packages/airflow/example_dags/example_branch_operator.py
[2023-07-15T22:32:56.859+0000] {processor.py:826} INFO - Processing file /home/airflow/.local/lib/python3.7/site-packages/airflow/example_dags/example_branch_operator.py for tasks to queue
[2023-07-15T22:32:56.860+0000] {logging_mixin.py:150} INFO - [2023-07-15T22:32:56.860+0000] {dagbag.py:541} INFO - Filling up the DagBag from /home/airflow/.local/lib/python3.7/site-packages/airflow/example_dags/example_branch_operator.py
[2023-07-15T22:32:56.869+0000] {processor.py:836} INFO - DAG(s) dict_keys(['example_branch_operator']) retrieved from /home/airflow/.local/lib/python3.7/site-packages/airflow/example_dags/example_branch_operator.py
[2023-07-15T22:32:56.898+0000] {logging_mixin.py:150} INFO - [2023-07-15T22:32:56.898+0000] {dag.py:2742} INFO - Sync 1 DAGs
[2023-07-15T22:32:56.929+0000] {logging_mixin.py:150} INFO - [2023-07-15T22:32:56.929+0000] {dag.py:3508} INFO - Setting next_dagrun for example_branch_operator to 2023-07-14T00:00:00+00:00, run_after=2023-07-15T00:00:00+00:00
[2023-07-15T22:32:56.955+0000] {processor.py:179} INFO - Processing /home/airflow/.local/lib/python3.7/site-packages/airflow/example_dags/example_branch_operator.py took 0.099 seconds
[2023-07-15T22:33:27.153+0000] {processor.py:157} INFO - Started process (PID=1276) to work on /home/airflow/.local/lib/python3.7/site-packages/airflow/example_dags/example_branch_operator.py
[2023-07-15T22:33:27.154+0000] {processor.py:826} INFO - Processing file /home/airflow/.local/lib/python3.7/site-packages/airflow/example_dags/example_branch_operator.py for tasks to queue
[2023-07-15T22:33:27.155+0000] {logging_mixin.py:150} INFO - [2023-07-15T22:33:27.155+0000] {dagbag.py:541} INFO - Filling up the DagBag from /home/airflow/.local/lib/python3.7/site-packages/airflow/example_dags/example_branch_operator.py
[2023-07-15T22:33:27.162+0000] {processor.py:836} INFO - DAG(s) dict_keys(['example_branch_operator']) retrieved from /home/airflow/.local/lib/python3.7/site-packages/airflow/example_dags/example_branch_operator.py
[2023-07-15T22:33:27.186+0000] {logging_mixin.py:150} INFO - [2023-07-15T22:33:27.185+0000] {dag.py:2742} INFO - Sync 1 DAGs
[2023-07-15T22:33:27.212+0000] {logging_mixin.py:150} INFO - [2023-07-15T22:33:27.211+0000] {dag.py:3508} INFO - Setting next_dagrun for example_branch_operator to 2023-07-14T00:00:00+00:00, run_after=2023-07-15T00:00:00+00:00
[2023-07-15T22:33:27.230+0000] {processor.py:179} INFO - Processing /home/airflow/.local/lib/python3.7/site-packages/airflow/example_dags/example_branch_operator.py took 0.080 seconds
[2023-07-15T22:33:57.373+0000] {processor.py:157} INFO - Started process (PID=1525) to work on /home/airflow/.local/lib/python3.7/site-packages/airflow/example_dags/example_branch_operator.py
[2023-07-15T22:33:57.374+0000] {processor.py:826} INFO - Processing file /home/airflow/.local/lib/python3.7/site-packages/airflow/example_dags/example_branch_operator.py for tasks to queue
[2023-07-15T22:33:57.375+0000] {logging_mixin.py:150} INFO - [2023-07-15T22:33:57.375+0000] {dagbag.py:541} INFO - Filling up the DagBag from /home/airflow/.local/lib/python3.7/site-packages/airflow/example_dags/example_branch_operator.py
[2023-07-15T22:33:57.383+0000] {processor.py:836} INFO - DAG(s) dict_keys(['example_branch_operator']) retrieved from /home/airflow/.local/lib/python3.7/site-packages/airflow/example_dags/example_branch_operator.py
[2023-07-15T22:33:57.407+0000] {logging_mixin.py:150} INFO - [2023-07-15T22:33:57.407+0000] {dag.py:2742} INFO - Sync 1 DAGs
[2023-07-15T22:33:57.435+0000] {logging_mixin.py:150} INFO - [2023-07-15T22:33:57.435+0000] {dag.py:3508} INFO - Setting next_dagrun for example_branch_operator to 2023-07-14T00:00:00+00:00, run_after=2023-07-15T00:00:00+00:00
[2023-07-15T22:33:57.475+0000] {processor.py:179} INFO - Processing /home/airflow/.local/lib/python3.7/site-packages/airflow/example_dags/example_branch_operator.py took 0.105 seconds
[2023-07-15T22:34:27.566+0000] {processor.py:157} INFO - Started process (PID=1772) to work on /home/airflow/.local/lib/python3.7/site-packages/airflow/example_dags/example_branch_operator.py
[2023-07-15T22:34:27.567+0000] {processor.py:826} INFO - Processing file /home/airflow/.local/lib/python3.7/site-packages/airflow/example_dags/example_branch_operator.py for tasks to queue
[2023-07-15T22:34:27.568+0000] {logging_mixin.py:150} INFO - [2023-07-15T22:34:27.568+0000] {dagbag.py:541} INFO - Filling up the DagBag from /home/airflow/.local/lib/python3.7/site-packages/airflow/example_dags/example_branch_operator.py
[2023-07-15T22:34:27.577+0000] {processor.py:836} INFO - DAG(s) dict_keys(['example_branch_operator']) retrieved from /home/airflow/.local/lib/python3.7/site-packages/airflow/example_dags/example_branch_operator.py
[2023-07-15T22:34:27.605+0000] {logging_mixin.py:150} INFO - [2023-07-15T22:34:27.605+0000] {dag.py:2742} INFO - Sync 1 DAGs
[2023-07-15T22:34:27.632+0000] {logging_mixin.py:150} INFO - [2023-07-15T22:34:27.632+0000] {dag.py:3508} INFO - Setting next_dagrun for example_branch_operator to 2023-07-14T00:00:00+00:00, run_after=2023-07-15T00:00:00+00:00
[2023-07-15T22:34:27.655+0000] {processor.py:179} INFO - Processing /home/airflow/.local/lib/python3.7/site-packages/airflow/example_dags/example_branch_operator.py took 0.091 seconds
[2023-07-15T22:34:57.824+0000] {processor.py:157} INFO - Started process (PID=2021) to work on /home/airflow/.local/lib/python3.7/site-packages/airflow/example_dags/example_branch_operator.py
[2023-07-15T22:34:57.825+0000] {processor.py:826} INFO - Processing file /home/airflow/.local/lib/python3.7/site-packages/airflow/example_dags/example_branch_operator.py for tasks to queue
[2023-07-15T22:34:57.825+0000] {logging_mixin.py:150} INFO - [2023-07-15T22:34:57.825+0000] {dagbag.py:541} INFO - Filling up the DagBag from /home/airflow/.local/lib/python3.7/site-packages/airflow/example_dags/example_branch_operator.py
[2023-07-15T22:34:57.833+0000] {processor.py:836} INFO - DAG(s) dict_keys(['example_branch_operator']) retrieved from /home/airflow/.local/lib/python3.7/site-packages/airflow/example_dags/example_branch_operator.py
[2023-07-15T22:34:57.865+0000] {logging_mixin.py:150} INFO - [2023-07-15T22:34:57.864+0000] {dag.py:2742} INFO - Sync 1 DAGs
[2023-07-15T22:34:57.897+0000] {logging_mixin.py:150} INFO - [2023-07-15T22:34:57.897+0000] {dag.py:3508} INFO - Setting next_dagrun for example_branch_operator to 2023-07-14T00:00:00+00:00, run_after=2023-07-15T00:00:00+00:00
[2023-07-15T22:34:57.920+0000] {processor.py:179} INFO - Processing /home/airflow/.local/lib/python3.7/site-packages/airflow/example_dags/example_branch_operator.py took 0.099 seconds
[2023-07-15T22:35:28.146+0000] {processor.py:157} INFO - Started process (PID=2272) to work on /home/airflow/.local/lib/python3.7/site-packages/airflow/example_dags/example_branch_operator.py
[2023-07-15T22:35:28.146+0000] {processor.py:826} INFO - Processing file /home/airflow/.local/lib/python3.7/site-packages/airflow/example_dags/example_branch_operator.py for tasks to queue
[2023-07-15T22:35:28.147+0000] {logging_mixin.py:150} INFO - [2023-07-15T22:35:28.147+0000] {dagbag.py:541} INFO - Filling up the DagBag from /home/airflow/.local/lib/python3.7/site-packages/airflow/example_dags/example_branch_operator.py
[2023-07-15T22:35:28.154+0000] {processor.py:836} INFO - DAG(s) dict_keys(['example_branch_operator']) retrieved from /home/airflow/.local/lib/python3.7/site-packages/airflow/example_dags/example_branch_operator.py
[2023-07-15T22:35:28.177+0000] {logging_mixin.py:150} INFO - [2023-07-15T22:35:28.177+0000] {dag.py:2742} INFO - Sync 1 DAGs
[2023-07-15T22:35:28.203+0000] {logging_mixin.py:150} INFO - [2023-07-15T22:35:28.203+0000] {dag.py:3508} INFO - Setting next_dagrun for example_branch_operator to 2023-07-14T00:00:00+00:00, run_after=2023-07-15T00:00:00+00:00
[2023-07-15T22:35:28.221+0000] {processor.py:179} INFO - Processing /home/airflow/.local/lib/python3.7/site-packages/airflow/example_dags/example_branch_operator.py took 0.078 seconds
