[2023-07-15T22:31:25.097+0000] {processor.py:157} INFO - Started process (PID=180) to work on /home/airflow/.local/lib/python3.7/site-packages/airflow/example_dags/example_skip_dag.py
[2023-07-15T22:31:25.097+0000] {processor.py:826} INFO - Processing file /home/airflow/.local/lib/python3.7/site-packages/airflow/example_dags/example_skip_dag.py for tasks to queue
[2023-07-15T22:31:25.098+0000] {logging_mixin.py:150} INFO - [2023-07-15T22:31:25.098+0000] {dagbag.py:541} INFO - Filling up the DagBag from /home/airflow/.local/lib/python3.7/site-packages/airflow/example_dags/example_skip_dag.py
[2023-07-15T22:31:25.105+0000] {processor.py:836} INFO - DAG(s) dict_keys(['example_skip_dag']) retrieved from /home/airflow/.local/lib/python3.7/site-packages/airflow/example_dags/example_skip_dag.py
[2023-07-15T22:31:25.117+0000] {logging_mixin.py:150} INFO - [2023-07-15T22:31:25.117+0000] {dag.py:2742} INFO - Sync 1 DAGs
[2023-07-15T22:31:25.142+0000] {logging_mixin.py:150} INFO - [2023-07-15T22:31:25.142+0000] {dag.py:3508} INFO - Setting next_dagrun for example_skip_dag to 2023-07-14T22:31:25.142313+00:00, run_after=2023-07-15T22:31:25.142313+00:00
[2023-07-15T22:31:25.163+0000] {processor.py:179} INFO - Processing /home/airflow/.local/lib/python3.7/site-packages/airflow/example_dags/example_skip_dag.py took 0.069 seconds
[2023-07-15T22:31:55.255+0000] {processor.py:157} INFO - Started process (PID=429) to work on /home/airflow/.local/lib/python3.7/site-packages/airflow/example_dags/example_skip_dag.py
[2023-07-15T22:31:55.256+0000] {processor.py:826} INFO - Processing file /home/airflow/.local/lib/python3.7/site-packages/airflow/example_dags/example_skip_dag.py for tasks to queue
[2023-07-15T22:31:55.257+0000] {logging_mixin.py:150} INFO - [2023-07-15T22:31:55.257+0000] {dagbag.py:541} INFO - Filling up the DagBag from /home/airflow/.local/lib/python3.7/site-packages/airflow/example_dags/example_skip_dag.py
[2023-07-15T22:31:55.262+0000] {processor.py:836} INFO - DAG(s) dict_keys(['example_skip_dag']) retrieved from /home/airflow/.local/lib/python3.7/site-packages/airflow/example_dags/example_skip_dag.py
[2023-07-15T22:31:55.286+0000] {logging_mixin.py:150} INFO - [2023-07-15T22:31:55.286+0000] {dag.py:2742} INFO - Sync 1 DAGs
[2023-07-15T22:31:55.311+0000] {logging_mixin.py:150} INFO - [2023-07-15T22:31:55.311+0000] {dag.py:3508} INFO - Setting next_dagrun for example_skip_dag to 2023-07-14T22:31:55.311076+00:00, run_after=2023-07-15T22:31:55.311076+00:00
[2023-07-15T22:31:55.331+0000] {processor.py:179} INFO - Processing /home/airflow/.local/lib/python3.7/site-packages/airflow/example_dags/example_skip_dag.py took 0.078 seconds
[2023-07-15T22:32:25.531+0000] {processor.py:157} INFO - Started process (PID=676) to work on /home/airflow/.local/lib/python3.7/site-packages/airflow/example_dags/example_skip_dag.py
[2023-07-15T22:32:25.532+0000] {processor.py:826} INFO - Processing file /home/airflow/.local/lib/python3.7/site-packages/airflow/example_dags/example_skip_dag.py for tasks to queue
[2023-07-15T22:32:25.533+0000] {logging_mixin.py:150} INFO - [2023-07-15T22:32:25.532+0000] {dagbag.py:541} INFO - Filling up the DagBag from /home/airflow/.local/lib/python3.7/site-packages/airflow/example_dags/example_skip_dag.py
[2023-07-15T22:32:25.538+0000] {processor.py:836} INFO - DAG(s) dict_keys(['example_skip_dag']) retrieved from /home/airflow/.local/lib/python3.7/site-packages/airflow/example_dags/example_skip_dag.py
[2023-07-15T22:32:25.560+0000] {logging_mixin.py:150} INFO - [2023-07-15T22:32:25.560+0000] {dag.py:2742} INFO - Sync 1 DAGs
[2023-07-15T22:32:25.586+0000] {logging_mixin.py:150} INFO - [2023-07-15T22:32:25.586+0000] {dag.py:3508} INFO - Setting next_dagrun for example_skip_dag to 2023-07-14T22:32:25.586040+00:00, run_after=2023-07-15T22:32:25.586040+00:00
[2023-07-15T22:32:25.606+0000] {processor.py:179} INFO - Processing /home/airflow/.local/lib/python3.7/site-packages/airflow/example_dags/example_skip_dag.py took 0.077 seconds
[2023-07-15T22:32:55.691+0000] {processor.py:157} INFO - Started process (PID=925) to work on /home/airflow/.local/lib/python3.7/site-packages/airflow/example_dags/example_skip_dag.py
[2023-07-15T22:32:55.692+0000] {processor.py:826} INFO - Processing file /home/airflow/.local/lib/python3.7/site-packages/airflow/example_dags/example_skip_dag.py for tasks to queue
[2023-07-15T22:32:55.692+0000] {logging_mixin.py:150} INFO - [2023-07-15T22:32:55.692+0000] {dagbag.py:541} INFO - Filling up the DagBag from /home/airflow/.local/lib/python3.7/site-packages/airflow/example_dags/example_skip_dag.py
[2023-07-15T22:32:55.698+0000] {processor.py:836} INFO - DAG(s) dict_keys(['example_skip_dag']) retrieved from /home/airflow/.local/lib/python3.7/site-packages/airflow/example_dags/example_skip_dag.py
[2023-07-15T22:32:55.721+0000] {logging_mixin.py:150} INFO - [2023-07-15T22:32:55.720+0000] {dag.py:2742} INFO - Sync 1 DAGs
[2023-07-15T22:32:55.743+0000] {logging_mixin.py:150} INFO - [2023-07-15T22:32:55.743+0000] {dag.py:3508} INFO - Setting next_dagrun for example_skip_dag to 2023-07-14T22:32:55.742920+00:00, run_after=2023-07-15T22:32:55.742920+00:00
[2023-07-15T22:32:55.764+0000] {processor.py:179} INFO - Processing /home/airflow/.local/lib/python3.7/site-packages/airflow/example_dags/example_skip_dag.py took 0.075 seconds
[2023-07-15T22:33:25.952+0000] {processor.py:157} INFO - Started process (PID=1176) to work on /home/airflow/.local/lib/python3.7/site-packages/airflow/example_dags/example_skip_dag.py
[2023-07-15T22:33:25.953+0000] {processor.py:826} INFO - Processing file /home/airflow/.local/lib/python3.7/site-packages/airflow/example_dags/example_skip_dag.py for tasks to queue
[2023-07-15T22:33:25.953+0000] {logging_mixin.py:150} INFO - [2023-07-15T22:33:25.953+0000] {dagbag.py:541} INFO - Filling up the DagBag from /home/airflow/.local/lib/python3.7/site-packages/airflow/example_dags/example_skip_dag.py
[2023-07-15T22:33:25.959+0000] {processor.py:836} INFO - DAG(s) dict_keys(['example_skip_dag']) retrieved from /home/airflow/.local/lib/python3.7/site-packages/airflow/example_dags/example_skip_dag.py
[2023-07-15T22:33:25.981+0000] {logging_mixin.py:150} INFO - [2023-07-15T22:33:25.980+0000] {dag.py:2742} INFO - Sync 1 DAGs
[2023-07-15T22:33:26.006+0000] {logging_mixin.py:150} INFO - [2023-07-15T22:33:26.005+0000] {dag.py:3508} INFO - Setting next_dagrun for example_skip_dag to 2023-07-14T22:33:26.005696+00:00, run_after=2023-07-15T22:33:26.005696+00:00
[2023-07-15T22:33:26.025+0000] {processor.py:179} INFO - Processing /home/airflow/.local/lib/python3.7/site-packages/airflow/example_dags/example_skip_dag.py took 0.077 seconds
[2023-07-15T22:33:56.124+0000] {processor.py:157} INFO - Started process (PID=1423) to work on /home/airflow/.local/lib/python3.7/site-packages/airflow/example_dags/example_skip_dag.py
[2023-07-15T22:33:56.124+0000] {processor.py:826} INFO - Processing file /home/airflow/.local/lib/python3.7/site-packages/airflow/example_dags/example_skip_dag.py for tasks to queue
[2023-07-15T22:33:56.125+0000] {logging_mixin.py:150} INFO - [2023-07-15T22:33:56.125+0000] {dagbag.py:541} INFO - Filling up the DagBag from /home/airflow/.local/lib/python3.7/site-packages/airflow/example_dags/example_skip_dag.py
[2023-07-15T22:33:56.130+0000] {processor.py:836} INFO - DAG(s) dict_keys(['example_skip_dag']) retrieved from /home/airflow/.local/lib/python3.7/site-packages/airflow/example_dags/example_skip_dag.py
[2023-07-15T22:33:56.153+0000] {logging_mixin.py:150} INFO - [2023-07-15T22:33:56.152+0000] {dag.py:2742} INFO - Sync 1 DAGs
[2023-07-15T22:33:56.178+0000] {logging_mixin.py:150} INFO - [2023-07-15T22:33:56.178+0000] {dag.py:3508} INFO - Setting next_dagrun for example_skip_dag to 2023-07-14T22:33:56.178448+00:00, run_after=2023-07-15T22:33:56.178448+00:00
[2023-07-15T22:33:56.200+0000] {processor.py:179} INFO - Processing /home/airflow/.local/lib/python3.7/site-packages/airflow/example_dags/example_skip_dag.py took 0.080 seconds
[2023-07-15T22:34:26.274+0000] {processor.py:157} INFO - Started process (PID=1672) to work on /home/airflow/.local/lib/python3.7/site-packages/airflow/example_dags/example_skip_dag.py
[2023-07-15T22:34:26.275+0000] {processor.py:826} INFO - Processing file /home/airflow/.local/lib/python3.7/site-packages/airflow/example_dags/example_skip_dag.py for tasks to queue
[2023-07-15T22:34:26.275+0000] {logging_mixin.py:150} INFO - [2023-07-15T22:34:26.275+0000] {dagbag.py:541} INFO - Filling up the DagBag from /home/airflow/.local/lib/python3.7/site-packages/airflow/example_dags/example_skip_dag.py
[2023-07-15T22:34:26.283+0000] {processor.py:836} INFO - DAG(s) dict_keys(['example_skip_dag']) retrieved from /home/airflow/.local/lib/python3.7/site-packages/airflow/example_dags/example_skip_dag.py
[2023-07-15T22:34:26.305+0000] {logging_mixin.py:150} INFO - [2023-07-15T22:34:26.305+0000] {dag.py:2742} INFO - Sync 1 DAGs
[2023-07-15T22:34:26.336+0000] {logging_mixin.py:150} INFO - [2023-07-15T22:34:26.336+0000] {dag.py:3508} INFO - Setting next_dagrun for example_skip_dag to 2023-07-14T22:34:26.336403+00:00, run_after=2023-07-15T22:34:26.336403+00:00
[2023-07-15T22:34:26.358+0000] {processor.py:179} INFO - Processing /home/airflow/.local/lib/python3.7/site-packages/airflow/example_dags/example_skip_dag.py took 0.088 seconds
[2023-07-15T22:34:56.690+0000] {processor.py:157} INFO - Started process (PID=1921) to work on /home/airflow/.local/lib/python3.7/site-packages/airflow/example_dags/example_skip_dag.py
[2023-07-15T22:34:56.691+0000] {processor.py:826} INFO - Processing file /home/airflow/.local/lib/python3.7/site-packages/airflow/example_dags/example_skip_dag.py for tasks to queue
[2023-07-15T22:34:56.692+0000] {logging_mixin.py:150} INFO - [2023-07-15T22:34:56.691+0000] {dagbag.py:541} INFO - Filling up the DagBag from /home/airflow/.local/lib/python3.7/site-packages/airflow/example_dags/example_skip_dag.py
[2023-07-15T22:34:56.697+0000] {processor.py:836} INFO - DAG(s) dict_keys(['example_skip_dag']) retrieved from /home/airflow/.local/lib/python3.7/site-packages/airflow/example_dags/example_skip_dag.py
[2023-07-15T22:34:56.719+0000] {logging_mixin.py:150} INFO - [2023-07-15T22:34:56.719+0000] {dag.py:2742} INFO - Sync 1 DAGs
[2023-07-15T22:34:56.743+0000] {logging_mixin.py:150} INFO - [2023-07-15T22:34:56.743+0000] {dag.py:3508} INFO - Setting next_dagrun for example_skip_dag to 2023-07-14T22:34:56.743167+00:00, run_after=2023-07-15T22:34:56.743167+00:00
[2023-07-15T22:34:56.762+0000] {processor.py:179} INFO - Processing /home/airflow/.local/lib/python3.7/site-packages/airflow/example_dags/example_skip_dag.py took 0.074 seconds
[2023-07-15T22:35:26.880+0000] {processor.py:157} INFO - Started process (PID=2172) to work on /home/airflow/.local/lib/python3.7/site-packages/airflow/example_dags/example_skip_dag.py
[2023-07-15T22:35:26.881+0000] {processor.py:826} INFO - Processing file /home/airflow/.local/lib/python3.7/site-packages/airflow/example_dags/example_skip_dag.py for tasks to queue
[2023-07-15T22:35:26.881+0000] {logging_mixin.py:150} INFO - [2023-07-15T22:35:26.881+0000] {dagbag.py:541} INFO - Filling up the DagBag from /home/airflow/.local/lib/python3.7/site-packages/airflow/example_dags/example_skip_dag.py
[2023-07-15T22:35:26.887+0000] {processor.py:836} INFO - DAG(s) dict_keys(['example_skip_dag']) retrieved from /home/airflow/.local/lib/python3.7/site-packages/airflow/example_dags/example_skip_dag.py
[2023-07-15T22:35:26.908+0000] {logging_mixin.py:150} INFO - [2023-07-15T22:35:26.908+0000] {dag.py:2742} INFO - Sync 1 DAGs
[2023-07-15T22:35:26.931+0000] {logging_mixin.py:150} INFO - [2023-07-15T22:35:26.930+0000] {dag.py:3508} INFO - Setting next_dagrun for example_skip_dag to 2023-07-14T22:35:26.930690+00:00, run_after=2023-07-15T22:35:26.930690+00:00
[2023-07-15T22:35:26.952+0000] {processor.py:179} INFO - Processing /home/airflow/.local/lib/python3.7/site-packages/airflow/example_dags/example_skip_dag.py took 0.074 seconds
