[2023-07-15T22:31:25.005+0000] {processor.py:157} INFO - Started process (PID=175) to work on /home/airflow/.local/lib/python3.7/site-packages/airflow/example_dags/example_latest_only_with_trigger.py
[2023-07-15T22:31:25.006+0000] {processor.py:826} INFO - Processing file /home/airflow/.local/lib/python3.7/site-packages/airflow/example_dags/example_latest_only_with_trigger.py for tasks to queue
[2023-07-15T22:31:25.006+0000] {logging_mixin.py:150} INFO - [2023-07-15T22:31:25.006+0000] {dagbag.py:541} INFO - Filling up the DagBag from /home/airflow/.local/lib/python3.7/site-packages/airflow/example_dags/example_latest_only_with_trigger.py
[2023-07-15T22:31:25.013+0000] {processor.py:836} INFO - DAG(s) dict_keys(['latest_only_with_trigger']) retrieved from /home/airflow/.local/lib/python3.7/site-packages/airflow/example_dags/example_latest_only_with_trigger.py
[2023-07-15T22:31:25.026+0000] {logging_mixin.py:150} INFO - [2023-07-15T22:31:25.026+0000] {dag.py:2742} INFO - Sync 1 DAGs
[2023-07-15T22:31:25.053+0000] {logging_mixin.py:150} INFO - [2023-07-15T22:31:25.053+0000] {dag.py:3508} INFO - Setting next_dagrun for latest_only_with_trigger to 2023-07-15T18:31:25.052824+00:00, run_after=2023-07-15T22:31:25.052824+00:00
[2023-07-15T22:31:25.075+0000] {processor.py:179} INFO - Processing /home/airflow/.local/lib/python3.7/site-packages/airflow/example_dags/example_latest_only_with_trigger.py took 0.072 seconds
[2023-07-15T22:31:55.161+0000] {processor.py:157} INFO - Started process (PID=422) to work on /home/airflow/.local/lib/python3.7/site-packages/airflow/example_dags/example_latest_only_with_trigger.py
[2023-07-15T22:31:55.162+0000] {processor.py:826} INFO - Processing file /home/airflow/.local/lib/python3.7/site-packages/airflow/example_dags/example_latest_only_with_trigger.py for tasks to queue
[2023-07-15T22:31:55.162+0000] {logging_mixin.py:150} INFO - [2023-07-15T22:31:55.162+0000] {dagbag.py:541} INFO - Filling up the DagBag from /home/airflow/.local/lib/python3.7/site-packages/airflow/example_dags/example_latest_only_with_trigger.py
[2023-07-15T22:31:55.168+0000] {processor.py:836} INFO - DAG(s) dict_keys(['latest_only_with_trigger']) retrieved from /home/airflow/.local/lib/python3.7/site-packages/airflow/example_dags/example_latest_only_with_trigger.py
[2023-07-15T22:31:55.188+0000] {logging_mixin.py:150} INFO - [2023-07-15T22:31:55.188+0000] {dag.py:2742} INFO - Sync 1 DAGs
[2023-07-15T22:31:55.213+0000] {logging_mixin.py:150} INFO - [2023-07-15T22:31:55.213+0000] {dag.py:3508} INFO - Setting next_dagrun for latest_only_with_trigger to 2023-07-15T18:31:55.213320+00:00, run_after=2023-07-15T22:31:55.213320+00:00
[2023-07-15T22:31:55.233+0000] {processor.py:179} INFO - Processing /home/airflow/.local/lib/python3.7/site-packages/airflow/example_dags/example_latest_only_with_trigger.py took 0.075 seconds
[2023-07-15T22:32:25.507+0000] {processor.py:157} INFO - Started process (PID=671) to work on /home/airflow/.local/lib/python3.7/site-packages/airflow/example_dags/example_latest_only_with_trigger.py
[2023-07-15T22:32:25.509+0000] {processor.py:826} INFO - Processing file /home/airflow/.local/lib/python3.7/site-packages/airflow/example_dags/example_latest_only_with_trigger.py for tasks to queue
[2023-07-15T22:32:25.509+0000] {logging_mixin.py:150} INFO - [2023-07-15T22:32:25.509+0000] {dagbag.py:541} INFO - Filling up the DagBag from /home/airflow/.local/lib/python3.7/site-packages/airflow/example_dags/example_latest_only_with_trigger.py
[2023-07-15T22:32:25.514+0000] {processor.py:836} INFO - DAG(s) dict_keys(['latest_only_with_trigger']) retrieved from /home/airflow/.local/lib/python3.7/site-packages/airflow/example_dags/example_latest_only_with_trigger.py
[2023-07-15T22:32:25.535+0000] {logging_mixin.py:150} INFO - [2023-07-15T22:32:25.535+0000] {dag.py:2742} INFO - Sync 1 DAGs
[2023-07-15T22:32:25.559+0000] {logging_mixin.py:150} INFO - [2023-07-15T22:32:25.559+0000] {dag.py:3508} INFO - Setting next_dagrun for latest_only_with_trigger to 2023-07-15T18:32:25.559478+00:00, run_after=2023-07-15T22:32:25.559478+00:00
[2023-07-15T22:32:25.579+0000] {processor.py:179} INFO - Processing /home/airflow/.local/lib/python3.7/site-packages/airflow/example_dags/example_latest_only_with_trigger.py took 0.074 seconds
[2023-07-15T22:32:55.673+0000] {processor.py:157} INFO - Started process (PID=922) to work on /home/airflow/.local/lib/python3.7/site-packages/airflow/example_dags/example_latest_only_with_trigger.py
[2023-07-15T22:32:55.674+0000] {processor.py:826} INFO - Processing file /home/airflow/.local/lib/python3.7/site-packages/airflow/example_dags/example_latest_only_with_trigger.py for tasks to queue
[2023-07-15T22:32:55.676+0000] {logging_mixin.py:150} INFO - [2023-07-15T22:32:55.675+0000] {dagbag.py:541} INFO - Filling up the DagBag from /home/airflow/.local/lib/python3.7/site-packages/airflow/example_dags/example_latest_only_with_trigger.py
[2023-07-15T22:32:55.682+0000] {processor.py:836} INFO - DAG(s) dict_keys(['latest_only_with_trigger']) retrieved from /home/airflow/.local/lib/python3.7/site-packages/airflow/example_dags/example_latest_only_with_trigger.py
[2023-07-15T22:32:55.705+0000] {logging_mixin.py:150} INFO - [2023-07-15T22:32:55.704+0000] {dag.py:2742} INFO - Sync 1 DAGs
[2023-07-15T22:32:55.730+0000] {logging_mixin.py:150} INFO - [2023-07-15T22:32:55.729+0000] {dag.py:3508} INFO - Setting next_dagrun for latest_only_with_trigger to 2023-07-15T18:32:55.729787+00:00, run_after=2023-07-15T22:32:55.729787+00:00
[2023-07-15T22:32:55.749+0000] {processor.py:179} INFO - Processing /home/airflow/.local/lib/python3.7/site-packages/airflow/example_dags/example_latest_only_with_trigger.py took 0.079 seconds
[2023-07-15T22:33:25.845+0000] {processor.py:157} INFO - Started process (PID=1171) to work on /home/airflow/.local/lib/python3.7/site-packages/airflow/example_dags/example_latest_only_with_trigger.py
[2023-07-15T22:33:25.846+0000] {processor.py:826} INFO - Processing file /home/airflow/.local/lib/python3.7/site-packages/airflow/example_dags/example_latest_only_with_trigger.py for tasks to queue
[2023-07-15T22:33:25.846+0000] {logging_mixin.py:150} INFO - [2023-07-15T22:33:25.846+0000] {dagbag.py:541} INFO - Filling up the DagBag from /home/airflow/.local/lib/python3.7/site-packages/airflow/example_dags/example_latest_only_with_trigger.py
[2023-07-15T22:33:25.852+0000] {processor.py:836} INFO - DAG(s) dict_keys(['latest_only_with_trigger']) retrieved from /home/airflow/.local/lib/python3.7/site-packages/airflow/example_dags/example_latest_only_with_trigger.py
[2023-07-15T22:33:25.876+0000] {logging_mixin.py:150} INFO - [2023-07-15T22:33:25.876+0000] {dag.py:2742} INFO - Sync 1 DAGs
[2023-07-15T22:33:25.906+0000] {logging_mixin.py:150} INFO - [2023-07-15T22:33:25.905+0000] {dag.py:3508} INFO - Setting next_dagrun for latest_only_with_trigger to 2023-07-15T18:33:25.905746+00:00, run_after=2023-07-15T22:33:25.905746+00:00
[2023-07-15T22:33:25.927+0000] {processor.py:179} INFO - Processing /home/airflow/.local/lib/python3.7/site-packages/airflow/example_dags/example_latest_only_with_trigger.py took 0.085 seconds
[2023-07-15T22:33:56.106+0000] {processor.py:157} INFO - Started process (PID=1419) to work on /home/airflow/.local/lib/python3.7/site-packages/airflow/example_dags/example_latest_only_with_trigger.py
[2023-07-15T22:33:56.108+0000] {processor.py:826} INFO - Processing file /home/airflow/.local/lib/python3.7/site-packages/airflow/example_dags/example_latest_only_with_trigger.py for tasks to queue
[2023-07-15T22:33:56.108+0000] {logging_mixin.py:150} INFO - [2023-07-15T22:33:56.108+0000] {dagbag.py:541} INFO - Filling up the DagBag from /home/airflow/.local/lib/python3.7/site-packages/airflow/example_dags/example_latest_only_with_trigger.py
[2023-07-15T22:33:56.113+0000] {processor.py:836} INFO - DAG(s) dict_keys(['latest_only_with_trigger']) retrieved from /home/airflow/.local/lib/python3.7/site-packages/airflow/example_dags/example_latest_only_with_trigger.py
[2023-07-15T22:33:56.135+0000] {logging_mixin.py:150} INFO - [2023-07-15T22:33:56.134+0000] {dag.py:2742} INFO - Sync 1 DAGs
[2023-07-15T22:33:56.160+0000] {logging_mixin.py:150} INFO - [2023-07-15T22:33:56.160+0000] {dag.py:3508} INFO - Setting next_dagrun for latest_only_with_trigger to 2023-07-15T18:33:56.160105+00:00, run_after=2023-07-15T22:33:56.160105+00:00
[2023-07-15T22:33:56.181+0000] {processor.py:179} INFO - Processing /home/airflow/.local/lib/python3.7/site-packages/airflow/example_dags/example_latest_only_with_trigger.py took 0.079 seconds
[2023-07-15T22:34:26.231+0000] {processor.py:157} INFO - Started process (PID=1669) to work on /home/airflow/.local/lib/python3.7/site-packages/airflow/example_dags/example_latest_only_with_trigger.py
[2023-07-15T22:34:26.231+0000] {processor.py:826} INFO - Processing file /home/airflow/.local/lib/python3.7/site-packages/airflow/example_dags/example_latest_only_with_trigger.py for tasks to queue
[2023-07-15T22:34:26.233+0000] {logging_mixin.py:150} INFO - [2023-07-15T22:34:26.232+0000] {dagbag.py:541} INFO - Filling up the DagBag from /home/airflow/.local/lib/python3.7/site-packages/airflow/example_dags/example_latest_only_with_trigger.py
[2023-07-15T22:34:26.239+0000] {processor.py:836} INFO - DAG(s) dict_keys(['latest_only_with_trigger']) retrieved from /home/airflow/.local/lib/python3.7/site-packages/airflow/example_dags/example_latest_only_with_trigger.py
[2023-07-15T22:34:26.286+0000] {logging_mixin.py:150} INFO - [2023-07-15T22:34:26.286+0000] {dag.py:2742} INFO - Sync 1 DAGs
[2023-07-15T22:34:26.314+0000] {logging_mixin.py:150} INFO - [2023-07-15T22:34:26.314+0000] {dag.py:3508} INFO - Setting next_dagrun for latest_only_with_trigger to 2023-07-15T18:34:26.313852+00:00, run_after=2023-07-15T22:34:26.313852+00:00
[2023-07-15T22:34:26.340+0000] {processor.py:179} INFO - Processing /home/airflow/.local/lib/python3.7/site-packages/airflow/example_dags/example_latest_only_with_trigger.py took 0.113 seconds
[2023-07-15T22:34:56.676+0000] {processor.py:157} INFO - Started process (PID=1918) to work on /home/airflow/.local/lib/python3.7/site-packages/airflow/example_dags/example_latest_only_with_trigger.py
[2023-07-15T22:34:56.677+0000] {processor.py:826} INFO - Processing file /home/airflow/.local/lib/python3.7/site-packages/airflow/example_dags/example_latest_only_with_trigger.py for tasks to queue
[2023-07-15T22:34:56.678+0000] {logging_mixin.py:150} INFO - [2023-07-15T22:34:56.677+0000] {dagbag.py:541} INFO - Filling up the DagBag from /home/airflow/.local/lib/python3.7/site-packages/airflow/example_dags/example_latest_only_with_trigger.py
[2023-07-15T22:34:56.682+0000] {processor.py:836} INFO - DAG(s) dict_keys(['latest_only_with_trigger']) retrieved from /home/airflow/.local/lib/python3.7/site-packages/airflow/example_dags/example_latest_only_with_trigger.py
[2023-07-15T22:34:56.704+0000] {logging_mixin.py:150} INFO - [2023-07-15T22:34:56.704+0000] {dag.py:2742} INFO - Sync 1 DAGs
[2023-07-15T22:34:56.728+0000] {logging_mixin.py:150} INFO - [2023-07-15T22:34:56.728+0000] {dag.py:3508} INFO - Setting next_dagrun for latest_only_with_trigger to 2023-07-15T18:34:56.728441+00:00, run_after=2023-07-15T22:34:56.728441+00:00
[2023-07-15T22:34:56.748+0000] {processor.py:179} INFO - Processing /home/airflow/.local/lib/python3.7/site-packages/airflow/example_dags/example_latest_only_with_trigger.py took 0.074 seconds
[2023-07-15T22:35:26.781+0000] {processor.py:157} INFO - Started process (PID=2165) to work on /home/airflow/.local/lib/python3.7/site-packages/airflow/example_dags/example_latest_only_with_trigger.py
[2023-07-15T22:35:26.782+0000] {processor.py:826} INFO - Processing file /home/airflow/.local/lib/python3.7/site-packages/airflow/example_dags/example_latest_only_with_trigger.py for tasks to queue
[2023-07-15T22:35:26.782+0000] {logging_mixin.py:150} INFO - [2023-07-15T22:35:26.782+0000] {dagbag.py:541} INFO - Filling up the DagBag from /home/airflow/.local/lib/python3.7/site-packages/airflow/example_dags/example_latest_only_with_trigger.py
[2023-07-15T22:35:26.787+0000] {processor.py:836} INFO - DAG(s) dict_keys(['latest_only_with_trigger']) retrieved from /home/airflow/.local/lib/python3.7/site-packages/airflow/example_dags/example_latest_only_with_trigger.py
[2023-07-15T22:35:26.808+0000] {logging_mixin.py:150} INFO - [2023-07-15T22:35:26.808+0000] {dag.py:2742} INFO - Sync 1 DAGs
[2023-07-15T22:35:26.839+0000] {logging_mixin.py:150} INFO - [2023-07-15T22:35:26.839+0000] {dag.py:3508} INFO - Setting next_dagrun for latest_only_with_trigger to 2023-07-15T18:35:26.839413+00:00, run_after=2023-07-15T22:35:26.839413+00:00
[2023-07-15T22:35:26.866+0000] {processor.py:179} INFO - Processing /home/airflow/.local/lib/python3.7/site-packages/airflow/example_dags/example_latest_only_with_trigger.py took 0.088 seconds
