[2023-07-15T22:31:25.668+0000] {processor.py:157} INFO - Started process (PID=233) to work on /home/airflow/.local/lib/python3.7/site-packages/airflow/example_dags/example_short_circuit_operator.py
[2023-07-15T22:31:25.668+0000] {processor.py:826} INFO - Processing file /home/airflow/.local/lib/python3.7/site-packages/airflow/example_dags/example_short_circuit_operator.py for tasks to queue
[2023-07-15T22:31:25.669+0000] {logging_mixin.py:150} INFO - [2023-07-15T22:31:25.669+0000] {dagbag.py:541} INFO - Filling up the DagBag from /home/airflow/.local/lib/python3.7/site-packages/airflow/example_dags/example_short_circuit_operator.py
[2023-07-15T22:31:25.678+0000] {processor.py:836} INFO - DAG(s) dict_keys(['example_short_circuit_operator']) retrieved from /home/airflow/.local/lib/python3.7/site-packages/airflow/example_dags/example_short_circuit_operator.py
[2023-07-15T22:31:25.690+0000] {logging_mixin.py:150} INFO - [2023-07-15T22:31:25.690+0000] {dag.py:2742} INFO - Sync 1 DAGs
[2023-07-15T22:31:25.718+0000] {logging_mixin.py:150} INFO - [2023-07-15T22:31:25.717+0000] {dag.py:3508} INFO - Setting next_dagrun for example_short_circuit_operator to 2023-07-14T22:31:25.717554+00:00, run_after=2023-07-15T22:31:25.717554+00:00
[2023-07-15T22:31:25.739+0000] {processor.py:179} INFO - Processing /home/airflow/.local/lib/python3.7/site-packages/airflow/example_dags/example_short_circuit_operator.py took 0.074 seconds
[2023-07-15T22:31:56.031+0000] {processor.py:157} INFO - Started process (PID=482) to work on /home/airflow/.local/lib/python3.7/site-packages/airflow/example_dags/example_short_circuit_operator.py
[2023-07-15T22:31:56.032+0000] {processor.py:826} INFO - Processing file /home/airflow/.local/lib/python3.7/site-packages/airflow/example_dags/example_short_circuit_operator.py for tasks to queue
[2023-07-15T22:31:56.032+0000] {logging_mixin.py:150} INFO - [2023-07-15T22:31:56.032+0000] {dagbag.py:541} INFO - Filling up the DagBag from /home/airflow/.local/lib/python3.7/site-packages/airflow/example_dags/example_short_circuit_operator.py
[2023-07-15T22:31:56.038+0000] {processor.py:836} INFO - DAG(s) dict_keys(['example_short_circuit_operator']) retrieved from /home/airflow/.local/lib/python3.7/site-packages/airflow/example_dags/example_short_circuit_operator.py
[2023-07-15T22:31:56.061+0000] {logging_mixin.py:150} INFO - [2023-07-15T22:31:56.061+0000] {dag.py:2742} INFO - Sync 1 DAGs
[2023-07-15T22:31:56.086+0000] {logging_mixin.py:150} INFO - [2023-07-15T22:31:56.086+0000] {dag.py:3508} INFO - Setting next_dagrun for example_short_circuit_operator to 2023-07-14T22:31:56.086511+00:00, run_after=2023-07-15T22:31:56.086511+00:00
[2023-07-15T22:31:56.106+0000] {processor.py:179} INFO - Processing /home/airflow/.local/lib/python3.7/site-packages/airflow/example_dags/example_short_circuit_operator.py took 0.078 seconds
[2023-07-15T22:32:26.201+0000] {processor.py:157} INFO - Started process (PID=731) to work on /home/airflow/.local/lib/python3.7/site-packages/airflow/example_dags/example_short_circuit_operator.py
[2023-07-15T22:32:26.202+0000] {processor.py:826} INFO - Processing file /home/airflow/.local/lib/python3.7/site-packages/airflow/example_dags/example_short_circuit_operator.py for tasks to queue
[2023-07-15T22:32:26.203+0000] {logging_mixin.py:150} INFO - [2023-07-15T22:32:26.203+0000] {dagbag.py:541} INFO - Filling up the DagBag from /home/airflow/.local/lib/python3.7/site-packages/airflow/example_dags/example_short_circuit_operator.py
[2023-07-15T22:32:26.209+0000] {processor.py:836} INFO - DAG(s) dict_keys(['example_short_circuit_operator']) retrieved from /home/airflow/.local/lib/python3.7/site-packages/airflow/example_dags/example_short_circuit_operator.py
[2023-07-15T22:32:26.232+0000] {logging_mixin.py:150} INFO - [2023-07-15T22:32:26.232+0000] {dag.py:2742} INFO - Sync 1 DAGs
[2023-07-15T22:32:26.258+0000] {logging_mixin.py:150} INFO - [2023-07-15T22:32:26.258+0000] {dag.py:3508} INFO - Setting next_dagrun for example_short_circuit_operator to 2023-07-14T22:32:26.257909+00:00, run_after=2023-07-15T22:32:26.257909+00:00
[2023-07-15T22:32:26.284+0000] {processor.py:179} INFO - Processing /home/airflow/.local/lib/python3.7/site-packages/airflow/example_dags/example_short_circuit_operator.py took 0.085 seconds
[2023-07-15T22:32:56.378+0000] {processor.py:157} INFO - Started process (PID=980) to work on /home/airflow/.local/lib/python3.7/site-packages/airflow/example_dags/example_short_circuit_operator.py
[2023-07-15T22:32:56.379+0000] {processor.py:826} INFO - Processing file /home/airflow/.local/lib/python3.7/site-packages/airflow/example_dags/example_short_circuit_operator.py for tasks to queue
[2023-07-15T22:32:56.380+0000] {logging_mixin.py:150} INFO - [2023-07-15T22:32:56.380+0000] {dagbag.py:541} INFO - Filling up the DagBag from /home/airflow/.local/lib/python3.7/site-packages/airflow/example_dags/example_short_circuit_operator.py
[2023-07-15T22:32:56.386+0000] {processor.py:836} INFO - DAG(s) dict_keys(['example_short_circuit_operator']) retrieved from /home/airflow/.local/lib/python3.7/site-packages/airflow/example_dags/example_short_circuit_operator.py
[2023-07-15T22:32:56.415+0000] {logging_mixin.py:150} INFO - [2023-07-15T22:32:56.414+0000] {dag.py:2742} INFO - Sync 1 DAGs
[2023-07-15T22:32:56.438+0000] {logging_mixin.py:150} INFO - [2023-07-15T22:32:56.438+0000] {dag.py:3508} INFO - Setting next_dagrun for example_short_circuit_operator to 2023-07-14T22:32:56.438462+00:00, run_after=2023-07-15T22:32:56.438462+00:00
[2023-07-15T22:32:56.459+0000] {processor.py:179} INFO - Processing /home/airflow/.local/lib/python3.7/site-packages/airflow/example_dags/example_short_circuit_operator.py took 0.084 seconds
[2023-07-15T22:33:26.692+0000] {processor.py:157} INFO - Started process (PID=1229) to work on /home/airflow/.local/lib/python3.7/site-packages/airflow/example_dags/example_short_circuit_operator.py
[2023-07-15T22:33:26.693+0000] {processor.py:826} INFO - Processing file /home/airflow/.local/lib/python3.7/site-packages/airflow/example_dags/example_short_circuit_operator.py for tasks to queue
[2023-07-15T22:33:26.693+0000] {logging_mixin.py:150} INFO - [2023-07-15T22:33:26.693+0000] {dagbag.py:541} INFO - Filling up the DagBag from /home/airflow/.local/lib/python3.7/site-packages/airflow/example_dags/example_short_circuit_operator.py
[2023-07-15T22:33:26.699+0000] {processor.py:836} INFO - DAG(s) dict_keys(['example_short_circuit_operator']) retrieved from /home/airflow/.local/lib/python3.7/site-packages/airflow/example_dags/example_short_circuit_operator.py
[2023-07-15T22:33:26.723+0000] {logging_mixin.py:150} INFO - [2023-07-15T22:33:26.723+0000] {dag.py:2742} INFO - Sync 1 DAGs
[2023-07-15T22:33:26.749+0000] {logging_mixin.py:150} INFO - [2023-07-15T22:33:26.749+0000] {dag.py:3508} INFO - Setting next_dagrun for example_short_circuit_operator to 2023-07-14T22:33:26.749291+00:00, run_after=2023-07-15T22:33:26.749291+00:00
[2023-07-15T22:33:26.772+0000] {processor.py:179} INFO - Processing /home/airflow/.local/lib/python3.7/site-packages/airflow/example_dags/example_short_circuit_operator.py took 0.082 seconds
[2023-07-15T22:33:56.872+0000] {processor.py:157} INFO - Started process (PID=1478) to work on /home/airflow/.local/lib/python3.7/site-packages/airflow/example_dags/example_short_circuit_operator.py
[2023-07-15T22:33:56.873+0000] {processor.py:826} INFO - Processing file /home/airflow/.local/lib/python3.7/site-packages/airflow/example_dags/example_short_circuit_operator.py for tasks to queue
[2023-07-15T22:33:56.873+0000] {logging_mixin.py:150} INFO - [2023-07-15T22:33:56.873+0000] {dagbag.py:541} INFO - Filling up the DagBag from /home/airflow/.local/lib/python3.7/site-packages/airflow/example_dags/example_short_circuit_operator.py
[2023-07-15T22:33:56.881+0000] {processor.py:836} INFO - DAG(s) dict_keys(['example_short_circuit_operator']) retrieved from /home/airflow/.local/lib/python3.7/site-packages/airflow/example_dags/example_short_circuit_operator.py
[2023-07-15T22:33:56.907+0000] {logging_mixin.py:150} INFO - [2023-07-15T22:33:56.907+0000] {dag.py:2742} INFO - Sync 1 DAGs
[2023-07-15T22:33:56.933+0000] {logging_mixin.py:150} INFO - [2023-07-15T22:33:56.933+0000] {dag.py:3508} INFO - Setting next_dagrun for example_short_circuit_operator to 2023-07-14T22:33:56.932930+00:00, run_after=2023-07-15T22:33:56.932930+00:00
[2023-07-15T22:33:56.955+0000] {processor.py:179} INFO - Processing /home/airflow/.local/lib/python3.7/site-packages/airflow/example_dags/example_short_circuit_operator.py took 0.086 seconds
[2023-07-15T22:34:27.095+0000] {processor.py:157} INFO - Started process (PID=1727) to work on /home/airflow/.local/lib/python3.7/site-packages/airflow/example_dags/example_short_circuit_operator.py
[2023-07-15T22:34:27.095+0000] {processor.py:826} INFO - Processing file /home/airflow/.local/lib/python3.7/site-packages/airflow/example_dags/example_short_circuit_operator.py for tasks to queue
[2023-07-15T22:34:27.096+0000] {logging_mixin.py:150} INFO - [2023-07-15T22:34:27.096+0000] {dagbag.py:541} INFO - Filling up the DagBag from /home/airflow/.local/lib/python3.7/site-packages/airflow/example_dags/example_short_circuit_operator.py
[2023-07-15T22:34:27.104+0000] {processor.py:836} INFO - DAG(s) dict_keys(['example_short_circuit_operator']) retrieved from /home/airflow/.local/lib/python3.7/site-packages/airflow/example_dags/example_short_circuit_operator.py
[2023-07-15T22:34:27.129+0000] {logging_mixin.py:150} INFO - [2023-07-15T22:34:27.129+0000] {dag.py:2742} INFO - Sync 1 DAGs
[2023-07-15T22:34:27.156+0000] {logging_mixin.py:150} INFO - [2023-07-15T22:34:27.155+0000] {dag.py:3508} INFO - Setting next_dagrun for example_short_circuit_operator to 2023-07-14T22:34:27.155578+00:00, run_after=2023-07-15T22:34:27.155578+00:00
[2023-07-15T22:34:27.177+0000] {processor.py:179} INFO - Processing /home/airflow/.local/lib/python3.7/site-packages/airflow/example_dags/example_short_circuit_operator.py took 0.086 seconds
[2023-07-15T22:34:57.382+0000] {processor.py:157} INFO - Started process (PID=1978) to work on /home/airflow/.local/lib/python3.7/site-packages/airflow/example_dags/example_short_circuit_operator.py
[2023-07-15T22:34:57.383+0000] {processor.py:826} INFO - Processing file /home/airflow/.local/lib/python3.7/site-packages/airflow/example_dags/example_short_circuit_operator.py for tasks to queue
[2023-07-15T22:34:57.383+0000] {logging_mixin.py:150} INFO - [2023-07-15T22:34:57.383+0000] {dagbag.py:541} INFO - Filling up the DagBag from /home/airflow/.local/lib/python3.7/site-packages/airflow/example_dags/example_short_circuit_operator.py
[2023-07-15T22:34:57.391+0000] {processor.py:836} INFO - DAG(s) dict_keys(['example_short_circuit_operator']) retrieved from /home/airflow/.local/lib/python3.7/site-packages/airflow/example_dags/example_short_circuit_operator.py
[2023-07-15T22:34:57.416+0000] {logging_mixin.py:150} INFO - [2023-07-15T22:34:57.416+0000] {dag.py:2742} INFO - Sync 1 DAGs
[2023-07-15T22:34:57.441+0000] {logging_mixin.py:150} INFO - [2023-07-15T22:34:57.441+0000] {dag.py:3508} INFO - Setting next_dagrun for example_short_circuit_operator to 2023-07-14T22:34:57.441118+00:00, run_after=2023-07-15T22:34:57.441118+00:00
[2023-07-15T22:34:57.461+0000] {processor.py:179} INFO - Processing /home/airflow/.local/lib/python3.7/site-packages/airflow/example_dags/example_short_circuit_operator.py took 0.081 seconds
[2023-07-15T22:35:27.597+0000] {processor.py:157} INFO - Started process (PID=2225) to work on /home/airflow/.local/lib/python3.7/site-packages/airflow/example_dags/example_short_circuit_operator.py
[2023-07-15T22:35:27.598+0000] {processor.py:826} INFO - Processing file /home/airflow/.local/lib/python3.7/site-packages/airflow/example_dags/example_short_circuit_operator.py for tasks to queue
[2023-07-15T22:35:27.598+0000] {logging_mixin.py:150} INFO - [2023-07-15T22:35:27.598+0000] {dagbag.py:541} INFO - Filling up the DagBag from /home/airflow/.local/lib/python3.7/site-packages/airflow/example_dags/example_short_circuit_operator.py
[2023-07-15T22:35:27.604+0000] {processor.py:836} INFO - DAG(s) dict_keys(['example_short_circuit_operator']) retrieved from /home/airflow/.local/lib/python3.7/site-packages/airflow/example_dags/example_short_circuit_operator.py
[2023-07-15T22:35:27.628+0000] {logging_mixin.py:150} INFO - [2023-07-15T22:35:27.628+0000] {dag.py:2742} INFO - Sync 1 DAGs
[2023-07-15T22:35:27.661+0000] {logging_mixin.py:150} INFO - [2023-07-15T22:35:27.661+0000] {dag.py:3508} INFO - Setting next_dagrun for example_short_circuit_operator to 2023-07-14T22:35:27.660842+00:00, run_after=2023-07-15T22:35:27.660842+00:00
[2023-07-15T22:35:27.687+0000] {processor.py:179} INFO - Processing /home/airflow/.local/lib/python3.7/site-packages/airflow/example_dags/example_short_circuit_operator.py took 0.092 seconds
