[2023-07-15T22:31:25.184+0000] {processor.py:157} INFO - Started process (PID=188) to work on /home/airflow/.local/lib/python3.7/site-packages/airflow/example_dags/example_branch_labels.py
[2023-07-15T22:31:25.185+0000] {processor.py:826} INFO - Processing file /home/airflow/.local/lib/python3.7/site-packages/airflow/example_dags/example_branch_labels.py for tasks to queue
[2023-07-15T22:31:25.185+0000] {logging_mixin.py:150} INFO - [2023-07-15T22:31:25.185+0000] {dagbag.py:541} INFO - Filling up the DagBag from /home/airflow/.local/lib/python3.7/site-packages/airflow/example_dags/example_branch_labels.py
[2023-07-15T22:31:25.193+0000] {processor.py:836} INFO - DAG(s) dict_keys(['example_branch_labels']) retrieved from /home/airflow/.local/lib/python3.7/site-packages/airflow/example_dags/example_branch_labels.py
[2023-07-15T22:31:25.206+0000] {logging_mixin.py:150} INFO - [2023-07-15T22:31:25.206+0000] {dag.py:2742} INFO - Sync 1 DAGs
[2023-07-15T22:31:25.235+0000] {logging_mixin.py:150} INFO - [2023-07-15T22:31:25.235+0000] {dag.py:3508} INFO - Setting next_dagrun for example_branch_labels to 2023-07-14T00:00:00+00:00, run_after=2023-07-15T00:00:00+00:00
[2023-07-15T22:31:25.256+0000] {processor.py:179} INFO - Processing /home/airflow/.local/lib/python3.7/site-packages/airflow/example_dags/example_branch_labels.py took 0.074 seconds
[2023-07-15T22:31:55.359+0000] {processor.py:157} INFO - Started process (PID=437) to work on /home/airflow/.local/lib/python3.7/site-packages/airflow/example_dags/example_branch_labels.py
[2023-07-15T22:31:55.360+0000] {processor.py:826} INFO - Processing file /home/airflow/.local/lib/python3.7/site-packages/airflow/example_dags/example_branch_labels.py for tasks to queue
[2023-07-15T22:31:55.361+0000] {logging_mixin.py:150} INFO - [2023-07-15T22:31:55.360+0000] {dagbag.py:541} INFO - Filling up the DagBag from /home/airflow/.local/lib/python3.7/site-packages/airflow/example_dags/example_branch_labels.py
[2023-07-15T22:31:55.367+0000] {processor.py:836} INFO - DAG(s) dict_keys(['example_branch_labels']) retrieved from /home/airflow/.local/lib/python3.7/site-packages/airflow/example_dags/example_branch_labels.py
[2023-07-15T22:31:55.389+0000] {logging_mixin.py:150} INFO - [2023-07-15T22:31:55.389+0000] {dag.py:2742} INFO - Sync 1 DAGs
[2023-07-15T22:31:55.419+0000] {logging_mixin.py:150} INFO - [2023-07-15T22:31:55.418+0000] {dag.py:3508} INFO - Setting next_dagrun for example_branch_labels to 2023-07-14T00:00:00+00:00, run_after=2023-07-15T00:00:00+00:00
[2023-07-15T22:31:55.439+0000] {processor.py:179} INFO - Processing /home/airflow/.local/lib/python3.7/site-packages/airflow/example_dags/example_branch_labels.py took 0.082 seconds
[2023-07-15T22:32:25.629+0000] {processor.py:157} INFO - Started process (PID=686) to work on /home/airflow/.local/lib/python3.7/site-packages/airflow/example_dags/example_branch_labels.py
[2023-07-15T22:32:25.629+0000] {processor.py:826} INFO - Processing file /home/airflow/.local/lib/python3.7/site-packages/airflow/example_dags/example_branch_labels.py for tasks to queue
[2023-07-15T22:32:25.630+0000] {logging_mixin.py:150} INFO - [2023-07-15T22:32:25.630+0000] {dagbag.py:541} INFO - Filling up the DagBag from /home/airflow/.local/lib/python3.7/site-packages/airflow/example_dags/example_branch_labels.py
[2023-07-15T22:32:25.636+0000] {processor.py:836} INFO - DAG(s) dict_keys(['example_branch_labels']) retrieved from /home/airflow/.local/lib/python3.7/site-packages/airflow/example_dags/example_branch_labels.py
[2023-07-15T22:32:25.657+0000] {logging_mixin.py:150} INFO - [2023-07-15T22:32:25.657+0000] {dag.py:2742} INFO - Sync 1 DAGs
[2023-07-15T22:32:25.682+0000] {logging_mixin.py:150} INFO - [2023-07-15T22:32:25.682+0000] {dag.py:3508} INFO - Setting next_dagrun for example_branch_labels to 2023-07-14T00:00:00+00:00, run_after=2023-07-15T00:00:00+00:00
[2023-07-15T22:32:25.701+0000] {processor.py:179} INFO - Processing /home/airflow/.local/lib/python3.7/site-packages/airflow/example_dags/example_branch_labels.py took 0.074 seconds
[2023-07-15T22:32:55.789+0000] {processor.py:157} INFO - Started process (PID=935) to work on /home/airflow/.local/lib/python3.7/site-packages/airflow/example_dags/example_branch_labels.py
[2023-07-15T22:32:55.789+0000] {processor.py:826} INFO - Processing file /home/airflow/.local/lib/python3.7/site-packages/airflow/example_dags/example_branch_labels.py for tasks to queue
[2023-07-15T22:32:55.790+0000] {logging_mixin.py:150} INFO - [2023-07-15T22:32:55.790+0000] {dagbag.py:541} INFO - Filling up the DagBag from /home/airflow/.local/lib/python3.7/site-packages/airflow/example_dags/example_branch_labels.py
[2023-07-15T22:32:55.797+0000] {processor.py:836} INFO - DAG(s) dict_keys(['example_branch_labels']) retrieved from /home/airflow/.local/lib/python3.7/site-packages/airflow/example_dags/example_branch_labels.py
[2023-07-15T22:32:55.821+0000] {logging_mixin.py:150} INFO - [2023-07-15T22:32:55.821+0000] {dag.py:2742} INFO - Sync 1 DAGs
[2023-07-15T22:32:55.850+0000] {logging_mixin.py:150} INFO - [2023-07-15T22:32:55.849+0000] {dag.py:3508} INFO - Setting next_dagrun for example_branch_labels to 2023-07-14T00:00:00+00:00, run_after=2023-07-15T00:00:00+00:00
[2023-07-15T22:32:55.872+0000] {processor.py:179} INFO - Processing /home/airflow/.local/lib/python3.7/site-packages/airflow/example_dags/example_branch_labels.py took 0.086 seconds
[2023-07-15T22:33:26.053+0000] {processor.py:157} INFO - Started process (PID=1184) to work on /home/airflow/.local/lib/python3.7/site-packages/airflow/example_dags/example_branch_labels.py
[2023-07-15T22:33:26.053+0000] {processor.py:826} INFO - Processing file /home/airflow/.local/lib/python3.7/site-packages/airflow/example_dags/example_branch_labels.py for tasks to queue
[2023-07-15T22:33:26.054+0000] {logging_mixin.py:150} INFO - [2023-07-15T22:33:26.054+0000] {dagbag.py:541} INFO - Filling up the DagBag from /home/airflow/.local/lib/python3.7/site-packages/airflow/example_dags/example_branch_labels.py
[2023-07-15T22:33:26.060+0000] {processor.py:836} INFO - DAG(s) dict_keys(['example_branch_labels']) retrieved from /home/airflow/.local/lib/python3.7/site-packages/airflow/example_dags/example_branch_labels.py
[2023-07-15T22:33:26.083+0000] {logging_mixin.py:150} INFO - [2023-07-15T22:33:26.083+0000] {dag.py:2742} INFO - Sync 1 DAGs
[2023-07-15T22:33:26.110+0000] {logging_mixin.py:150} INFO - [2023-07-15T22:33:26.110+0000] {dag.py:3508} INFO - Setting next_dagrun for example_branch_labels to 2023-07-14T00:00:00+00:00, run_after=2023-07-15T00:00:00+00:00
[2023-07-15T22:33:26.130+0000] {processor.py:179} INFO - Processing /home/airflow/.local/lib/python3.7/site-packages/airflow/example_dags/example_branch_labels.py took 0.080 seconds
[2023-07-15T22:33:56.225+0000] {processor.py:157} INFO - Started process (PID=1433) to work on /home/airflow/.local/lib/python3.7/site-packages/airflow/example_dags/example_branch_labels.py
[2023-07-15T22:33:56.226+0000] {processor.py:826} INFO - Processing file /home/airflow/.local/lib/python3.7/site-packages/airflow/example_dags/example_branch_labels.py for tasks to queue
[2023-07-15T22:33:56.226+0000] {logging_mixin.py:150} INFO - [2023-07-15T22:33:56.226+0000] {dagbag.py:541} INFO - Filling up the DagBag from /home/airflow/.local/lib/python3.7/site-packages/airflow/example_dags/example_branch_labels.py
[2023-07-15T22:33:56.232+0000] {processor.py:836} INFO - DAG(s) dict_keys(['example_branch_labels']) retrieved from /home/airflow/.local/lib/python3.7/site-packages/airflow/example_dags/example_branch_labels.py
[2023-07-15T22:33:56.260+0000] {logging_mixin.py:150} INFO - [2023-07-15T22:33:56.260+0000] {dag.py:2742} INFO - Sync 1 DAGs
[2023-07-15T22:33:56.294+0000] {logging_mixin.py:150} INFO - [2023-07-15T22:33:56.294+0000] {dag.py:3508} INFO - Setting next_dagrun for example_branch_labels to 2023-07-14T00:00:00+00:00, run_after=2023-07-15T00:00:00+00:00
[2023-07-15T22:33:56.317+0000] {processor.py:179} INFO - Processing /home/airflow/.local/lib/python3.7/site-packages/airflow/example_dags/example_branch_labels.py took 0.095 seconds
[2023-07-15T22:34:26.365+0000] {processor.py:157} INFO - Started process (PID=1677) to work on /home/airflow/.local/lib/python3.7/site-packages/airflow/example_dags/example_branch_labels.py
[2023-07-15T22:34:26.366+0000] {processor.py:826} INFO - Processing file /home/airflow/.local/lib/python3.7/site-packages/airflow/example_dags/example_branch_labels.py for tasks to queue
[2023-07-15T22:34:26.366+0000] {logging_mixin.py:150} INFO - [2023-07-15T22:34:26.366+0000] {dagbag.py:541} INFO - Filling up the DagBag from /home/airflow/.local/lib/python3.7/site-packages/airflow/example_dags/example_branch_labels.py
[2023-07-15T22:34:26.372+0000] {processor.py:836} INFO - DAG(s) dict_keys(['example_branch_labels']) retrieved from /home/airflow/.local/lib/python3.7/site-packages/airflow/example_dags/example_branch_labels.py
[2023-07-15T22:34:26.396+0000] {logging_mixin.py:150} INFO - [2023-07-15T22:34:26.396+0000] {dag.py:2742} INFO - Sync 1 DAGs
[2023-07-15T22:34:26.424+0000] {logging_mixin.py:150} INFO - [2023-07-15T22:34:26.424+0000] {dag.py:3508} INFO - Setting next_dagrun for example_branch_labels to 2023-07-14T00:00:00+00:00, run_after=2023-07-15T00:00:00+00:00
[2023-07-15T22:34:26.444+0000] {processor.py:179} INFO - Processing /home/airflow/.local/lib/python3.7/site-packages/airflow/example_dags/example_branch_labels.py took 0.082 seconds
[2023-07-15T22:34:56.790+0000] {processor.py:157} INFO - Started process (PID=1931) to work on /home/airflow/.local/lib/python3.7/site-packages/airflow/example_dags/example_branch_labels.py
[2023-07-15T22:34:56.790+0000] {processor.py:826} INFO - Processing file /home/airflow/.local/lib/python3.7/site-packages/airflow/example_dags/example_branch_labels.py for tasks to queue
[2023-07-15T22:34:56.791+0000] {logging_mixin.py:150} INFO - [2023-07-15T22:34:56.791+0000] {dagbag.py:541} INFO - Filling up the DagBag from /home/airflow/.local/lib/python3.7/site-packages/airflow/example_dags/example_branch_labels.py
[2023-07-15T22:34:56.797+0000] {processor.py:836} INFO - DAG(s) dict_keys(['example_branch_labels']) retrieved from /home/airflow/.local/lib/python3.7/site-packages/airflow/example_dags/example_branch_labels.py
[2023-07-15T22:34:56.820+0000] {logging_mixin.py:150} INFO - [2023-07-15T22:34:56.820+0000] {dag.py:2742} INFO - Sync 1 DAGs
[2023-07-15T22:34:56.851+0000] {logging_mixin.py:150} INFO - [2023-07-15T22:34:56.850+0000] {dag.py:3508} INFO - Setting next_dagrun for example_branch_labels to 2023-07-14T00:00:00+00:00, run_after=2023-07-15T00:00:00+00:00
[2023-07-15T22:34:56.876+0000] {processor.py:179} INFO - Processing /home/airflow/.local/lib/python3.7/site-packages/airflow/example_dags/example_branch_labels.py took 0.089 seconds
[2023-07-15T22:35:26.988+0000] {processor.py:157} INFO - Started process (PID=2180) to work on /home/airflow/.local/lib/python3.7/site-packages/airflow/example_dags/example_branch_labels.py
[2023-07-15T22:35:26.989+0000] {processor.py:826} INFO - Processing file /home/airflow/.local/lib/python3.7/site-packages/airflow/example_dags/example_branch_labels.py for tasks to queue
[2023-07-15T22:35:26.990+0000] {logging_mixin.py:150} INFO - [2023-07-15T22:35:26.990+0000] {dagbag.py:541} INFO - Filling up the DagBag from /home/airflow/.local/lib/python3.7/site-packages/airflow/example_dags/example_branch_labels.py
[2023-07-15T22:35:26.997+0000] {processor.py:836} INFO - DAG(s) dict_keys(['example_branch_labels']) retrieved from /home/airflow/.local/lib/python3.7/site-packages/airflow/example_dags/example_branch_labels.py
[2023-07-15T22:35:27.019+0000] {logging_mixin.py:150} INFO - [2023-07-15T22:35:27.019+0000] {dag.py:2742} INFO - Sync 1 DAGs
[2023-07-15T22:35:27.050+0000] {logging_mixin.py:150} INFO - [2023-07-15T22:35:27.049+0000] {dag.py:3508} INFO - Setting next_dagrun for example_branch_labels to 2023-07-14T00:00:00+00:00, run_after=2023-07-15T00:00:00+00:00
[2023-07-15T22:35:27.073+0000] {processor.py:179} INFO - Processing /home/airflow/.local/lib/python3.7/site-packages/airflow/example_dags/example_branch_labels.py took 0.087 seconds
