[2023-07-15T22:31:26.740+0000] {processor.py:157} INFO - Started process (PID=313) to work on /home/airflow/.local/lib/python3.7/site-packages/airflow/example_dags/example_dynamic_task_mapping_with_no_taskflow_operators.py
[2023-07-15T22:31:26.741+0000] {processor.py:826} INFO - Processing file /home/airflow/.local/lib/python3.7/site-packages/airflow/example_dags/example_dynamic_task_mapping_with_no_taskflow_operators.py for tasks to queue
[2023-07-15T22:31:26.742+0000] {logging_mixin.py:150} INFO - [2023-07-15T22:31:26.741+0000] {dagbag.py:541} INFO - Filling up the DagBag from /home/airflow/.local/lib/python3.7/site-packages/airflow/example_dags/example_dynamic_task_mapping_with_no_taskflow_operators.py
[2023-07-15T22:31:26.748+0000] {processor.py:836} INFO - DAG(s) dict_keys(['example_dynamic_task_mapping_with_no_taskflow_operators']) retrieved from /home/airflow/.local/lib/python3.7/site-packages/airflow/example_dags/example_dynamic_task_mapping_with_no_taskflow_operators.py
[2023-07-15T22:31:26.760+0000] {logging_mixin.py:150} INFO - [2023-07-15T22:31:26.760+0000] {dag.py:2742} INFO - Sync 1 DAGs
[2023-07-15T22:31:26.787+0000] {logging_mixin.py:150} INFO - [2023-07-15T22:31:26.787+0000] {dag.py:3508} INFO - Setting next_dagrun for example_dynamic_task_mapping_with_no_taskflow_operators to 2023-07-14T22:31:26.787348+00:00, run_after=2023-07-15T22:31:26.787348+00:00
[2023-07-15T22:31:26.810+0000] {processor.py:179} INFO - Processing /home/airflow/.local/lib/python3.7/site-packages/airflow/example_dags/example_dynamic_task_mapping_with_no_taskflow_operators.py took 0.072 seconds
[2023-07-15T22:31:56.850+0000] {processor.py:157} INFO - Started process (PID=557) to work on /home/airflow/.local/lib/python3.7/site-packages/airflow/example_dags/example_dynamic_task_mapping_with_no_taskflow_operators.py
[2023-07-15T22:31:56.850+0000] {processor.py:826} INFO - Processing file /home/airflow/.local/lib/python3.7/site-packages/airflow/example_dags/example_dynamic_task_mapping_with_no_taskflow_operators.py for tasks to queue
[2023-07-15T22:31:56.851+0000] {logging_mixin.py:150} INFO - [2023-07-15T22:31:56.851+0000] {dagbag.py:541} INFO - Filling up the DagBag from /home/airflow/.local/lib/python3.7/site-packages/airflow/example_dags/example_dynamic_task_mapping_with_no_taskflow_operators.py
[2023-07-15T22:31:56.856+0000] {processor.py:836} INFO - DAG(s) dict_keys(['example_dynamic_task_mapping_with_no_taskflow_operators']) retrieved from /home/airflow/.local/lib/python3.7/site-packages/airflow/example_dags/example_dynamic_task_mapping_with_no_taskflow_operators.py
[2023-07-15T22:31:56.877+0000] {logging_mixin.py:150} INFO - [2023-07-15T22:31:56.877+0000] {dag.py:2742} INFO - Sync 1 DAGs
[2023-07-15T22:31:56.907+0000] {logging_mixin.py:150} INFO - [2023-07-15T22:31:56.907+0000] {dag.py:3508} INFO - Setting next_dagrun for example_dynamic_task_mapping_with_no_taskflow_operators to 2023-07-14T22:31:56.906781+00:00, run_after=2023-07-15T22:31:56.906781+00:00
[2023-07-15T22:31:56.927+0000] {processor.py:179} INFO - Processing /home/airflow/.local/lib/python3.7/site-packages/airflow/example_dags/example_dynamic_task_mapping_with_no_taskflow_operators.py took 0.080 seconds
[2023-07-15T22:32:27.022+0000] {processor.py:157} INFO - Started process (PID=806) to work on /home/airflow/.local/lib/python3.7/site-packages/airflow/example_dags/example_dynamic_task_mapping_with_no_taskflow_operators.py
[2023-07-15T22:32:27.023+0000] {processor.py:826} INFO - Processing file /home/airflow/.local/lib/python3.7/site-packages/airflow/example_dags/example_dynamic_task_mapping_with_no_taskflow_operators.py for tasks to queue
[2023-07-15T22:32:27.023+0000] {logging_mixin.py:150} INFO - [2023-07-15T22:32:27.023+0000] {dagbag.py:541} INFO - Filling up the DagBag from /home/airflow/.local/lib/python3.7/site-packages/airflow/example_dags/example_dynamic_task_mapping_with_no_taskflow_operators.py
[2023-07-15T22:32:27.028+0000] {processor.py:836} INFO - DAG(s) dict_keys(['example_dynamic_task_mapping_with_no_taskflow_operators']) retrieved from /home/airflow/.local/lib/python3.7/site-packages/airflow/example_dags/example_dynamic_task_mapping_with_no_taskflow_operators.py
[2023-07-15T22:32:27.049+0000] {logging_mixin.py:150} INFO - [2023-07-15T22:32:27.048+0000] {dag.py:2742} INFO - Sync 1 DAGs
[2023-07-15T22:32:27.075+0000] {logging_mixin.py:150} INFO - [2023-07-15T22:32:27.075+0000] {dag.py:3508} INFO - Setting next_dagrun for example_dynamic_task_mapping_with_no_taskflow_operators to 2023-07-14T22:32:27.075100+00:00, run_after=2023-07-15T22:32:27.075100+00:00
[2023-07-15T22:32:27.095+0000] {processor.py:179} INFO - Processing /home/airflow/.local/lib/python3.7/site-packages/airflow/example_dags/example_dynamic_task_mapping_with_no_taskflow_operators.py took 0.075 seconds
[2023-07-15T22:32:57.205+0000] {processor.py:157} INFO - Started process (PID=1055) to work on /home/airflow/.local/lib/python3.7/site-packages/airflow/example_dags/example_dynamic_task_mapping_with_no_taskflow_operators.py
[2023-07-15T22:32:57.205+0000] {processor.py:826} INFO - Processing file /home/airflow/.local/lib/python3.7/site-packages/airflow/example_dags/example_dynamic_task_mapping_with_no_taskflow_operators.py for tasks to queue
[2023-07-15T22:32:57.206+0000] {logging_mixin.py:150} INFO - [2023-07-15T22:32:57.206+0000] {dagbag.py:541} INFO - Filling up the DagBag from /home/airflow/.local/lib/python3.7/site-packages/airflow/example_dags/example_dynamic_task_mapping_with_no_taskflow_operators.py
[2023-07-15T22:32:57.210+0000] {processor.py:836} INFO - DAG(s) dict_keys(['example_dynamic_task_mapping_with_no_taskflow_operators']) retrieved from /home/airflow/.local/lib/python3.7/site-packages/airflow/example_dags/example_dynamic_task_mapping_with_no_taskflow_operators.py
[2023-07-15T22:32:57.231+0000] {logging_mixin.py:150} INFO - [2023-07-15T22:32:57.231+0000] {dag.py:2742} INFO - Sync 1 DAGs
[2023-07-15T22:32:57.256+0000] {logging_mixin.py:150} INFO - [2023-07-15T22:32:57.256+0000] {dag.py:3508} INFO - Setting next_dagrun for example_dynamic_task_mapping_with_no_taskflow_operators to 2023-07-14T22:32:57.255873+00:00, run_after=2023-07-15T22:32:57.255873+00:00
[2023-07-15T22:32:57.278+0000] {processor.py:179} INFO - Processing /home/airflow/.local/lib/python3.7/site-packages/airflow/example_dags/example_dynamic_task_mapping_with_no_taskflow_operators.py took 0.075 seconds
[2023-07-15T22:33:27.478+0000] {processor.py:157} INFO - Started process (PID=1304) to work on /home/airflow/.local/lib/python3.7/site-packages/airflow/example_dags/example_dynamic_task_mapping_with_no_taskflow_operators.py
[2023-07-15T22:33:27.479+0000] {processor.py:826} INFO - Processing file /home/airflow/.local/lib/python3.7/site-packages/airflow/example_dags/example_dynamic_task_mapping_with_no_taskflow_operators.py for tasks to queue
[2023-07-15T22:33:27.480+0000] {logging_mixin.py:150} INFO - [2023-07-15T22:33:27.480+0000] {dagbag.py:541} INFO - Filling up the DagBag from /home/airflow/.local/lib/python3.7/site-packages/airflow/example_dags/example_dynamic_task_mapping_with_no_taskflow_operators.py
[2023-07-15T22:33:27.485+0000] {processor.py:836} INFO - DAG(s) dict_keys(['example_dynamic_task_mapping_with_no_taskflow_operators']) retrieved from /home/airflow/.local/lib/python3.7/site-packages/airflow/example_dags/example_dynamic_task_mapping_with_no_taskflow_operators.py
[2023-07-15T22:33:27.507+0000] {logging_mixin.py:150} INFO - [2023-07-15T22:33:27.507+0000] {dag.py:2742} INFO - Sync 1 DAGs
[2023-07-15T22:33:27.533+0000] {logging_mixin.py:150} INFO - [2023-07-15T22:33:27.533+0000] {dag.py:3508} INFO - Setting next_dagrun for example_dynamic_task_mapping_with_no_taskflow_operators to 2023-07-14T22:33:27.533207+00:00, run_after=2023-07-15T22:33:27.533207+00:00
[2023-07-15T22:33:27.553+0000] {processor.py:179} INFO - Processing /home/airflow/.local/lib/python3.7/site-packages/airflow/example_dags/example_dynamic_task_mapping_with_no_taskflow_operators.py took 0.078 seconds
[2023-07-15T22:33:57.881+0000] {processor.py:157} INFO - Started process (PID=1555) to work on /home/airflow/.local/lib/python3.7/site-packages/airflow/example_dags/example_dynamic_task_mapping_with_no_taskflow_operators.py
[2023-07-15T22:33:57.882+0000] {processor.py:826} INFO - Processing file /home/airflow/.local/lib/python3.7/site-packages/airflow/example_dags/example_dynamic_task_mapping_with_no_taskflow_operators.py for tasks to queue
[2023-07-15T22:33:57.883+0000] {logging_mixin.py:150} INFO - [2023-07-15T22:33:57.883+0000] {dagbag.py:541} INFO - Filling up the DagBag from /home/airflow/.local/lib/python3.7/site-packages/airflow/example_dags/example_dynamic_task_mapping_with_no_taskflow_operators.py
[2023-07-15T22:33:57.887+0000] {processor.py:836} INFO - DAG(s) dict_keys(['example_dynamic_task_mapping_with_no_taskflow_operators']) retrieved from /home/airflow/.local/lib/python3.7/site-packages/airflow/example_dags/example_dynamic_task_mapping_with_no_taskflow_operators.py
[2023-07-15T22:33:57.907+0000] {logging_mixin.py:150} INFO - [2023-07-15T22:33:57.907+0000] {dag.py:2742} INFO - Sync 1 DAGs
[2023-07-15T22:33:57.930+0000] {logging_mixin.py:150} INFO - [2023-07-15T22:33:57.930+0000] {dag.py:3508} INFO - Setting next_dagrun for example_dynamic_task_mapping_with_no_taskflow_operators to 2023-07-14T22:33:57.930525+00:00, run_after=2023-07-15T22:33:57.930525+00:00
[2023-07-15T22:33:57.948+0000] {processor.py:179} INFO - Processing /home/airflow/.local/lib/python3.7/site-packages/airflow/example_dags/example_dynamic_task_mapping_with_no_taskflow_operators.py took 0.070 seconds
[2023-07-15T22:34:28.007+0000] {processor.py:157} INFO - Started process (PID=1802) to work on /home/airflow/.local/lib/python3.7/site-packages/airflow/example_dags/example_dynamic_task_mapping_with_no_taskflow_operators.py
[2023-07-15T22:34:28.007+0000] {processor.py:826} INFO - Processing file /home/airflow/.local/lib/python3.7/site-packages/airflow/example_dags/example_dynamic_task_mapping_with_no_taskflow_operators.py for tasks to queue
[2023-07-15T22:34:28.008+0000] {logging_mixin.py:150} INFO - [2023-07-15T22:34:28.008+0000] {dagbag.py:541} INFO - Filling up the DagBag from /home/airflow/.local/lib/python3.7/site-packages/airflow/example_dags/example_dynamic_task_mapping_with_no_taskflow_operators.py
[2023-07-15T22:34:28.013+0000] {processor.py:836} INFO - DAG(s) dict_keys(['example_dynamic_task_mapping_with_no_taskflow_operators']) retrieved from /home/airflow/.local/lib/python3.7/site-packages/airflow/example_dags/example_dynamic_task_mapping_with_no_taskflow_operators.py
[2023-07-15T22:34:28.033+0000] {logging_mixin.py:150} INFO - [2023-07-15T22:34:28.033+0000] {dag.py:2742} INFO - Sync 1 DAGs
[2023-07-15T22:34:28.059+0000] {logging_mixin.py:150} INFO - [2023-07-15T22:34:28.059+0000] {dag.py:3508} INFO - Setting next_dagrun for example_dynamic_task_mapping_with_no_taskflow_operators to 2023-07-14T22:34:28.059527+00:00, run_after=2023-07-15T22:34:28.059527+00:00
[2023-07-15T22:34:28.080+0000] {processor.py:179} INFO - Processing /home/airflow/.local/lib/python3.7/site-packages/airflow/example_dags/example_dynamic_task_mapping_with_no_taskflow_operators.py took 0.075 seconds
[2023-07-15T22:34:58.181+0000] {processor.py:157} INFO - Started process (PID=2051) to work on /home/airflow/.local/lib/python3.7/site-packages/airflow/example_dags/example_dynamic_task_mapping_with_no_taskflow_operators.py
[2023-07-15T22:34:58.182+0000] {processor.py:826} INFO - Processing file /home/airflow/.local/lib/python3.7/site-packages/airflow/example_dags/example_dynamic_task_mapping_with_no_taskflow_operators.py for tasks to queue
[2023-07-15T22:34:58.183+0000] {logging_mixin.py:150} INFO - [2023-07-15T22:34:58.183+0000] {dagbag.py:541} INFO - Filling up the DagBag from /home/airflow/.local/lib/python3.7/site-packages/airflow/example_dags/example_dynamic_task_mapping_with_no_taskflow_operators.py
[2023-07-15T22:34:58.194+0000] {processor.py:836} INFO - DAG(s) dict_keys(['example_dynamic_task_mapping_with_no_taskflow_operators']) retrieved from /home/airflow/.local/lib/python3.7/site-packages/airflow/example_dags/example_dynamic_task_mapping_with_no_taskflow_operators.py
[2023-07-15T22:34:58.226+0000] {logging_mixin.py:150} INFO - [2023-07-15T22:34:58.225+0000] {dag.py:2742} INFO - Sync 1 DAGs
[2023-07-15T22:34:58.258+0000] {logging_mixin.py:150} INFO - [2023-07-15T22:34:58.257+0000] {dag.py:3508} INFO - Setting next_dagrun for example_dynamic_task_mapping_with_no_taskflow_operators to 2023-07-14T22:34:58.257566+00:00, run_after=2023-07-15T22:34:58.257566+00:00
[2023-07-15T22:34:58.282+0000] {processor.py:179} INFO - Processing /home/airflow/.local/lib/python3.7/site-packages/airflow/example_dags/example_dynamic_task_mapping_with_no_taskflow_operators.py took 0.107 seconds
[2023-07-15T22:35:28.552+0000] {processor.py:157} INFO - Started process (PID=2302) to work on /home/airflow/.local/lib/python3.7/site-packages/airflow/example_dags/example_dynamic_task_mapping_with_no_taskflow_operators.py
[2023-07-15T22:35:28.553+0000] {processor.py:826} INFO - Processing file /home/airflow/.local/lib/python3.7/site-packages/airflow/example_dags/example_dynamic_task_mapping_with_no_taskflow_operators.py for tasks to queue
[2023-07-15T22:35:28.554+0000] {logging_mixin.py:150} INFO - [2023-07-15T22:35:28.553+0000] {dagbag.py:541} INFO - Filling up the DagBag from /home/airflow/.local/lib/python3.7/site-packages/airflow/example_dags/example_dynamic_task_mapping_with_no_taskflow_operators.py
[2023-07-15T22:35:28.558+0000] {processor.py:836} INFO - DAG(s) dict_keys(['example_dynamic_task_mapping_with_no_taskflow_operators']) retrieved from /home/airflow/.local/lib/python3.7/site-packages/airflow/example_dags/example_dynamic_task_mapping_with_no_taskflow_operators.py
[2023-07-15T22:35:28.580+0000] {logging_mixin.py:150} INFO - [2023-07-15T22:35:28.579+0000] {dag.py:2742} INFO - Sync 1 DAGs
[2023-07-15T22:35:28.604+0000] {logging_mixin.py:150} INFO - [2023-07-15T22:35:28.604+0000] {dag.py:3508} INFO - Setting next_dagrun for example_dynamic_task_mapping_with_no_taskflow_operators to 2023-07-14T22:35:28.604371+00:00, run_after=2023-07-15T22:35:28.604371+00:00
[2023-07-15T22:35:28.623+0000] {processor.py:179} INFO - Processing /home/airflow/.local/lib/python3.7/site-packages/airflow/example_dags/example_dynamic_task_mapping_with_no_taskflow_operators.py took 0.073 seconds
