[2023-07-15T22:31:27.338+0000] {processor.py:157} INFO - Started process (PID=353) to work on /home/airflow/.local/lib/python3.7/site-packages/airflow/example_dags/example_sensor_decorator.py
[2023-07-15T22:31:27.338+0000] {processor.py:826} INFO - Processing file /home/airflow/.local/lib/python3.7/site-packages/airflow/example_dags/example_sensor_decorator.py for tasks to queue
[2023-07-15T22:31:27.339+0000] {logging_mixin.py:150} INFO - [2023-07-15T22:31:27.339+0000] {dagbag.py:541} INFO - Filling up the DagBag from /home/airflow/.local/lib/python3.7/site-packages/airflow/example_dags/example_sensor_decorator.py
[2023-07-15T22:31:27.344+0000] {processor.py:836} INFO - DAG(s) dict_keys(['example_sensor_decorator']) retrieved from /home/airflow/.local/lib/python3.7/site-packages/airflow/example_dags/example_sensor_decorator.py
[2023-07-15T22:31:27.357+0000] {logging_mixin.py:150} INFO - [2023-07-15T22:31:27.356+0000] {dag.py:2742} INFO - Sync 1 DAGs
[2023-07-15T22:31:27.384+0000] {logging_mixin.py:150} INFO - [2023-07-15T22:31:27.384+0000] {dag.py:3508} INFO - Setting next_dagrun for example_sensor_decorator to None, run_after=None
[2023-07-15T22:31:27.407+0000] {processor.py:179} INFO - Processing /home/airflow/.local/lib/python3.7/site-packages/airflow/example_dags/example_sensor_decorator.py took 0.072 seconds
[2023-07-15T22:31:57.834+0000] {processor.py:157} INFO - Started process (PID=602) to work on /home/airflow/.local/lib/python3.7/site-packages/airflow/example_dags/example_sensor_decorator.py
[2023-07-15T22:31:57.835+0000] {processor.py:826} INFO - Processing file /home/airflow/.local/lib/python3.7/site-packages/airflow/example_dags/example_sensor_decorator.py for tasks to queue
[2023-07-15T22:31:57.836+0000] {logging_mixin.py:150} INFO - [2023-07-15T22:31:57.835+0000] {dagbag.py:541} INFO - Filling up the DagBag from /home/airflow/.local/lib/python3.7/site-packages/airflow/example_dags/example_sensor_decorator.py
[2023-07-15T22:31:57.843+0000] {processor.py:836} INFO - DAG(s) dict_keys(['example_sensor_decorator']) retrieved from /home/airflow/.local/lib/python3.7/site-packages/airflow/example_dags/example_sensor_decorator.py
[2023-07-15T22:31:57.870+0000] {logging_mixin.py:150} INFO - [2023-07-15T22:31:57.870+0000] {dag.py:2742} INFO - Sync 1 DAGs
[2023-07-15T22:31:57.903+0000] {logging_mixin.py:150} INFO - [2023-07-15T22:31:57.903+0000] {dag.py:3508} INFO - Setting next_dagrun for example_sensor_decorator to None, run_after=None
[2023-07-15T22:31:57.939+0000] {processor.py:179} INFO - Processing /home/airflow/.local/lib/python3.7/site-packages/airflow/example_dags/example_sensor_decorator.py took 0.108 seconds
[2023-07-15T22:32:28.785+0000] {processor.py:157} INFO - Started process (PID=851) to work on /home/airflow/.local/lib/python3.7/site-packages/airflow/example_dags/example_sensor_decorator.py
[2023-07-15T22:32:28.786+0000] {processor.py:826} INFO - Processing file /home/airflow/.local/lib/python3.7/site-packages/airflow/example_dags/example_sensor_decorator.py for tasks to queue
[2023-07-15T22:32:28.786+0000] {logging_mixin.py:150} INFO - [2023-07-15T22:32:28.786+0000] {dagbag.py:541} INFO - Filling up the DagBag from /home/airflow/.local/lib/python3.7/site-packages/airflow/example_dags/example_sensor_decorator.py
[2023-07-15T22:32:28.790+0000] {processor.py:836} INFO - DAG(s) dict_keys(['example_sensor_decorator']) retrieved from /home/airflow/.local/lib/python3.7/site-packages/airflow/example_dags/example_sensor_decorator.py
[2023-07-15T22:32:28.811+0000] {logging_mixin.py:150} INFO - [2023-07-15T22:32:28.811+0000] {dag.py:2742} INFO - Sync 1 DAGs
[2023-07-15T22:32:28.834+0000] {logging_mixin.py:150} INFO - [2023-07-15T22:32:28.834+0000] {dag.py:3508} INFO - Setting next_dagrun for example_sensor_decorator to None, run_after=None
[2023-07-15T22:32:28.855+0000] {processor.py:179} INFO - Processing /home/airflow/.local/lib/python3.7/site-packages/airflow/example_dags/example_sensor_decorator.py took 0.073 seconds
[2023-07-15T22:32:59.076+0000] {processor.py:157} INFO - Started process (PID=1100) to work on /home/airflow/.local/lib/python3.7/site-packages/airflow/example_dags/example_sensor_decorator.py
[2023-07-15T22:32:59.077+0000] {processor.py:826} INFO - Processing file /home/airflow/.local/lib/python3.7/site-packages/airflow/example_dags/example_sensor_decorator.py for tasks to queue
[2023-07-15T22:32:59.078+0000] {logging_mixin.py:150} INFO - [2023-07-15T22:32:59.077+0000] {dagbag.py:541} INFO - Filling up the DagBag from /home/airflow/.local/lib/python3.7/site-packages/airflow/example_dags/example_sensor_decorator.py
[2023-07-15T22:32:59.084+0000] {processor.py:836} INFO - DAG(s) dict_keys(['example_sensor_decorator']) retrieved from /home/airflow/.local/lib/python3.7/site-packages/airflow/example_dags/example_sensor_decorator.py
[2023-07-15T22:32:59.113+0000] {logging_mixin.py:150} INFO - [2023-07-15T22:32:59.113+0000] {dag.py:2742} INFO - Sync 1 DAGs
[2023-07-15T22:32:59.139+0000] {logging_mixin.py:150} INFO - [2023-07-15T22:32:59.139+0000] {dag.py:3508} INFO - Setting next_dagrun for example_sensor_decorator to None, run_after=None
[2023-07-15T22:32:59.161+0000] {processor.py:179} INFO - Processing /home/airflow/.local/lib/python3.7/site-packages/airflow/example_dags/example_sensor_decorator.py took 0.087 seconds
[2023-07-15T22:33:30.122+0000] {processor.py:157} INFO - Started process (PID=1349) to work on /home/airflow/.local/lib/python3.7/site-packages/airflow/example_dags/example_sensor_decorator.py
[2023-07-15T22:33:30.123+0000] {processor.py:826} INFO - Processing file /home/airflow/.local/lib/python3.7/site-packages/airflow/example_dags/example_sensor_decorator.py for tasks to queue
[2023-07-15T22:33:30.124+0000] {logging_mixin.py:150} INFO - [2023-07-15T22:33:30.124+0000] {dagbag.py:541} INFO - Filling up the DagBag from /home/airflow/.local/lib/python3.7/site-packages/airflow/example_dags/example_sensor_decorator.py
[2023-07-15T22:33:30.128+0000] {processor.py:836} INFO - DAG(s) dict_keys(['example_sensor_decorator']) retrieved from /home/airflow/.local/lib/python3.7/site-packages/airflow/example_dags/example_sensor_decorator.py
[2023-07-15T22:33:30.151+0000] {logging_mixin.py:150} INFO - [2023-07-15T22:33:30.151+0000] {dag.py:2742} INFO - Sync 1 DAGs
[2023-07-15T22:33:30.177+0000] {logging_mixin.py:150} INFO - [2023-07-15T22:33:30.177+0000] {dag.py:3508} INFO - Setting next_dagrun for example_sensor_decorator to None, run_after=None
[2023-07-15T22:33:30.196+0000] {processor.py:179} INFO - Processing /home/airflow/.local/lib/python3.7/site-packages/airflow/example_dags/example_sensor_decorator.py took 0.076 seconds
[2023-07-15T22:34:00.603+0000] {processor.py:157} INFO - Started process (PID=1598) to work on /home/airflow/.local/lib/python3.7/site-packages/airflow/example_dags/example_sensor_decorator.py
[2023-07-15T22:34:00.604+0000] {processor.py:826} INFO - Processing file /home/airflow/.local/lib/python3.7/site-packages/airflow/example_dags/example_sensor_decorator.py for tasks to queue
[2023-07-15T22:34:00.605+0000] {logging_mixin.py:150} INFO - [2023-07-15T22:34:00.605+0000] {dagbag.py:541} INFO - Filling up the DagBag from /home/airflow/.local/lib/python3.7/site-packages/airflow/example_dags/example_sensor_decorator.py
[2023-07-15T22:34:00.610+0000] {processor.py:836} INFO - DAG(s) dict_keys(['example_sensor_decorator']) retrieved from /home/airflow/.local/lib/python3.7/site-packages/airflow/example_dags/example_sensor_decorator.py
[2023-07-15T22:34:00.631+0000] {logging_mixin.py:150} INFO - [2023-07-15T22:34:00.631+0000] {dag.py:2742} INFO - Sync 1 DAGs
[2023-07-15T22:34:00.657+0000] {logging_mixin.py:150} INFO - [2023-07-15T22:34:00.657+0000] {dag.py:3508} INFO - Setting next_dagrun for example_sensor_decorator to None, run_after=None
[2023-07-15T22:34:00.677+0000] {processor.py:179} INFO - Processing /home/airflow/.local/lib/python3.7/site-packages/airflow/example_dags/example_sensor_decorator.py took 0.077 seconds
[2023-07-15T22:34:31.056+0000] {processor.py:157} INFO - Started process (PID=1849) to work on /home/airflow/.local/lib/python3.7/site-packages/airflow/example_dags/example_sensor_decorator.py
[2023-07-15T22:34:31.057+0000] {processor.py:826} INFO - Processing file /home/airflow/.local/lib/python3.7/site-packages/airflow/example_dags/example_sensor_decorator.py for tasks to queue
[2023-07-15T22:34:31.058+0000] {logging_mixin.py:150} INFO - [2023-07-15T22:34:31.057+0000] {dagbag.py:541} INFO - Filling up the DagBag from /home/airflow/.local/lib/python3.7/site-packages/airflow/example_dags/example_sensor_decorator.py
[2023-07-15T22:34:31.063+0000] {processor.py:836} INFO - DAG(s) dict_keys(['example_sensor_decorator']) retrieved from /home/airflow/.local/lib/python3.7/site-packages/airflow/example_dags/example_sensor_decorator.py
[2023-07-15T22:34:31.086+0000] {logging_mixin.py:150} INFO - [2023-07-15T22:34:31.085+0000] {dag.py:2742} INFO - Sync 1 DAGs
[2023-07-15T22:34:31.112+0000] {logging_mixin.py:150} INFO - [2023-07-15T22:34:31.111+0000] {dag.py:3508} INFO - Setting next_dagrun for example_sensor_decorator to None, run_after=None
[2023-07-15T22:34:31.134+0000] {processor.py:179} INFO - Processing /home/airflow/.local/lib/python3.7/site-packages/airflow/example_dags/example_sensor_decorator.py took 0.081 seconds
[2023-07-15T22:35:01.880+0000] {processor.py:157} INFO - Started process (PID=2096) to work on /home/airflow/.local/lib/python3.7/site-packages/airflow/example_dags/example_sensor_decorator.py
[2023-07-15T22:35:01.881+0000] {processor.py:826} INFO - Processing file /home/airflow/.local/lib/python3.7/site-packages/airflow/example_dags/example_sensor_decorator.py for tasks to queue
[2023-07-15T22:35:01.882+0000] {logging_mixin.py:150} INFO - [2023-07-15T22:35:01.881+0000] {dagbag.py:541} INFO - Filling up the DagBag from /home/airflow/.local/lib/python3.7/site-packages/airflow/example_dags/example_sensor_decorator.py
[2023-07-15T22:35:01.886+0000] {processor.py:836} INFO - DAG(s) dict_keys(['example_sensor_decorator']) retrieved from /home/airflow/.local/lib/python3.7/site-packages/airflow/example_dags/example_sensor_decorator.py
[2023-07-15T22:35:01.909+0000] {logging_mixin.py:150} INFO - [2023-07-15T22:35:01.908+0000] {dag.py:2742} INFO - Sync 1 DAGs
[2023-07-15T22:35:01.932+0000] {logging_mixin.py:150} INFO - [2023-07-15T22:35:01.931+0000] {dag.py:3508} INFO - Setting next_dagrun for example_sensor_decorator to None, run_after=None
[2023-07-15T22:35:01.954+0000] {processor.py:179} INFO - Processing /home/airflow/.local/lib/python3.7/site-packages/airflow/example_dags/example_sensor_decorator.py took 0.076 seconds
[2023-07-15T22:35:32.165+0000] {processor.py:157} INFO - Started process (PID=2345) to work on /home/airflow/.local/lib/python3.7/site-packages/airflow/example_dags/example_sensor_decorator.py
[2023-07-15T22:35:32.166+0000] {processor.py:826} INFO - Processing file /home/airflow/.local/lib/python3.7/site-packages/airflow/example_dags/example_sensor_decorator.py for tasks to queue
[2023-07-15T22:35:32.166+0000] {logging_mixin.py:150} INFO - [2023-07-15T22:35:32.166+0000] {dagbag.py:541} INFO - Filling up the DagBag from /home/airflow/.local/lib/python3.7/site-packages/airflow/example_dags/example_sensor_decorator.py
[2023-07-15T22:35:32.170+0000] {processor.py:836} INFO - DAG(s) dict_keys(['example_sensor_decorator']) retrieved from /home/airflow/.local/lib/python3.7/site-packages/airflow/example_dags/example_sensor_decorator.py
[2023-07-15T22:35:32.191+0000] {logging_mixin.py:150} INFO - [2023-07-15T22:35:32.191+0000] {dag.py:2742} INFO - Sync 1 DAGs
[2023-07-15T22:35:32.214+0000] {logging_mixin.py:150} INFO - [2023-07-15T22:35:32.214+0000] {dag.py:3508} INFO - Setting next_dagrun for example_sensor_decorator to None, run_after=None
[2023-07-15T22:35:32.233+0000] {processor.py:179} INFO - Processing /home/airflow/.local/lib/python3.7/site-packages/airflow/example_dags/example_sensor_decorator.py took 0.070 seconds
