[2023-07-15T22:31:25.474+0000] {processor.py:157} INFO - Started process (PID=218) to work on /home/airflow/.local/lib/python3.7/site-packages/airflow/example_dags/example_params_ui_tutorial.py
[2023-07-15T22:31:25.475+0000] {processor.py:826} INFO - Processing file /home/airflow/.local/lib/python3.7/site-packages/airflow/example_dags/example_params_ui_tutorial.py for tasks to queue
[2023-07-15T22:31:25.475+0000] {logging_mixin.py:150} INFO - [2023-07-15T22:31:25.475+0000] {dagbag.py:541} INFO - Filling up the DagBag from /home/airflow/.local/lib/python3.7/site-packages/airflow/example_dags/example_params_ui_tutorial.py
[2023-07-15T22:31:25.518+0000] {processor.py:836} INFO - DAG(s) dict_keys(['example_params_ui_tutorial']) retrieved from /home/airflow/.local/lib/python3.7/site-packages/airflow/example_dags/example_params_ui_tutorial.py
[2023-07-15T22:31:25.529+0000] {logging_mixin.py:150} INFO - [2023-07-15T22:31:25.529+0000] {dag.py:2742} INFO - Sync 1 DAGs
[2023-07-15T22:31:25.553+0000] {logging_mixin.py:150} INFO - [2023-07-15T22:31:25.553+0000] {dag.py:3508} INFO - Setting next_dagrun for example_params_ui_tutorial to None, run_after=None
[2023-07-15T22:31:25.573+0000] {processor.py:179} INFO - Processing /home/airflow/.local/lib/python3.7/site-packages/airflow/example_dags/example_params_ui_tutorial.py took 0.101 seconds
[2023-07-15T22:31:55.822+0000] {processor.py:157} INFO - Started process (PID=467) to work on /home/airflow/.local/lib/python3.7/site-packages/airflow/example_dags/example_params_ui_tutorial.py
[2023-07-15T22:31:55.823+0000] {processor.py:826} INFO - Processing file /home/airflow/.local/lib/python3.7/site-packages/airflow/example_dags/example_params_ui_tutorial.py for tasks to queue
[2023-07-15T22:31:55.823+0000] {logging_mixin.py:150} INFO - [2023-07-15T22:31:55.823+0000] {dagbag.py:541} INFO - Filling up the DagBag from /home/airflow/.local/lib/python3.7/site-packages/airflow/example_dags/example_params_ui_tutorial.py
[2023-07-15T22:31:55.859+0000] {processor.py:836} INFO - DAG(s) dict_keys(['example_params_ui_tutorial']) retrieved from /home/airflow/.local/lib/python3.7/site-packages/airflow/example_dags/example_params_ui_tutorial.py
[2023-07-15T22:31:55.921+0000] {logging_mixin.py:150} INFO - [2023-07-15T22:31:55.921+0000] {dag.py:2742} INFO - Sync 1 DAGs
[2023-07-15T22:31:55.946+0000] {logging_mixin.py:150} INFO - [2023-07-15T22:31:55.946+0000] {dag.py:3508} INFO - Setting next_dagrun for example_params_ui_tutorial to None, run_after=None
[2023-07-15T22:31:55.969+0000] {processor.py:179} INFO - Processing /home/airflow/.local/lib/python3.7/site-packages/airflow/example_dags/example_params_ui_tutorial.py took 0.149 seconds
[2023-07-15T22:32:26.039+0000] {processor.py:157} INFO - Started process (PID=718) to work on /home/airflow/.local/lib/python3.7/site-packages/airflow/example_dags/example_params_ui_tutorial.py
[2023-07-15T22:32:26.041+0000] {processor.py:826} INFO - Processing file /home/airflow/.local/lib/python3.7/site-packages/airflow/example_dags/example_params_ui_tutorial.py for tasks to queue
[2023-07-15T22:32:26.041+0000] {logging_mixin.py:150} INFO - [2023-07-15T22:32:26.041+0000] {dagbag.py:541} INFO - Filling up the DagBag from /home/airflow/.local/lib/python3.7/site-packages/airflow/example_dags/example_params_ui_tutorial.py
[2023-07-15T22:32:26.078+0000] {processor.py:836} INFO - DAG(s) dict_keys(['example_params_ui_tutorial']) retrieved from /home/airflow/.local/lib/python3.7/site-packages/airflow/example_dags/example_params_ui_tutorial.py
[2023-07-15T22:32:26.136+0000] {logging_mixin.py:150} INFO - [2023-07-15T22:32:26.136+0000] {dag.py:2742} INFO - Sync 1 DAGs
[2023-07-15T22:32:26.160+0000] {logging_mixin.py:150} INFO - [2023-07-15T22:32:26.159+0000] {dag.py:3508} INFO - Setting next_dagrun for example_params_ui_tutorial to None, run_after=None
[2023-07-15T22:32:26.177+0000] {processor.py:179} INFO - Processing /home/airflow/.local/lib/python3.7/site-packages/airflow/example_dags/example_params_ui_tutorial.py took 0.140 seconds
[2023-07-15T22:32:56.264+0000] {processor.py:157} INFO - Started process (PID=972) to work on /home/airflow/.local/lib/python3.7/site-packages/airflow/example_dags/example_params_ui_tutorial.py
[2023-07-15T22:32:56.266+0000] {processor.py:826} INFO - Processing file /home/airflow/.local/lib/python3.7/site-packages/airflow/example_dags/example_params_ui_tutorial.py for tasks to queue
[2023-07-15T22:32:56.267+0000] {logging_mixin.py:150} INFO - [2023-07-15T22:32:56.266+0000] {dagbag.py:541} INFO - Filling up the DagBag from /home/airflow/.local/lib/python3.7/site-packages/airflow/example_dags/example_params_ui_tutorial.py
[2023-07-15T22:32:56.305+0000] {processor.py:836} INFO - DAG(s) dict_keys(['example_params_ui_tutorial']) retrieved from /home/airflow/.local/lib/python3.7/site-packages/airflow/example_dags/example_params_ui_tutorial.py
[2023-07-15T22:32:56.364+0000] {logging_mixin.py:150} INFO - [2023-07-15T22:32:56.364+0000] {dag.py:2742} INFO - Sync 1 DAGs
[2023-07-15T22:32:56.388+0000] {logging_mixin.py:150} INFO - [2023-07-15T22:32:56.388+0000] {dag.py:3508} INFO - Setting next_dagrun for example_params_ui_tutorial to None, run_after=None
[2023-07-15T22:32:56.414+0000] {processor.py:179} INFO - Processing /home/airflow/.local/lib/python3.7/site-packages/airflow/example_dags/example_params_ui_tutorial.py took 0.152 seconds
[2023-07-15T22:33:26.519+0000] {processor.py:157} INFO - Started process (PID=1216) to work on /home/airflow/.local/lib/python3.7/site-packages/airflow/example_dags/example_params_ui_tutorial.py
[2023-07-15T22:33:26.521+0000] {processor.py:826} INFO - Processing file /home/airflow/.local/lib/python3.7/site-packages/airflow/example_dags/example_params_ui_tutorial.py for tasks to queue
[2023-07-15T22:33:26.522+0000] {logging_mixin.py:150} INFO - [2023-07-15T22:33:26.521+0000] {dagbag.py:541} INFO - Filling up the DagBag from /home/airflow/.local/lib/python3.7/site-packages/airflow/example_dags/example_params_ui_tutorial.py
[2023-07-15T22:33:26.558+0000] {processor.py:836} INFO - DAG(s) dict_keys(['example_params_ui_tutorial']) retrieved from /home/airflow/.local/lib/python3.7/site-packages/airflow/example_dags/example_params_ui_tutorial.py
[2023-07-15T22:33:26.620+0000] {logging_mixin.py:150} INFO - [2023-07-15T22:33:26.620+0000] {dag.py:2742} INFO - Sync 1 DAGs
[2023-07-15T22:33:26.647+0000] {logging_mixin.py:150} INFO - [2023-07-15T22:33:26.647+0000] {dag.py:3508} INFO - Setting next_dagrun for example_params_ui_tutorial to None, run_after=None
[2023-07-15T22:33:26.668+0000] {processor.py:179} INFO - Processing /home/airflow/.local/lib/python3.7/site-packages/airflow/example_dags/example_params_ui_tutorial.py took 0.153 seconds
[2023-07-15T22:33:56.694+0000] {processor.py:157} INFO - Started process (PID=1465) to work on /home/airflow/.local/lib/python3.7/site-packages/airflow/example_dags/example_params_ui_tutorial.py
[2023-07-15T22:33:56.695+0000] {processor.py:826} INFO - Processing file /home/airflow/.local/lib/python3.7/site-packages/airflow/example_dags/example_params_ui_tutorial.py for tasks to queue
[2023-07-15T22:33:56.696+0000] {logging_mixin.py:150} INFO - [2023-07-15T22:33:56.695+0000] {dagbag.py:541} INFO - Filling up the DagBag from /home/airflow/.local/lib/python3.7/site-packages/airflow/example_dags/example_params_ui_tutorial.py
[2023-07-15T22:33:56.732+0000] {processor.py:836} INFO - DAG(s) dict_keys(['example_params_ui_tutorial']) retrieved from /home/airflow/.local/lib/python3.7/site-packages/airflow/example_dags/example_params_ui_tutorial.py
[2023-07-15T22:33:56.793+0000] {logging_mixin.py:150} INFO - [2023-07-15T22:33:56.793+0000] {dag.py:2742} INFO - Sync 1 DAGs
[2023-07-15T22:33:56.821+0000] {logging_mixin.py:150} INFO - [2023-07-15T22:33:56.821+0000] {dag.py:3508} INFO - Setting next_dagrun for example_params_ui_tutorial to None, run_after=None
[2023-07-15T22:33:56.848+0000] {processor.py:179} INFO - Processing /home/airflow/.local/lib/python3.7/site-packages/airflow/example_dags/example_params_ui_tutorial.py took 0.158 seconds
[2023-07-15T22:34:26.917+0000] {processor.py:157} INFO - Started process (PID=1719) to work on /home/airflow/.local/lib/python3.7/site-packages/airflow/example_dags/example_params_ui_tutorial.py
[2023-07-15T22:34:26.918+0000] {processor.py:826} INFO - Processing file /home/airflow/.local/lib/python3.7/site-packages/airflow/example_dags/example_params_ui_tutorial.py for tasks to queue
[2023-07-15T22:34:26.918+0000] {logging_mixin.py:150} INFO - [2023-07-15T22:34:26.918+0000] {dagbag.py:541} INFO - Filling up the DagBag from /home/airflow/.local/lib/python3.7/site-packages/airflow/example_dags/example_params_ui_tutorial.py
[2023-07-15T22:34:26.952+0000] {processor.py:836} INFO - DAG(s) dict_keys(['example_params_ui_tutorial']) retrieved from /home/airflow/.local/lib/python3.7/site-packages/airflow/example_dags/example_params_ui_tutorial.py
[2023-07-15T22:34:27.011+0000] {logging_mixin.py:150} INFO - [2023-07-15T22:34:27.011+0000] {dag.py:2742} INFO - Sync 1 DAGs
[2023-07-15T22:34:27.039+0000] {logging_mixin.py:150} INFO - [2023-07-15T22:34:27.039+0000] {dag.py:3508} INFO - Setting next_dagrun for example_params_ui_tutorial to None, run_after=None
[2023-07-15T22:34:27.061+0000] {processor.py:179} INFO - Processing /home/airflow/.local/lib/python3.7/site-packages/airflow/example_dags/example_params_ui_tutorial.py took 0.147 seconds
[2023-07-15T22:34:57.222+0000] {processor.py:157} INFO - Started process (PID=1966) to work on /home/airflow/.local/lib/python3.7/site-packages/airflow/example_dags/example_params_ui_tutorial.py
[2023-07-15T22:34:57.223+0000] {processor.py:826} INFO - Processing file /home/airflow/.local/lib/python3.7/site-packages/airflow/example_dags/example_params_ui_tutorial.py for tasks to queue
[2023-07-15T22:34:57.224+0000] {logging_mixin.py:150} INFO - [2023-07-15T22:34:57.223+0000] {dagbag.py:541} INFO - Filling up the DagBag from /home/airflow/.local/lib/python3.7/site-packages/airflow/example_dags/example_params_ui_tutorial.py
[2023-07-15T22:34:57.257+0000] {processor.py:836} INFO - DAG(s) dict_keys(['example_params_ui_tutorial']) retrieved from /home/airflow/.local/lib/python3.7/site-packages/airflow/example_dags/example_params_ui_tutorial.py
[2023-07-15T22:34:57.315+0000] {logging_mixin.py:150} INFO - [2023-07-15T22:34:57.315+0000] {dag.py:2742} INFO - Sync 1 DAGs
[2023-07-15T22:34:57.340+0000] {logging_mixin.py:150} INFO - [2023-07-15T22:34:57.340+0000] {dag.py:3508} INFO - Setting next_dagrun for example_params_ui_tutorial to None, run_after=None
[2023-07-15T22:34:57.359+0000] {processor.py:179} INFO - Processing /home/airflow/.local/lib/python3.7/site-packages/airflow/example_dags/example_params_ui_tutorial.py took 0.139 seconds
[2023-07-15T22:35:27.426+0000] {processor.py:157} INFO - Started process (PID=2212) to work on /home/airflow/.local/lib/python3.7/site-packages/airflow/example_dags/example_params_ui_tutorial.py
[2023-07-15T22:35:27.426+0000] {processor.py:826} INFO - Processing file /home/airflow/.local/lib/python3.7/site-packages/airflow/example_dags/example_params_ui_tutorial.py for tasks to queue
[2023-07-15T22:35:27.427+0000] {logging_mixin.py:150} INFO - [2023-07-15T22:35:27.427+0000] {dagbag.py:541} INFO - Filling up the DagBag from /home/airflow/.local/lib/python3.7/site-packages/airflow/example_dags/example_params_ui_tutorial.py
[2023-07-15T22:35:27.462+0000] {processor.py:836} INFO - DAG(s) dict_keys(['example_params_ui_tutorial']) retrieved from /home/airflow/.local/lib/python3.7/site-packages/airflow/example_dags/example_params_ui_tutorial.py
[2023-07-15T22:35:27.520+0000] {logging_mixin.py:150} INFO - [2023-07-15T22:35:27.520+0000] {dag.py:2742} INFO - Sync 1 DAGs
[2023-07-15T22:35:27.547+0000] {logging_mixin.py:150} INFO - [2023-07-15T22:35:27.547+0000] {dag.py:3508} INFO - Setting next_dagrun for example_params_ui_tutorial to None, run_after=None
[2023-07-15T22:35:27.571+0000] {processor.py:179} INFO - Processing /home/airflow/.local/lib/python3.7/site-packages/airflow/example_dags/example_params_ui_tutorial.py took 0.148 seconds
