[2023-07-15T22:31:25.978+0000] {processor.py:157} INFO - Started process (PID=263) to work on /home/airflow/.local/lib/python3.7/site-packages/airflow/example_dags/example_nested_branch_dag.py
[2023-07-15T22:31:25.979+0000] {processor.py:826} INFO - Processing file /home/airflow/.local/lib/python3.7/site-packages/airflow/example_dags/example_nested_branch_dag.py for tasks to queue
[2023-07-15T22:31:25.979+0000] {logging_mixin.py:150} INFO - [2023-07-15T22:31:25.979+0000] {dagbag.py:541} INFO - Filling up the DagBag from /home/airflow/.local/lib/python3.7/site-packages/airflow/example_dags/example_nested_branch_dag.py
[2023-07-15T22:31:25.989+0000] {processor.py:836} INFO - DAG(s) dict_keys(['example_nested_branch_dag']) retrieved from /home/airflow/.local/lib/python3.7/site-packages/airflow/example_dags/example_nested_branch_dag.py
[2023-07-15T22:31:26.003+0000] {logging_mixin.py:150} INFO - [2023-07-15T22:31:26.002+0000] {dag.py:2742} INFO - Sync 1 DAGs
[2023-07-15T22:31:26.027+0000] {logging_mixin.py:150} INFO - [2023-07-15T22:31:26.027+0000] {dag.py:3508} INFO - Setting next_dagrun for example_nested_branch_dag to 2023-07-14T00:00:00+00:00, run_after=2023-07-15T00:00:00+00:00
[2023-07-15T22:31:26.048+0000] {processor.py:179} INFO - Processing /home/airflow/.local/lib/python3.7/site-packages/airflow/example_dags/example_nested_branch_dag.py took 0.072 seconds
[2023-07-15T22:31:56.335+0000] {processor.py:157} INFO - Started process (PID=512) to work on /home/airflow/.local/lib/python3.7/site-packages/airflow/example_dags/example_nested_branch_dag.py
[2023-07-15T22:31:56.336+0000] {processor.py:826} INFO - Processing file /home/airflow/.local/lib/python3.7/site-packages/airflow/example_dags/example_nested_branch_dag.py for tasks to queue
[2023-07-15T22:31:56.337+0000] {logging_mixin.py:150} INFO - [2023-07-15T22:31:56.336+0000] {dagbag.py:541} INFO - Filling up the DagBag from /home/airflow/.local/lib/python3.7/site-packages/airflow/example_dags/example_nested_branch_dag.py
[2023-07-15T22:31:56.344+0000] {processor.py:836} INFO - DAG(s) dict_keys(['example_nested_branch_dag']) retrieved from /home/airflow/.local/lib/python3.7/site-packages/airflow/example_dags/example_nested_branch_dag.py
[2023-07-15T22:31:56.369+0000] {logging_mixin.py:150} INFO - [2023-07-15T22:31:56.369+0000] {dag.py:2742} INFO - Sync 1 DAGs
[2023-07-15T22:31:56.396+0000] {logging_mixin.py:150} INFO - [2023-07-15T22:31:56.396+0000] {dag.py:3508} INFO - Setting next_dagrun for example_nested_branch_dag to 2023-07-14T00:00:00+00:00, run_after=2023-07-15T00:00:00+00:00
[2023-07-15T22:31:56.415+0000] {processor.py:179} INFO - Processing /home/airflow/.local/lib/python3.7/site-packages/airflow/example_dags/example_nested_branch_dag.py took 0.082 seconds
[2023-07-15T22:32:26.515+0000] {processor.py:157} INFO - Started process (PID=761) to work on /home/airflow/.local/lib/python3.7/site-packages/airflow/example_dags/example_nested_branch_dag.py
[2023-07-15T22:32:26.516+0000] {processor.py:826} INFO - Processing file /home/airflow/.local/lib/python3.7/site-packages/airflow/example_dags/example_nested_branch_dag.py for tasks to queue
[2023-07-15T22:32:26.517+0000] {logging_mixin.py:150} INFO - [2023-07-15T22:32:26.517+0000] {dagbag.py:541} INFO - Filling up the DagBag from /home/airflow/.local/lib/python3.7/site-packages/airflow/example_dags/example_nested_branch_dag.py
[2023-07-15T22:32:26.525+0000] {processor.py:836} INFO - DAG(s) dict_keys(['example_nested_branch_dag']) retrieved from /home/airflow/.local/lib/python3.7/site-packages/airflow/example_dags/example_nested_branch_dag.py
[2023-07-15T22:32:26.551+0000] {logging_mixin.py:150} INFO - [2023-07-15T22:32:26.550+0000] {dag.py:2742} INFO - Sync 1 DAGs
[2023-07-15T22:32:26.577+0000] {logging_mixin.py:150} INFO - [2023-07-15T22:32:26.577+0000] {dag.py:3508} INFO - Setting next_dagrun for example_nested_branch_dag to 2023-07-14T00:00:00+00:00, run_after=2023-07-15T00:00:00+00:00
[2023-07-15T22:32:26.596+0000] {processor.py:179} INFO - Processing /home/airflow/.local/lib/python3.7/site-packages/airflow/example_dags/example_nested_branch_dag.py took 0.083 seconds
[2023-07-15T22:32:56.715+0000] {processor.py:157} INFO - Started process (PID=1010) to work on /home/airflow/.local/lib/python3.7/site-packages/airflow/example_dags/example_nested_branch_dag.py
[2023-07-15T22:32:56.716+0000] {processor.py:826} INFO - Processing file /home/airflow/.local/lib/python3.7/site-packages/airflow/example_dags/example_nested_branch_dag.py for tasks to queue
[2023-07-15T22:32:56.717+0000] {logging_mixin.py:150} INFO - [2023-07-15T22:32:56.716+0000] {dagbag.py:541} INFO - Filling up the DagBag from /home/airflow/.local/lib/python3.7/site-packages/airflow/example_dags/example_nested_branch_dag.py
[2023-07-15T22:32:56.724+0000] {processor.py:836} INFO - DAG(s) dict_keys(['example_nested_branch_dag']) retrieved from /home/airflow/.local/lib/python3.7/site-packages/airflow/example_dags/example_nested_branch_dag.py
[2023-07-15T22:32:56.747+0000] {logging_mixin.py:150} INFO - [2023-07-15T22:32:56.747+0000] {dag.py:2742} INFO - Sync 1 DAGs
[2023-07-15T22:32:56.773+0000] {logging_mixin.py:150} INFO - [2023-07-15T22:32:56.773+0000] {dag.py:3508} INFO - Setting next_dagrun for example_nested_branch_dag to 2023-07-14T00:00:00+00:00, run_after=2023-07-15T00:00:00+00:00
[2023-07-15T22:32:56.794+0000] {processor.py:179} INFO - Processing /home/airflow/.local/lib/python3.7/site-packages/airflow/example_dags/example_nested_branch_dag.py took 0.082 seconds
[2023-07-15T22:33:27.012+0000] {processor.py:157} INFO - Started process (PID=1259) to work on /home/airflow/.local/lib/python3.7/site-packages/airflow/example_dags/example_nested_branch_dag.py
[2023-07-15T22:33:27.014+0000] {processor.py:826} INFO - Processing file /home/airflow/.local/lib/python3.7/site-packages/airflow/example_dags/example_nested_branch_dag.py for tasks to queue
[2023-07-15T22:33:27.014+0000] {logging_mixin.py:150} INFO - [2023-07-15T22:33:27.014+0000] {dagbag.py:541} INFO - Filling up the DagBag from /home/airflow/.local/lib/python3.7/site-packages/airflow/example_dags/example_nested_branch_dag.py
[2023-07-15T22:33:27.023+0000] {processor.py:836} INFO - DAG(s) dict_keys(['example_nested_branch_dag']) retrieved from /home/airflow/.local/lib/python3.7/site-packages/airflow/example_dags/example_nested_branch_dag.py
[2023-07-15T22:33:27.046+0000] {logging_mixin.py:150} INFO - [2023-07-15T22:33:27.045+0000] {dag.py:2742} INFO - Sync 1 DAGs
[2023-07-15T22:33:27.071+0000] {logging_mixin.py:150} INFO - [2023-07-15T22:33:27.071+0000] {dag.py:3508} INFO - Setting next_dagrun for example_nested_branch_dag to 2023-07-14T00:00:00+00:00, run_after=2023-07-15T00:00:00+00:00
[2023-07-15T22:33:27.092+0000] {processor.py:179} INFO - Processing /home/airflow/.local/lib/python3.7/site-packages/airflow/example_dags/example_nested_branch_dag.py took 0.082 seconds
[2023-07-15T22:33:57.223+0000] {processor.py:157} INFO - Started process (PID=1508) to work on /home/airflow/.local/lib/python3.7/site-packages/airflow/example_dags/example_nested_branch_dag.py
[2023-07-15T22:33:57.224+0000] {processor.py:826} INFO - Processing file /home/airflow/.local/lib/python3.7/site-packages/airflow/example_dags/example_nested_branch_dag.py for tasks to queue
[2023-07-15T22:33:57.225+0000] {logging_mixin.py:150} INFO - [2023-07-15T22:33:57.225+0000] {dagbag.py:541} INFO - Filling up the DagBag from /home/airflow/.local/lib/python3.7/site-packages/airflow/example_dags/example_nested_branch_dag.py
[2023-07-15T22:33:57.235+0000] {processor.py:836} INFO - DAG(s) dict_keys(['example_nested_branch_dag']) retrieved from /home/airflow/.local/lib/python3.7/site-packages/airflow/example_dags/example_nested_branch_dag.py
[2023-07-15T22:33:57.261+0000] {logging_mixin.py:150} INFO - [2023-07-15T22:33:57.260+0000] {dag.py:2742} INFO - Sync 1 DAGs
[2023-07-15T22:33:57.293+0000] {logging_mixin.py:150} INFO - [2023-07-15T22:33:57.292+0000] {dag.py:3508} INFO - Setting next_dagrun for example_nested_branch_dag to 2023-07-14T00:00:00+00:00, run_after=2023-07-15T00:00:00+00:00
[2023-07-15T22:33:57.313+0000] {processor.py:179} INFO - Processing /home/airflow/.local/lib/python3.7/site-packages/airflow/example_dags/example_nested_branch_dag.py took 0.093 seconds
[2023-07-15T22:34:27.414+0000] {processor.py:157} INFO - Started process (PID=1757) to work on /home/airflow/.local/lib/python3.7/site-packages/airflow/example_dags/example_nested_branch_dag.py
[2023-07-15T22:34:27.414+0000] {processor.py:826} INFO - Processing file /home/airflow/.local/lib/python3.7/site-packages/airflow/example_dags/example_nested_branch_dag.py for tasks to queue
[2023-07-15T22:34:27.415+0000] {logging_mixin.py:150} INFO - [2023-07-15T22:34:27.415+0000] {dagbag.py:541} INFO - Filling up the DagBag from /home/airflow/.local/lib/python3.7/site-packages/airflow/example_dags/example_nested_branch_dag.py
[2023-07-15T22:34:27.423+0000] {processor.py:836} INFO - DAG(s) dict_keys(['example_nested_branch_dag']) retrieved from /home/airflow/.local/lib/python3.7/site-packages/airflow/example_dags/example_nested_branch_dag.py
[2023-07-15T22:34:27.447+0000] {logging_mixin.py:150} INFO - [2023-07-15T22:34:27.446+0000] {dag.py:2742} INFO - Sync 1 DAGs
[2023-07-15T22:34:27.476+0000] {logging_mixin.py:150} INFO - [2023-07-15T22:34:27.476+0000] {dag.py:3508} INFO - Setting next_dagrun for example_nested_branch_dag to 2023-07-14T00:00:00+00:00, run_after=2023-07-15T00:00:00+00:00
[2023-07-15T22:34:27.499+0000] {processor.py:179} INFO - Processing /home/airflow/.local/lib/python3.7/site-packages/airflow/example_dags/example_nested_branch_dag.py took 0.087 seconds
[2023-07-15T22:34:57.688+0000] {processor.py:157} INFO - Started process (PID=2006) to work on /home/airflow/.local/lib/python3.7/site-packages/airflow/example_dags/example_nested_branch_dag.py
[2023-07-15T22:34:57.689+0000] {processor.py:826} INFO - Processing file /home/airflow/.local/lib/python3.7/site-packages/airflow/example_dags/example_nested_branch_dag.py for tasks to queue
[2023-07-15T22:34:57.690+0000] {logging_mixin.py:150} INFO - [2023-07-15T22:34:57.690+0000] {dagbag.py:541} INFO - Filling up the DagBag from /home/airflow/.local/lib/python3.7/site-packages/airflow/example_dags/example_nested_branch_dag.py
[2023-07-15T22:34:57.698+0000] {processor.py:836} INFO - DAG(s) dict_keys(['example_nested_branch_dag']) retrieved from /home/airflow/.local/lib/python3.7/site-packages/airflow/example_dags/example_nested_branch_dag.py
[2023-07-15T22:34:57.724+0000] {logging_mixin.py:150} INFO - [2023-07-15T22:34:57.723+0000] {dag.py:2742} INFO - Sync 1 DAGs
[2023-07-15T22:34:57.750+0000] {logging_mixin.py:150} INFO - [2023-07-15T22:34:57.749+0000] {dag.py:3508} INFO - Setting next_dagrun for example_nested_branch_dag to 2023-07-14T00:00:00+00:00, run_after=2023-07-15T00:00:00+00:00
[2023-07-15T22:34:57.772+0000] {processor.py:179} INFO - Processing /home/airflow/.local/lib/python3.7/site-packages/airflow/example_dags/example_nested_branch_dag.py took 0.087 seconds
[2023-07-15T22:35:27.927+0000] {processor.py:157} INFO - Started process (PID=2255) to work on /home/airflow/.local/lib/python3.7/site-packages/airflow/example_dags/example_nested_branch_dag.py
[2023-07-15T22:35:27.928+0000] {processor.py:826} INFO - Processing file /home/airflow/.local/lib/python3.7/site-packages/airflow/example_dags/example_nested_branch_dag.py for tasks to queue
[2023-07-15T22:35:27.928+0000] {logging_mixin.py:150} INFO - [2023-07-15T22:35:27.928+0000] {dagbag.py:541} INFO - Filling up the DagBag from /home/airflow/.local/lib/python3.7/site-packages/airflow/example_dags/example_nested_branch_dag.py
[2023-07-15T22:35:27.935+0000] {processor.py:836} INFO - DAG(s) dict_keys(['example_nested_branch_dag']) retrieved from /home/airflow/.local/lib/python3.7/site-packages/airflow/example_dags/example_nested_branch_dag.py
[2023-07-15T22:35:27.957+0000] {logging_mixin.py:150} INFO - [2023-07-15T22:35:27.956+0000] {dag.py:2742} INFO - Sync 1 DAGs
[2023-07-15T22:35:27.981+0000] {logging_mixin.py:150} INFO - [2023-07-15T22:35:27.981+0000] {dag.py:3508} INFO - Setting next_dagrun for example_nested_branch_dag to 2023-07-14T00:00:00+00:00, run_after=2023-07-15T00:00:00+00:00
[2023-07-15T22:35:28.001+0000] {processor.py:179} INFO - Processing /home/airflow/.local/lib/python3.7/site-packages/airflow/example_dags/example_nested_branch_dag.py took 0.076 seconds
