[2023-07-15T22:31:25.381+0000] {processor.py:157} INFO - Started process (PID=208) to work on /home/airflow/.local/lib/python3.7/site-packages/airflow/example_dags/example_xcomargs.py
[2023-07-15T22:31:25.382+0000] {processor.py:826} INFO - Processing file /home/airflow/.local/lib/python3.7/site-packages/airflow/example_dags/example_xcomargs.py for tasks to queue
[2023-07-15T22:31:25.382+0000] {logging_mixin.py:150} INFO - [2023-07-15T22:31:25.382+0000] {dagbag.py:541} INFO - Filling up the DagBag from /home/airflow/.local/lib/python3.7/site-packages/airflow/example_dags/example_xcomargs.py
[2023-07-15T22:31:25.391+0000] {processor.py:836} INFO - DAG(s) dict_keys(['example_xcom_args', 'example_xcom_args_with_operators']) retrieved from /home/airflow/.local/lib/python3.7/site-packages/airflow/example_dags/example_xcomargs.py
[2023-07-15T22:31:25.404+0000] {logging_mixin.py:150} INFO - [2023-07-15T22:31:25.403+0000] {dag.py:2742} INFO - Sync 2 DAGs
[2023-07-15T22:31:25.429+0000] {logging_mixin.py:150} INFO - [2023-07-15T22:31:25.429+0000] {dag.py:3508} INFO - Setting next_dagrun for example_xcom_args to None, run_after=None
[2023-07-15T22:31:25.433+0000] {logging_mixin.py:150} INFO - [2023-07-15T22:31:25.433+0000] {dag.py:3508} INFO - Setting next_dagrun for example_xcom_args_with_operators to None, run_after=None
[2023-07-15T22:31:25.450+0000] {processor.py:179} INFO - Processing /home/airflow/.local/lib/python3.7/site-packages/airflow/example_dags/example_xcomargs.py took 0.072 seconds
[2023-07-15T22:31:55.720+0000] {processor.py:157} INFO - Started process (PID=457) to work on /home/airflow/.local/lib/python3.7/site-packages/airflow/example_dags/example_xcomargs.py
[2023-07-15T22:31:55.720+0000] {processor.py:826} INFO - Processing file /home/airflow/.local/lib/python3.7/site-packages/airflow/example_dags/example_xcomargs.py for tasks to queue
[2023-07-15T22:31:55.721+0000] {logging_mixin.py:150} INFO - [2023-07-15T22:31:55.721+0000] {dagbag.py:541} INFO - Filling up the DagBag from /home/airflow/.local/lib/python3.7/site-packages/airflow/example_dags/example_xcomargs.py
[2023-07-15T22:31:55.727+0000] {processor.py:836} INFO - DAG(s) dict_keys(['example_xcom_args', 'example_xcom_args_with_operators']) retrieved from /home/airflow/.local/lib/python3.7/site-packages/airflow/example_dags/example_xcomargs.py
[2023-07-15T22:31:55.753+0000] {logging_mixin.py:150} INFO - [2023-07-15T22:31:55.753+0000] {dag.py:2742} INFO - Sync 2 DAGs
[2023-07-15T22:31:55.776+0000] {logging_mixin.py:150} INFO - [2023-07-15T22:31:55.776+0000] {dag.py:3508} INFO - Setting next_dagrun for example_xcom_args to None, run_after=None
[2023-07-15T22:31:55.779+0000] {logging_mixin.py:150} INFO - [2023-07-15T22:31:55.779+0000] {dag.py:3508} INFO - Setting next_dagrun for example_xcom_args_with_operators to None, run_after=None
[2023-07-15T22:31:55.797+0000] {processor.py:179} INFO - Processing /home/airflow/.local/lib/python3.7/site-packages/airflow/example_dags/example_xcomargs.py took 0.080 seconds
[2023-07-15T22:32:25.848+0000] {processor.py:157} INFO - Started process (PID=706) to work on /home/airflow/.local/lib/python3.7/site-packages/airflow/example_dags/example_xcomargs.py
[2023-07-15T22:32:25.849+0000] {processor.py:826} INFO - Processing file /home/airflow/.local/lib/python3.7/site-packages/airflow/example_dags/example_xcomargs.py for tasks to queue
[2023-07-15T22:32:25.849+0000] {logging_mixin.py:150} INFO - [2023-07-15T22:32:25.849+0000] {dagbag.py:541} INFO - Filling up the DagBag from /home/airflow/.local/lib/python3.7/site-packages/airflow/example_dags/example_xcomargs.py
[2023-07-15T22:32:25.855+0000] {processor.py:836} INFO - DAG(s) dict_keys(['example_xcom_args_with_operators', 'example_xcom_args']) retrieved from /home/airflow/.local/lib/python3.7/site-packages/airflow/example_dags/example_xcomargs.py
[2023-07-15T22:32:25.880+0000] {logging_mixin.py:150} INFO - [2023-07-15T22:32:25.880+0000] {dag.py:2742} INFO - Sync 2 DAGs
[2023-07-15T22:32:25.905+0000] {logging_mixin.py:150} INFO - [2023-07-15T22:32:25.905+0000] {dag.py:3508} INFO - Setting next_dagrun for example_xcom_args to None, run_after=None
[2023-07-15T22:32:25.909+0000] {logging_mixin.py:150} INFO - [2023-07-15T22:32:25.909+0000] {dag.py:3508} INFO - Setting next_dagrun for example_xcom_args_with_operators to None, run_after=None
[2023-07-15T22:32:25.927+0000] {processor.py:179} INFO - Processing /home/airflow/.local/lib/python3.7/site-packages/airflow/example_dags/example_xcomargs.py took 0.081 seconds
[2023-07-15T22:32:56.054+0000] {processor.py:157} INFO - Started process (PID=956) to work on /home/airflow/.local/lib/python3.7/site-packages/airflow/example_dags/example_xcomargs.py
[2023-07-15T22:32:56.055+0000] {processor.py:826} INFO - Processing file /home/airflow/.local/lib/python3.7/site-packages/airflow/example_dags/example_xcomargs.py for tasks to queue
[2023-07-15T22:32:56.056+0000] {logging_mixin.py:150} INFO - [2023-07-15T22:32:56.056+0000] {dagbag.py:541} INFO - Filling up the DagBag from /home/airflow/.local/lib/python3.7/site-packages/airflow/example_dags/example_xcomargs.py
[2023-07-15T22:32:56.063+0000] {processor.py:836} INFO - DAG(s) dict_keys(['example_xcom_args', 'example_xcom_args_with_operators']) retrieved from /home/airflow/.local/lib/python3.7/site-packages/airflow/example_dags/example_xcomargs.py
[2023-07-15T22:32:56.088+0000] {logging_mixin.py:150} INFO - [2023-07-15T22:32:56.087+0000] {dag.py:2742} INFO - Sync 2 DAGs
[2023-07-15T22:32:56.113+0000] {logging_mixin.py:150} INFO - [2023-07-15T22:32:56.113+0000] {dag.py:3508} INFO - Setting next_dagrun for example_xcom_args to None, run_after=None
[2023-07-15T22:32:56.116+0000] {logging_mixin.py:150} INFO - [2023-07-15T22:32:56.116+0000] {dag.py:3508} INFO - Setting next_dagrun for example_xcom_args_with_operators to None, run_after=None
[2023-07-15T22:32:56.135+0000] {processor.py:179} INFO - Processing /home/airflow/.local/lib/python3.7/site-packages/airflow/example_dags/example_xcomargs.py took 0.083 seconds
[2023-07-15T22:33:26.305+0000] {processor.py:157} INFO - Started process (PID=1204) to work on /home/airflow/.local/lib/python3.7/site-packages/airflow/example_dags/example_xcomargs.py
[2023-07-15T22:33:26.306+0000] {processor.py:826} INFO - Processing file /home/airflow/.local/lib/python3.7/site-packages/airflow/example_dags/example_xcomargs.py for tasks to queue
[2023-07-15T22:33:26.306+0000] {logging_mixin.py:150} INFO - [2023-07-15T22:33:26.306+0000] {dagbag.py:541} INFO - Filling up the DagBag from /home/airflow/.local/lib/python3.7/site-packages/airflow/example_dags/example_xcomargs.py
[2023-07-15T22:33:26.312+0000] {processor.py:836} INFO - DAG(s) dict_keys(['example_xcom_args', 'example_xcom_args_with_operators']) retrieved from /home/airflow/.local/lib/python3.7/site-packages/airflow/example_dags/example_xcomargs.py
[2023-07-15T22:33:26.340+0000] {logging_mixin.py:150} INFO - [2023-07-15T22:33:26.340+0000] {dag.py:2742} INFO - Sync 2 DAGs
[2023-07-15T22:33:26.365+0000] {logging_mixin.py:150} INFO - [2023-07-15T22:33:26.365+0000] {dag.py:3508} INFO - Setting next_dagrun for example_xcom_args to None, run_after=None
[2023-07-15T22:33:26.370+0000] {logging_mixin.py:150} INFO - [2023-07-15T22:33:26.370+0000] {dag.py:3508} INFO - Setting next_dagrun for example_xcom_args_with_operators to None, run_after=None
[2023-07-15T22:33:26.393+0000] {processor.py:179} INFO - Processing /home/airflow/.local/lib/python3.7/site-packages/airflow/example_dags/example_xcomargs.py took 0.091 seconds
[2023-07-15T22:33:56.481+0000] {processor.py:157} INFO - Started process (PID=1453) to work on /home/airflow/.local/lib/python3.7/site-packages/airflow/example_dags/example_xcomargs.py
[2023-07-15T22:33:56.481+0000] {processor.py:826} INFO - Processing file /home/airflow/.local/lib/python3.7/site-packages/airflow/example_dags/example_xcomargs.py for tasks to queue
[2023-07-15T22:33:56.482+0000] {logging_mixin.py:150} INFO - [2023-07-15T22:33:56.482+0000] {dagbag.py:541} INFO - Filling up the DagBag from /home/airflow/.local/lib/python3.7/site-packages/airflow/example_dags/example_xcomargs.py
[2023-07-15T22:33:56.488+0000] {processor.py:836} INFO - DAG(s) dict_keys(['example_xcom_args', 'example_xcom_args_with_operators']) retrieved from /home/airflow/.local/lib/python3.7/site-packages/airflow/example_dags/example_xcomargs.py
[2023-07-15T22:33:56.515+0000] {logging_mixin.py:150} INFO - [2023-07-15T22:33:56.515+0000] {dag.py:2742} INFO - Sync 2 DAGs
[2023-07-15T22:33:56.539+0000] {logging_mixin.py:150} INFO - [2023-07-15T22:33:56.539+0000] {dag.py:3508} INFO - Setting next_dagrun for example_xcom_args to None, run_after=None
[2023-07-15T22:33:56.545+0000] {logging_mixin.py:150} INFO - [2023-07-15T22:33:56.544+0000] {dag.py:3508} INFO - Setting next_dagrun for example_xcom_args_with_operators to None, run_after=None
[2023-07-15T22:33:56.564+0000] {processor.py:179} INFO - Processing /home/airflow/.local/lib/python3.7/site-packages/airflow/example_dags/example_xcomargs.py took 0.086 seconds
[2023-07-15T22:34:26.616+0000] {processor.py:157} INFO - Started process (PID=1702) to work on /home/airflow/.local/lib/python3.7/site-packages/airflow/example_dags/example_xcomargs.py
[2023-07-15T22:34:26.617+0000] {processor.py:826} INFO - Processing file /home/airflow/.local/lib/python3.7/site-packages/airflow/example_dags/example_xcomargs.py for tasks to queue
[2023-07-15T22:34:26.618+0000] {logging_mixin.py:150} INFO - [2023-07-15T22:34:26.617+0000] {dagbag.py:541} INFO - Filling up the DagBag from /home/airflow/.local/lib/python3.7/site-packages/airflow/example_dags/example_xcomargs.py
[2023-07-15T22:34:26.624+0000] {processor.py:836} INFO - DAG(s) dict_keys(['example_xcom_args', 'example_xcom_args_with_operators']) retrieved from /home/airflow/.local/lib/python3.7/site-packages/airflow/example_dags/example_xcomargs.py
[2023-07-15T22:34:26.651+0000] {logging_mixin.py:150} INFO - [2023-07-15T22:34:26.651+0000] {dag.py:2742} INFO - Sync 2 DAGs
[2023-07-15T22:34:26.675+0000] {logging_mixin.py:150} INFO - [2023-07-15T22:34:26.675+0000] {dag.py:3508} INFO - Setting next_dagrun for example_xcom_args to None, run_after=None
[2023-07-15T22:34:26.679+0000] {logging_mixin.py:150} INFO - [2023-07-15T22:34:26.679+0000] {dag.py:3508} INFO - Setting next_dagrun for example_xcom_args_with_operators to None, run_after=None
[2023-07-15T22:34:26.700+0000] {processor.py:179} INFO - Processing /home/airflow/.local/lib/python3.7/site-packages/airflow/example_dags/example_xcomargs.py took 0.086 seconds
[2023-07-15T22:34:57.089+0000] {processor.py:157} INFO - Started process (PID=1951) to work on /home/airflow/.local/lib/python3.7/site-packages/airflow/example_dags/example_xcomargs.py
[2023-07-15T22:34:57.089+0000] {processor.py:826} INFO - Processing file /home/airflow/.local/lib/python3.7/site-packages/airflow/example_dags/example_xcomargs.py for tasks to queue
[2023-07-15T22:34:57.090+0000] {logging_mixin.py:150} INFO - [2023-07-15T22:34:57.090+0000] {dagbag.py:541} INFO - Filling up the DagBag from /home/airflow/.local/lib/python3.7/site-packages/airflow/example_dags/example_xcomargs.py
[2023-07-15T22:34:57.096+0000] {processor.py:836} INFO - DAG(s) dict_keys(['example_xcom_args', 'example_xcom_args_with_operators']) retrieved from /home/airflow/.local/lib/python3.7/site-packages/airflow/example_dags/example_xcomargs.py
[2023-07-15T22:34:57.122+0000] {logging_mixin.py:150} INFO - [2023-07-15T22:34:57.122+0000] {dag.py:2742} INFO - Sync 2 DAGs
[2023-07-15T22:34:57.154+0000] {logging_mixin.py:150} INFO - [2023-07-15T22:34:57.153+0000] {dag.py:3508} INFO - Setting next_dagrun for example_xcom_args to None, run_after=None
[2023-07-15T22:34:57.157+0000] {logging_mixin.py:150} INFO - [2023-07-15T22:34:57.157+0000] {dag.py:3508} INFO - Setting next_dagrun for example_xcom_args_with_operators to None, run_after=None
[2023-07-15T22:34:57.176+0000] {processor.py:179} INFO - Processing /home/airflow/.local/lib/python3.7/site-packages/airflow/example_dags/example_xcomargs.py took 0.090 seconds
[2023-07-15T22:35:27.225+0000] {processor.py:157} INFO - Started process (PID=2202) to work on /home/airflow/.local/lib/python3.7/site-packages/airflow/example_dags/example_xcomargs.py
[2023-07-15T22:35:27.226+0000] {processor.py:826} INFO - Processing file /home/airflow/.local/lib/python3.7/site-packages/airflow/example_dags/example_xcomargs.py for tasks to queue
[2023-07-15T22:35:27.226+0000] {logging_mixin.py:150} INFO - [2023-07-15T22:35:27.226+0000] {dagbag.py:541} INFO - Filling up the DagBag from /home/airflow/.local/lib/python3.7/site-packages/airflow/example_dags/example_xcomargs.py
[2023-07-15T22:35:27.232+0000] {processor.py:836} INFO - DAG(s) dict_keys(['example_xcom_args', 'example_xcom_args_with_operators']) retrieved from /home/airflow/.local/lib/python3.7/site-packages/airflow/example_dags/example_xcomargs.py
[2023-07-15T22:35:27.256+0000] {logging_mixin.py:150} INFO - [2023-07-15T22:35:27.256+0000] {dag.py:2742} INFO - Sync 2 DAGs
[2023-07-15T22:35:27.281+0000] {logging_mixin.py:150} INFO - [2023-07-15T22:35:27.280+0000] {dag.py:3508} INFO - Setting next_dagrun for example_xcom_args to None, run_after=None
[2023-07-15T22:35:27.284+0000] {logging_mixin.py:150} INFO - [2023-07-15T22:35:27.284+0000] {dag.py:3508} INFO - Setting next_dagrun for example_xcom_args_with_operators to None, run_after=None
[2023-07-15T22:35:27.301+0000] {processor.py:179} INFO - Processing /home/airflow/.local/lib/python3.7/site-packages/airflow/example_dags/example_xcomargs.py took 0.078 seconds
