[2023-07-15T22:31:26.025+0000] {processor.py:157} INFO - Started process (PID=268) to work on /home/airflow/.local/lib/python3.7/site-packages/airflow/example_dags/example_sla_dag.py
[2023-07-15T22:31:26.025+0000] {processor.py:826} INFO - Processing file /home/airflow/.local/lib/python3.7/site-packages/airflow/example_dags/example_sla_dag.py for tasks to queue
[2023-07-15T22:31:26.026+0000] {logging_mixin.py:150} INFO - [2023-07-15T22:31:26.026+0000] {dagbag.py:541} INFO - Filling up the DagBag from /home/airflow/.local/lib/python3.7/site-packages/airflow/example_dags/example_sla_dag.py
[2023-07-15T22:31:26.034+0000] {processor.py:836} INFO - DAG(s) dict_keys(['example_sla_dag']) retrieved from /home/airflow/.local/lib/python3.7/site-packages/airflow/example_dags/example_sla_dag.py
[2023-07-15T22:31:26.046+0000] {logging_mixin.py:150} INFO - [2023-07-15T22:31:26.046+0000] {dag.py:2742} INFO - Sync 1 DAGs
[2023-07-15T22:31:26.074+0000] {logging_mixin.py:150} INFO - [2023-07-15T22:31:26.074+0000] {dag.py:3508} INFO - Setting next_dagrun for example_sla_dag to 2023-07-15T22:28:00+00:00, run_after=2023-07-15T22:30:00+00:00
[2023-07-15T22:31:26.095+0000] {processor.py:179} INFO - Processing /home/airflow/.local/lib/python3.7/site-packages/airflow/example_dags/example_sla_dag.py took 0.072 seconds
[2023-07-15T22:31:56.394+0000] {processor.py:157} INFO - Started process (PID=517) to work on /home/airflow/.local/lib/python3.7/site-packages/airflow/example_dags/example_sla_dag.py
[2023-07-15T22:31:56.394+0000] {processor.py:826} INFO - Processing file /home/airflow/.local/lib/python3.7/site-packages/airflow/example_dags/example_sla_dag.py for tasks to queue
[2023-07-15T22:31:56.395+0000] {logging_mixin.py:150} INFO - [2023-07-15T22:31:56.395+0000] {dagbag.py:541} INFO - Filling up the DagBag from /home/airflow/.local/lib/python3.7/site-packages/airflow/example_dags/example_sla_dag.py
[2023-07-15T22:31:56.401+0000] {processor.py:836} INFO - DAG(s) dict_keys(['example_sla_dag']) retrieved from /home/airflow/.local/lib/python3.7/site-packages/airflow/example_dags/example_sla_dag.py
[2023-07-15T22:31:56.421+0000] {logging_mixin.py:150} INFO - [2023-07-15T22:31:56.420+0000] {dag.py:2742} INFO - Sync 1 DAGs
[2023-07-15T22:31:56.448+0000] {logging_mixin.py:150} INFO - [2023-07-15T22:31:56.448+0000] {dag.py:3508} INFO - Setting next_dagrun for example_sla_dag to 2023-07-15T22:28:00+00:00, run_after=2023-07-15T22:30:00+00:00
[2023-07-15T22:31:56.466+0000] {processor.py:179} INFO - Processing /home/airflow/.local/lib/python3.7/site-packages/airflow/example_dags/example_sla_dag.py took 0.075 seconds
[2023-07-15T22:32:26.553+0000] {processor.py:157} INFO - Started process (PID=766) to work on /home/airflow/.local/lib/python3.7/site-packages/airflow/example_dags/example_sla_dag.py
[2023-07-15T22:32:26.554+0000] {processor.py:826} INFO - Processing file /home/airflow/.local/lib/python3.7/site-packages/airflow/example_dags/example_sla_dag.py for tasks to queue
[2023-07-15T22:32:26.555+0000] {logging_mixin.py:150} INFO - [2023-07-15T22:32:26.555+0000] {dagbag.py:541} INFO - Filling up the DagBag from /home/airflow/.local/lib/python3.7/site-packages/airflow/example_dags/example_sla_dag.py
[2023-07-15T22:32:26.561+0000] {processor.py:836} INFO - DAG(s) dict_keys(['example_sla_dag']) retrieved from /home/airflow/.local/lib/python3.7/site-packages/airflow/example_dags/example_sla_dag.py
[2023-07-15T22:32:26.581+0000] {logging_mixin.py:150} INFO - [2023-07-15T22:32:26.581+0000] {dag.py:2742} INFO - Sync 1 DAGs
[2023-07-15T22:32:26.610+0000] {logging_mixin.py:150} INFO - [2023-07-15T22:32:26.610+0000] {dag.py:3508} INFO - Setting next_dagrun for example_sla_dag to 2023-07-15T22:30:00+00:00, run_after=2023-07-15T22:32:00+00:00
[2023-07-15T22:32:26.641+0000] {processor.py:179} INFO - Processing /home/airflow/.local/lib/python3.7/site-packages/airflow/example_dags/example_sla_dag.py took 0.091 seconds
[2023-07-15T22:32:56.765+0000] {processor.py:157} INFO - Started process (PID=1015) to work on /home/airflow/.local/lib/python3.7/site-packages/airflow/example_dags/example_sla_dag.py
[2023-07-15T22:32:56.766+0000] {processor.py:826} INFO - Processing file /home/airflow/.local/lib/python3.7/site-packages/airflow/example_dags/example_sla_dag.py for tasks to queue
[2023-07-15T22:32:56.766+0000] {logging_mixin.py:150} INFO - [2023-07-15T22:32:56.766+0000] {dagbag.py:541} INFO - Filling up the DagBag from /home/airflow/.local/lib/python3.7/site-packages/airflow/example_dags/example_sla_dag.py
[2023-07-15T22:32:56.773+0000] {processor.py:836} INFO - DAG(s) dict_keys(['example_sla_dag']) retrieved from /home/airflow/.local/lib/python3.7/site-packages/airflow/example_dags/example_sla_dag.py
[2023-07-15T22:32:56.793+0000] {logging_mixin.py:150} INFO - [2023-07-15T22:32:56.793+0000] {dag.py:2742} INFO - Sync 1 DAGs
[2023-07-15T22:32:56.824+0000] {logging_mixin.py:150} INFO - [2023-07-15T22:32:56.824+0000] {dag.py:3508} INFO - Setting next_dagrun for example_sla_dag to 2023-07-15T22:30:00+00:00, run_after=2023-07-15T22:32:00+00:00
[2023-07-15T22:32:56.844+0000] {processor.py:179} INFO - Processing /home/airflow/.local/lib/python3.7/site-packages/airflow/example_dags/example_sla_dag.py took 0.082 seconds
[2023-07-15T22:33:27.061+0000] {processor.py:157} INFO - Started process (PID=1264) to work on /home/airflow/.local/lib/python3.7/site-packages/airflow/example_dags/example_sla_dag.py
[2023-07-15T22:33:27.062+0000] {processor.py:826} INFO - Processing file /home/airflow/.local/lib/python3.7/site-packages/airflow/example_dags/example_sla_dag.py for tasks to queue
[2023-07-15T22:33:27.063+0000] {logging_mixin.py:150} INFO - [2023-07-15T22:33:27.062+0000] {dagbag.py:541} INFO - Filling up the DagBag from /home/airflow/.local/lib/python3.7/site-packages/airflow/example_dags/example_sla_dag.py
[2023-07-15T22:33:27.069+0000] {processor.py:836} INFO - DAG(s) dict_keys(['example_sla_dag']) retrieved from /home/airflow/.local/lib/python3.7/site-packages/airflow/example_dags/example_sla_dag.py
[2023-07-15T22:33:27.091+0000] {logging_mixin.py:150} INFO - [2023-07-15T22:33:27.091+0000] {dag.py:2742} INFO - Sync 1 DAGs
[2023-07-15T22:33:27.119+0000] {logging_mixin.py:150} INFO - [2023-07-15T22:33:27.118+0000] {dag.py:3508} INFO - Setting next_dagrun for example_sla_dag to 2023-07-15T22:30:00+00:00, run_after=2023-07-15T22:32:00+00:00
[2023-07-15T22:33:27.143+0000] {processor.py:179} INFO - Processing /home/airflow/.local/lib/python3.7/site-packages/airflow/example_dags/example_sla_dag.py took 0.085 seconds
[2023-07-15T22:33:57.252+0000] {processor.py:157} INFO - Started process (PID=1513) to work on /home/airflow/.local/lib/python3.7/site-packages/airflow/example_dags/example_sla_dag.py
[2023-07-15T22:33:57.252+0000] {processor.py:826} INFO - Processing file /home/airflow/.local/lib/python3.7/site-packages/airflow/example_dags/example_sla_dag.py for tasks to queue
[2023-07-15T22:33:57.253+0000] {logging_mixin.py:150} INFO - [2023-07-15T22:33:57.253+0000] {dagbag.py:541} INFO - Filling up the DagBag from /home/airflow/.local/lib/python3.7/site-packages/airflow/example_dags/example_sla_dag.py
[2023-07-15T22:33:57.259+0000] {processor.py:836} INFO - DAG(s) dict_keys(['example_sla_dag']) retrieved from /home/airflow/.local/lib/python3.7/site-packages/airflow/example_dags/example_sla_dag.py
[2023-07-15T22:33:57.288+0000] {logging_mixin.py:150} INFO - [2023-07-15T22:33:57.288+0000] {dag.py:2742} INFO - Sync 1 DAGs
[2023-07-15T22:33:57.324+0000] {logging_mixin.py:150} INFO - [2023-07-15T22:33:57.324+0000] {dag.py:3508} INFO - Setting next_dagrun for example_sla_dag to 2023-07-15T22:30:00+00:00, run_after=2023-07-15T22:32:00+00:00
[2023-07-15T22:33:57.349+0000] {processor.py:179} INFO - Processing /home/airflow/.local/lib/python3.7/site-packages/airflow/example_dags/example_sla_dag.py took 0.099 seconds
[2023-07-15T22:34:27.488+0000] {processor.py:157} INFO - Started process (PID=1762) to work on /home/airflow/.local/lib/python3.7/site-packages/airflow/example_dags/example_sla_dag.py
[2023-07-15T22:34:27.490+0000] {processor.py:826} INFO - Processing file /home/airflow/.local/lib/python3.7/site-packages/airflow/example_dags/example_sla_dag.py for tasks to queue
[2023-07-15T22:34:27.490+0000] {logging_mixin.py:150} INFO - [2023-07-15T22:34:27.490+0000] {dagbag.py:541} INFO - Filling up the DagBag from /home/airflow/.local/lib/python3.7/site-packages/airflow/example_dags/example_sla_dag.py
[2023-07-15T22:34:27.496+0000] {processor.py:836} INFO - DAG(s) dict_keys(['example_sla_dag']) retrieved from /home/airflow/.local/lib/python3.7/site-packages/airflow/example_dags/example_sla_dag.py
[2023-07-15T22:34:27.518+0000] {logging_mixin.py:150} INFO - [2023-07-15T22:34:27.518+0000] {dag.py:2742} INFO - Sync 1 DAGs
[2023-07-15T22:34:27.552+0000] {logging_mixin.py:150} INFO - [2023-07-15T22:34:27.552+0000] {dag.py:3508} INFO - Setting next_dagrun for example_sla_dag to 2023-07-15T22:32:00+00:00, run_after=2023-07-15T22:34:00+00:00
[2023-07-15T22:34:27.573+0000] {processor.py:179} INFO - Processing /home/airflow/.local/lib/python3.7/site-packages/airflow/example_dags/example_sla_dag.py took 0.087 seconds
[2023-07-15T22:34:57.797+0000] {processor.py:157} INFO - Started process (PID=2016) to work on /home/airflow/.local/lib/python3.7/site-packages/airflow/example_dags/example_sla_dag.py
[2023-07-15T22:34:57.798+0000] {processor.py:826} INFO - Processing file /home/airflow/.local/lib/python3.7/site-packages/airflow/example_dags/example_sla_dag.py for tasks to queue
[2023-07-15T22:34:57.799+0000] {logging_mixin.py:150} INFO - [2023-07-15T22:34:57.798+0000] {dagbag.py:541} INFO - Filling up the DagBag from /home/airflow/.local/lib/python3.7/site-packages/airflow/example_dags/example_sla_dag.py
[2023-07-15T22:34:57.805+0000] {processor.py:836} INFO - DAG(s) dict_keys(['example_sla_dag']) retrieved from /home/airflow/.local/lib/python3.7/site-packages/airflow/example_dags/example_sla_dag.py
[2023-07-15T22:34:57.829+0000] {logging_mixin.py:150} INFO - [2023-07-15T22:34:57.828+0000] {dag.py:2742} INFO - Sync 1 DAGs
[2023-07-15T22:34:57.860+0000] {logging_mixin.py:150} INFO - [2023-07-15T22:34:57.860+0000] {dag.py:3508} INFO - Setting next_dagrun for example_sla_dag to 2023-07-15T22:32:00+00:00, run_after=2023-07-15T22:34:00+00:00
[2023-07-15T22:34:57.882+0000] {processor.py:179} INFO - Processing /home/airflow/.local/lib/python3.7/site-packages/airflow/example_dags/example_sla_dag.py took 0.087 seconds
[2023-07-15T22:35:28.014+0000] {processor.py:157} INFO - Started process (PID=2262) to work on /home/airflow/.local/lib/python3.7/site-packages/airflow/example_dags/example_sla_dag.py
[2023-07-15T22:35:28.015+0000] {processor.py:826} INFO - Processing file /home/airflow/.local/lib/python3.7/site-packages/airflow/example_dags/example_sla_dag.py for tasks to queue
[2023-07-15T22:35:28.016+0000] {logging_mixin.py:150} INFO - [2023-07-15T22:35:28.016+0000] {dagbag.py:541} INFO - Filling up the DagBag from /home/airflow/.local/lib/python3.7/site-packages/airflow/example_dags/example_sla_dag.py
[2023-07-15T22:35:28.022+0000] {processor.py:836} INFO - DAG(s) dict_keys(['example_sla_dag']) retrieved from /home/airflow/.local/lib/python3.7/site-packages/airflow/example_dags/example_sla_dag.py
[2023-07-15T22:35:28.042+0000] {logging_mixin.py:150} INFO - [2023-07-15T22:35:28.042+0000] {dag.py:2742} INFO - Sync 1 DAGs
[2023-07-15T22:35:28.069+0000] {logging_mixin.py:150} INFO - [2023-07-15T22:35:28.068+0000] {dag.py:3508} INFO - Setting next_dagrun for example_sla_dag to 2023-07-15T22:32:00+00:00, run_after=2023-07-15T22:34:00+00:00
[2023-07-15T22:35:28.087+0000] {processor.py:179} INFO - Processing /home/airflow/.local/lib/python3.7/site-packages/airflow/example_dags/example_sla_dag.py took 0.075 seconds
