[2023-07-15T22:31:24.665+0000] {processor.py:157} INFO - Started process (PID=164) to work on /home/airflow/.local/lib/python3.7/site-packages/airflow/example_dags/example_time_delta_sensor_async.py
[2023-07-15T22:31:24.666+0000] {processor.py:826} INFO - Processing file /home/airflow/.local/lib/python3.7/site-packages/airflow/example_dags/example_time_delta_sensor_async.py for tasks to queue
[2023-07-15T22:31:24.666+0000] {logging_mixin.py:150} INFO - [2023-07-15T22:31:24.666+0000] {dagbag.py:541} INFO - Filling up the DagBag from /home/airflow/.local/lib/python3.7/site-packages/airflow/example_dags/example_time_delta_sensor_async.py
[2023-07-15T22:31:24.677+0000] {processor.py:836} INFO - DAG(s) dict_keys(['example_time_delta_sensor_async']) retrieved from /home/airflow/.local/lib/python3.7/site-packages/airflow/example_dags/example_time_delta_sensor_async.py
[2023-07-15T22:31:24.932+0000] {logging_mixin.py:150} INFO - [2023-07-15T22:31:24.932+0000] {dag.py:2742} INFO - Sync 1 DAGs
[2023-07-15T22:31:24.954+0000] {logging_mixin.py:150} INFO - [2023-07-15T22:31:24.954+0000] {dag.py:3508} INFO - Setting next_dagrun for example_time_delta_sensor_async to None, run_after=None
[2023-07-15T22:31:24.975+0000] {processor.py:179} INFO - Processing /home/airflow/.local/lib/python3.7/site-packages/airflow/example_dags/example_time_delta_sensor_async.py took 0.313 seconds
[2023-07-15T22:31:55.059+0000] {processor.py:157} INFO - Started process (PID=414) to work on /home/airflow/.local/lib/python3.7/site-packages/airflow/example_dags/example_time_delta_sensor_async.py
[2023-07-15T22:31:55.059+0000] {processor.py:826} INFO - Processing file /home/airflow/.local/lib/python3.7/site-packages/airflow/example_dags/example_time_delta_sensor_async.py for tasks to queue
[2023-07-15T22:31:55.060+0000] {logging_mixin.py:150} INFO - [2023-07-15T22:31:55.059+0000] {dagbag.py:541} INFO - Filling up the DagBag from /home/airflow/.local/lib/python3.7/site-packages/airflow/example_dags/example_time_delta_sensor_async.py
[2023-07-15T22:31:55.063+0000] {processor.py:836} INFO - DAG(s) dict_keys(['example_time_delta_sensor_async']) retrieved from /home/airflow/.local/lib/python3.7/site-packages/airflow/example_dags/example_time_delta_sensor_async.py
[2023-07-15T22:31:55.088+0000] {logging_mixin.py:150} INFO - [2023-07-15T22:31:55.088+0000] {dag.py:2742} INFO - Sync 1 DAGs
[2023-07-15T22:31:55.117+0000] {logging_mixin.py:150} INFO - [2023-07-15T22:31:55.117+0000] {dag.py:3508} INFO - Setting next_dagrun for example_time_delta_sensor_async to None, run_after=None
[2023-07-15T22:31:55.138+0000] {processor.py:179} INFO - Processing /home/airflow/.local/lib/python3.7/site-packages/airflow/example_dags/example_time_delta_sensor_async.py took 0.081 seconds
[2023-07-15T22:32:25.422+0000] {processor.py:157} INFO - Started process (PID=663) to work on /home/airflow/.local/lib/python3.7/site-packages/airflow/example_dags/example_time_delta_sensor_async.py
[2023-07-15T22:32:25.422+0000] {processor.py:826} INFO - Processing file /home/airflow/.local/lib/python3.7/site-packages/airflow/example_dags/example_time_delta_sensor_async.py for tasks to queue
[2023-07-15T22:32:25.423+0000] {logging_mixin.py:150} INFO - [2023-07-15T22:32:25.423+0000] {dagbag.py:541} INFO - Filling up the DagBag from /home/airflow/.local/lib/python3.7/site-packages/airflow/example_dags/example_time_delta_sensor_async.py
[2023-07-15T22:32:25.426+0000] {processor.py:836} INFO - DAG(s) dict_keys(['example_time_delta_sensor_async']) retrieved from /home/airflow/.local/lib/python3.7/site-packages/airflow/example_dags/example_time_delta_sensor_async.py
[2023-07-15T22:32:25.446+0000] {logging_mixin.py:150} INFO - [2023-07-15T22:32:25.446+0000] {dag.py:2742} INFO - Sync 1 DAGs
[2023-07-15T22:32:25.468+0000] {logging_mixin.py:150} INFO - [2023-07-15T22:32:25.468+0000] {dag.py:3508} INFO - Setting next_dagrun for example_time_delta_sensor_async to None, run_after=None
[2023-07-15T22:32:25.486+0000] {processor.py:179} INFO - Processing /home/airflow/.local/lib/python3.7/site-packages/airflow/example_dags/example_time_delta_sensor_async.py took 0.067 seconds
[2023-07-15T22:32:55.576+0000] {processor.py:157} INFO - Started process (PID=912) to work on /home/airflow/.local/lib/python3.7/site-packages/airflow/example_dags/example_time_delta_sensor_async.py
[2023-07-15T22:32:55.578+0000] {processor.py:826} INFO - Processing file /home/airflow/.local/lib/python3.7/site-packages/airflow/example_dags/example_time_delta_sensor_async.py for tasks to queue
[2023-07-15T22:32:55.580+0000] {logging_mixin.py:150} INFO - [2023-07-15T22:32:55.579+0000] {dagbag.py:541} INFO - Filling up the DagBag from /home/airflow/.local/lib/python3.7/site-packages/airflow/example_dags/example_time_delta_sensor_async.py
[2023-07-15T22:32:55.583+0000] {processor.py:836} INFO - DAG(s) dict_keys(['example_time_delta_sensor_async']) retrieved from /home/airflow/.local/lib/python3.7/site-packages/airflow/example_dags/example_time_delta_sensor_async.py
[2023-07-15T22:32:55.606+0000] {logging_mixin.py:150} INFO - [2023-07-15T22:32:55.606+0000] {dag.py:2742} INFO - Sync 1 DAGs
[2023-07-15T22:32:55.631+0000] {logging_mixin.py:150} INFO - [2023-07-15T22:32:55.630+0000] {dag.py:3508} INFO - Setting next_dagrun for example_time_delta_sensor_async to None, run_after=None
[2023-07-15T22:32:55.650+0000] {processor.py:179} INFO - Processing /home/airflow/.local/lib/python3.7/site-packages/airflow/example_dags/example_time_delta_sensor_async.py took 0.076 seconds
[2023-07-15T22:33:25.732+0000] {processor.py:157} INFO - Started process (PID=1161) to work on /home/airflow/.local/lib/python3.7/site-packages/airflow/example_dags/example_time_delta_sensor_async.py
[2023-07-15T22:33:25.733+0000] {processor.py:826} INFO - Processing file /home/airflow/.local/lib/python3.7/site-packages/airflow/example_dags/example_time_delta_sensor_async.py for tasks to queue
[2023-07-15T22:33:25.734+0000] {logging_mixin.py:150} INFO - [2023-07-15T22:33:25.734+0000] {dagbag.py:541} INFO - Filling up the DagBag from /home/airflow/.local/lib/python3.7/site-packages/airflow/example_dags/example_time_delta_sensor_async.py
[2023-07-15T22:33:25.739+0000] {processor.py:836} INFO - DAG(s) dict_keys(['example_time_delta_sensor_async']) retrieved from /home/airflow/.local/lib/python3.7/site-packages/airflow/example_dags/example_time_delta_sensor_async.py
[2023-07-15T22:33:25.765+0000] {logging_mixin.py:150} INFO - [2023-07-15T22:33:25.765+0000] {dag.py:2742} INFO - Sync 1 DAGs
[2023-07-15T22:33:25.795+0000] {logging_mixin.py:150} INFO - [2023-07-15T22:33:25.795+0000] {dag.py:3508} INFO - Setting next_dagrun for example_time_delta_sensor_async to None, run_after=None
[2023-07-15T22:33:25.820+0000] {processor.py:179} INFO - Processing /home/airflow/.local/lib/python3.7/site-packages/airflow/example_dags/example_time_delta_sensor_async.py took 0.091 seconds
[2023-07-15T22:33:56.005+0000] {processor.py:157} INFO - Started process (PID=1410) to work on /home/airflow/.local/lib/python3.7/site-packages/airflow/example_dags/example_time_delta_sensor_async.py
[2023-07-15T22:33:56.006+0000] {processor.py:826} INFO - Processing file /home/airflow/.local/lib/python3.7/site-packages/airflow/example_dags/example_time_delta_sensor_async.py for tasks to queue
[2023-07-15T22:33:56.008+0000] {logging_mixin.py:150} INFO - [2023-07-15T22:33:56.007+0000] {dagbag.py:541} INFO - Filling up the DagBag from /home/airflow/.local/lib/python3.7/site-packages/airflow/example_dags/example_time_delta_sensor_async.py
[2023-07-15T22:33:56.012+0000] {processor.py:836} INFO - DAG(s) dict_keys(['example_time_delta_sensor_async']) retrieved from /home/airflow/.local/lib/python3.7/site-packages/airflow/example_dags/example_time_delta_sensor_async.py
[2023-07-15T22:33:56.035+0000] {logging_mixin.py:150} INFO - [2023-07-15T22:33:56.035+0000] {dag.py:2742} INFO - Sync 1 DAGs
[2023-07-15T22:33:56.062+0000] {logging_mixin.py:150} INFO - [2023-07-15T22:33:56.061+0000] {dag.py:3508} INFO - Setting next_dagrun for example_time_delta_sensor_async to None, run_after=None
[2023-07-15T22:33:56.082+0000] {processor.py:179} INFO - Processing /home/airflow/.local/lib/python3.7/site-packages/airflow/example_dags/example_time_delta_sensor_async.py took 0.080 seconds
[2023-07-15T22:34:26.129+0000] {processor.py:157} INFO - Started process (PID=1659) to work on /home/airflow/.local/lib/python3.7/site-packages/airflow/example_dags/example_time_delta_sensor_async.py
[2023-07-15T22:34:26.130+0000] {processor.py:826} INFO - Processing file /home/airflow/.local/lib/python3.7/site-packages/airflow/example_dags/example_time_delta_sensor_async.py for tasks to queue
[2023-07-15T22:34:26.131+0000] {logging_mixin.py:150} INFO - [2023-07-15T22:34:26.131+0000] {dagbag.py:541} INFO - Filling up the DagBag from /home/airflow/.local/lib/python3.7/site-packages/airflow/example_dags/example_time_delta_sensor_async.py
[2023-07-15T22:34:26.135+0000] {processor.py:836} INFO - DAG(s) dict_keys(['example_time_delta_sensor_async']) retrieved from /home/airflow/.local/lib/python3.7/site-packages/airflow/example_dags/example_time_delta_sensor_async.py
[2023-07-15T22:34:26.157+0000] {logging_mixin.py:150} INFO - [2023-07-15T22:34:26.157+0000] {dag.py:2742} INFO - Sync 1 DAGs
[2023-07-15T22:34:26.183+0000] {logging_mixin.py:150} INFO - [2023-07-15T22:34:26.182+0000] {dag.py:3508} INFO - Setting next_dagrun for example_time_delta_sensor_async to None, run_after=None
[2023-07-15T22:34:26.204+0000] {processor.py:179} INFO - Processing /home/airflow/.local/lib/python3.7/site-packages/airflow/example_dags/example_time_delta_sensor_async.py took 0.078 seconds
[2023-07-15T22:34:56.577+0000] {processor.py:157} INFO - Started process (PID=1908) to work on /home/airflow/.local/lib/python3.7/site-packages/airflow/example_dags/example_time_delta_sensor_async.py
[2023-07-15T22:34:56.578+0000] {processor.py:826} INFO - Processing file /home/airflow/.local/lib/python3.7/site-packages/airflow/example_dags/example_time_delta_sensor_async.py for tasks to queue
[2023-07-15T22:34:56.578+0000] {logging_mixin.py:150} INFO - [2023-07-15T22:34:56.578+0000] {dagbag.py:541} INFO - Filling up the DagBag from /home/airflow/.local/lib/python3.7/site-packages/airflow/example_dags/example_time_delta_sensor_async.py
[2023-07-15T22:34:56.582+0000] {processor.py:836} INFO - DAG(s) dict_keys(['example_time_delta_sensor_async']) retrieved from /home/airflow/.local/lib/python3.7/site-packages/airflow/example_dags/example_time_delta_sensor_async.py
[2023-07-15T22:34:56.609+0000] {logging_mixin.py:150} INFO - [2023-07-15T22:34:56.608+0000] {dag.py:2742} INFO - Sync 1 DAGs
[2023-07-15T22:34:56.634+0000] {logging_mixin.py:150} INFO - [2023-07-15T22:34:56.633+0000] {dag.py:3508} INFO - Setting next_dagrun for example_time_delta_sensor_async to None, run_after=None
[2023-07-15T22:34:56.654+0000] {processor.py:179} INFO - Processing /home/airflow/.local/lib/python3.7/site-packages/airflow/example_dags/example_time_delta_sensor_async.py took 0.081 seconds
[2023-07-15T22:35:26.683+0000] {processor.py:157} INFO - Started process (PID=2157) to work on /home/airflow/.local/lib/python3.7/site-packages/airflow/example_dags/example_time_delta_sensor_async.py
[2023-07-15T22:35:26.686+0000] {processor.py:826} INFO - Processing file /home/airflow/.local/lib/python3.7/site-packages/airflow/example_dags/example_time_delta_sensor_async.py for tasks to queue
[2023-07-15T22:35:26.687+0000] {logging_mixin.py:150} INFO - [2023-07-15T22:35:26.687+0000] {dagbag.py:541} INFO - Filling up the DagBag from /home/airflow/.local/lib/python3.7/site-packages/airflow/example_dags/example_time_delta_sensor_async.py
[2023-07-15T22:35:26.690+0000] {processor.py:836} INFO - DAG(s) dict_keys(['example_time_delta_sensor_async']) retrieved from /home/airflow/.local/lib/python3.7/site-packages/airflow/example_dags/example_time_delta_sensor_async.py
[2023-07-15T22:35:26.710+0000] {logging_mixin.py:150} INFO - [2023-07-15T22:35:26.710+0000] {dag.py:2742} INFO - Sync 1 DAGs
[2023-07-15T22:35:26.732+0000] {logging_mixin.py:150} INFO - [2023-07-15T22:35:26.732+0000] {dag.py:3508} INFO - Setting next_dagrun for example_time_delta_sensor_async to None, run_after=None
[2023-07-15T22:35:26.754+0000] {processor.py:179} INFO - Processing /home/airflow/.local/lib/python3.7/site-packages/airflow/example_dags/example_time_delta_sensor_async.py took 0.072 seconds
