[2023-07-15T22:31:25.374+0000] {processor.py:157} INFO - Started process (PID=205) to work on /home/airflow/.local/lib/python3.7/site-packages/airflow/example_dags/example_task_group.py
[2023-07-15T22:31:25.375+0000] {processor.py:826} INFO - Processing file /home/airflow/.local/lib/python3.7/site-packages/airflow/example_dags/example_task_group.py for tasks to queue
[2023-07-15T22:31:25.376+0000] {logging_mixin.py:150} INFO - [2023-07-15T22:31:25.376+0000] {dagbag.py:541} INFO - Filling up the DagBag from /home/airflow/.local/lib/python3.7/site-packages/airflow/example_dags/example_task_group.py
[2023-07-15T22:31:25.384+0000] {processor.py:836} INFO - DAG(s) dict_keys(['example_task_group']) retrieved from /home/airflow/.local/lib/python3.7/site-packages/airflow/example_dags/example_task_group.py
[2023-07-15T22:31:25.396+0000] {logging_mixin.py:150} INFO - [2023-07-15T22:31:25.396+0000] {dag.py:2742} INFO - Sync 1 DAGs
[2023-07-15T22:31:25.421+0000] {logging_mixin.py:150} INFO - [2023-07-15T22:31:25.420+0000] {dag.py:3508} INFO - Setting next_dagrun for example_task_group to 2023-07-14T22:31:25.420767+00:00, run_after=2023-07-15T22:31:25.420767+00:00
[2023-07-15T22:31:25.440+0000] {processor.py:179} INFO - Processing /home/airflow/.local/lib/python3.7/site-packages/airflow/example_dags/example_task_group.py took 0.068 seconds
[2023-07-15T22:31:55.711+0000] {processor.py:157} INFO - Started process (PID=454) to work on /home/airflow/.local/lib/python3.7/site-packages/airflow/example_dags/example_task_group.py
[2023-07-15T22:31:55.711+0000] {processor.py:826} INFO - Processing file /home/airflow/.local/lib/python3.7/site-packages/airflow/example_dags/example_task_group.py for tasks to queue
[2023-07-15T22:31:55.712+0000] {logging_mixin.py:150} INFO - [2023-07-15T22:31:55.712+0000] {dagbag.py:541} INFO - Filling up the DagBag from /home/airflow/.local/lib/python3.7/site-packages/airflow/example_dags/example_task_group.py
[2023-07-15T22:31:55.718+0000] {processor.py:836} INFO - DAG(s) dict_keys(['example_task_group']) retrieved from /home/airflow/.local/lib/python3.7/site-packages/airflow/example_dags/example_task_group.py
[2023-07-15T22:31:55.740+0000] {logging_mixin.py:150} INFO - [2023-07-15T22:31:55.740+0000] {dag.py:2742} INFO - Sync 1 DAGs
[2023-07-15T22:31:55.764+0000] {logging_mixin.py:150} INFO - [2023-07-15T22:31:55.764+0000] {dag.py:3508} INFO - Setting next_dagrun for example_task_group to 2023-07-14T22:31:55.764186+00:00, run_after=2023-07-15T22:31:55.764186+00:00
[2023-07-15T22:31:55.784+0000] {processor.py:179} INFO - Processing /home/airflow/.local/lib/python3.7/site-packages/airflow/example_dags/example_task_group.py took 0.076 seconds
[2023-07-15T22:32:25.843+0000] {processor.py:157} INFO - Started process (PID=703) to work on /home/airflow/.local/lib/python3.7/site-packages/airflow/example_dags/example_task_group.py
[2023-07-15T22:32:25.844+0000] {processor.py:826} INFO - Processing file /home/airflow/.local/lib/python3.7/site-packages/airflow/example_dags/example_task_group.py for tasks to queue
[2023-07-15T22:32:25.845+0000] {logging_mixin.py:150} INFO - [2023-07-15T22:32:25.844+0000] {dagbag.py:541} INFO - Filling up the DagBag from /home/airflow/.local/lib/python3.7/site-packages/airflow/example_dags/example_task_group.py
[2023-07-15T22:32:25.850+0000] {processor.py:836} INFO - DAG(s) dict_keys(['example_task_group']) retrieved from /home/airflow/.local/lib/python3.7/site-packages/airflow/example_dags/example_task_group.py
[2023-07-15T22:32:25.873+0000] {logging_mixin.py:150} INFO - [2023-07-15T22:32:25.873+0000] {dag.py:2742} INFO - Sync 1 DAGs
[2023-07-15T22:32:25.898+0000] {logging_mixin.py:150} INFO - [2023-07-15T22:32:25.898+0000] {dag.py:3508} INFO - Setting next_dagrun for example_task_group to 2023-07-14T22:32:25.897858+00:00, run_after=2023-07-15T22:32:25.897858+00:00
[2023-07-15T22:32:25.917+0000] {processor.py:179} INFO - Processing /home/airflow/.local/lib/python3.7/site-packages/airflow/example_dags/example_task_group.py took 0.076 seconds
[2023-07-15T22:32:55.957+0000] {processor.py:157} INFO - Started process (PID=950) to work on /home/airflow/.local/lib/python3.7/site-packages/airflow/example_dags/example_task_group.py
[2023-07-15T22:32:55.960+0000] {processor.py:826} INFO - Processing file /home/airflow/.local/lib/python3.7/site-packages/airflow/example_dags/example_task_group.py for tasks to queue
[2023-07-15T22:32:55.962+0000] {logging_mixin.py:150} INFO - [2023-07-15T22:32:55.961+0000] {dagbag.py:541} INFO - Filling up the DagBag from /home/airflow/.local/lib/python3.7/site-packages/airflow/example_dags/example_task_group.py
[2023-07-15T22:32:55.969+0000] {processor.py:836} INFO - DAG(s) dict_keys(['example_task_group']) retrieved from /home/airflow/.local/lib/python3.7/site-packages/airflow/example_dags/example_task_group.py
[2023-07-15T22:32:55.998+0000] {logging_mixin.py:150} INFO - [2023-07-15T22:32:55.997+0000] {dag.py:2742} INFO - Sync 1 DAGs
[2023-07-15T22:32:56.023+0000] {logging_mixin.py:150} INFO - [2023-07-15T22:32:56.023+0000] {dag.py:3508} INFO - Setting next_dagrun for example_task_group to 2023-07-14T22:32:56.023055+00:00, run_after=2023-07-15T22:32:56.023055+00:00
[2023-07-15T22:32:56.046+0000] {processor.py:179} INFO - Processing /home/airflow/.local/lib/python3.7/site-packages/airflow/example_dags/example_task_group.py took 0.092 seconds
[2023-07-15T22:33:26.299+0000] {processor.py:157} INFO - Started process (PID=1201) to work on /home/airflow/.local/lib/python3.7/site-packages/airflow/example_dags/example_task_group.py
[2023-07-15T22:33:26.301+0000] {processor.py:826} INFO - Processing file /home/airflow/.local/lib/python3.7/site-packages/airflow/example_dags/example_task_group.py for tasks to queue
[2023-07-15T22:33:26.302+0000] {logging_mixin.py:150} INFO - [2023-07-15T22:33:26.302+0000] {dagbag.py:541} INFO - Filling up the DagBag from /home/airflow/.local/lib/python3.7/site-packages/airflow/example_dags/example_task_group.py
[2023-07-15T22:33:26.309+0000] {processor.py:836} INFO - DAG(s) dict_keys(['example_task_group']) retrieved from /home/airflow/.local/lib/python3.7/site-packages/airflow/example_dags/example_task_group.py
[2023-07-15T22:33:26.333+0000] {logging_mixin.py:150} INFO - [2023-07-15T22:33:26.332+0000] {dag.py:2742} INFO - Sync 1 DAGs
[2023-07-15T22:33:26.359+0000] {logging_mixin.py:150} INFO - [2023-07-15T22:33:26.359+0000] {dag.py:3508} INFO - Setting next_dagrun for example_task_group to 2023-07-14T22:33:26.359577+00:00, run_after=2023-07-15T22:33:26.359577+00:00
[2023-07-15T22:33:26.386+0000] {processor.py:179} INFO - Processing /home/airflow/.local/lib/python3.7/site-packages/airflow/example_dags/example_task_group.py took 0.089 seconds
[2023-07-15T22:33:56.477+0000] {processor.py:157} INFO - Started process (PID=1450) to work on /home/airflow/.local/lib/python3.7/site-packages/airflow/example_dags/example_task_group.py
[2023-07-15T22:33:56.478+0000] {processor.py:826} INFO - Processing file /home/airflow/.local/lib/python3.7/site-packages/airflow/example_dags/example_task_group.py for tasks to queue
[2023-07-15T22:33:56.479+0000] {logging_mixin.py:150} INFO - [2023-07-15T22:33:56.479+0000] {dagbag.py:541} INFO - Filling up the DagBag from /home/airflow/.local/lib/python3.7/site-packages/airflow/example_dags/example_task_group.py
[2023-07-15T22:33:56.485+0000] {processor.py:836} INFO - DAG(s) dict_keys(['example_task_group']) retrieved from /home/airflow/.local/lib/python3.7/site-packages/airflow/example_dags/example_task_group.py
[2023-07-15T22:33:56.511+0000] {logging_mixin.py:150} INFO - [2023-07-15T22:33:56.511+0000] {dag.py:2742} INFO - Sync 1 DAGs
[2023-07-15T22:33:56.539+0000] {logging_mixin.py:150} INFO - [2023-07-15T22:33:56.539+0000] {dag.py:3508} INFO - Setting next_dagrun for example_task_group to 2023-07-14T22:33:56.539352+00:00, run_after=2023-07-15T22:33:56.539352+00:00
[2023-07-15T22:33:56.561+0000] {processor.py:179} INFO - Processing /home/airflow/.local/lib/python3.7/site-packages/airflow/example_dags/example_task_group.py took 0.087 seconds
[2023-07-15T22:34:26.610+0000] {processor.py:157} INFO - Started process (PID=1699) to work on /home/airflow/.local/lib/python3.7/site-packages/airflow/example_dags/example_task_group.py
[2023-07-15T22:34:26.611+0000] {processor.py:826} INFO - Processing file /home/airflow/.local/lib/python3.7/site-packages/airflow/example_dags/example_task_group.py for tasks to queue
[2023-07-15T22:34:26.612+0000] {logging_mixin.py:150} INFO - [2023-07-15T22:34:26.612+0000] {dagbag.py:541} INFO - Filling up the DagBag from /home/airflow/.local/lib/python3.7/site-packages/airflow/example_dags/example_task_group.py
[2023-07-15T22:34:26.618+0000] {processor.py:836} INFO - DAG(s) dict_keys(['example_task_group']) retrieved from /home/airflow/.local/lib/python3.7/site-packages/airflow/example_dags/example_task_group.py
[2023-07-15T22:34:26.642+0000] {logging_mixin.py:150} INFO - [2023-07-15T22:34:26.641+0000] {dag.py:2742} INFO - Sync 1 DAGs
[2023-07-15T22:34:26.670+0000] {logging_mixin.py:150} INFO - [2023-07-15T22:34:26.670+0000] {dag.py:3508} INFO - Setting next_dagrun for example_task_group to 2023-07-14T22:34:26.670145+00:00, run_after=2023-07-15T22:34:26.670145+00:00
[2023-07-15T22:34:26.693+0000] {processor.py:179} INFO - Processing /home/airflow/.local/lib/python3.7/site-packages/airflow/example_dags/example_task_group.py took 0.085 seconds
[2023-07-15T22:34:56.963+0000] {processor.py:157} INFO - Started process (PID=1946) to work on /home/airflow/.local/lib/python3.7/site-packages/airflow/example_dags/example_task_group.py
[2023-07-15T22:34:56.965+0000] {processor.py:826} INFO - Processing file /home/airflow/.local/lib/python3.7/site-packages/airflow/example_dags/example_task_group.py for tasks to queue
[2023-07-15T22:34:56.966+0000] {logging_mixin.py:150} INFO - [2023-07-15T22:34:56.966+0000] {dagbag.py:541} INFO - Filling up the DagBag from /home/airflow/.local/lib/python3.7/site-packages/airflow/example_dags/example_task_group.py
[2023-07-15T22:34:56.982+0000] {processor.py:836} INFO - DAG(s) dict_keys(['example_task_group']) retrieved from /home/airflow/.local/lib/python3.7/site-packages/airflow/example_dags/example_task_group.py
[2023-07-15T22:34:57.030+0000] {logging_mixin.py:150} INFO - [2023-07-15T22:34:57.030+0000] {dag.py:2742} INFO - Sync 1 DAGs
[2023-07-15T22:34:57.066+0000] {logging_mixin.py:150} INFO - [2023-07-15T22:34:57.066+0000] {dag.py:3508} INFO - Setting next_dagrun for example_task_group to 2023-07-14T22:34:57.066486+00:00, run_after=2023-07-15T22:34:57.066486+00:00
[2023-07-15T22:34:57.086+0000] {processor.py:179} INFO - Processing /home/airflow/.local/lib/python3.7/site-packages/airflow/example_dags/example_task_group.py took 0.128 seconds
[2023-07-15T22:35:27.136+0000] {processor.py:157} INFO - Started process (PID=2195) to work on /home/airflow/.local/lib/python3.7/site-packages/airflow/example_dags/example_task_group.py
[2023-07-15T22:35:27.136+0000] {processor.py:826} INFO - Processing file /home/airflow/.local/lib/python3.7/site-packages/airflow/example_dags/example_task_group.py for tasks to queue
[2023-07-15T22:35:27.137+0000] {logging_mixin.py:150} INFO - [2023-07-15T22:35:27.137+0000] {dagbag.py:541} INFO - Filling up the DagBag from /home/airflow/.local/lib/python3.7/site-packages/airflow/example_dags/example_task_group.py
[2023-07-15T22:35:27.142+0000] {processor.py:836} INFO - DAG(s) dict_keys(['example_task_group']) retrieved from /home/airflow/.local/lib/python3.7/site-packages/airflow/example_dags/example_task_group.py
[2023-07-15T22:35:27.163+0000] {logging_mixin.py:150} INFO - [2023-07-15T22:35:27.163+0000] {dag.py:2742} INFO - Sync 1 DAGs
[2023-07-15T22:35:27.187+0000] {logging_mixin.py:150} INFO - [2023-07-15T22:35:27.187+0000] {dag.py:3508} INFO - Setting next_dagrun for example_task_group to 2023-07-14T22:35:27.186983+00:00, run_after=2023-07-15T22:35:27.186983+00:00
[2023-07-15T22:35:27.207+0000] {processor.py:179} INFO - Processing /home/airflow/.local/lib/python3.7/site-packages/airflow/example_dags/example_task_group.py took 0.073 seconds
