[2023-07-15T22:31:25.278+0000] {processor.py:157} INFO - Started process (PID=200) to work on /home/airflow/.local/lib/python3.7/site-packages/airflow/example_dags/example_python_operator.py
[2023-07-15T22:31:25.279+0000] {processor.py:826} INFO - Processing file /home/airflow/.local/lib/python3.7/site-packages/airflow/example_dags/example_python_operator.py for tasks to queue
[2023-07-15T22:31:25.279+0000] {logging_mixin.py:150} INFO - [2023-07-15T22:31:25.279+0000] {dagbag.py:541} INFO - Filling up the DagBag from /home/airflow/.local/lib/python3.7/site-packages/airflow/example_dags/example_python_operator.py
[2023-07-15T22:31:25.289+0000] {processor.py:836} INFO - DAG(s) dict_keys(['example_python_operator']) retrieved from /home/airflow/.local/lib/python3.7/site-packages/airflow/example_dags/example_python_operator.py
[2023-07-15T22:31:25.302+0000] {logging_mixin.py:150} INFO - [2023-07-15T22:31:25.301+0000] {dag.py:2742} INFO - Sync 1 DAGs
[2023-07-15T22:31:25.329+0000] {logging_mixin.py:150} INFO - [2023-07-15T22:31:25.329+0000] {dag.py:3508} INFO - Setting next_dagrun for example_python_operator to None, run_after=None
[2023-07-15T22:31:25.350+0000] {processor.py:179} INFO - Processing /home/airflow/.local/lib/python3.7/site-packages/airflow/example_dags/example_python_operator.py took 0.075 seconds
[2023-07-15T22:31:55.458+0000] {processor.py:157} INFO - Started process (PID=449) to work on /home/airflow/.local/lib/python3.7/site-packages/airflow/example_dags/example_python_operator.py
[2023-07-15T22:31:55.459+0000] {processor.py:826} INFO - Processing file /home/airflow/.local/lib/python3.7/site-packages/airflow/example_dags/example_python_operator.py for tasks to queue
[2023-07-15T22:31:55.459+0000] {logging_mixin.py:150} INFO - [2023-07-15T22:31:55.459+0000] {dagbag.py:541} INFO - Filling up the DagBag from /home/airflow/.local/lib/python3.7/site-packages/airflow/example_dags/example_python_operator.py
[2023-07-15T22:31:55.468+0000] {processor.py:836} INFO - DAG(s) dict_keys(['example_python_operator']) retrieved from /home/airflow/.local/lib/python3.7/site-packages/airflow/example_dags/example_python_operator.py
[2023-07-15T22:31:55.636+0000] {logging_mixin.py:150} INFO - [2023-07-15T22:31:55.636+0000] {dag.py:2742} INFO - Sync 1 DAGs
[2023-07-15T22:31:55.660+0000] {logging_mixin.py:150} INFO - [2023-07-15T22:31:55.660+0000] {dag.py:3508} INFO - Setting next_dagrun for example_python_operator to None, run_after=None
[2023-07-15T22:31:55.684+0000] {processor.py:179} INFO - Processing /home/airflow/.local/lib/python3.7/site-packages/airflow/example_dags/example_python_operator.py took 0.228 seconds
[2023-07-15T22:32:25.743+0000] {processor.py:157} INFO - Started process (PID=696) to work on /home/airflow/.local/lib/python3.7/site-packages/airflow/example_dags/example_python_operator.py
[2023-07-15T22:32:25.744+0000] {processor.py:826} INFO - Processing file /home/airflow/.local/lib/python3.7/site-packages/airflow/example_dags/example_python_operator.py for tasks to queue
[2023-07-15T22:32:25.744+0000] {logging_mixin.py:150} INFO - [2023-07-15T22:32:25.744+0000] {dagbag.py:541} INFO - Filling up the DagBag from /home/airflow/.local/lib/python3.7/site-packages/airflow/example_dags/example_python_operator.py
[2023-07-15T22:32:25.753+0000] {processor.py:836} INFO - DAG(s) dict_keys(['example_python_operator']) retrieved from /home/airflow/.local/lib/python3.7/site-packages/airflow/example_dags/example_python_operator.py
[2023-07-15T22:32:25.777+0000] {logging_mixin.py:150} INFO - [2023-07-15T22:32:25.776+0000] {dag.py:2742} INFO - Sync 1 DAGs
[2023-07-15T22:32:25.801+0000] {logging_mixin.py:150} INFO - [2023-07-15T22:32:25.801+0000] {dag.py:3508} INFO - Setting next_dagrun for example_python_operator to None, run_after=None
[2023-07-15T22:32:25.821+0000] {processor.py:179} INFO - Processing /home/airflow/.local/lib/python3.7/site-packages/airflow/example_dags/example_python_operator.py took 0.080 seconds
[2023-07-15T22:32:55.935+0000] {processor.py:157} INFO - Started process (PID=947) to work on /home/airflow/.local/lib/python3.7/site-packages/airflow/example_dags/example_python_operator.py
[2023-07-15T22:32:55.938+0000] {processor.py:826} INFO - Processing file /home/airflow/.local/lib/python3.7/site-packages/airflow/example_dags/example_python_operator.py for tasks to queue
[2023-07-15T22:32:55.939+0000] {logging_mixin.py:150} INFO - [2023-07-15T22:32:55.938+0000] {dagbag.py:541} INFO - Filling up the DagBag from /home/airflow/.local/lib/python3.7/site-packages/airflow/example_dags/example_python_operator.py
[2023-07-15T22:32:55.954+0000] {processor.py:836} INFO - DAG(s) dict_keys(['example_python_operator']) retrieved from /home/airflow/.local/lib/python3.7/site-packages/airflow/example_dags/example_python_operator.py
[2023-07-15T22:32:55.986+0000] {logging_mixin.py:150} INFO - [2023-07-15T22:32:55.986+0000] {dag.py:2742} INFO - Sync 1 DAGs
[2023-07-15T22:32:56.011+0000] {logging_mixin.py:150} INFO - [2023-07-15T22:32:56.010+0000] {dag.py:3508} INFO - Setting next_dagrun for example_python_operator to None, run_after=None
[2023-07-15T22:32:56.032+0000] {processor.py:179} INFO - Processing /home/airflow/.local/lib/python3.7/site-packages/airflow/example_dags/example_python_operator.py took 0.102 seconds
[2023-07-15T22:33:26.196+0000] {processor.py:157} INFO - Started process (PID=1196) to work on /home/airflow/.local/lib/python3.7/site-packages/airflow/example_dags/example_python_operator.py
[2023-07-15T22:33:26.197+0000] {processor.py:826} INFO - Processing file /home/airflow/.local/lib/python3.7/site-packages/airflow/example_dags/example_python_operator.py for tasks to queue
[2023-07-15T22:33:26.197+0000] {logging_mixin.py:150} INFO - [2023-07-15T22:33:26.197+0000] {dagbag.py:541} INFO - Filling up the DagBag from /home/airflow/.local/lib/python3.7/site-packages/airflow/example_dags/example_python_operator.py
[2023-07-15T22:33:26.206+0000] {processor.py:836} INFO - DAG(s) dict_keys(['example_python_operator']) retrieved from /home/airflow/.local/lib/python3.7/site-packages/airflow/example_dags/example_python_operator.py
[2023-07-15T22:33:26.231+0000] {logging_mixin.py:150} INFO - [2023-07-15T22:33:26.231+0000] {dag.py:2742} INFO - Sync 1 DAGs
[2023-07-15T22:33:26.256+0000] {logging_mixin.py:150} INFO - [2023-07-15T22:33:26.256+0000] {dag.py:3508} INFO - Setting next_dagrun for example_python_operator to None, run_after=None
[2023-07-15T22:33:26.277+0000] {processor.py:179} INFO - Processing /home/airflow/.local/lib/python3.7/site-packages/airflow/example_dags/example_python_operator.py took 0.083 seconds
[2023-07-15T22:33:56.370+0000] {processor.py:157} INFO - Started process (PID=1445) to work on /home/airflow/.local/lib/python3.7/site-packages/airflow/example_dags/example_python_operator.py
[2023-07-15T22:33:56.371+0000] {processor.py:826} INFO - Processing file /home/airflow/.local/lib/python3.7/site-packages/airflow/example_dags/example_python_operator.py for tasks to queue
[2023-07-15T22:33:56.372+0000] {logging_mixin.py:150} INFO - [2023-07-15T22:33:56.371+0000] {dagbag.py:541} INFO - Filling up the DagBag from /home/airflow/.local/lib/python3.7/site-packages/airflow/example_dags/example_python_operator.py
[2023-07-15T22:33:56.381+0000] {processor.py:836} INFO - DAG(s) dict_keys(['example_python_operator']) retrieved from /home/airflow/.local/lib/python3.7/site-packages/airflow/example_dags/example_python_operator.py
[2023-07-15T22:33:56.406+0000] {logging_mixin.py:150} INFO - [2023-07-15T22:33:56.405+0000] {dag.py:2742} INFO - Sync 1 DAGs
[2023-07-15T22:33:56.431+0000] {logging_mixin.py:150} INFO - [2023-07-15T22:33:56.431+0000] {dag.py:3508} INFO - Setting next_dagrun for example_python_operator to None, run_after=None
[2023-07-15T22:33:56.452+0000] {processor.py:179} INFO - Processing /home/airflow/.local/lib/python3.7/site-packages/airflow/example_dags/example_python_operator.py took 0.084 seconds
[2023-07-15T22:34:26.505+0000] {processor.py:157} INFO - Started process (PID=1692) to work on /home/airflow/.local/lib/python3.7/site-packages/airflow/example_dags/example_python_operator.py
[2023-07-15T22:34:26.506+0000] {processor.py:826} INFO - Processing file /home/airflow/.local/lib/python3.7/site-packages/airflow/example_dags/example_python_operator.py for tasks to queue
[2023-07-15T22:34:26.507+0000] {logging_mixin.py:150} INFO - [2023-07-15T22:34:26.507+0000] {dagbag.py:541} INFO - Filling up the DagBag from /home/airflow/.local/lib/python3.7/site-packages/airflow/example_dags/example_python_operator.py
[2023-07-15T22:34:26.517+0000] {processor.py:836} INFO - DAG(s) dict_keys(['example_python_operator']) retrieved from /home/airflow/.local/lib/python3.7/site-packages/airflow/example_dags/example_python_operator.py
[2023-07-15T22:34:26.542+0000] {logging_mixin.py:150} INFO - [2023-07-15T22:34:26.542+0000] {dag.py:2742} INFO - Sync 1 DAGs
[2023-07-15T22:34:26.567+0000] {logging_mixin.py:150} INFO - [2023-07-15T22:34:26.567+0000] {dag.py:3508} INFO - Setting next_dagrun for example_python_operator to None, run_after=None
[2023-07-15T22:34:26.588+0000] {processor.py:179} INFO - Processing /home/airflow/.local/lib/python3.7/site-packages/airflow/example_dags/example_python_operator.py took 0.085 seconds
[2023-07-15T22:34:56.925+0000] {processor.py:157} INFO - Started process (PID=1941) to work on /home/airflow/.local/lib/python3.7/site-packages/airflow/example_dags/example_python_operator.py
[2023-07-15T22:34:56.926+0000] {processor.py:826} INFO - Processing file /home/airflow/.local/lib/python3.7/site-packages/airflow/example_dags/example_python_operator.py for tasks to queue
[2023-07-15T22:34:56.927+0000] {logging_mixin.py:150} INFO - [2023-07-15T22:34:56.927+0000] {dagbag.py:541} INFO - Filling up the DagBag from /home/airflow/.local/lib/python3.7/site-packages/airflow/example_dags/example_python_operator.py
[2023-07-15T22:34:56.938+0000] {processor.py:836} INFO - DAG(s) dict_keys(['example_python_operator']) retrieved from /home/airflow/.local/lib/python3.7/site-packages/airflow/example_dags/example_python_operator.py
[2023-07-15T22:34:56.987+0000] {logging_mixin.py:150} INFO - [2023-07-15T22:34:56.987+0000] {dag.py:2742} INFO - Sync 1 DAGs
[2023-07-15T22:34:57.034+0000] {logging_mixin.py:150} INFO - [2023-07-15T22:34:57.034+0000] {dag.py:3508} INFO - Setting next_dagrun for example_python_operator to None, run_after=None
[2023-07-15T22:34:57.064+0000] {processor.py:179} INFO - Processing /home/airflow/.local/lib/python3.7/site-packages/airflow/example_dags/example_python_operator.py took 0.141 seconds
[2023-07-15T22:35:27.130+0000] {processor.py:157} INFO - Started process (PID=2192) to work on /home/airflow/.local/lib/python3.7/site-packages/airflow/example_dags/example_python_operator.py
[2023-07-15T22:35:27.131+0000] {processor.py:826} INFO - Processing file /home/airflow/.local/lib/python3.7/site-packages/airflow/example_dags/example_python_operator.py for tasks to queue
[2023-07-15T22:35:27.132+0000] {logging_mixin.py:150} INFO - [2023-07-15T22:35:27.131+0000] {dagbag.py:541} INFO - Filling up the DagBag from /home/airflow/.local/lib/python3.7/site-packages/airflow/example_dags/example_python_operator.py
[2023-07-15T22:35:27.139+0000] {processor.py:836} INFO - DAG(s) dict_keys(['example_python_operator']) retrieved from /home/airflow/.local/lib/python3.7/site-packages/airflow/example_dags/example_python_operator.py
[2023-07-15T22:35:27.162+0000] {logging_mixin.py:150} INFO - [2023-07-15T22:35:27.162+0000] {dag.py:2742} INFO - Sync 1 DAGs
[2023-07-15T22:35:27.186+0000] {logging_mixin.py:150} INFO - [2023-07-15T22:35:27.186+0000] {dag.py:3508} INFO - Setting next_dagrun for example_python_operator to None, run_after=None
[2023-07-15T22:35:27.203+0000] {processor.py:179} INFO - Processing /home/airflow/.local/lib/python3.7/site-packages/airflow/example_dags/example_python_operator.py took 0.075 seconds
