[2023-07-15T22:31:24.702+0000] {processor.py:157} INFO - Started process (PID=167) to work on /home/airflow/.local/lib/python3.7/site-packages/airflow/example_dags/example_branch_python_dop_operator_3.py
[2023-07-15T22:31:24.704+0000] {processor.py:826} INFO - Processing file /home/airflow/.local/lib/python3.7/site-packages/airflow/example_dags/example_branch_python_dop_operator_3.py for tasks to queue
[2023-07-15T22:31:24.707+0000] {logging_mixin.py:150} INFO - [2023-07-15T22:31:24.706+0000] {dagbag.py:541} INFO - Filling up the DagBag from /home/airflow/.local/lib/python3.7/site-packages/airflow/example_dags/example_branch_python_dop_operator_3.py
[2023-07-15T22:31:24.726+0000] {processor.py:836} INFO - DAG(s) dict_keys(['example_branch_dop_operator_v3']) retrieved from /home/airflow/.local/lib/python3.7/site-packages/airflow/example_dags/example_branch_python_dop_operator_3.py
[2023-07-15T22:31:24.932+0000] {logging_mixin.py:150} INFO - [2023-07-15T22:31:24.932+0000] {dag.py:2742} INFO - Sync 1 DAGs
[2023-07-15T22:31:24.958+0000] {logging_mixin.py:150} INFO - [2023-07-15T22:31:24.958+0000] {dag.py:3508} INFO - Setting next_dagrun for example_branch_dop_operator_v3 to 2023-07-15T22:30:00+00:00, run_after=2023-07-15T22:31:00+00:00
[2023-07-15T22:31:24.978+0000] {processor.py:179} INFO - Processing /home/airflow/.local/lib/python3.7/site-packages/airflow/example_dags/example_branch_python_dop_operator_3.py took 0.280 seconds
[2023-07-15T22:31:55.067+0000] {processor.py:157} INFO - Started process (PID=417) to work on /home/airflow/.local/lib/python3.7/site-packages/airflow/example_dags/example_branch_python_dop_operator_3.py
[2023-07-15T22:31:55.068+0000] {processor.py:826} INFO - Processing file /home/airflow/.local/lib/python3.7/site-packages/airflow/example_dags/example_branch_python_dop_operator_3.py for tasks to queue
[2023-07-15T22:31:55.069+0000] {logging_mixin.py:150} INFO - [2023-07-15T22:31:55.068+0000] {dagbag.py:541} INFO - Filling up the DagBag from /home/airflow/.local/lib/python3.7/site-packages/airflow/example_dags/example_branch_python_dop_operator_3.py
[2023-07-15T22:31:55.076+0000] {processor.py:836} INFO - DAG(s) dict_keys(['example_branch_dop_operator_v3']) retrieved from /home/airflow/.local/lib/python3.7/site-packages/airflow/example_dags/example_branch_python_dop_operator_3.py
[2023-07-15T22:31:55.103+0000] {logging_mixin.py:150} INFO - [2023-07-15T22:31:55.103+0000] {dag.py:2742} INFO - Sync 1 DAGs
[2023-07-15T22:31:55.133+0000] {logging_mixin.py:150} INFO - [2023-07-15T22:31:55.133+0000] {dag.py:3508} INFO - Setting next_dagrun for example_branch_dop_operator_v3 to 2023-07-15T22:30:00+00:00, run_after=2023-07-15T22:31:00+00:00
[2023-07-15T22:31:55.154+0000] {processor.py:179} INFO - Processing /home/airflow/.local/lib/python3.7/site-packages/airflow/example_dags/example_branch_python_dop_operator_3.py took 0.090 seconds
[2023-07-15T22:32:25.431+0000] {processor.py:157} INFO - Started process (PID=666) to work on /home/airflow/.local/lib/python3.7/site-packages/airflow/example_dags/example_branch_python_dop_operator_3.py
[2023-07-15T22:32:25.433+0000] {processor.py:826} INFO - Processing file /home/airflow/.local/lib/python3.7/site-packages/airflow/example_dags/example_branch_python_dop_operator_3.py for tasks to queue
[2023-07-15T22:32:25.433+0000] {logging_mixin.py:150} INFO - [2023-07-15T22:32:25.433+0000] {dagbag.py:541} INFO - Filling up the DagBag from /home/airflow/.local/lib/python3.7/site-packages/airflow/example_dags/example_branch_python_dop_operator_3.py
[2023-07-15T22:32:25.439+0000] {processor.py:836} INFO - DAG(s) dict_keys(['example_branch_dop_operator_v3']) retrieved from /home/airflow/.local/lib/python3.7/site-packages/airflow/example_dags/example_branch_python_dop_operator_3.py
[2023-07-15T22:32:25.461+0000] {logging_mixin.py:150} INFO - [2023-07-15T22:32:25.460+0000] {dag.py:2742} INFO - Sync 1 DAGs
[2023-07-15T22:32:25.489+0000] {logging_mixin.py:150} INFO - [2023-07-15T22:32:25.489+0000] {dag.py:3508} INFO - Setting next_dagrun for example_branch_dop_operator_v3 to 2023-07-15T22:31:00+00:00, run_after=2023-07-15T22:32:00+00:00
[2023-07-15T22:32:25.509+0000] {processor.py:179} INFO - Processing /home/airflow/.local/lib/python3.7/site-packages/airflow/example_dags/example_branch_python_dop_operator_3.py took 0.080 seconds
[2023-07-15T22:32:55.583+0000] {processor.py:157} INFO - Started process (PID=915) to work on /home/airflow/.local/lib/python3.7/site-packages/airflow/example_dags/example_branch_python_dop_operator_3.py
[2023-07-15T22:32:55.585+0000] {processor.py:826} INFO - Processing file /home/airflow/.local/lib/python3.7/site-packages/airflow/example_dags/example_branch_python_dop_operator_3.py for tasks to queue
[2023-07-15T22:32:55.585+0000] {logging_mixin.py:150} INFO - [2023-07-15T22:32:55.585+0000] {dagbag.py:541} INFO - Filling up the DagBag from /home/airflow/.local/lib/python3.7/site-packages/airflow/example_dags/example_branch_python_dop_operator_3.py
[2023-07-15T22:32:55.592+0000] {processor.py:836} INFO - DAG(s) dict_keys(['example_branch_dop_operator_v3']) retrieved from /home/airflow/.local/lib/python3.7/site-packages/airflow/example_dags/example_branch_python_dop_operator_3.py
[2023-07-15T22:32:55.614+0000] {logging_mixin.py:150} INFO - [2023-07-15T22:32:55.614+0000] {dag.py:2742} INFO - Sync 1 DAGs
[2023-07-15T22:32:55.641+0000] {logging_mixin.py:150} INFO - [2023-07-15T22:32:55.641+0000] {dag.py:3508} INFO - Setting next_dagrun for example_branch_dop_operator_v3 to 2023-07-15T22:31:00+00:00, run_after=2023-07-15T22:32:00+00:00
[2023-07-15T22:32:55.664+0000] {processor.py:179} INFO - Processing /home/airflow/.local/lib/python3.7/site-packages/airflow/example_dags/example_branch_python_dop_operator_3.py took 0.083 seconds
[2023-07-15T22:33:25.738+0000] {processor.py:157} INFO - Started process (PID=1164) to work on /home/airflow/.local/lib/python3.7/site-packages/airflow/example_dags/example_branch_python_dop_operator_3.py
[2023-07-15T22:33:25.739+0000] {processor.py:826} INFO - Processing file /home/airflow/.local/lib/python3.7/site-packages/airflow/example_dags/example_branch_python_dop_operator_3.py for tasks to queue
[2023-07-15T22:33:25.739+0000] {logging_mixin.py:150} INFO - [2023-07-15T22:33:25.739+0000] {dagbag.py:541} INFO - Filling up the DagBag from /home/airflow/.local/lib/python3.7/site-packages/airflow/example_dags/example_branch_python_dop_operator_3.py
[2023-07-15T22:33:25.746+0000] {processor.py:836} INFO - DAG(s) dict_keys(['example_branch_dop_operator_v3']) retrieved from /home/airflow/.local/lib/python3.7/site-packages/airflow/example_dags/example_branch_python_dop_operator_3.py
[2023-07-15T22:33:25.772+0000] {logging_mixin.py:150} INFO - [2023-07-15T22:33:25.772+0000] {dag.py:2742} INFO - Sync 1 DAGs
[2023-07-15T22:33:25.802+0000] {logging_mixin.py:150} INFO - [2023-07-15T22:33:25.802+0000] {dag.py:3508} INFO - Setting next_dagrun for example_branch_dop_operator_v3 to 2023-07-15T22:32:00+00:00, run_after=2023-07-15T22:33:00+00:00
[2023-07-15T22:33:25.824+0000] {processor.py:179} INFO - Processing /home/airflow/.local/lib/python3.7/site-packages/airflow/example_dags/example_branch_python_dop_operator_3.py took 0.089 seconds
[2023-07-15T22:33:56.011+0000] {processor.py:157} INFO - Started process (PID=1413) to work on /home/airflow/.local/lib/python3.7/site-packages/airflow/example_dags/example_branch_python_dop_operator_3.py
[2023-07-15T22:33:56.012+0000] {processor.py:826} INFO - Processing file /home/airflow/.local/lib/python3.7/site-packages/airflow/example_dags/example_branch_python_dop_operator_3.py for tasks to queue
[2023-07-15T22:33:56.012+0000] {logging_mixin.py:150} INFO - [2023-07-15T22:33:56.012+0000] {dagbag.py:541} INFO - Filling up the DagBag from /home/airflow/.local/lib/python3.7/site-packages/airflow/example_dags/example_branch_python_dop_operator_3.py
[2023-07-15T22:33:56.019+0000] {processor.py:836} INFO - DAG(s) dict_keys(['example_branch_dop_operator_v3']) retrieved from /home/airflow/.local/lib/python3.7/site-packages/airflow/example_dags/example_branch_python_dop_operator_3.py
[2023-07-15T22:33:56.043+0000] {logging_mixin.py:150} INFO - [2023-07-15T22:33:56.043+0000] {dag.py:2742} INFO - Sync 1 DAGs
[2023-07-15T22:33:56.074+0000] {logging_mixin.py:150} INFO - [2023-07-15T22:33:56.074+0000] {dag.py:3508} INFO - Setting next_dagrun for example_branch_dop_operator_v3 to 2023-07-15T22:32:00+00:00, run_after=2023-07-15T22:33:00+00:00
[2023-07-15T22:33:56.097+0000] {processor.py:179} INFO - Processing /home/airflow/.local/lib/python3.7/site-packages/airflow/example_dags/example_branch_python_dop_operator_3.py took 0.088 seconds
[2023-07-15T22:34:26.137+0000] {processor.py:157} INFO - Started process (PID=1662) to work on /home/airflow/.local/lib/python3.7/site-packages/airflow/example_dags/example_branch_python_dop_operator_3.py
[2023-07-15T22:34:26.138+0000] {processor.py:826} INFO - Processing file /home/airflow/.local/lib/python3.7/site-packages/airflow/example_dags/example_branch_python_dop_operator_3.py for tasks to queue
[2023-07-15T22:34:26.139+0000] {logging_mixin.py:150} INFO - [2023-07-15T22:34:26.139+0000] {dagbag.py:541} INFO - Filling up the DagBag from /home/airflow/.local/lib/python3.7/site-packages/airflow/example_dags/example_branch_python_dop_operator_3.py
[2023-07-15T22:34:26.146+0000] {processor.py:836} INFO - DAG(s) dict_keys(['example_branch_dop_operator_v3']) retrieved from /home/airflow/.local/lib/python3.7/site-packages/airflow/example_dags/example_branch_python_dop_operator_3.py
[2023-07-15T22:34:26.169+0000] {logging_mixin.py:150} INFO - [2023-07-15T22:34:26.169+0000] {dag.py:2742} INFO - Sync 1 DAGs
[2023-07-15T22:34:26.197+0000] {logging_mixin.py:150} INFO - [2023-07-15T22:34:26.197+0000] {dag.py:3508} INFO - Setting next_dagrun for example_branch_dop_operator_v3 to 2023-07-15T22:33:00+00:00, run_after=2023-07-15T22:34:00+00:00
[2023-07-15T22:34:26.219+0000] {processor.py:179} INFO - Processing /home/airflow/.local/lib/python3.7/site-packages/airflow/example_dags/example_branch_python_dop_operator_3.py took 0.085 seconds
[2023-07-15T22:34:56.582+0000] {processor.py:157} INFO - Started process (PID=1911) to work on /home/airflow/.local/lib/python3.7/site-packages/airflow/example_dags/example_branch_python_dop_operator_3.py
[2023-07-15T22:34:56.583+0000] {processor.py:826} INFO - Processing file /home/airflow/.local/lib/python3.7/site-packages/airflow/example_dags/example_branch_python_dop_operator_3.py for tasks to queue
[2023-07-15T22:34:56.584+0000] {logging_mixin.py:150} INFO - [2023-07-15T22:34:56.583+0000] {dagbag.py:541} INFO - Filling up the DagBag from /home/airflow/.local/lib/python3.7/site-packages/airflow/example_dags/example_branch_python_dop_operator_3.py
[2023-07-15T22:34:56.591+0000] {processor.py:836} INFO - DAG(s) dict_keys(['example_branch_dop_operator_v3']) retrieved from /home/airflow/.local/lib/python3.7/site-packages/airflow/example_dags/example_branch_python_dop_operator_3.py
[2023-07-15T22:34:56.614+0000] {logging_mixin.py:150} INFO - [2023-07-15T22:34:56.614+0000] {dag.py:2742} INFO - Sync 1 DAGs
[2023-07-15T22:34:56.644+0000] {logging_mixin.py:150} INFO - [2023-07-15T22:34:56.644+0000] {dag.py:3508} INFO - Setting next_dagrun for example_branch_dop_operator_v3 to 2023-07-15T22:33:00+00:00, run_after=2023-07-15T22:34:00+00:00
[2023-07-15T22:34:56.664+0000] {processor.py:179} INFO - Processing /home/airflow/.local/lib/python3.7/site-packages/airflow/example_dags/example_branch_python_dop_operator_3.py took 0.085 seconds
[2023-07-15T22:35:26.776+0000] {processor.py:157} INFO - Started process (PID=2162) to work on /home/airflow/.local/lib/python3.7/site-packages/airflow/example_dags/example_branch_python_dop_operator_3.py
[2023-07-15T22:35:26.777+0000] {processor.py:826} INFO - Processing file /home/airflow/.local/lib/python3.7/site-packages/airflow/example_dags/example_branch_python_dop_operator_3.py for tasks to queue
[2023-07-15T22:35:26.777+0000] {logging_mixin.py:150} INFO - [2023-07-15T22:35:26.777+0000] {dagbag.py:541} INFO - Filling up the DagBag from /home/airflow/.local/lib/python3.7/site-packages/airflow/example_dags/example_branch_python_dop_operator_3.py
[2023-07-15T22:35:26.784+0000] {processor.py:836} INFO - DAG(s) dict_keys(['example_branch_dop_operator_v3']) retrieved from /home/airflow/.local/lib/python3.7/site-packages/airflow/example_dags/example_branch_python_dop_operator_3.py
[2023-07-15T22:35:26.805+0000] {logging_mixin.py:150} INFO - [2023-07-15T22:35:26.804+0000] {dag.py:2742} INFO - Sync 1 DAGs
[2023-07-15T22:35:26.834+0000] {logging_mixin.py:150} INFO - [2023-07-15T22:35:26.834+0000] {dag.py:3508} INFO - Setting next_dagrun for example_branch_dop_operator_v3 to 2023-07-15T22:34:00+00:00, run_after=2023-07-15T22:35:00+00:00
[2023-07-15T22:35:26.856+0000] {processor.py:179} INFO - Processing /home/airflow/.local/lib/python3.7/site-packages/airflow/example_dags/example_branch_python_dop_operator_3.py took 0.082 seconds
