[2023-07-15T22:31:26.531+0000] {processor.py:157} INFO - Started process (PID=303) to work on /home/airflow/.local/lib/python3.7/site-packages/airflow/example_dags/example_complex.py
[2023-07-15T22:31:26.531+0000] {processor.py:826} INFO - Processing file /home/airflow/.local/lib/python3.7/site-packages/airflow/example_dags/example_complex.py for tasks to queue
[2023-07-15T22:31:26.532+0000] {logging_mixin.py:150} INFO - [2023-07-15T22:31:26.532+0000] {dagbag.py:541} INFO - Filling up the DagBag from /home/airflow/.local/lib/python3.7/site-packages/airflow/example_dags/example_complex.py
[2023-07-15T22:31:26.545+0000] {processor.py:836} INFO - DAG(s) dict_keys(['example_complex']) retrieved from /home/airflow/.local/lib/python3.7/site-packages/airflow/example_dags/example_complex.py
[2023-07-15T22:31:26.558+0000] {logging_mixin.py:150} INFO - [2023-07-15T22:31:26.558+0000] {dag.py:2742} INFO - Sync 1 DAGs
[2023-07-15T22:31:26.583+0000] {logging_mixin.py:150} INFO - [2023-07-15T22:31:26.583+0000] {dag.py:3508} INFO - Setting next_dagrun for example_complex to None, run_after=None
[2023-07-15T22:31:26.606+0000] {processor.py:179} INFO - Processing /home/airflow/.local/lib/python3.7/site-packages/airflow/example_dags/example_complex.py took 0.077 seconds
[2023-07-15T22:31:56.733+0000] {processor.py:157} INFO - Started process (PID=549) to work on /home/airflow/.local/lib/python3.7/site-packages/airflow/example_dags/example_complex.py
[2023-07-15T22:31:56.733+0000] {processor.py:826} INFO - Processing file /home/airflow/.local/lib/python3.7/site-packages/airflow/example_dags/example_complex.py for tasks to queue
[2023-07-15T22:31:56.734+0000] {logging_mixin.py:150} INFO - [2023-07-15T22:31:56.734+0000] {dagbag.py:541} INFO - Filling up the DagBag from /home/airflow/.local/lib/python3.7/site-packages/airflow/example_dags/example_complex.py
[2023-07-15T22:31:56.743+0000] {processor.py:836} INFO - DAG(s) dict_keys(['example_complex']) retrieved from /home/airflow/.local/lib/python3.7/site-packages/airflow/example_dags/example_complex.py
[2023-07-15T22:31:56.773+0000] {logging_mixin.py:150} INFO - [2023-07-15T22:31:56.773+0000] {dag.py:2742} INFO - Sync 1 DAGs
[2023-07-15T22:31:56.796+0000] {logging_mixin.py:150} INFO - [2023-07-15T22:31:56.796+0000] {dag.py:3508} INFO - Setting next_dagrun for example_complex to None, run_after=None
[2023-07-15T22:31:56.816+0000] {processor.py:179} INFO - Processing /home/airflow/.local/lib/python3.7/site-packages/airflow/example_dags/example_complex.py took 0.086 seconds
[2023-07-15T22:32:26.909+0000] {processor.py:157} INFO - Started process (PID=798) to work on /home/airflow/.local/lib/python3.7/site-packages/airflow/example_dags/example_complex.py
[2023-07-15T22:32:26.909+0000] {processor.py:826} INFO - Processing file /home/airflow/.local/lib/python3.7/site-packages/airflow/example_dags/example_complex.py for tasks to queue
[2023-07-15T22:32:26.910+0000] {logging_mixin.py:150} INFO - [2023-07-15T22:32:26.910+0000] {dagbag.py:541} INFO - Filling up the DagBag from /home/airflow/.local/lib/python3.7/site-packages/airflow/example_dags/example_complex.py
[2023-07-15T22:32:26.919+0000] {processor.py:836} INFO - DAG(s) dict_keys(['example_complex']) retrieved from /home/airflow/.local/lib/python3.7/site-packages/airflow/example_dags/example_complex.py
[2023-07-15T22:32:26.949+0000] {logging_mixin.py:150} INFO - [2023-07-15T22:32:26.949+0000] {dag.py:2742} INFO - Sync 1 DAGs
[2023-07-15T22:32:26.973+0000] {logging_mixin.py:150} INFO - [2023-07-15T22:32:26.973+0000] {dag.py:3508} INFO - Setting next_dagrun for example_complex to None, run_after=None
[2023-07-15T22:32:26.994+0000] {processor.py:179} INFO - Processing /home/airflow/.local/lib/python3.7/site-packages/airflow/example_dags/example_complex.py took 0.088 seconds
[2023-07-15T22:32:57.089+0000] {processor.py:157} INFO - Started process (PID=1045) to work on /home/airflow/.local/lib/python3.7/site-packages/airflow/example_dags/example_complex.py
[2023-07-15T22:32:57.089+0000] {processor.py:826} INFO - Processing file /home/airflow/.local/lib/python3.7/site-packages/airflow/example_dags/example_complex.py for tasks to queue
[2023-07-15T22:32:57.090+0000] {logging_mixin.py:150} INFO - [2023-07-15T22:32:57.090+0000] {dagbag.py:541} INFO - Filling up the DagBag from /home/airflow/.local/lib/python3.7/site-packages/airflow/example_dags/example_complex.py
[2023-07-15T22:32:57.100+0000] {processor.py:836} INFO - DAG(s) dict_keys(['example_complex']) retrieved from /home/airflow/.local/lib/python3.7/site-packages/airflow/example_dags/example_complex.py
[2023-07-15T22:32:57.131+0000] {logging_mixin.py:150} INFO - [2023-07-15T22:32:57.130+0000] {dag.py:2742} INFO - Sync 1 DAGs
[2023-07-15T22:32:57.155+0000] {logging_mixin.py:150} INFO - [2023-07-15T22:32:57.155+0000] {dag.py:3508} INFO - Setting next_dagrun for example_complex to None, run_after=None
[2023-07-15T22:32:57.177+0000] {processor.py:179} INFO - Processing /home/airflow/.local/lib/python3.7/site-packages/airflow/example_dags/example_complex.py took 0.090 seconds
[2023-07-15T22:33:27.361+0000] {processor.py:157} INFO - Started process (PID=1294) to work on /home/airflow/.local/lib/python3.7/site-packages/airflow/example_dags/example_complex.py
[2023-07-15T22:33:27.363+0000] {processor.py:826} INFO - Processing file /home/airflow/.local/lib/python3.7/site-packages/airflow/example_dags/example_complex.py for tasks to queue
[2023-07-15T22:33:27.363+0000] {logging_mixin.py:150} INFO - [2023-07-15T22:33:27.363+0000] {dagbag.py:541} INFO - Filling up the DagBag from /home/airflow/.local/lib/python3.7/site-packages/airflow/example_dags/example_complex.py
[2023-07-15T22:33:27.374+0000] {processor.py:836} INFO - DAG(s) dict_keys(['example_complex']) retrieved from /home/airflow/.local/lib/python3.7/site-packages/airflow/example_dags/example_complex.py
[2023-07-15T22:33:27.407+0000] {logging_mixin.py:150} INFO - [2023-07-15T22:33:27.407+0000] {dag.py:2742} INFO - Sync 1 DAGs
[2023-07-15T22:33:27.433+0000] {logging_mixin.py:150} INFO - [2023-07-15T22:33:27.433+0000] {dag.py:3508} INFO - Setting next_dagrun for example_complex to None, run_after=None
[2023-07-15T22:33:27.454+0000] {processor.py:179} INFO - Processing /home/airflow/.local/lib/python3.7/site-packages/airflow/example_dags/example_complex.py took 0.096 seconds
[2023-07-15T22:33:57.759+0000] {processor.py:157} INFO - Started process (PID=1545) to work on /home/airflow/.local/lib/python3.7/site-packages/airflow/example_dags/example_complex.py
[2023-07-15T22:33:57.761+0000] {processor.py:826} INFO - Processing file /home/airflow/.local/lib/python3.7/site-packages/airflow/example_dags/example_complex.py for tasks to queue
[2023-07-15T22:33:57.761+0000] {logging_mixin.py:150} INFO - [2023-07-15T22:33:57.761+0000] {dagbag.py:541} INFO - Filling up the DagBag from /home/airflow/.local/lib/python3.7/site-packages/airflow/example_dags/example_complex.py
[2023-07-15T22:33:57.775+0000] {processor.py:836} INFO - DAG(s) dict_keys(['example_complex']) retrieved from /home/airflow/.local/lib/python3.7/site-packages/airflow/example_dags/example_complex.py
[2023-07-15T22:33:57.809+0000] {logging_mixin.py:150} INFO - [2023-07-15T22:33:57.809+0000] {dag.py:2742} INFO - Sync 1 DAGs
[2023-07-15T22:33:57.834+0000] {logging_mixin.py:150} INFO - [2023-07-15T22:33:57.834+0000] {dag.py:3508} INFO - Setting next_dagrun for example_complex to None, run_after=None
[2023-07-15T22:33:57.856+0000] {processor.py:179} INFO - Processing /home/airflow/.local/lib/python3.7/site-packages/airflow/example_dags/example_complex.py took 0.100 seconds
[2023-07-15T22:34:27.881+0000] {processor.py:157} INFO - Started process (PID=1794) to work on /home/airflow/.local/lib/python3.7/site-packages/airflow/example_dags/example_complex.py
[2023-07-15T22:34:27.882+0000] {processor.py:826} INFO - Processing file /home/airflow/.local/lib/python3.7/site-packages/airflow/example_dags/example_complex.py for tasks to queue
[2023-07-15T22:34:27.884+0000] {logging_mixin.py:150} INFO - [2023-07-15T22:34:27.883+0000] {dagbag.py:541} INFO - Filling up the DagBag from /home/airflow/.local/lib/python3.7/site-packages/airflow/example_dags/example_complex.py
[2023-07-15T22:34:27.894+0000] {processor.py:836} INFO - DAG(s) dict_keys(['example_complex']) retrieved from /home/airflow/.local/lib/python3.7/site-packages/airflow/example_dags/example_complex.py
[2023-07-15T22:34:27.925+0000] {logging_mixin.py:150} INFO - [2023-07-15T22:34:27.925+0000] {dag.py:2742} INFO - Sync 1 DAGs
[2023-07-15T22:34:27.949+0000] {logging_mixin.py:150} INFO - [2023-07-15T22:34:27.948+0000] {dag.py:3508} INFO - Setting next_dagrun for example_complex to None, run_after=None
[2023-07-15T22:34:27.970+0000] {processor.py:179} INFO - Processing /home/airflow/.local/lib/python3.7/site-packages/airflow/example_dags/example_complex.py took 0.092 seconds
[2023-07-15T22:34:58.054+0000] {processor.py:157} INFO - Started process (PID=2041) to work on /home/airflow/.local/lib/python3.7/site-packages/airflow/example_dags/example_complex.py
[2023-07-15T22:34:58.055+0000] {processor.py:826} INFO - Processing file /home/airflow/.local/lib/python3.7/site-packages/airflow/example_dags/example_complex.py for tasks to queue
[2023-07-15T22:34:58.055+0000] {logging_mixin.py:150} INFO - [2023-07-15T22:34:58.055+0000] {dagbag.py:541} INFO - Filling up the DagBag from /home/airflow/.local/lib/python3.7/site-packages/airflow/example_dags/example_complex.py
[2023-07-15T22:34:58.065+0000] {processor.py:836} INFO - DAG(s) dict_keys(['example_complex']) retrieved from /home/airflow/.local/lib/python3.7/site-packages/airflow/example_dags/example_complex.py
[2023-07-15T22:34:58.098+0000] {logging_mixin.py:150} INFO - [2023-07-15T22:34:58.098+0000] {dag.py:2742} INFO - Sync 1 DAGs
[2023-07-15T22:34:58.123+0000] {logging_mixin.py:150} INFO - [2023-07-15T22:34:58.123+0000] {dag.py:3508} INFO - Setting next_dagrun for example_complex to None, run_after=None
[2023-07-15T22:34:58.145+0000] {processor.py:179} INFO - Processing /home/airflow/.local/lib/python3.7/site-packages/airflow/example_dags/example_complex.py took 0.093 seconds
[2023-07-15T22:35:28.446+0000] {processor.py:157} INFO - Started process (PID=2292) to work on /home/airflow/.local/lib/python3.7/site-packages/airflow/example_dags/example_complex.py
[2023-07-15T22:35:28.447+0000] {processor.py:826} INFO - Processing file /home/airflow/.local/lib/python3.7/site-packages/airflow/example_dags/example_complex.py for tasks to queue
[2023-07-15T22:35:28.447+0000] {logging_mixin.py:150} INFO - [2023-07-15T22:35:28.447+0000] {dagbag.py:541} INFO - Filling up the DagBag from /home/airflow/.local/lib/python3.7/site-packages/airflow/example_dags/example_complex.py
[2023-07-15T22:35:28.456+0000] {processor.py:836} INFO - DAG(s) dict_keys(['example_complex']) retrieved from /home/airflow/.local/lib/python3.7/site-packages/airflow/example_dags/example_complex.py
[2023-07-15T22:35:28.485+0000] {logging_mixin.py:150} INFO - [2023-07-15T22:35:28.485+0000] {dag.py:2742} INFO - Sync 1 DAGs
[2023-07-15T22:35:28.512+0000] {logging_mixin.py:150} INFO - [2023-07-15T22:35:28.511+0000] {dag.py:3508} INFO - Setting next_dagrun for example_complex to None, run_after=None
[2023-07-15T22:35:28.529+0000] {processor.py:179} INFO - Processing /home/airflow/.local/lib/python3.7/site-packages/airflow/example_dags/example_complex.py took 0.085 seconds
