[2023-07-15T22:31:25.108+0000] {processor.py:157} INFO - Started process (PID=183) to work on /home/airflow/.local/lib/python3.7/site-packages/airflow/example_dags/example_datasets.py
[2023-07-15T22:31:25.108+0000] {processor.py:826} INFO - Processing file /home/airflow/.local/lib/python3.7/site-packages/airflow/example_dags/example_datasets.py for tasks to queue
[2023-07-15T22:31:25.109+0000] {logging_mixin.py:150} INFO - [2023-07-15T22:31:25.109+0000] {dagbag.py:541} INFO - Filling up the DagBag from /home/airflow/.local/lib/python3.7/site-packages/airflow/example_dags/example_datasets.py
[2023-07-15T22:31:25.118+0000] {processor.py:836} INFO - DAG(s) dict_keys(['dataset_produces_2', 'dataset_consumes_unknown_never_scheduled', 'dataset_consumes_1_and_2', 'dataset_consumes_1_never_scheduled', 'dataset_consumes_1', 'dataset_produces_1']) retrieved from /home/airflow/.local/lib/python3.7/site-packages/airflow/example_dags/example_datasets.py
[2023-07-15T22:31:25.136+0000] {logging_mixin.py:150} INFO - [2023-07-15T22:31:25.136+0000] {dag.py:2742} INFO - Sync 6 DAGs
[2023-07-15T22:31:25.164+0000] {logging_mixin.py:150} INFO - [2023-07-15T22:31:25.164+0000] {dag.py:3508} INFO - Setting next_dagrun for dataset_consumes_1 to None, run_after=None
[2023-07-15T22:31:25.168+0000] {logging_mixin.py:150} INFO - [2023-07-15T22:31:25.168+0000] {dag.py:3508} INFO - Setting next_dagrun for dataset_consumes_1_and_2 to None, run_after=None
[2023-07-15T22:31:25.170+0000] {logging_mixin.py:150} INFO - [2023-07-15T22:31:25.170+0000] {dag.py:3508} INFO - Setting next_dagrun for dataset_consumes_1_never_scheduled to None, run_after=None
[2023-07-15T22:31:25.171+0000] {logging_mixin.py:150} INFO - [2023-07-15T22:31:25.171+0000] {dag.py:3508} INFO - Setting next_dagrun for dataset_consumes_unknown_never_scheduled to None, run_after=None
[2023-07-15T22:31:25.175+0000] {logging_mixin.py:150} INFO - [2023-07-15T22:31:25.175+0000] {dag.py:3508} INFO - Setting next_dagrun for dataset_produces_1 to 2023-07-14T00:00:00+00:00, run_after=2023-07-15T00:00:00+00:00
[2023-07-15T22:31:25.177+0000] {logging_mixin.py:150} INFO - [2023-07-15T22:31:25.177+0000] {dag.py:3508} INFO - Setting next_dagrun for dataset_produces_2 to None, run_after=None
[2023-07-15T22:31:25.223+0000] {processor.py:179} INFO - Processing /home/airflow/.local/lib/python3.7/site-packages/airflow/example_dags/example_datasets.py took 0.117 seconds
[2023-07-15T22:31:55.262+0000] {processor.py:157} INFO - Started process (PID=432) to work on /home/airflow/.local/lib/python3.7/site-packages/airflow/example_dags/example_datasets.py
[2023-07-15T22:31:55.263+0000] {processor.py:826} INFO - Processing file /home/airflow/.local/lib/python3.7/site-packages/airflow/example_dags/example_datasets.py for tasks to queue
[2023-07-15T22:31:55.263+0000] {logging_mixin.py:150} INFO - [2023-07-15T22:31:55.263+0000] {dagbag.py:541} INFO - Filling up the DagBag from /home/airflow/.local/lib/python3.7/site-packages/airflow/example_dags/example_datasets.py
[2023-07-15T22:31:55.271+0000] {processor.py:836} INFO - DAG(s) dict_keys(['dataset_produces_2', 'dataset_consumes_1', 'dataset_consumes_unknown_never_scheduled', 'dataset_consumes_1_and_2', 'dataset_produces_1', 'dataset_consumes_1_never_scheduled']) retrieved from /home/airflow/.local/lib/python3.7/site-packages/airflow/example_dags/example_datasets.py
[2023-07-15T22:31:55.311+0000] {logging_mixin.py:150} INFO - [2023-07-15T22:31:55.311+0000] {dag.py:2742} INFO - Sync 6 DAGs
[2023-07-15T22:31:55.337+0000] {logging_mixin.py:150} INFO - [2023-07-15T22:31:55.337+0000] {dag.py:3508} INFO - Setting next_dagrun for dataset_consumes_1 to None, run_after=None
[2023-07-15T22:31:55.340+0000] {logging_mixin.py:150} INFO - [2023-07-15T22:31:55.340+0000] {dag.py:3508} INFO - Setting next_dagrun for dataset_consumes_1_and_2 to None, run_after=None
[2023-07-15T22:31:55.343+0000] {logging_mixin.py:150} INFO - [2023-07-15T22:31:55.342+0000] {dag.py:3508} INFO - Setting next_dagrun for dataset_consumes_1_never_scheduled to None, run_after=None
[2023-07-15T22:31:55.346+0000] {logging_mixin.py:150} INFO - [2023-07-15T22:31:55.346+0000] {dag.py:3508} INFO - Setting next_dagrun for dataset_consumes_unknown_never_scheduled to None, run_after=None
[2023-07-15T22:31:55.351+0000] {logging_mixin.py:150} INFO - [2023-07-15T22:31:55.351+0000] {dag.py:3508} INFO - Setting next_dagrun for dataset_produces_1 to 2023-07-14T00:00:00+00:00, run_after=2023-07-15T00:00:00+00:00
[2023-07-15T22:31:55.353+0000] {logging_mixin.py:150} INFO - [2023-07-15T22:31:55.352+0000] {dag.py:3508} INFO - Setting next_dagrun for dataset_produces_2 to None, run_after=None
[2023-07-15T22:31:55.394+0000] {processor.py:179} INFO - Processing /home/airflow/.local/lib/python3.7/site-packages/airflow/example_dags/example_datasets.py took 0.134 seconds
[2023-07-15T22:32:25.602+0000] {processor.py:157} INFO - Started process (PID=681) to work on /home/airflow/.local/lib/python3.7/site-packages/airflow/example_dags/example_datasets.py
[2023-07-15T22:32:25.603+0000] {processor.py:826} INFO - Processing file /home/airflow/.local/lib/python3.7/site-packages/airflow/example_dags/example_datasets.py for tasks to queue
[2023-07-15T22:32:25.604+0000] {logging_mixin.py:150} INFO - [2023-07-15T22:32:25.604+0000] {dagbag.py:541} INFO - Filling up the DagBag from /home/airflow/.local/lib/python3.7/site-packages/airflow/example_dags/example_datasets.py
[2023-07-15T22:32:25.611+0000] {processor.py:836} INFO - DAG(s) dict_keys(['dataset_produces_2', 'dataset_consumes_1', 'dataset_consumes_1_and_2', 'dataset_consumes_1_never_scheduled', 'dataset_consumes_unknown_never_scheduled', 'dataset_produces_1']) retrieved from /home/airflow/.local/lib/python3.7/site-packages/airflow/example_dags/example_datasets.py
[2023-07-15T22:32:25.649+0000] {logging_mixin.py:150} INFO - [2023-07-15T22:32:25.649+0000] {dag.py:2742} INFO - Sync 6 DAGs
[2023-07-15T22:32:25.673+0000] {logging_mixin.py:150} INFO - [2023-07-15T22:32:25.673+0000] {dag.py:3508} INFO - Setting next_dagrun for dataset_consumes_1 to None, run_after=None
[2023-07-15T22:32:25.679+0000] {logging_mixin.py:150} INFO - [2023-07-15T22:32:25.678+0000] {dag.py:3508} INFO - Setting next_dagrun for dataset_consumes_1_and_2 to None, run_after=None
[2023-07-15T22:32:25.680+0000] {logging_mixin.py:150} INFO - [2023-07-15T22:32:25.680+0000] {dag.py:3508} INFO - Setting next_dagrun for dataset_consumes_1_never_scheduled to None, run_after=None
[2023-07-15T22:32:25.681+0000] {logging_mixin.py:150} INFO - [2023-07-15T22:32:25.681+0000] {dag.py:3508} INFO - Setting next_dagrun for dataset_consumes_unknown_never_scheduled to None, run_after=None
[2023-07-15T22:32:25.683+0000] {logging_mixin.py:150} INFO - [2023-07-15T22:32:25.683+0000] {dag.py:3508} INFO - Setting next_dagrun for dataset_produces_1 to 2023-07-14T00:00:00+00:00, run_after=2023-07-15T00:00:00+00:00
[2023-07-15T22:32:25.685+0000] {logging_mixin.py:150} INFO - [2023-07-15T22:32:25.685+0000] {dag.py:3508} INFO - Setting next_dagrun for dataset_produces_2 to None, run_after=None
[2023-07-15T22:32:25.719+0000] {processor.py:179} INFO - Processing /home/airflow/.local/lib/python3.7/site-packages/airflow/example_dags/example_datasets.py took 0.119 seconds
[2023-07-15T22:32:55.772+0000] {processor.py:157} INFO - Started process (PID=931) to work on /home/airflow/.local/lib/python3.7/site-packages/airflow/example_dags/example_datasets.py
[2023-07-15T22:32:55.774+0000] {processor.py:826} INFO - Processing file /home/airflow/.local/lib/python3.7/site-packages/airflow/example_dags/example_datasets.py for tasks to queue
[2023-07-15T22:32:55.774+0000] {logging_mixin.py:150} INFO - [2023-07-15T22:32:55.774+0000] {dagbag.py:541} INFO - Filling up the DagBag from /home/airflow/.local/lib/python3.7/site-packages/airflow/example_dags/example_datasets.py
[2023-07-15T22:32:55.782+0000] {processor.py:836} INFO - DAG(s) dict_keys(['dataset_produces_2', 'dataset_consumes_unknown_never_scheduled', 'dataset_consumes_1_and_2', 'dataset_produces_1', 'dataset_consumes_1_never_scheduled', 'dataset_consumes_1']) retrieved from /home/airflow/.local/lib/python3.7/site-packages/airflow/example_dags/example_datasets.py
[2023-07-15T22:32:55.819+0000] {logging_mixin.py:150} INFO - [2023-07-15T22:32:55.818+0000] {dag.py:2742} INFO - Sync 6 DAGs
[2023-07-15T22:32:55.843+0000] {logging_mixin.py:150} INFO - [2023-07-15T22:32:55.843+0000] {dag.py:3508} INFO - Setting next_dagrun for dataset_consumes_1 to None, run_after=None
[2023-07-15T22:32:55.847+0000] {logging_mixin.py:150} INFO - [2023-07-15T22:32:55.847+0000] {dag.py:3508} INFO - Setting next_dagrun for dataset_consumes_1_and_2 to None, run_after=None
[2023-07-15T22:32:55.848+0000] {logging_mixin.py:150} INFO - [2023-07-15T22:32:55.848+0000] {dag.py:3508} INFO - Setting next_dagrun for dataset_consumes_1_never_scheduled to None, run_after=None
[2023-07-15T22:32:55.850+0000] {logging_mixin.py:150} INFO - [2023-07-15T22:32:55.849+0000] {dag.py:3508} INFO - Setting next_dagrun for dataset_consumes_unknown_never_scheduled to None, run_after=None
[2023-07-15T22:32:55.852+0000] {logging_mixin.py:150} INFO - [2023-07-15T22:32:55.852+0000] {dag.py:3508} INFO - Setting next_dagrun for dataset_produces_1 to 2023-07-14T00:00:00+00:00, run_after=2023-07-15T00:00:00+00:00
[2023-07-15T22:32:55.854+0000] {logging_mixin.py:150} INFO - [2023-07-15T22:32:55.854+0000] {dag.py:3508} INFO - Setting next_dagrun for dataset_produces_2 to None, run_after=None
[2023-07-15T22:32:55.901+0000] {processor.py:179} INFO - Processing /home/airflow/.local/lib/python3.7/site-packages/airflow/example_dags/example_datasets.py took 0.131 seconds
[2023-07-15T22:33:26.048+0000] {processor.py:157} INFO - Started process (PID=1181) to work on /home/airflow/.local/lib/python3.7/site-packages/airflow/example_dags/example_datasets.py
[2023-07-15T22:33:26.050+0000] {processor.py:826} INFO - Processing file /home/airflow/.local/lib/python3.7/site-packages/airflow/example_dags/example_datasets.py for tasks to queue
[2023-07-15T22:33:26.051+0000] {logging_mixin.py:150} INFO - [2023-07-15T22:33:26.051+0000] {dagbag.py:541} INFO - Filling up the DagBag from /home/airflow/.local/lib/python3.7/site-packages/airflow/example_dags/example_datasets.py
[2023-07-15T22:33:26.058+0000] {processor.py:836} INFO - DAG(s) dict_keys(['dataset_produces_2', 'dataset_consumes_unknown_never_scheduled', 'dataset_consumes_1_and_2', 'dataset_consumes_1', 'dataset_produces_1', 'dataset_consumes_1_never_scheduled']) retrieved from /home/airflow/.local/lib/python3.7/site-packages/airflow/example_dags/example_datasets.py
[2023-07-15T22:33:26.098+0000] {logging_mixin.py:150} INFO - [2023-07-15T22:33:26.097+0000] {dag.py:2742} INFO - Sync 6 DAGs
[2023-07-15T22:33:26.124+0000] {logging_mixin.py:150} INFO - [2023-07-15T22:33:26.124+0000] {dag.py:3508} INFO - Setting next_dagrun for dataset_consumes_1 to None, run_after=None
[2023-07-15T22:33:26.127+0000] {logging_mixin.py:150} INFO - [2023-07-15T22:33:26.127+0000] {dag.py:3508} INFO - Setting next_dagrun for dataset_consumes_1_and_2 to None, run_after=None
[2023-07-15T22:33:26.129+0000] {logging_mixin.py:150} INFO - [2023-07-15T22:33:26.129+0000] {dag.py:3508} INFO - Setting next_dagrun for dataset_consumes_1_never_scheduled to None, run_after=None
[2023-07-15T22:33:26.130+0000] {logging_mixin.py:150} INFO - [2023-07-15T22:33:26.130+0000] {dag.py:3508} INFO - Setting next_dagrun for dataset_consumes_unknown_never_scheduled to None, run_after=None
[2023-07-15T22:33:26.134+0000] {logging_mixin.py:150} INFO - [2023-07-15T22:33:26.134+0000] {dag.py:3508} INFO - Setting next_dagrun for dataset_produces_1 to 2023-07-14T00:00:00+00:00, run_after=2023-07-15T00:00:00+00:00
[2023-07-15T22:33:26.136+0000] {logging_mixin.py:150} INFO - [2023-07-15T22:33:26.136+0000] {dag.py:3508} INFO - Setting next_dagrun for dataset_produces_2 to None, run_after=None
[2023-07-15T22:33:26.178+0000] {processor.py:179} INFO - Processing /home/airflow/.local/lib/python3.7/site-packages/airflow/example_dags/example_datasets.py took 0.132 seconds
[2023-07-15T22:33:56.203+0000] {processor.py:157} INFO - Started process (PID=1428) to work on /home/airflow/.local/lib/python3.7/site-packages/airflow/example_dags/example_datasets.py
[2023-07-15T22:33:56.205+0000] {processor.py:826} INFO - Processing file /home/airflow/.local/lib/python3.7/site-packages/airflow/example_dags/example_datasets.py for tasks to queue
[2023-07-15T22:33:56.206+0000] {logging_mixin.py:150} INFO - [2023-07-15T22:33:56.205+0000] {dagbag.py:541} INFO - Filling up the DagBag from /home/airflow/.local/lib/python3.7/site-packages/airflow/example_dags/example_datasets.py
[2023-07-15T22:33:56.213+0000] {processor.py:836} INFO - DAG(s) dict_keys(['dataset_consumes_1_and_2', 'dataset_consumes_1', 'dataset_produces_2', 'dataset_produces_1', 'dataset_consumes_1_never_scheduled', 'dataset_consumes_unknown_never_scheduled']) retrieved from /home/airflow/.local/lib/python3.7/site-packages/airflow/example_dags/example_datasets.py
[2023-07-15T22:33:56.256+0000] {logging_mixin.py:150} INFO - [2023-07-15T22:33:56.256+0000] {dag.py:2742} INFO - Sync 6 DAGs
[2023-07-15T22:33:56.290+0000] {logging_mixin.py:150} INFO - [2023-07-15T22:33:56.290+0000] {dag.py:3508} INFO - Setting next_dagrun for dataset_consumes_1 to None, run_after=None
[2023-07-15T22:33:56.295+0000] {logging_mixin.py:150} INFO - [2023-07-15T22:33:56.294+0000] {dag.py:3508} INFO - Setting next_dagrun for dataset_consumes_1_and_2 to None, run_after=None
[2023-07-15T22:33:56.297+0000] {logging_mixin.py:150} INFO - [2023-07-15T22:33:56.297+0000] {dag.py:3508} INFO - Setting next_dagrun for dataset_consumes_1_never_scheduled to None, run_after=None
[2023-07-15T22:33:56.298+0000] {logging_mixin.py:150} INFO - [2023-07-15T22:33:56.298+0000] {dag.py:3508} INFO - Setting next_dagrun for dataset_consumes_unknown_never_scheduled to None, run_after=None
[2023-07-15T22:33:56.302+0000] {logging_mixin.py:150} INFO - [2023-07-15T22:33:56.302+0000] {dag.py:3508} INFO - Setting next_dagrun for dataset_produces_1 to 2023-07-14T00:00:00+00:00, run_after=2023-07-15T00:00:00+00:00
[2023-07-15T22:33:56.305+0000] {logging_mixin.py:150} INFO - [2023-07-15T22:33:56.305+0000] {dag.py:3508} INFO - Setting next_dagrun for dataset_produces_2 to None, run_after=None
[2023-07-15T22:33:56.344+0000] {processor.py:179} INFO - Processing /home/airflow/.local/lib/python3.7/site-packages/airflow/example_dags/example_datasets.py took 0.143 seconds
[2023-07-15T22:34:26.383+0000] {processor.py:157} INFO - Started process (PID=1682) to work on /home/airflow/.local/lib/python3.7/site-packages/airflow/example_dags/example_datasets.py
[2023-07-15T22:34:26.384+0000] {processor.py:826} INFO - Processing file /home/airflow/.local/lib/python3.7/site-packages/airflow/example_dags/example_datasets.py for tasks to queue
[2023-07-15T22:34:26.384+0000] {logging_mixin.py:150} INFO - [2023-07-15T22:34:26.384+0000] {dagbag.py:541} INFO - Filling up the DagBag from /home/airflow/.local/lib/python3.7/site-packages/airflow/example_dags/example_datasets.py
[2023-07-15T22:34:26.392+0000] {processor.py:836} INFO - DAG(s) dict_keys(['dataset_consumes_1', 'dataset_consumes_1_never_scheduled', 'dataset_consumes_1_and_2', 'dataset_produces_2', 'dataset_consumes_unknown_never_scheduled', 'dataset_produces_1']) retrieved from /home/airflow/.local/lib/python3.7/site-packages/airflow/example_dags/example_datasets.py
[2023-07-15T22:34:26.433+0000] {logging_mixin.py:150} INFO - [2023-07-15T22:34:26.433+0000] {dag.py:2742} INFO - Sync 6 DAGs
[2023-07-15T22:34:26.459+0000] {logging_mixin.py:150} INFO - [2023-07-15T22:34:26.459+0000] {dag.py:3508} INFO - Setting next_dagrun for dataset_consumes_1 to None, run_after=None
[2023-07-15T22:34:26.463+0000] {logging_mixin.py:150} INFO - [2023-07-15T22:34:26.463+0000] {dag.py:3508} INFO - Setting next_dagrun for dataset_consumes_1_and_2 to None, run_after=None
[2023-07-15T22:34:26.465+0000] {logging_mixin.py:150} INFO - [2023-07-15T22:34:26.465+0000] {dag.py:3508} INFO - Setting next_dagrun for dataset_consumes_1_never_scheduled to None, run_after=None
[2023-07-15T22:34:26.466+0000] {logging_mixin.py:150} INFO - [2023-07-15T22:34:26.466+0000] {dag.py:3508} INFO - Setting next_dagrun for dataset_consumes_unknown_never_scheduled to None, run_after=None
[2023-07-15T22:34:26.469+0000] {logging_mixin.py:150} INFO - [2023-07-15T22:34:26.468+0000] {dag.py:3508} INFO - Setting next_dagrun for dataset_produces_1 to 2023-07-14T00:00:00+00:00, run_after=2023-07-15T00:00:00+00:00
[2023-07-15T22:34:26.470+0000] {logging_mixin.py:150} INFO - [2023-07-15T22:34:26.470+0000] {dag.py:3508} INFO - Setting next_dagrun for dataset_produces_2 to None, run_after=None
[2023-07-15T22:34:26.503+0000] {processor.py:179} INFO - Processing /home/airflow/.local/lib/python3.7/site-packages/airflow/example_dags/example_datasets.py took 0.122 seconds
[2023-07-15T22:34:56.772+0000] {processor.py:157} INFO - Started process (PID=1928) to work on /home/airflow/.local/lib/python3.7/site-packages/airflow/example_dags/example_datasets.py
[2023-07-15T22:34:56.773+0000] {processor.py:826} INFO - Processing file /home/airflow/.local/lib/python3.7/site-packages/airflow/example_dags/example_datasets.py for tasks to queue
[2023-07-15T22:34:56.773+0000] {logging_mixin.py:150} INFO - [2023-07-15T22:34:56.773+0000] {dagbag.py:541} INFO - Filling up the DagBag from /home/airflow/.local/lib/python3.7/site-packages/airflow/example_dags/example_datasets.py
[2023-07-15T22:34:56.781+0000] {processor.py:836} INFO - DAG(s) dict_keys(['dataset_consumes_unknown_never_scheduled', 'dataset_consumes_1_never_scheduled', 'dataset_produces_1', 'dataset_consumes_1', 'dataset_consumes_1_and_2', 'dataset_produces_2']) retrieved from /home/airflow/.local/lib/python3.7/site-packages/airflow/example_dags/example_datasets.py
[2023-07-15T22:34:56.821+0000] {logging_mixin.py:150} INFO - [2023-07-15T22:34:56.820+0000] {dag.py:2742} INFO - Sync 6 DAGs
[2023-07-15T22:34:56.847+0000] {logging_mixin.py:150} INFO - [2023-07-15T22:34:56.847+0000] {dag.py:3508} INFO - Setting next_dagrun for dataset_consumes_1 to None, run_after=None
[2023-07-15T22:34:56.850+0000] {logging_mixin.py:150} INFO - [2023-07-15T22:34:56.850+0000] {dag.py:3508} INFO - Setting next_dagrun for dataset_consumes_1_and_2 to None, run_after=None
[2023-07-15T22:34:56.851+0000] {logging_mixin.py:150} INFO - [2023-07-15T22:34:56.851+0000] {dag.py:3508} INFO - Setting next_dagrun for dataset_consumes_1_never_scheduled to None, run_after=None
[2023-07-15T22:34:56.853+0000] {logging_mixin.py:150} INFO - [2023-07-15T22:34:56.853+0000] {dag.py:3508} INFO - Setting next_dagrun for dataset_consumes_unknown_never_scheduled to None, run_after=None
[2023-07-15T22:34:56.856+0000] {logging_mixin.py:150} INFO - [2023-07-15T22:34:56.856+0000] {dag.py:3508} INFO - Setting next_dagrun for dataset_produces_1 to 2023-07-14T00:00:00+00:00, run_after=2023-07-15T00:00:00+00:00
[2023-07-15T22:34:56.858+0000] {logging_mixin.py:150} INFO - [2023-07-15T22:34:56.858+0000] {dag.py:3508} INFO - Setting next_dagrun for dataset_produces_2 to None, run_after=None
[2023-07-15T22:34:56.897+0000] {processor.py:179} INFO - Processing /home/airflow/.local/lib/python3.7/site-packages/airflow/example_dags/example_datasets.py took 0.128 seconds
[2023-07-15T22:35:26.983+0000] {processor.py:157} INFO - Started process (PID=2177) to work on /home/airflow/.local/lib/python3.7/site-packages/airflow/example_dags/example_datasets.py
[2023-07-15T22:35:26.984+0000] {processor.py:826} INFO - Processing file /home/airflow/.local/lib/python3.7/site-packages/airflow/example_dags/example_datasets.py for tasks to queue
[2023-07-15T22:35:26.985+0000] {logging_mixin.py:150} INFO - [2023-07-15T22:35:26.985+0000] {dagbag.py:541} INFO - Filling up the DagBag from /home/airflow/.local/lib/python3.7/site-packages/airflow/example_dags/example_datasets.py
[2023-07-15T22:35:26.994+0000] {processor.py:836} INFO - DAG(s) dict_keys(['dataset_consumes_unknown_never_scheduled', 'dataset_produces_1', 'dataset_consumes_1_never_scheduled', 'dataset_produces_2', 'dataset_consumes_1_and_2', 'dataset_consumes_1']) retrieved from /home/airflow/.local/lib/python3.7/site-packages/airflow/example_dags/example_datasets.py
[2023-07-15T22:35:27.034+0000] {logging_mixin.py:150} INFO - [2023-07-15T22:35:27.034+0000] {dag.py:2742} INFO - Sync 6 DAGs
[2023-07-15T22:35:27.066+0000] {logging_mixin.py:150} INFO - [2023-07-15T22:35:27.066+0000] {dag.py:3508} INFO - Setting next_dagrun for dataset_consumes_1 to None, run_after=None
[2023-07-15T22:35:27.070+0000] {logging_mixin.py:150} INFO - [2023-07-15T22:35:27.069+0000] {dag.py:3508} INFO - Setting next_dagrun for dataset_consumes_1_and_2 to None, run_after=None
[2023-07-15T22:35:27.071+0000] {logging_mixin.py:150} INFO - [2023-07-15T22:35:27.071+0000] {dag.py:3508} INFO - Setting next_dagrun for dataset_consumes_1_never_scheduled to None, run_after=None
[2023-07-15T22:35:27.072+0000] {logging_mixin.py:150} INFO - [2023-07-15T22:35:27.072+0000] {dag.py:3508} INFO - Setting next_dagrun for dataset_consumes_unknown_never_scheduled to None, run_after=None
[2023-07-15T22:35:27.075+0000] {logging_mixin.py:150} INFO - [2023-07-15T22:35:27.075+0000] {dag.py:3508} INFO - Setting next_dagrun for dataset_produces_1 to 2023-07-14T00:00:00+00:00, run_after=2023-07-15T00:00:00+00:00
[2023-07-15T22:35:27.077+0000] {logging_mixin.py:150} INFO - [2023-07-15T22:35:27.076+0000] {dag.py:3508} INFO - Setting next_dagrun for dataset_produces_2 to None, run_after=None
[2023-07-15T22:35:27.109+0000] {processor.py:179} INFO - Processing /home/airflow/.local/lib/python3.7/site-packages/airflow/example_dags/example_datasets.py took 0.130 seconds
