[2023-07-15T22:31:26.344+0000] {processor.py:157} INFO - Started process (PID=293) to work on /home/airflow/.local/lib/python3.7/site-packages/airflow/example_dags/example_latest_only.py
[2023-07-15T22:31:26.345+0000] {processor.py:826} INFO - Processing file /home/airflow/.local/lib/python3.7/site-packages/airflow/example_dags/example_latest_only.py for tasks to queue
[2023-07-15T22:31:26.345+0000] {logging_mixin.py:150} INFO - [2023-07-15T22:31:26.345+0000] {dagbag.py:541} INFO - Filling up the DagBag from /home/airflow/.local/lib/python3.7/site-packages/airflow/example_dags/example_latest_only.py
[2023-07-15T22:31:26.353+0000] {processor.py:836} INFO - DAG(s) dict_keys(['latest_only']) retrieved from /home/airflow/.local/lib/python3.7/site-packages/airflow/example_dags/example_latest_only.py
[2023-07-15T22:31:26.366+0000] {logging_mixin.py:150} INFO - [2023-07-15T22:31:26.366+0000] {dag.py:2742} INFO - Sync 1 DAGs
[2023-07-15T22:31:26.391+0000] {logging_mixin.py:150} INFO - [2023-07-15T22:31:26.391+0000] {dag.py:3508} INFO - Setting next_dagrun for latest_only to 2023-07-15T18:31:26.391487+00:00, run_after=2023-07-15T22:31:26.391487+00:00
[2023-07-15T22:31:26.413+0000] {processor.py:179} INFO - Processing /home/airflow/.local/lib/python3.7/site-packages/airflow/example_dags/example_latest_only.py took 0.073 seconds
[2023-07-15T22:31:56.538+0000] {processor.py:157} INFO - Started process (PID=537) to work on /home/airflow/.local/lib/python3.7/site-packages/airflow/example_dags/example_latest_only.py
[2023-07-15T22:31:56.539+0000] {processor.py:826} INFO - Processing file /home/airflow/.local/lib/python3.7/site-packages/airflow/example_dags/example_latest_only.py for tasks to queue
[2023-07-15T22:31:56.539+0000] {logging_mixin.py:150} INFO - [2023-07-15T22:31:56.539+0000] {dagbag.py:541} INFO - Filling up the DagBag from /home/airflow/.local/lib/python3.7/site-packages/airflow/example_dags/example_latest_only.py
[2023-07-15T22:31:56.543+0000] {processor.py:836} INFO - DAG(s) dict_keys(['latest_only']) retrieved from /home/airflow/.local/lib/python3.7/site-packages/airflow/example_dags/example_latest_only.py
[2023-07-15T22:31:56.563+0000] {logging_mixin.py:150} INFO - [2023-07-15T22:31:56.563+0000] {dag.py:2742} INFO - Sync 1 DAGs
[2023-07-15T22:31:56.587+0000] {logging_mixin.py:150} INFO - [2023-07-15T22:31:56.586+0000] {dag.py:3508} INFO - Setting next_dagrun for latest_only to 2023-07-15T18:31:56.586767+00:00, run_after=2023-07-15T22:31:56.586767+00:00
[2023-07-15T22:31:56.607+0000] {processor.py:179} INFO - Processing /home/airflow/.local/lib/python3.7/site-packages/airflow/example_dags/example_latest_only.py took 0.071 seconds
[2023-07-15T22:32:26.738+0000] {processor.py:157} INFO - Started process (PID=786) to work on /home/airflow/.local/lib/python3.7/site-packages/airflow/example_dags/example_latest_only.py
[2023-07-15T22:32:26.739+0000] {processor.py:826} INFO - Processing file /home/airflow/.local/lib/python3.7/site-packages/airflow/example_dags/example_latest_only.py for tasks to queue
[2023-07-15T22:32:26.739+0000] {logging_mixin.py:150} INFO - [2023-07-15T22:32:26.739+0000] {dagbag.py:541} INFO - Filling up the DagBag from /home/airflow/.local/lib/python3.7/site-packages/airflow/example_dags/example_latest_only.py
[2023-07-15T22:32:26.743+0000] {processor.py:836} INFO - DAG(s) dict_keys(['latest_only']) retrieved from /home/airflow/.local/lib/python3.7/site-packages/airflow/example_dags/example_latest_only.py
[2023-07-15T22:32:26.762+0000] {logging_mixin.py:150} INFO - [2023-07-15T22:32:26.762+0000] {dag.py:2742} INFO - Sync 1 DAGs
[2023-07-15T22:32:26.787+0000] {logging_mixin.py:150} INFO - [2023-07-15T22:32:26.787+0000] {dag.py:3508} INFO - Setting next_dagrun for latest_only to 2023-07-15T18:32:26.787253+00:00, run_after=2023-07-15T22:32:26.787253+00:00
[2023-07-15T22:32:26.811+0000] {processor.py:179} INFO - Processing /home/airflow/.local/lib/python3.7/site-packages/airflow/example_dags/example_latest_only.py took 0.075 seconds
[2023-07-15T22:32:56.976+0000] {processor.py:157} INFO - Started process (PID=1037) to work on /home/airflow/.local/lib/python3.7/site-packages/airflow/example_dags/example_latest_only.py
[2023-07-15T22:32:56.976+0000] {processor.py:826} INFO - Processing file /home/airflow/.local/lib/python3.7/site-packages/airflow/example_dags/example_latest_only.py for tasks to queue
[2023-07-15T22:32:56.977+0000] {logging_mixin.py:150} INFO - [2023-07-15T22:32:56.976+0000] {dagbag.py:541} INFO - Filling up the DagBag from /home/airflow/.local/lib/python3.7/site-packages/airflow/example_dags/example_latest_only.py
[2023-07-15T22:32:56.983+0000] {processor.py:836} INFO - DAG(s) dict_keys(['latest_only']) retrieved from /home/airflow/.local/lib/python3.7/site-packages/airflow/example_dags/example_latest_only.py
[2023-07-15T22:32:57.011+0000] {logging_mixin.py:150} INFO - [2023-07-15T22:32:57.010+0000] {dag.py:2742} INFO - Sync 1 DAGs
[2023-07-15T22:32:57.035+0000] {logging_mixin.py:150} INFO - [2023-07-15T22:32:57.035+0000] {dag.py:3508} INFO - Setting next_dagrun for latest_only to 2023-07-15T18:32:57.035402+00:00, run_after=2023-07-15T22:32:57.035402+00:00
[2023-07-15T22:32:57.054+0000] {processor.py:179} INFO - Processing /home/airflow/.local/lib/python3.7/site-packages/airflow/example_dags/example_latest_only.py took 0.081 seconds
[2023-07-15T22:33:27.258+0000] {processor.py:157} INFO - Started process (PID=1286) to work on /home/airflow/.local/lib/python3.7/site-packages/airflow/example_dags/example_latest_only.py
[2023-07-15T22:33:27.259+0000] {processor.py:826} INFO - Processing file /home/airflow/.local/lib/python3.7/site-packages/airflow/example_dags/example_latest_only.py for tasks to queue
[2023-07-15T22:33:27.260+0000] {logging_mixin.py:150} INFO - [2023-07-15T22:33:27.260+0000] {dagbag.py:541} INFO - Filling up the DagBag from /home/airflow/.local/lib/python3.7/site-packages/airflow/example_dags/example_latest_only.py
[2023-07-15T22:33:27.264+0000] {processor.py:836} INFO - DAG(s) dict_keys(['latest_only']) retrieved from /home/airflow/.local/lib/python3.7/site-packages/airflow/example_dags/example_latest_only.py
[2023-07-15T22:33:27.291+0000] {logging_mixin.py:150} INFO - [2023-07-15T22:33:27.290+0000] {dag.py:2742} INFO - Sync 1 DAGs
[2023-07-15T22:33:27.315+0000] {logging_mixin.py:150} INFO - [2023-07-15T22:33:27.315+0000] {dag.py:3508} INFO - Setting next_dagrun for latest_only to 2023-07-15T18:33:27.315385+00:00, run_after=2023-07-15T22:33:27.315385+00:00
[2023-07-15T22:33:27.335+0000] {processor.py:179} INFO - Processing /home/airflow/.local/lib/python3.7/site-packages/airflow/example_dags/example_latest_only.py took 0.081 seconds
[2023-07-15T22:33:57.529+0000] {processor.py:157} INFO - Started process (PID=1533) to work on /home/airflow/.local/lib/python3.7/site-packages/airflow/example_dags/example_latest_only.py
[2023-07-15T22:33:57.530+0000] {processor.py:826} INFO - Processing file /home/airflow/.local/lib/python3.7/site-packages/airflow/example_dags/example_latest_only.py for tasks to queue
[2023-07-15T22:33:57.532+0000] {logging_mixin.py:150} INFO - [2023-07-15T22:33:57.531+0000] {dagbag.py:541} INFO - Filling up the DagBag from /home/airflow/.local/lib/python3.7/site-packages/airflow/example_dags/example_latest_only.py
[2023-07-15T22:33:57.542+0000] {processor.py:836} INFO - DAG(s) dict_keys(['latest_only']) retrieved from /home/airflow/.local/lib/python3.7/site-packages/airflow/example_dags/example_latest_only.py
[2023-07-15T22:33:57.583+0000] {logging_mixin.py:150} INFO - [2023-07-15T22:33:57.583+0000] {dag.py:2742} INFO - Sync 1 DAGs
[2023-07-15T22:33:57.615+0000] {logging_mixin.py:150} INFO - [2023-07-15T22:33:57.615+0000] {dag.py:3508} INFO - Setting next_dagrun for latest_only to 2023-07-15T18:33:57.614807+00:00, run_after=2023-07-15T22:33:57.614807+00:00
[2023-07-15T22:33:57.637+0000] {processor.py:179} INFO - Processing /home/airflow/.local/lib/python3.7/site-packages/airflow/example_dags/example_latest_only.py took 0.113 seconds
[2023-07-15T22:34:27.684+0000] {processor.py:157} INFO - Started process (PID=1782) to work on /home/airflow/.local/lib/python3.7/site-packages/airflow/example_dags/example_latest_only.py
[2023-07-15T22:34:27.686+0000] {processor.py:826} INFO - Processing file /home/airflow/.local/lib/python3.7/site-packages/airflow/example_dags/example_latest_only.py for tasks to queue
[2023-07-15T22:34:27.686+0000] {logging_mixin.py:150} INFO - [2023-07-15T22:34:27.686+0000] {dagbag.py:541} INFO - Filling up the DagBag from /home/airflow/.local/lib/python3.7/site-packages/airflow/example_dags/example_latest_only.py
[2023-07-15T22:34:27.691+0000] {processor.py:836} INFO - DAG(s) dict_keys(['latest_only']) retrieved from /home/airflow/.local/lib/python3.7/site-packages/airflow/example_dags/example_latest_only.py
[2023-07-15T22:34:27.714+0000] {logging_mixin.py:150} INFO - [2023-07-15T22:34:27.713+0000] {dag.py:2742} INFO - Sync 1 DAGs
[2023-07-15T22:34:27.745+0000] {logging_mixin.py:150} INFO - [2023-07-15T22:34:27.744+0000] {dag.py:3508} INFO - Setting next_dagrun for latest_only to 2023-07-15T18:34:27.744681+00:00, run_after=2023-07-15T22:34:27.744681+00:00
[2023-07-15T22:34:27.768+0000] {processor.py:179} INFO - Processing /home/airflow/.local/lib/python3.7/site-packages/airflow/example_dags/example_latest_only.py took 0.087 seconds
[2023-07-15T22:34:57.945+0000] {processor.py:157} INFO - Started process (PID=2031) to work on /home/airflow/.local/lib/python3.7/site-packages/airflow/example_dags/example_latest_only.py
[2023-07-15T22:34:57.946+0000] {processor.py:826} INFO - Processing file /home/airflow/.local/lib/python3.7/site-packages/airflow/example_dags/example_latest_only.py for tasks to queue
[2023-07-15T22:34:57.947+0000] {logging_mixin.py:150} INFO - [2023-07-15T22:34:57.947+0000] {dagbag.py:541} INFO - Filling up the DagBag from /home/airflow/.local/lib/python3.7/site-packages/airflow/example_dags/example_latest_only.py
[2023-07-15T22:34:57.952+0000] {processor.py:836} INFO - DAG(s) dict_keys(['latest_only']) retrieved from /home/airflow/.local/lib/python3.7/site-packages/airflow/example_dags/example_latest_only.py
[2023-07-15T22:34:57.976+0000] {logging_mixin.py:150} INFO - [2023-07-15T22:34:57.976+0000] {dag.py:2742} INFO - Sync 1 DAGs
[2023-07-15T22:34:58.006+0000] {logging_mixin.py:150} INFO - [2023-07-15T22:34:58.005+0000] {dag.py:3508} INFO - Setting next_dagrun for latest_only to 2023-07-15T18:34:58.005640+00:00, run_after=2023-07-15T22:34:58.005640+00:00
[2023-07-15T22:34:58.029+0000] {processor.py:179} INFO - Processing /home/airflow/.local/lib/python3.7/site-packages/airflow/example_dags/example_latest_only.py took 0.087 seconds
[2023-07-15T22:35:28.241+0000] {processor.py:157} INFO - Started process (PID=2282) to work on /home/airflow/.local/lib/python3.7/site-packages/airflow/example_dags/example_latest_only.py
[2023-07-15T22:35:28.241+0000] {processor.py:826} INFO - Processing file /home/airflow/.local/lib/python3.7/site-packages/airflow/example_dags/example_latest_only.py for tasks to queue
[2023-07-15T22:35:28.242+0000] {logging_mixin.py:150} INFO - [2023-07-15T22:35:28.242+0000] {dagbag.py:541} INFO - Filling up the DagBag from /home/airflow/.local/lib/python3.7/site-packages/airflow/example_dags/example_latest_only.py
[2023-07-15T22:35:28.246+0000] {processor.py:836} INFO - DAG(s) dict_keys(['latest_only']) retrieved from /home/airflow/.local/lib/python3.7/site-packages/airflow/example_dags/example_latest_only.py
[2023-07-15T22:35:28.267+0000] {logging_mixin.py:150} INFO - [2023-07-15T22:35:28.266+0000] {dag.py:2742} INFO - Sync 1 DAGs
[2023-07-15T22:35:28.291+0000] {logging_mixin.py:150} INFO - [2023-07-15T22:35:28.291+0000] {dag.py:3508} INFO - Setting next_dagrun for latest_only to 2023-07-15T18:35:28.291471+00:00, run_after=2023-07-15T22:35:28.291471+00:00
[2023-07-15T22:35:28.310+0000] {processor.py:179} INFO - Processing /home/airflow/.local/lib/python3.7/site-packages/airflow/example_dags/example_latest_only.py took 0.072 seconds
