[2023-07-15T22:31:26.832+0000] {processor.py:157} INFO - Started process (PID=318) to work on /home/airflow/.local/lib/python3.7/site-packages/airflow/example_dags/example_short_circuit_decorator.py
[2023-07-15T22:31:26.833+0000] {processor.py:826} INFO - Processing file /home/airflow/.local/lib/python3.7/site-packages/airflow/example_dags/example_short_circuit_decorator.py for tasks to queue
[2023-07-15T22:31:26.834+0000] {logging_mixin.py:150} INFO - [2023-07-15T22:31:26.833+0000] {dagbag.py:541} INFO - Filling up the DagBag from /home/airflow/.local/lib/python3.7/site-packages/airflow/example_dags/example_short_circuit_decorator.py
[2023-07-15T22:31:26.845+0000] {processor.py:836} INFO - DAG(s) dict_keys(['example_short_circuit_decorator']) retrieved from /home/airflow/.local/lib/python3.7/site-packages/airflow/example_dags/example_short_circuit_decorator.py
[2023-07-15T22:31:26.857+0000] {logging_mixin.py:150} INFO - [2023-07-15T22:31:26.856+0000] {dag.py:2742} INFO - Sync 1 DAGs
[2023-07-15T22:31:26.883+0000] {logging_mixin.py:150} INFO - [2023-07-15T22:31:26.883+0000] {dag.py:3508} INFO - Setting next_dagrun for example_short_circuit_decorator to 2023-07-14T22:31:26.883101+00:00, run_after=2023-07-15T22:31:26.883101+00:00
[2023-07-15T22:31:26.907+0000] {processor.py:179} INFO - Processing /home/airflow/.local/lib/python3.7/site-packages/airflow/example_dags/example_short_circuit_decorator.py took 0.077 seconds
[2023-07-15T22:31:56.950+0000] {processor.py:157} INFO - Started process (PID=564) to work on /home/airflow/.local/lib/python3.7/site-packages/airflow/example_dags/example_short_circuit_decorator.py
[2023-07-15T22:31:56.951+0000] {processor.py:826} INFO - Processing file /home/airflow/.local/lib/python3.7/site-packages/airflow/example_dags/example_short_circuit_decorator.py for tasks to queue
[2023-07-15T22:31:56.951+0000] {logging_mixin.py:150} INFO - [2023-07-15T22:31:56.951+0000] {dagbag.py:541} INFO - Filling up the DagBag from /home/airflow/.local/lib/python3.7/site-packages/airflow/example_dags/example_short_circuit_decorator.py
[2023-07-15T22:31:56.958+0000] {processor.py:836} INFO - DAG(s) dict_keys(['example_short_circuit_decorator']) retrieved from /home/airflow/.local/lib/python3.7/site-packages/airflow/example_dags/example_short_circuit_decorator.py
[2023-07-15T22:31:56.981+0000] {logging_mixin.py:150} INFO - [2023-07-15T22:31:56.980+0000] {dag.py:2742} INFO - Sync 1 DAGs
[2023-07-15T22:31:57.004+0000] {logging_mixin.py:150} INFO - [2023-07-15T22:31:57.004+0000] {dag.py:3508} INFO - Setting next_dagrun for example_short_circuit_decorator to 2023-07-14T22:31:57.004489+00:00, run_after=2023-07-15T22:31:57.004489+00:00
[2023-07-15T22:31:57.023+0000] {processor.py:179} INFO - Processing /home/airflow/.local/lib/python3.7/site-packages/airflow/example_dags/example_short_circuit_decorator.py took 0.075 seconds
[2023-07-15T22:32:27.118+0000] {processor.py:157} INFO - Started process (PID=813) to work on /home/airflow/.local/lib/python3.7/site-packages/airflow/example_dags/example_short_circuit_decorator.py
[2023-07-15T22:32:27.119+0000] {processor.py:826} INFO - Processing file /home/airflow/.local/lib/python3.7/site-packages/airflow/example_dags/example_short_circuit_decorator.py for tasks to queue
[2023-07-15T22:32:27.119+0000] {logging_mixin.py:150} INFO - [2023-07-15T22:32:27.119+0000] {dagbag.py:541} INFO - Filling up the DagBag from /home/airflow/.local/lib/python3.7/site-packages/airflow/example_dags/example_short_circuit_decorator.py
[2023-07-15T22:32:27.128+0000] {processor.py:836} INFO - DAG(s) dict_keys(['example_short_circuit_decorator']) retrieved from /home/airflow/.local/lib/python3.7/site-packages/airflow/example_dags/example_short_circuit_decorator.py
[2023-07-15T22:32:27.151+0000] {logging_mixin.py:150} INFO - [2023-07-15T22:32:27.151+0000] {dag.py:2742} INFO - Sync 1 DAGs
[2023-07-15T22:32:27.175+0000] {logging_mixin.py:150} INFO - [2023-07-15T22:32:27.175+0000] {dag.py:3508} INFO - Setting next_dagrun for example_short_circuit_decorator to 2023-07-14T22:32:27.175038+00:00, run_after=2023-07-15T22:32:27.175038+00:00
[2023-07-15T22:32:27.195+0000] {processor.py:179} INFO - Processing /home/airflow/.local/lib/python3.7/site-packages/airflow/example_dags/example_short_circuit_decorator.py took 0.079 seconds
[2023-07-15T22:32:57.303+0000] {processor.py:157} INFO - Started process (PID=1062) to work on /home/airflow/.local/lib/python3.7/site-packages/airflow/example_dags/example_short_circuit_decorator.py
[2023-07-15T22:32:57.304+0000] {processor.py:826} INFO - Processing file /home/airflow/.local/lib/python3.7/site-packages/airflow/example_dags/example_short_circuit_decorator.py for tasks to queue
[2023-07-15T22:32:57.304+0000] {logging_mixin.py:150} INFO - [2023-07-15T22:32:57.304+0000] {dagbag.py:541} INFO - Filling up the DagBag from /home/airflow/.local/lib/python3.7/site-packages/airflow/example_dags/example_short_circuit_decorator.py
[2023-07-15T22:32:57.311+0000] {processor.py:836} INFO - DAG(s) dict_keys(['example_short_circuit_decorator']) retrieved from /home/airflow/.local/lib/python3.7/site-packages/airflow/example_dags/example_short_circuit_decorator.py
[2023-07-15T22:32:57.335+0000] {logging_mixin.py:150} INFO - [2023-07-15T22:32:57.334+0000] {dag.py:2742} INFO - Sync 1 DAGs
[2023-07-15T22:32:57.360+0000] {logging_mixin.py:150} INFO - [2023-07-15T22:32:57.359+0000] {dag.py:3508} INFO - Setting next_dagrun for example_short_circuit_decorator to 2023-07-14T22:32:57.359637+00:00, run_after=2023-07-15T22:32:57.359637+00:00
[2023-07-15T22:32:57.382+0000] {processor.py:179} INFO - Processing /home/airflow/.local/lib/python3.7/site-packages/airflow/example_dags/example_short_circuit_decorator.py took 0.081 seconds
[2023-07-15T22:33:27.509+0000] {processor.py:157} INFO - Started process (PID=1309) to work on /home/airflow/.local/lib/python3.7/site-packages/airflow/example_dags/example_short_circuit_decorator.py
[2023-07-15T22:33:27.509+0000] {processor.py:826} INFO - Processing file /home/airflow/.local/lib/python3.7/site-packages/airflow/example_dags/example_short_circuit_decorator.py for tasks to queue
[2023-07-15T22:33:27.510+0000] {logging_mixin.py:150} INFO - [2023-07-15T22:33:27.510+0000] {dagbag.py:541} INFO - Filling up the DagBag from /home/airflow/.local/lib/python3.7/site-packages/airflow/example_dags/example_short_circuit_decorator.py
[2023-07-15T22:33:27.517+0000] {processor.py:836} INFO - DAG(s) dict_keys(['example_short_circuit_decorator']) retrieved from /home/airflow/.local/lib/python3.7/site-packages/airflow/example_dags/example_short_circuit_decorator.py
[2023-07-15T22:33:27.542+0000] {logging_mixin.py:150} INFO - [2023-07-15T22:33:27.542+0000] {dag.py:2742} INFO - Sync 1 DAGs
[2023-07-15T22:33:27.566+0000] {logging_mixin.py:150} INFO - [2023-07-15T22:33:27.566+0000] {dag.py:3508} INFO - Setting next_dagrun for example_short_circuit_decorator to 2023-07-14T22:33:27.566562+00:00, run_after=2023-07-15T22:33:27.566562+00:00
[2023-07-15T22:33:27.586+0000] {processor.py:179} INFO - Processing /home/airflow/.local/lib/python3.7/site-packages/airflow/example_dags/example_short_circuit_decorator.py took 0.080 seconds
[2023-07-15T22:33:57.970+0000] {processor.py:157} INFO - Started process (PID=1560) to work on /home/airflow/.local/lib/python3.7/site-packages/airflow/example_dags/example_short_circuit_decorator.py
[2023-07-15T22:33:57.971+0000] {processor.py:826} INFO - Processing file /home/airflow/.local/lib/python3.7/site-packages/airflow/example_dags/example_short_circuit_decorator.py for tasks to queue
[2023-07-15T22:33:57.972+0000] {logging_mixin.py:150} INFO - [2023-07-15T22:33:57.972+0000] {dagbag.py:541} INFO - Filling up the DagBag from /home/airflow/.local/lib/python3.7/site-packages/airflow/example_dags/example_short_circuit_decorator.py
[2023-07-15T22:33:57.979+0000] {processor.py:836} INFO - DAG(s) dict_keys(['example_short_circuit_decorator']) retrieved from /home/airflow/.local/lib/python3.7/site-packages/airflow/example_dags/example_short_circuit_decorator.py
[2023-07-15T22:33:58.004+0000] {logging_mixin.py:150} INFO - [2023-07-15T22:33:58.003+0000] {dag.py:2742} INFO - Sync 1 DAGs
[2023-07-15T22:33:58.027+0000] {logging_mixin.py:150} INFO - [2023-07-15T22:33:58.027+0000] {dag.py:3508} INFO - Setting next_dagrun for example_short_circuit_decorator to 2023-07-14T22:33:58.026982+00:00, run_after=2023-07-15T22:33:58.026982+00:00
[2023-07-15T22:33:58.047+0000] {processor.py:179} INFO - Processing /home/airflow/.local/lib/python3.7/site-packages/airflow/example_dags/example_short_circuit_decorator.py took 0.079 seconds
[2023-07-15T22:34:28.105+0000] {processor.py:157} INFO - Started process (PID=1809) to work on /home/airflow/.local/lib/python3.7/site-packages/airflow/example_dags/example_short_circuit_decorator.py
[2023-07-15T22:34:28.106+0000] {processor.py:826} INFO - Processing file /home/airflow/.local/lib/python3.7/site-packages/airflow/example_dags/example_short_circuit_decorator.py for tasks to queue
[2023-07-15T22:34:28.106+0000] {logging_mixin.py:150} INFO - [2023-07-15T22:34:28.106+0000] {dagbag.py:541} INFO - Filling up the DagBag from /home/airflow/.local/lib/python3.7/site-packages/airflow/example_dags/example_short_circuit_decorator.py
[2023-07-15T22:34:28.113+0000] {processor.py:836} INFO - DAG(s) dict_keys(['example_short_circuit_decorator']) retrieved from /home/airflow/.local/lib/python3.7/site-packages/airflow/example_dags/example_short_circuit_decorator.py
[2023-07-15T22:34:28.137+0000] {logging_mixin.py:150} INFO - [2023-07-15T22:34:28.137+0000] {dag.py:2742} INFO - Sync 1 DAGs
[2023-07-15T22:34:28.160+0000] {logging_mixin.py:150} INFO - [2023-07-15T22:34:28.160+0000] {dag.py:3508} INFO - Setting next_dagrun for example_short_circuit_decorator to 2023-07-14T22:34:28.160443+00:00, run_after=2023-07-15T22:34:28.160443+00:00
[2023-07-15T22:34:28.180+0000] {processor.py:179} INFO - Processing /home/airflow/.local/lib/python3.7/site-packages/airflow/example_dags/example_short_circuit_decorator.py took 0.078 seconds
[2023-07-15T22:34:58.284+0000] {processor.py:157} INFO - Started process (PID=2056) to work on /home/airflow/.local/lib/python3.7/site-packages/airflow/example_dags/example_short_circuit_decorator.py
[2023-07-15T22:34:58.285+0000] {processor.py:826} INFO - Processing file /home/airflow/.local/lib/python3.7/site-packages/airflow/example_dags/example_short_circuit_decorator.py for tasks to queue
[2023-07-15T22:34:58.285+0000] {logging_mixin.py:150} INFO - [2023-07-15T22:34:58.285+0000] {dagbag.py:541} INFO - Filling up the DagBag from /home/airflow/.local/lib/python3.7/site-packages/airflow/example_dags/example_short_circuit_decorator.py
[2023-07-15T22:34:58.295+0000] {processor.py:836} INFO - DAG(s) dict_keys(['example_short_circuit_decorator']) retrieved from /home/airflow/.local/lib/python3.7/site-packages/airflow/example_dags/example_short_circuit_decorator.py
[2023-07-15T22:34:58.319+0000] {logging_mixin.py:150} INFO - [2023-07-15T22:34:58.319+0000] {dag.py:2742} INFO - Sync 1 DAGs
[2023-07-15T22:34:58.343+0000] {logging_mixin.py:150} INFO - [2023-07-15T22:34:58.343+0000] {dag.py:3508} INFO - Setting next_dagrun for example_short_circuit_decorator to 2023-07-14T22:34:58.343009+00:00, run_after=2023-07-15T22:34:58.343009+00:00
[2023-07-15T22:34:58.364+0000] {processor.py:179} INFO - Processing /home/airflow/.local/lib/python3.7/site-packages/airflow/example_dags/example_short_circuit_decorator.py took 0.082 seconds
[2023-07-15T22:35:28.644+0000] {processor.py:157} INFO - Started process (PID=2307) to work on /home/airflow/.local/lib/python3.7/site-packages/airflow/example_dags/example_short_circuit_decorator.py
[2023-07-15T22:35:28.644+0000] {processor.py:826} INFO - Processing file /home/airflow/.local/lib/python3.7/site-packages/airflow/example_dags/example_short_circuit_decorator.py for tasks to queue
[2023-07-15T22:35:28.645+0000] {logging_mixin.py:150} INFO - [2023-07-15T22:35:28.645+0000] {dagbag.py:541} INFO - Filling up the DagBag from /home/airflow/.local/lib/python3.7/site-packages/airflow/example_dags/example_short_circuit_decorator.py
[2023-07-15T22:35:28.652+0000] {processor.py:836} INFO - DAG(s) dict_keys(['example_short_circuit_decorator']) retrieved from /home/airflow/.local/lib/python3.7/site-packages/airflow/example_dags/example_short_circuit_decorator.py
[2023-07-15T22:35:28.674+0000] {logging_mixin.py:150} INFO - [2023-07-15T22:35:28.674+0000] {dag.py:2742} INFO - Sync 1 DAGs
[2023-07-15T22:35:28.699+0000] {logging_mixin.py:150} INFO - [2023-07-15T22:35:28.699+0000] {dag.py:3508} INFO - Setting next_dagrun for example_short_circuit_decorator to 2023-07-14T22:35:28.699016+00:00, run_after=2023-07-15T22:35:28.699016+00:00
[2023-07-15T22:35:28.718+0000] {processor.py:179} INFO - Processing /home/airflow/.local/lib/python3.7/site-packages/airflow/example_dags/example_short_circuit_decorator.py took 0.076 seconds
