[2023-07-15T22:31:27.330+0000] {processor.py:157} INFO - Started process (PID=350) to work on /home/airflow/.local/lib/python3.7/site-packages/airflow/example_dags/example_external_task_marker_dag.py
[2023-07-15T22:31:27.331+0000] {processor.py:826} INFO - Processing file /home/airflow/.local/lib/python3.7/site-packages/airflow/example_dags/example_external_task_marker_dag.py for tasks to queue
[2023-07-15T22:31:27.331+0000] {logging_mixin.py:150} INFO - [2023-07-15T22:31:27.331+0000] {dagbag.py:541} INFO - Filling up the DagBag from /home/airflow/.local/lib/python3.7/site-packages/airflow/example_dags/example_external_task_marker_dag.py
[2023-07-15T22:31:27.336+0000] {processor.py:836} INFO - DAG(s) dict_keys(['example_external_task_marker_child', 'example_external_task_marker_parent']) retrieved from /home/airflow/.local/lib/python3.7/site-packages/airflow/example_dags/example_external_task_marker_dag.py
[2023-07-15T22:31:27.349+0000] {logging_mixin.py:150} INFO - [2023-07-15T22:31:27.349+0000] {dag.py:2742} INFO - Sync 2 DAGs
[2023-07-15T22:31:27.379+0000] {logging_mixin.py:150} INFO - [2023-07-15T22:31:27.379+0000] {dag.py:3508} INFO - Setting next_dagrun for example_external_task_marker_child to None, run_after=None
[2023-07-15T22:31:27.384+0000] {logging_mixin.py:150} INFO - [2023-07-15T22:31:27.383+0000] {dag.py:3508} INFO - Setting next_dagrun for example_external_task_marker_parent to None, run_after=None
[2023-07-15T22:31:27.403+0000] {processor.py:179} INFO - Processing /home/airflow/.local/lib/python3.7/site-packages/airflow/example_dags/example_external_task_marker_dag.py took 0.075 seconds
[2023-07-15T22:31:57.827+0000] {processor.py:157} INFO - Started process (PID=599) to work on /home/airflow/.local/lib/python3.7/site-packages/airflow/example_dags/example_external_task_marker_dag.py
[2023-07-15T22:31:57.828+0000] {processor.py:826} INFO - Processing file /home/airflow/.local/lib/python3.7/site-packages/airflow/example_dags/example_external_task_marker_dag.py for tasks to queue
[2023-07-15T22:31:57.829+0000] {logging_mixin.py:150} INFO - [2023-07-15T22:31:57.829+0000] {dagbag.py:541} INFO - Filling up the DagBag from /home/airflow/.local/lib/python3.7/site-packages/airflow/example_dags/example_external_task_marker_dag.py
[2023-07-15T22:31:57.834+0000] {processor.py:836} INFO - DAG(s) dict_keys(['example_external_task_marker_child', 'example_external_task_marker_parent']) retrieved from /home/airflow/.local/lib/python3.7/site-packages/airflow/example_dags/example_external_task_marker_dag.py
[2023-07-15T22:31:57.861+0000] {logging_mixin.py:150} INFO - [2023-07-15T22:31:57.861+0000] {dag.py:2742} INFO - Sync 2 DAGs
[2023-07-15T22:31:57.895+0000] {logging_mixin.py:150} INFO - [2023-07-15T22:31:57.895+0000] {dag.py:3508} INFO - Setting next_dagrun for example_external_task_marker_child to None, run_after=None
[2023-07-15T22:31:57.900+0000] {logging_mixin.py:150} INFO - [2023-07-15T22:31:57.899+0000] {dag.py:3508} INFO - Setting next_dagrun for example_external_task_marker_parent to None, run_after=None
[2023-07-15T22:31:57.932+0000] {processor.py:179} INFO - Processing /home/airflow/.local/lib/python3.7/site-packages/airflow/example_dags/example_external_task_marker_dag.py took 0.107 seconds
[2023-07-15T22:32:28.676+0000] {processor.py:157} INFO - Started process (PID=846) to work on /home/airflow/.local/lib/python3.7/site-packages/airflow/example_dags/example_external_task_marker_dag.py
[2023-07-15T22:32:28.677+0000] {processor.py:826} INFO - Processing file /home/airflow/.local/lib/python3.7/site-packages/airflow/example_dags/example_external_task_marker_dag.py for tasks to queue
[2023-07-15T22:32:28.678+0000] {logging_mixin.py:150} INFO - [2023-07-15T22:32:28.677+0000] {dagbag.py:541} INFO - Filling up the DagBag from /home/airflow/.local/lib/python3.7/site-packages/airflow/example_dags/example_external_task_marker_dag.py
[2023-07-15T22:32:28.684+0000] {processor.py:836} INFO - DAG(s) dict_keys(['example_external_task_marker_child', 'example_external_task_marker_parent']) retrieved from /home/airflow/.local/lib/python3.7/site-packages/airflow/example_dags/example_external_task_marker_dag.py
[2023-07-15T22:32:28.710+0000] {logging_mixin.py:150} INFO - [2023-07-15T22:32:28.710+0000] {dag.py:2742} INFO - Sync 2 DAGs
[2023-07-15T22:32:28.737+0000] {logging_mixin.py:150} INFO - [2023-07-15T22:32:28.737+0000] {dag.py:3508} INFO - Setting next_dagrun for example_external_task_marker_child to None, run_after=None
[2023-07-15T22:32:28.741+0000] {logging_mixin.py:150} INFO - [2023-07-15T22:32:28.741+0000] {dag.py:3508} INFO - Setting next_dagrun for example_external_task_marker_parent to None, run_after=None
[2023-07-15T22:32:28.761+0000] {processor.py:179} INFO - Processing /home/airflow/.local/lib/python3.7/site-packages/airflow/example_dags/example_external_task_marker_dag.py took 0.087 seconds
[2023-07-15T22:32:58.950+0000] {processor.py:157} INFO - Started process (PID=1095) to work on /home/airflow/.local/lib/python3.7/site-packages/airflow/example_dags/example_external_task_marker_dag.py
[2023-07-15T22:32:58.950+0000] {processor.py:826} INFO - Processing file /home/airflow/.local/lib/python3.7/site-packages/airflow/example_dags/example_external_task_marker_dag.py for tasks to queue
[2023-07-15T22:32:58.951+0000] {logging_mixin.py:150} INFO - [2023-07-15T22:32:58.951+0000] {dagbag.py:541} INFO - Filling up the DagBag from /home/airflow/.local/lib/python3.7/site-packages/airflow/example_dags/example_external_task_marker_dag.py
[2023-07-15T22:32:58.957+0000] {processor.py:836} INFO - DAG(s) dict_keys(['example_external_task_marker_child', 'example_external_task_marker_parent']) retrieved from /home/airflow/.local/lib/python3.7/site-packages/airflow/example_dags/example_external_task_marker_dag.py
[2023-07-15T22:32:58.990+0000] {logging_mixin.py:150} INFO - [2023-07-15T22:32:58.990+0000] {dag.py:2742} INFO - Sync 2 DAGs
[2023-07-15T22:32:59.018+0000] {logging_mixin.py:150} INFO - [2023-07-15T22:32:59.017+0000] {dag.py:3508} INFO - Setting next_dagrun for example_external_task_marker_child to None, run_after=None
[2023-07-15T22:32:59.023+0000] {logging_mixin.py:150} INFO - [2023-07-15T22:32:59.023+0000] {dag.py:3508} INFO - Setting next_dagrun for example_external_task_marker_parent to None, run_after=None
[2023-07-15T22:32:59.049+0000] {processor.py:179} INFO - Processing /home/airflow/.local/lib/python3.7/site-packages/airflow/example_dags/example_external_task_marker_dag.py took 0.102 seconds
[2023-07-15T22:33:30.023+0000] {processor.py:157} INFO - Started process (PID=1344) to work on /home/airflow/.local/lib/python3.7/site-packages/airflow/example_dags/example_external_task_marker_dag.py
[2023-07-15T22:33:30.024+0000] {processor.py:826} INFO - Processing file /home/airflow/.local/lib/python3.7/site-packages/airflow/example_dags/example_external_task_marker_dag.py for tasks to queue
[2023-07-15T22:33:30.024+0000] {logging_mixin.py:150} INFO - [2023-07-15T22:33:30.024+0000] {dagbag.py:541} INFO - Filling up the DagBag from /home/airflow/.local/lib/python3.7/site-packages/airflow/example_dags/example_external_task_marker_dag.py
[2023-07-15T22:33:30.028+0000] {processor.py:836} INFO - DAG(s) dict_keys(['example_external_task_marker_child', 'example_external_task_marker_parent']) retrieved from /home/airflow/.local/lib/python3.7/site-packages/airflow/example_dags/example_external_task_marker_dag.py
[2023-07-15T22:33:30.054+0000] {logging_mixin.py:150} INFO - [2023-07-15T22:33:30.054+0000] {dag.py:2742} INFO - Sync 2 DAGs
[2023-07-15T22:33:30.078+0000] {logging_mixin.py:150} INFO - [2023-07-15T22:33:30.078+0000] {dag.py:3508} INFO - Setting next_dagrun for example_external_task_marker_child to None, run_after=None
[2023-07-15T22:33:30.081+0000] {logging_mixin.py:150} INFO - [2023-07-15T22:33:30.081+0000] {dag.py:3508} INFO - Setting next_dagrun for example_external_task_marker_parent to None, run_after=None
[2023-07-15T22:33:30.100+0000] {processor.py:179} INFO - Processing /home/airflow/.local/lib/python3.7/site-packages/airflow/example_dags/example_external_task_marker_dag.py took 0.079 seconds
[2023-07-15T22:34:00.502+0000] {processor.py:157} INFO - Started process (PID=1593) to work on /home/airflow/.local/lib/python3.7/site-packages/airflow/example_dags/example_external_task_marker_dag.py
[2023-07-15T22:34:00.502+0000] {processor.py:826} INFO - Processing file /home/airflow/.local/lib/python3.7/site-packages/airflow/example_dags/example_external_task_marker_dag.py for tasks to queue
[2023-07-15T22:34:00.503+0000] {logging_mixin.py:150} INFO - [2023-07-15T22:34:00.503+0000] {dagbag.py:541} INFO - Filling up the DagBag from /home/airflow/.local/lib/python3.7/site-packages/airflow/example_dags/example_external_task_marker_dag.py
[2023-07-15T22:34:00.508+0000] {processor.py:836} INFO - DAG(s) dict_keys(['example_external_task_marker_parent', 'example_external_task_marker_child']) retrieved from /home/airflow/.local/lib/python3.7/site-packages/airflow/example_dags/example_external_task_marker_dag.py
[2023-07-15T22:34:00.534+0000] {logging_mixin.py:150} INFO - [2023-07-15T22:34:00.534+0000] {dag.py:2742} INFO - Sync 2 DAGs
[2023-07-15T22:34:00.560+0000] {logging_mixin.py:150} INFO - [2023-07-15T22:34:00.560+0000] {dag.py:3508} INFO - Setting next_dagrun for example_external_task_marker_child to None, run_after=None
[2023-07-15T22:34:00.563+0000] {logging_mixin.py:150} INFO - [2023-07-15T22:34:00.563+0000] {dag.py:3508} INFO - Setting next_dagrun for example_external_task_marker_parent to None, run_after=None
[2023-07-15T22:34:00.581+0000] {processor.py:179} INFO - Processing /home/airflow/.local/lib/python3.7/site-packages/airflow/example_dags/example_external_task_marker_dag.py took 0.082 seconds
[2023-07-15T22:34:30.941+0000] {processor.py:157} INFO - Started process (PID=1844) to work on /home/airflow/.local/lib/python3.7/site-packages/airflow/example_dags/example_external_task_marker_dag.py
[2023-07-15T22:34:30.942+0000] {processor.py:826} INFO - Processing file /home/airflow/.local/lib/python3.7/site-packages/airflow/example_dags/example_external_task_marker_dag.py for tasks to queue
[2023-07-15T22:34:30.943+0000] {logging_mixin.py:150} INFO - [2023-07-15T22:34:30.942+0000] {dagbag.py:541} INFO - Filling up the DagBag from /home/airflow/.local/lib/python3.7/site-packages/airflow/example_dags/example_external_task_marker_dag.py
[2023-07-15T22:34:30.948+0000] {processor.py:836} INFO - DAG(s) dict_keys(['example_external_task_marker_child', 'example_external_task_marker_parent']) retrieved from /home/airflow/.local/lib/python3.7/site-packages/airflow/example_dags/example_external_task_marker_dag.py
[2023-07-15T22:34:30.979+0000] {logging_mixin.py:150} INFO - [2023-07-15T22:34:30.979+0000] {dag.py:2742} INFO - Sync 2 DAGs
[2023-07-15T22:34:31.005+0000] {logging_mixin.py:150} INFO - [2023-07-15T22:34:31.005+0000] {dag.py:3508} INFO - Setting next_dagrun for example_external_task_marker_child to None, run_after=None
[2023-07-15T22:34:31.009+0000] {logging_mixin.py:150} INFO - [2023-07-15T22:34:31.008+0000] {dag.py:3508} INFO - Setting next_dagrun for example_external_task_marker_parent to None, run_after=None
[2023-07-15T22:34:31.030+0000] {processor.py:179} INFO - Processing /home/airflow/.local/lib/python3.7/site-packages/airflow/example_dags/example_external_task_marker_dag.py took 0.091 seconds
[2023-07-15T22:35:01.772+0000] {processor.py:157} INFO - Started process (PID=2091) to work on /home/airflow/.local/lib/python3.7/site-packages/airflow/example_dags/example_external_task_marker_dag.py
[2023-07-15T22:35:01.773+0000] {processor.py:826} INFO - Processing file /home/airflow/.local/lib/python3.7/site-packages/airflow/example_dags/example_external_task_marker_dag.py for tasks to queue
[2023-07-15T22:35:01.774+0000] {logging_mixin.py:150} INFO - [2023-07-15T22:35:01.774+0000] {dagbag.py:541} INFO - Filling up the DagBag from /home/airflow/.local/lib/python3.7/site-packages/airflow/example_dags/example_external_task_marker_dag.py
[2023-07-15T22:35:01.778+0000] {processor.py:836} INFO - DAG(s) dict_keys(['example_external_task_marker_child', 'example_external_task_marker_parent']) retrieved from /home/airflow/.local/lib/python3.7/site-packages/airflow/example_dags/example_external_task_marker_dag.py
[2023-07-15T22:35:01.807+0000] {logging_mixin.py:150} INFO - [2023-07-15T22:35:01.807+0000] {dag.py:2742} INFO - Sync 2 DAGs
[2023-07-15T22:35:01.833+0000] {logging_mixin.py:150} INFO - [2023-07-15T22:35:01.832+0000] {dag.py:3508} INFO - Setting next_dagrun for example_external_task_marker_child to None, run_after=None
[2023-07-15T22:35:01.837+0000] {logging_mixin.py:150} INFO - [2023-07-15T22:35:01.836+0000] {dag.py:3508} INFO - Setting next_dagrun for example_external_task_marker_parent to None, run_after=None
[2023-07-15T22:35:01.856+0000] {processor.py:179} INFO - Processing /home/airflow/.local/lib/python3.7/site-packages/airflow/example_dags/example_external_task_marker_dag.py took 0.087 seconds
[2023-07-15T22:35:32.067+0000] {processor.py:157} INFO - Started process (PID=2340) to work on /home/airflow/.local/lib/python3.7/site-packages/airflow/example_dags/example_external_task_marker_dag.py
[2023-07-15T22:35:32.068+0000] {processor.py:826} INFO - Processing file /home/airflow/.local/lib/python3.7/site-packages/airflow/example_dags/example_external_task_marker_dag.py for tasks to queue
[2023-07-15T22:35:32.069+0000] {logging_mixin.py:150} INFO - [2023-07-15T22:35:32.069+0000] {dagbag.py:541} INFO - Filling up the DagBag from /home/airflow/.local/lib/python3.7/site-packages/airflow/example_dags/example_external_task_marker_dag.py
[2023-07-15T22:35:32.073+0000] {processor.py:836} INFO - DAG(s) dict_keys(['example_external_task_marker_parent', 'example_external_task_marker_child']) retrieved from /home/airflow/.local/lib/python3.7/site-packages/airflow/example_dags/example_external_task_marker_dag.py
[2023-07-15T22:35:32.099+0000] {logging_mixin.py:150} INFO - [2023-07-15T22:35:32.098+0000] {dag.py:2742} INFO - Sync 2 DAGs
[2023-07-15T22:35:32.122+0000] {logging_mixin.py:150} INFO - [2023-07-15T22:35:32.122+0000] {dag.py:3508} INFO - Setting next_dagrun for example_external_task_marker_child to None, run_after=None
[2023-07-15T22:35:32.125+0000] {logging_mixin.py:150} INFO - [2023-07-15T22:35:32.125+0000] {dag.py:3508} INFO - Setting next_dagrun for example_external_task_marker_parent to None, run_after=None
[2023-07-15T22:35:32.144+0000] {processor.py:179} INFO - Processing /home/airflow/.local/lib/python3.7/site-packages/airflow/example_dags/example_external_task_marker_dag.py took 0.079 seconds
