[2023-07-15T22:31:27.515+0000] {processor.py:157} INFO - Started process (PID=368) to work on /home/airflow/.local/lib/python3.7/site-packages/airflow/example_dags/example_bash_operator.py
[2023-07-15T22:31:27.516+0000] {processor.py:826} INFO - Processing file /home/airflow/.local/lib/python3.7/site-packages/airflow/example_dags/example_bash_operator.py for tasks to queue
[2023-07-15T22:31:27.516+0000] {logging_mixin.py:150} INFO - [2023-07-15T22:31:27.516+0000] {dagbag.py:541} INFO - Filling up the DagBag from /home/airflow/.local/lib/python3.7/site-packages/airflow/example_dags/example_bash_operator.py
[2023-07-15T22:31:27.528+0000] {processor.py:836} INFO - DAG(s) dict_keys(['example_bash_operator']) retrieved from /home/airflow/.local/lib/python3.7/site-packages/airflow/example_dags/example_bash_operator.py
[2023-07-15T22:31:27.540+0000] {logging_mixin.py:150} INFO - [2023-07-15T22:31:27.540+0000] {dag.py:2742} INFO - Sync 1 DAGs
[2023-07-15T22:31:27.567+0000] {logging_mixin.py:150} INFO - [2023-07-15T22:31:27.567+0000] {dag.py:3508} INFO - Setting next_dagrun for example_bash_operator to 2023-07-14T00:00:00+00:00, run_after=2023-07-15T00:00:00+00:00
[2023-07-15T22:31:27.590+0000] {processor.py:179} INFO - Processing /home/airflow/.local/lib/python3.7/site-packages/airflow/example_dags/example_bash_operator.py took 0.078 seconds
[2023-07-15T22:31:58.159+0000] {processor.py:157} INFO - Started process (PID=614) to work on /home/airflow/.local/lib/python3.7/site-packages/airflow/example_dags/example_bash_operator.py
[2023-07-15T22:31:58.161+0000] {processor.py:826} INFO - Processing file /home/airflow/.local/lib/python3.7/site-packages/airflow/example_dags/example_bash_operator.py for tasks to queue
[2023-07-15T22:31:58.169+0000] {logging_mixin.py:150} INFO - [2023-07-15T22:31:58.162+0000] {dagbag.py:541} INFO - Filling up the DagBag from /home/airflow/.local/lib/python3.7/site-packages/airflow/example_dags/example_bash_operator.py
[2023-07-15T22:31:58.249+0000] {processor.py:836} INFO - DAG(s) dict_keys(['example_bash_operator']) retrieved from /home/airflow/.local/lib/python3.7/site-packages/airflow/example_dags/example_bash_operator.py
[2023-07-15T22:31:58.297+0000] {logging_mixin.py:150} INFO - [2023-07-15T22:31:58.293+0000] {dag.py:2742} INFO - Sync 1 DAGs
[2023-07-15T22:31:58.330+0000] {logging_mixin.py:150} INFO - [2023-07-15T22:31:58.330+0000] {dag.py:3508} INFO - Setting next_dagrun for example_bash_operator to 2023-07-14T00:00:00+00:00, run_after=2023-07-15T00:00:00+00:00
[2023-07-15T22:31:58.353+0000] {processor.py:179} INFO - Processing /home/airflow/.local/lib/python3.7/site-packages/airflow/example_dags/example_bash_operator.py took 0.204 seconds
[2023-07-15T22:32:28.921+0000] {processor.py:157} INFO - Started process (PID=871) to work on /home/airflow/.local/lib/python3.7/site-packages/airflow/example_dags/example_bash_operator.py
[2023-07-15T22:32:28.922+0000] {processor.py:826} INFO - Processing file /home/airflow/.local/lib/python3.7/site-packages/airflow/example_dags/example_bash_operator.py for tasks to queue
[2023-07-15T22:32:28.922+0000] {logging_mixin.py:150} INFO - [2023-07-15T22:32:28.922+0000] {dagbag.py:541} INFO - Filling up the DagBag from /home/airflow/.local/lib/python3.7/site-packages/airflow/example_dags/example_bash_operator.py
[2023-07-15T22:32:28.935+0000] {processor.py:836} INFO - DAG(s) dict_keys(['example_bash_operator']) retrieved from /home/airflow/.local/lib/python3.7/site-packages/airflow/example_dags/example_bash_operator.py
[2023-07-15T22:32:28.968+0000] {logging_mixin.py:150} INFO - [2023-07-15T22:32:28.968+0000] {dag.py:2742} INFO - Sync 1 DAGs
[2023-07-15T22:32:28.994+0000] {logging_mixin.py:150} INFO - [2023-07-15T22:32:28.993+0000] {dag.py:3508} INFO - Setting next_dagrun for example_bash_operator to 2023-07-14T00:00:00+00:00, run_after=2023-07-15T00:00:00+00:00
[2023-07-15T22:32:29.014+0000] {processor.py:179} INFO - Processing /home/airflow/.local/lib/python3.7/site-packages/airflow/example_dags/example_bash_operator.py took 0.095 seconds
[2023-07-15T22:32:59.186+0000] {processor.py:157} INFO - Started process (PID=1110) to work on /home/airflow/.local/lib/python3.7/site-packages/airflow/example_dags/example_bash_operator.py
[2023-07-15T22:32:59.188+0000] {processor.py:826} INFO - Processing file /home/airflow/.local/lib/python3.7/site-packages/airflow/example_dags/example_bash_operator.py for tasks to queue
[2023-07-15T22:32:59.188+0000] {logging_mixin.py:150} INFO - [2023-07-15T22:32:59.188+0000] {dagbag.py:541} INFO - Filling up the DagBag from /home/airflow/.local/lib/python3.7/site-packages/airflow/example_dags/example_bash_operator.py
[2023-07-15T22:32:59.200+0000] {processor.py:836} INFO - DAG(s) dict_keys(['example_bash_operator']) retrieved from /home/airflow/.local/lib/python3.7/site-packages/airflow/example_dags/example_bash_operator.py
[2023-07-15T22:32:59.235+0000] {logging_mixin.py:150} INFO - [2023-07-15T22:32:59.235+0000] {dag.py:2742} INFO - Sync 1 DAGs
[2023-07-15T22:32:59.264+0000] {logging_mixin.py:150} INFO - [2023-07-15T22:32:59.264+0000] {dag.py:3508} INFO - Setting next_dagrun for example_bash_operator to 2023-07-14T00:00:00+00:00, run_after=2023-07-15T00:00:00+00:00
[2023-07-15T22:32:59.284+0000] {processor.py:179} INFO - Processing /home/airflow/.local/lib/python3.7/site-packages/airflow/example_dags/example_bash_operator.py took 0.101 seconds
[2023-07-15T22:33:30.256+0000] {processor.py:157} INFO - Started process (PID=1364) to work on /home/airflow/.local/lib/python3.7/site-packages/airflow/example_dags/example_bash_operator.py
[2023-07-15T22:33:30.257+0000] {processor.py:826} INFO - Processing file /home/airflow/.local/lib/python3.7/site-packages/airflow/example_dags/example_bash_operator.py for tasks to queue
[2023-07-15T22:33:30.258+0000] {logging_mixin.py:150} INFO - [2023-07-15T22:33:30.258+0000] {dagbag.py:541} INFO - Filling up the DagBag from /home/airflow/.local/lib/python3.7/site-packages/airflow/example_dags/example_bash_operator.py
[2023-07-15T22:33:30.270+0000] {processor.py:836} INFO - DAG(s) dict_keys(['example_bash_operator']) retrieved from /home/airflow/.local/lib/python3.7/site-packages/airflow/example_dags/example_bash_operator.py
[2023-07-15T22:33:30.305+0000] {logging_mixin.py:150} INFO - [2023-07-15T22:33:30.305+0000] {dag.py:2742} INFO - Sync 1 DAGs
[2023-07-15T22:33:30.331+0000] {logging_mixin.py:150} INFO - [2023-07-15T22:33:30.330+0000] {dag.py:3508} INFO - Setting next_dagrun for example_bash_operator to 2023-07-14T00:00:00+00:00, run_after=2023-07-15T00:00:00+00:00
[2023-07-15T22:33:30.354+0000] {processor.py:179} INFO - Processing /home/airflow/.local/lib/python3.7/site-packages/airflow/example_dags/example_bash_operator.py took 0.100 seconds
[2023-07-15T22:34:00.745+0000] {processor.py:157} INFO - Started process (PID=1613) to work on /home/airflow/.local/lib/python3.7/site-packages/airflow/example_dags/example_bash_operator.py
[2023-07-15T22:34:00.746+0000] {processor.py:826} INFO - Processing file /home/airflow/.local/lib/python3.7/site-packages/airflow/example_dags/example_bash_operator.py for tasks to queue
[2023-07-15T22:34:00.747+0000] {logging_mixin.py:150} INFO - [2023-07-15T22:34:00.747+0000] {dagbag.py:541} INFO - Filling up the DagBag from /home/airflow/.local/lib/python3.7/site-packages/airflow/example_dags/example_bash_operator.py
[2023-07-15T22:34:00.758+0000] {processor.py:836} INFO - DAG(s) dict_keys(['example_bash_operator']) retrieved from /home/airflow/.local/lib/python3.7/site-packages/airflow/example_dags/example_bash_operator.py
[2023-07-15T22:34:00.793+0000] {logging_mixin.py:150} INFO - [2023-07-15T22:34:00.793+0000] {dag.py:2742} INFO - Sync 1 DAGs
[2023-07-15T22:34:00.817+0000] {logging_mixin.py:150} INFO - [2023-07-15T22:34:00.817+0000] {dag.py:3508} INFO - Setting next_dagrun for example_bash_operator to 2023-07-14T00:00:00+00:00, run_after=2023-07-15T00:00:00+00:00
[2023-07-15T22:34:00.837+0000] {processor.py:179} INFO - Processing /home/airflow/.local/lib/python3.7/site-packages/airflow/example_dags/example_bash_operator.py took 0.094 seconds
[2023-07-15T22:34:31.169+0000] {processor.py:157} INFO - Started process (PID=1862) to work on /home/airflow/.local/lib/python3.7/site-packages/airflow/example_dags/example_bash_operator.py
[2023-07-15T22:34:31.169+0000] {processor.py:826} INFO - Processing file /home/airflow/.local/lib/python3.7/site-packages/airflow/example_dags/example_bash_operator.py for tasks to queue
[2023-07-15T22:34:31.170+0000] {logging_mixin.py:150} INFO - [2023-07-15T22:34:31.170+0000] {dagbag.py:541} INFO - Filling up the DagBag from /home/airflow/.local/lib/python3.7/site-packages/airflow/example_dags/example_bash_operator.py
[2023-07-15T22:34:31.181+0000] {processor.py:836} INFO - DAG(s) dict_keys(['example_bash_operator']) retrieved from /home/airflow/.local/lib/python3.7/site-packages/airflow/example_dags/example_bash_operator.py
[2023-07-15T22:34:31.214+0000] {logging_mixin.py:150} INFO - [2023-07-15T22:34:31.214+0000] {dag.py:2742} INFO - Sync 1 DAGs
[2023-07-15T22:34:31.241+0000] {logging_mixin.py:150} INFO - [2023-07-15T22:34:31.241+0000] {dag.py:3508} INFO - Setting next_dagrun for example_bash_operator to 2023-07-14T00:00:00+00:00, run_after=2023-07-15T00:00:00+00:00
[2023-07-15T22:34:31.263+0000] {processor.py:179} INFO - Processing /home/airflow/.local/lib/python3.7/site-packages/airflow/example_dags/example_bash_operator.py took 0.097 seconds
[2023-07-15T22:35:01.980+0000] {processor.py:157} INFO - Started process (PID=2106) to work on /home/airflow/.local/lib/python3.7/site-packages/airflow/example_dags/example_bash_operator.py
[2023-07-15T22:35:01.981+0000] {processor.py:826} INFO - Processing file /home/airflow/.local/lib/python3.7/site-packages/airflow/example_dags/example_bash_operator.py for tasks to queue
[2023-07-15T22:35:01.981+0000] {logging_mixin.py:150} INFO - [2023-07-15T22:35:01.981+0000] {dagbag.py:541} INFO - Filling up the DagBag from /home/airflow/.local/lib/python3.7/site-packages/airflow/example_dags/example_bash_operator.py
[2023-07-15T22:35:01.993+0000] {processor.py:836} INFO - DAG(s) dict_keys(['example_bash_operator']) retrieved from /home/airflow/.local/lib/python3.7/site-packages/airflow/example_dags/example_bash_operator.py
[2023-07-15T22:35:02.030+0000] {logging_mixin.py:150} INFO - [2023-07-15T22:35:02.030+0000] {dag.py:2742} INFO - Sync 1 DAGs
[2023-07-15T22:35:02.058+0000] {logging_mixin.py:150} INFO - [2023-07-15T22:35:02.058+0000] {dag.py:3508} INFO - Setting next_dagrun for example_bash_operator to 2023-07-14T00:00:00+00:00, run_after=2023-07-15T00:00:00+00:00
[2023-07-15T22:35:02.082+0000] {processor.py:179} INFO - Processing /home/airflow/.local/lib/python3.7/site-packages/airflow/example_dags/example_bash_operator.py took 0.104 seconds
[2023-07-15T22:35:32.255+0000] {processor.py:157} INFO - Started process (PID=2355) to work on /home/airflow/.local/lib/python3.7/site-packages/airflow/example_dags/example_bash_operator.py
[2023-07-15T22:35:32.256+0000] {processor.py:826} INFO - Processing file /home/airflow/.local/lib/python3.7/site-packages/airflow/example_dags/example_bash_operator.py for tasks to queue
[2023-07-15T22:35:32.257+0000] {logging_mixin.py:150} INFO - [2023-07-15T22:35:32.257+0000] {dagbag.py:541} INFO - Filling up the DagBag from /home/airflow/.local/lib/python3.7/site-packages/airflow/example_dags/example_bash_operator.py
[2023-07-15T22:35:32.267+0000] {processor.py:836} INFO - DAG(s) dict_keys(['example_bash_operator']) retrieved from /home/airflow/.local/lib/python3.7/site-packages/airflow/example_dags/example_bash_operator.py
[2023-07-15T22:35:32.300+0000] {logging_mixin.py:150} INFO - [2023-07-15T22:35:32.299+0000] {dag.py:2742} INFO - Sync 1 DAGs
[2023-07-15T22:35:32.326+0000] {logging_mixin.py:150} INFO - [2023-07-15T22:35:32.326+0000] {dag.py:3508} INFO - Setting next_dagrun for example_bash_operator to 2023-07-14T00:00:00+00:00, run_after=2023-07-15T00:00:00+00:00
[2023-07-15T22:35:32.345+0000] {processor.py:179} INFO - Processing /home/airflow/.local/lib/python3.7/site-packages/airflow/example_dags/example_bash_operator.py took 0.092 seconds
