[2023-07-15T22:31:25.827+0000] {processor.py:157} INFO - Started process (PID=248) to work on /home/airflow/.local/lib/python3.7/site-packages/airflow/example_dags/example_sensors.py
[2023-07-15T22:31:25.827+0000] {processor.py:826} INFO - Processing file /home/airflow/.local/lib/python3.7/site-packages/airflow/example_dags/example_sensors.py for tasks to queue
[2023-07-15T22:31:25.828+0000] {logging_mixin.py:150} INFO - [2023-07-15T22:31:25.828+0000] {dagbag.py:541} INFO - Filling up the DagBag from /home/airflow/.local/lib/python3.7/site-packages/airflow/example_dags/example_sensors.py
[2023-07-15T22:31:25.839+0000] {processor.py:836} INFO - DAG(s) dict_keys(['example_sensors']) retrieved from /home/airflow/.local/lib/python3.7/site-packages/airflow/example_dags/example_sensors.py
[2023-07-15T22:31:25.850+0000] {logging_mixin.py:150} INFO - [2023-07-15T22:31:25.849+0000] {dag.py:2742} INFO - Sync 1 DAGs
[2023-07-15T22:31:25.876+0000] {logging_mixin.py:150} INFO - [2023-07-15T22:31:25.876+0000] {dag.py:3508} INFO - Setting next_dagrun for example_sensors to None, run_after=None
[2023-07-15T22:31:25.898+0000] {processor.py:179} INFO - Processing /home/airflow/.local/lib/python3.7/site-packages/airflow/example_dags/example_sensors.py took 0.074 seconds
[2023-07-15T22:31:56.195+0000] {processor.py:157} INFO - Started process (PID=497) to work on /home/airflow/.local/lib/python3.7/site-packages/airflow/example_dags/example_sensors.py
[2023-07-15T22:31:56.196+0000] {processor.py:826} INFO - Processing file /home/airflow/.local/lib/python3.7/site-packages/airflow/example_dags/example_sensors.py for tasks to queue
[2023-07-15T22:31:56.196+0000] {logging_mixin.py:150} INFO - [2023-07-15T22:31:56.196+0000] {dagbag.py:541} INFO - Filling up the DagBag from /home/airflow/.local/lib/python3.7/site-packages/airflow/example_dags/example_sensors.py
[2023-07-15T22:31:56.204+0000] {processor.py:836} INFO - DAG(s) dict_keys(['example_sensors']) retrieved from /home/airflow/.local/lib/python3.7/site-packages/airflow/example_dags/example_sensors.py
[2023-07-15T22:31:56.229+0000] {logging_mixin.py:150} INFO - [2023-07-15T22:31:56.229+0000] {dag.py:2742} INFO - Sync 1 DAGs
[2023-07-15T22:31:56.254+0000] {logging_mixin.py:150} INFO - [2023-07-15T22:31:56.253+0000] {dag.py:3508} INFO - Setting next_dagrun for example_sensors to None, run_after=None
[2023-07-15T22:31:56.273+0000] {processor.py:179} INFO - Processing /home/airflow/.local/lib/python3.7/site-packages/airflow/example_dags/example_sensors.py took 0.080 seconds
[2023-07-15T22:32:26.343+0000] {processor.py:157} INFO - Started process (PID=746) to work on /home/airflow/.local/lib/python3.7/site-packages/airflow/example_dags/example_sensors.py
[2023-07-15T22:32:26.345+0000] {processor.py:826} INFO - Processing file /home/airflow/.local/lib/python3.7/site-packages/airflow/example_dags/example_sensors.py for tasks to queue
[2023-07-15T22:32:26.345+0000] {logging_mixin.py:150} INFO - [2023-07-15T22:32:26.345+0000] {dagbag.py:541} INFO - Filling up the DagBag from /home/airflow/.local/lib/python3.7/site-packages/airflow/example_dags/example_sensors.py
[2023-07-15T22:32:26.352+0000] {processor.py:836} INFO - DAG(s) dict_keys(['example_sensors']) retrieved from /home/airflow/.local/lib/python3.7/site-packages/airflow/example_dags/example_sensors.py
[2023-07-15T22:32:26.377+0000] {logging_mixin.py:150} INFO - [2023-07-15T22:32:26.377+0000] {dag.py:2742} INFO - Sync 1 DAGs
[2023-07-15T22:32:26.403+0000] {logging_mixin.py:150} INFO - [2023-07-15T22:32:26.403+0000] {dag.py:3508} INFO - Setting next_dagrun for example_sensors to None, run_after=None
[2023-07-15T22:32:26.424+0000] {processor.py:179} INFO - Processing /home/airflow/.local/lib/python3.7/site-packages/airflow/example_dags/example_sensors.py took 0.083 seconds
[2023-07-15T22:32:56.533+0000] {processor.py:157} INFO - Started process (PID=995) to work on /home/airflow/.local/lib/python3.7/site-packages/airflow/example_dags/example_sensors.py
[2023-07-15T22:32:56.534+0000] {processor.py:826} INFO - Processing file /home/airflow/.local/lib/python3.7/site-packages/airflow/example_dags/example_sensors.py for tasks to queue
[2023-07-15T22:32:56.535+0000] {logging_mixin.py:150} INFO - [2023-07-15T22:32:56.535+0000] {dagbag.py:541} INFO - Filling up the DagBag from /home/airflow/.local/lib/python3.7/site-packages/airflow/example_dags/example_sensors.py
[2023-07-15T22:32:56.542+0000] {processor.py:836} INFO - DAG(s) dict_keys(['example_sensors']) retrieved from /home/airflow/.local/lib/python3.7/site-packages/airflow/example_dags/example_sensors.py
[2023-07-15T22:32:56.571+0000] {logging_mixin.py:150} INFO - [2023-07-15T22:32:56.571+0000] {dag.py:2742} INFO - Sync 1 DAGs
[2023-07-15T22:32:56.604+0000] {logging_mixin.py:150} INFO - [2023-07-15T22:32:56.604+0000] {dag.py:3508} INFO - Setting next_dagrun for example_sensors to None, run_after=None
[2023-07-15T22:32:56.630+0000] {processor.py:179} INFO - Processing /home/airflow/.local/lib/python3.7/site-packages/airflow/example_dags/example_sensors.py took 0.099 seconds
[2023-07-15T22:33:26.842+0000] {processor.py:157} INFO - Started process (PID=1244) to work on /home/airflow/.local/lib/python3.7/site-packages/airflow/example_dags/example_sensors.py
[2023-07-15T22:33:26.843+0000] {processor.py:826} INFO - Processing file /home/airflow/.local/lib/python3.7/site-packages/airflow/example_dags/example_sensors.py for tasks to queue
[2023-07-15T22:33:26.843+0000] {logging_mixin.py:150} INFO - [2023-07-15T22:33:26.843+0000] {dagbag.py:541} INFO - Filling up the DagBag from /home/airflow/.local/lib/python3.7/site-packages/airflow/example_dags/example_sensors.py
[2023-07-15T22:33:26.852+0000] {processor.py:836} INFO - DAG(s) dict_keys(['example_sensors']) retrieved from /home/airflow/.local/lib/python3.7/site-packages/airflow/example_dags/example_sensors.py
[2023-07-15T22:33:26.879+0000] {logging_mixin.py:150} INFO - [2023-07-15T22:33:26.879+0000] {dag.py:2742} INFO - Sync 1 DAGs
[2023-07-15T22:33:26.907+0000] {logging_mixin.py:150} INFO - [2023-07-15T22:33:26.907+0000] {dag.py:3508} INFO - Setting next_dagrun for example_sensors to None, run_after=None
[2023-07-15T22:33:26.927+0000] {processor.py:179} INFO - Processing /home/airflow/.local/lib/python3.7/site-packages/airflow/example_dags/example_sensors.py took 0.087 seconds
[2023-07-15T22:33:57.029+0000] {processor.py:157} INFO - Started process (PID=1493) to work on /home/airflow/.local/lib/python3.7/site-packages/airflow/example_dags/example_sensors.py
[2023-07-15T22:33:57.030+0000] {processor.py:826} INFO - Processing file /home/airflow/.local/lib/python3.7/site-packages/airflow/example_dags/example_sensors.py for tasks to queue
[2023-07-15T22:33:57.031+0000] {logging_mixin.py:150} INFO - [2023-07-15T22:33:57.031+0000] {dagbag.py:541} INFO - Filling up the DagBag from /home/airflow/.local/lib/python3.7/site-packages/airflow/example_dags/example_sensors.py
[2023-07-15T22:33:57.039+0000] {processor.py:836} INFO - DAG(s) dict_keys(['example_sensors']) retrieved from /home/airflow/.local/lib/python3.7/site-packages/airflow/example_dags/example_sensors.py
[2023-07-15T22:33:57.067+0000] {logging_mixin.py:150} INFO - [2023-07-15T22:33:57.066+0000] {dag.py:2742} INFO - Sync 1 DAGs
[2023-07-15T22:33:57.091+0000] {logging_mixin.py:150} INFO - [2023-07-15T22:33:57.091+0000] {dag.py:3508} INFO - Setting next_dagrun for example_sensors to None, run_after=None
[2023-07-15T22:33:57.114+0000] {processor.py:179} INFO - Processing /home/airflow/.local/lib/python3.7/site-packages/airflow/example_dags/example_sensors.py took 0.088 seconds
[2023-07-15T22:34:27.286+0000] {processor.py:157} INFO - Started process (PID=1742) to work on /home/airflow/.local/lib/python3.7/site-packages/airflow/example_dags/example_sensors.py
[2023-07-15T22:34:27.287+0000] {processor.py:826} INFO - Processing file /home/airflow/.local/lib/python3.7/site-packages/airflow/example_dags/example_sensors.py for tasks to queue
[2023-07-15T22:34:27.287+0000] {logging_mixin.py:150} INFO - [2023-07-15T22:34:27.287+0000] {dagbag.py:541} INFO - Filling up the DagBag from /home/airflow/.local/lib/python3.7/site-packages/airflow/example_dags/example_sensors.py
[2023-07-15T22:34:27.295+0000] {processor.py:836} INFO - DAG(s) dict_keys(['example_sensors']) retrieved from /home/airflow/.local/lib/python3.7/site-packages/airflow/example_dags/example_sensors.py
[2023-07-15T22:34:27.322+0000] {logging_mixin.py:150} INFO - [2023-07-15T22:34:27.322+0000] {dag.py:2742} INFO - Sync 1 DAGs
[2023-07-15T22:34:27.346+0000] {logging_mixin.py:150} INFO - [2023-07-15T22:34:27.346+0000] {dag.py:3508} INFO - Setting next_dagrun for example_sensors to None, run_after=None
[2023-07-15T22:34:27.367+0000] {processor.py:179} INFO - Processing /home/airflow/.local/lib/python3.7/site-packages/airflow/example_dags/example_sensors.py took 0.083 seconds
[2023-07-15T22:34:57.494+0000] {processor.py:157} INFO - Started process (PID=1991) to work on /home/airflow/.local/lib/python3.7/site-packages/airflow/example_dags/example_sensors.py
[2023-07-15T22:34:57.495+0000] {processor.py:826} INFO - Processing file /home/airflow/.local/lib/python3.7/site-packages/airflow/example_dags/example_sensors.py for tasks to queue
[2023-07-15T22:34:57.495+0000] {logging_mixin.py:150} INFO - [2023-07-15T22:34:57.495+0000] {dagbag.py:541} INFO - Filling up the DagBag from /home/airflow/.local/lib/python3.7/site-packages/airflow/example_dags/example_sensors.py
[2023-07-15T22:34:57.502+0000] {processor.py:836} INFO - DAG(s) dict_keys(['example_sensors']) retrieved from /home/airflow/.local/lib/python3.7/site-packages/airflow/example_dags/example_sensors.py
[2023-07-15T22:34:57.528+0000] {logging_mixin.py:150} INFO - [2023-07-15T22:34:57.527+0000] {dag.py:2742} INFO - Sync 1 DAGs
[2023-07-15T22:34:57.551+0000] {logging_mixin.py:150} INFO - [2023-07-15T22:34:57.551+0000] {dag.py:3508} INFO - Setting next_dagrun for example_sensors to None, run_after=None
[2023-07-15T22:34:57.573+0000] {processor.py:179} INFO - Processing /home/airflow/.local/lib/python3.7/site-packages/airflow/example_dags/example_sensors.py took 0.081 seconds
[2023-07-15T22:35:27.726+0000] {processor.py:157} INFO - Started process (PID=2240) to work on /home/airflow/.local/lib/python3.7/site-packages/airflow/example_dags/example_sensors.py
[2023-07-15T22:35:27.727+0000] {processor.py:826} INFO - Processing file /home/airflow/.local/lib/python3.7/site-packages/airflow/example_dags/example_sensors.py for tasks to queue
[2023-07-15T22:35:27.728+0000] {logging_mixin.py:150} INFO - [2023-07-15T22:35:27.727+0000] {dagbag.py:541} INFO - Filling up the DagBag from /home/airflow/.local/lib/python3.7/site-packages/airflow/example_dags/example_sensors.py
[2023-07-15T22:35:27.735+0000] {processor.py:836} INFO - DAG(s) dict_keys(['example_sensors']) retrieved from /home/airflow/.local/lib/python3.7/site-packages/airflow/example_dags/example_sensors.py
[2023-07-15T22:35:27.762+0000] {logging_mixin.py:150} INFO - [2023-07-15T22:35:27.762+0000] {dag.py:2742} INFO - Sync 1 DAGs
[2023-07-15T22:35:27.789+0000] {logging_mixin.py:150} INFO - [2023-07-15T22:35:27.788+0000] {dag.py:3508} INFO - Setting next_dagrun for example_sensors to None, run_after=None
[2023-07-15T22:35:27.810+0000] {processor.py:179} INFO - Processing /home/airflow/.local/lib/python3.7/site-packages/airflow/example_dags/example_sensors.py took 0.086 seconds
