[2023-07-15T22:31:25.765+0000] {processor.py:157} INFO - Started process (PID=243) to work on /home/airflow/.local/lib/python3.7/site-packages/airflow/example_dags/example_task_group_decorator.py
[2023-07-15T22:31:25.766+0000] {processor.py:826} INFO - Processing file /home/airflow/.local/lib/python3.7/site-packages/airflow/example_dags/example_task_group_decorator.py for tasks to queue
[2023-07-15T22:31:25.767+0000] {logging_mixin.py:150} INFO - [2023-07-15T22:31:25.767+0000] {dagbag.py:541} INFO - Filling up the DagBag from /home/airflow/.local/lib/python3.7/site-packages/airflow/example_dags/example_task_group_decorator.py
[2023-07-15T22:31:25.786+0000] {processor.py:836} INFO - DAG(s) dict_keys(['example_task_group_decorator']) retrieved from /home/airflow/.local/lib/python3.7/site-packages/airflow/example_dags/example_task_group_decorator.py
[2023-07-15T22:31:25.802+0000] {logging_mixin.py:150} INFO - [2023-07-15T22:31:25.802+0000] {dag.py:2742} INFO - Sync 1 DAGs
[2023-07-15T22:31:25.828+0000] {logging_mixin.py:150} INFO - [2023-07-15T22:31:25.828+0000] {dag.py:3508} INFO - Setting next_dagrun for example_task_group_decorator to 2023-07-14T22:31:25.828284+00:00, run_after=2023-07-15T22:31:25.828284+00:00
[2023-07-15T22:31:25.848+0000] {processor.py:179} INFO - Processing /home/airflow/.local/lib/python3.7/site-packages/airflow/example_dags/example_task_group_decorator.py took 0.086 seconds
[2023-07-15T22:31:56.134+0000] {processor.py:157} INFO - Started process (PID=492) to work on /home/airflow/.local/lib/python3.7/site-packages/airflow/example_dags/example_task_group_decorator.py
[2023-07-15T22:31:56.135+0000] {processor.py:826} INFO - Processing file /home/airflow/.local/lib/python3.7/site-packages/airflow/example_dags/example_task_group_decorator.py for tasks to queue
[2023-07-15T22:31:56.135+0000] {logging_mixin.py:150} INFO - [2023-07-15T22:31:56.135+0000] {dagbag.py:541} INFO - Filling up the DagBag from /home/airflow/.local/lib/python3.7/site-packages/airflow/example_dags/example_task_group_decorator.py
[2023-07-15T22:31:56.147+0000] {processor.py:836} INFO - DAG(s) dict_keys(['example_task_group_decorator']) retrieved from /home/airflow/.local/lib/python3.7/site-packages/airflow/example_dags/example_task_group_decorator.py
[2023-07-15T22:31:56.171+0000] {logging_mixin.py:150} INFO - [2023-07-15T22:31:56.171+0000] {dag.py:2742} INFO - Sync 1 DAGs
[2023-07-15T22:31:56.195+0000] {logging_mixin.py:150} INFO - [2023-07-15T22:31:56.194+0000] {dag.py:3508} INFO - Setting next_dagrun for example_task_group_decorator to 2023-07-14T22:31:56.194646+00:00, run_after=2023-07-15T22:31:56.194646+00:00
[2023-07-15T22:31:56.215+0000] {processor.py:179} INFO - Processing /home/airflow/.local/lib/python3.7/site-packages/airflow/example_dags/example_task_group_decorator.py took 0.083 seconds
[2023-07-15T22:32:26.306+0000] {processor.py:157} INFO - Started process (PID=741) to work on /home/airflow/.local/lib/python3.7/site-packages/airflow/example_dags/example_task_group_decorator.py
[2023-07-15T22:32:26.308+0000] {processor.py:826} INFO - Processing file /home/airflow/.local/lib/python3.7/site-packages/airflow/example_dags/example_task_group_decorator.py for tasks to queue
[2023-07-15T22:32:26.308+0000] {logging_mixin.py:150} INFO - [2023-07-15T22:32:26.308+0000] {dagbag.py:541} INFO - Filling up the DagBag from /home/airflow/.local/lib/python3.7/site-packages/airflow/example_dags/example_task_group_decorator.py
[2023-07-15T22:32:26.320+0000] {processor.py:836} INFO - DAG(s) dict_keys(['example_task_group_decorator']) retrieved from /home/airflow/.local/lib/python3.7/site-packages/airflow/example_dags/example_task_group_decorator.py
[2023-07-15T22:32:26.347+0000] {logging_mixin.py:150} INFO - [2023-07-15T22:32:26.346+0000] {dag.py:2742} INFO - Sync 1 DAGs
[2023-07-15T22:32:26.370+0000] {logging_mixin.py:150} INFO - [2023-07-15T22:32:26.370+0000] {dag.py:3508} INFO - Setting next_dagrun for example_task_group_decorator to 2023-07-14T22:32:26.370259+00:00, run_after=2023-07-15T22:32:26.370259+00:00
[2023-07-15T22:32:26.391+0000] {processor.py:179} INFO - Processing /home/airflow/.local/lib/python3.7/site-packages/airflow/example_dags/example_task_group_decorator.py took 0.087 seconds
[2023-07-15T22:32:56.484+0000] {processor.py:157} INFO - Started process (PID=990) to work on /home/airflow/.local/lib/python3.7/site-packages/airflow/example_dags/example_task_group_decorator.py
[2023-07-15T22:32:56.484+0000] {processor.py:826} INFO - Processing file /home/airflow/.local/lib/python3.7/site-packages/airflow/example_dags/example_task_group_decorator.py for tasks to queue
[2023-07-15T22:32:56.485+0000] {logging_mixin.py:150} INFO - [2023-07-15T22:32:56.485+0000] {dagbag.py:541} INFO - Filling up the DagBag from /home/airflow/.local/lib/python3.7/site-packages/airflow/example_dags/example_task_group_decorator.py
[2023-07-15T22:32:56.496+0000] {processor.py:836} INFO - DAG(s) dict_keys(['example_task_group_decorator']) retrieved from /home/airflow/.local/lib/python3.7/site-packages/airflow/example_dags/example_task_group_decorator.py
[2023-07-15T22:32:56.522+0000] {logging_mixin.py:150} INFO - [2023-07-15T22:32:56.522+0000] {dag.py:2742} INFO - Sync 1 DAGs
[2023-07-15T22:32:56.549+0000] {logging_mixin.py:150} INFO - [2023-07-15T22:32:56.549+0000] {dag.py:3508} INFO - Setting next_dagrun for example_task_group_decorator to 2023-07-14T22:32:56.549093+00:00, run_after=2023-07-15T22:32:56.549093+00:00
[2023-07-15T22:32:56.575+0000] {processor.py:179} INFO - Processing /home/airflow/.local/lib/python3.7/site-packages/airflow/example_dags/example_task_group_decorator.py took 0.094 seconds
[2023-07-15T22:33:26.796+0000] {processor.py:157} INFO - Started process (PID=1239) to work on /home/airflow/.local/lib/python3.7/site-packages/airflow/example_dags/example_task_group_decorator.py
[2023-07-15T22:33:26.797+0000] {processor.py:826} INFO - Processing file /home/airflow/.local/lib/python3.7/site-packages/airflow/example_dags/example_task_group_decorator.py for tasks to queue
[2023-07-15T22:33:26.797+0000] {logging_mixin.py:150} INFO - [2023-07-15T22:33:26.797+0000] {dagbag.py:541} INFO - Filling up the DagBag from /home/airflow/.local/lib/python3.7/site-packages/airflow/example_dags/example_task_group_decorator.py
[2023-07-15T22:33:26.810+0000] {processor.py:836} INFO - DAG(s) dict_keys(['example_task_group_decorator']) retrieved from /home/airflow/.local/lib/python3.7/site-packages/airflow/example_dags/example_task_group_decorator.py
[2023-07-15T22:33:26.842+0000] {logging_mixin.py:150} INFO - [2023-07-15T22:33:26.841+0000] {dag.py:2742} INFO - Sync 1 DAGs
[2023-07-15T22:33:26.867+0000] {logging_mixin.py:150} INFO - [2023-07-15T22:33:26.867+0000] {dag.py:3508} INFO - Setting next_dagrun for example_task_group_decorator to 2023-07-14T22:33:26.867168+00:00, run_after=2023-07-15T22:33:26.867168+00:00
[2023-07-15T22:33:26.887+0000] {processor.py:179} INFO - Processing /home/airflow/.local/lib/python3.7/site-packages/airflow/example_dags/example_task_group_decorator.py took 0.094 seconds
[2023-07-15T22:33:56.982+0000] {processor.py:157} INFO - Started process (PID=1488) to work on /home/airflow/.local/lib/python3.7/site-packages/airflow/example_dags/example_task_group_decorator.py
[2023-07-15T22:33:56.984+0000] {processor.py:826} INFO - Processing file /home/airflow/.local/lib/python3.7/site-packages/airflow/example_dags/example_task_group_decorator.py for tasks to queue
[2023-07-15T22:33:56.984+0000] {logging_mixin.py:150} INFO - [2023-07-15T22:33:56.984+0000] {dagbag.py:541} INFO - Filling up the DagBag from /home/airflow/.local/lib/python3.7/site-packages/airflow/example_dags/example_task_group_decorator.py
[2023-07-15T22:33:56.999+0000] {processor.py:836} INFO - DAG(s) dict_keys(['example_task_group_decorator']) retrieved from /home/airflow/.local/lib/python3.7/site-packages/airflow/example_dags/example_task_group_decorator.py
[2023-07-15T22:33:57.031+0000] {logging_mixin.py:150} INFO - [2023-07-15T22:33:57.031+0000] {dag.py:2742} INFO - Sync 1 DAGs
[2023-07-15T22:33:57.062+0000] {logging_mixin.py:150} INFO - [2023-07-15T22:33:57.062+0000] {dag.py:3508} INFO - Setting next_dagrun for example_task_group_decorator to 2023-07-14T22:33:57.061900+00:00, run_after=2023-07-15T22:33:57.061900+00:00
[2023-07-15T22:33:57.083+0000] {processor.py:179} INFO - Processing /home/airflow/.local/lib/python3.7/site-packages/airflow/example_dags/example_task_group_decorator.py took 0.103 seconds
[2023-07-15T22:34:27.203+0000] {processor.py:157} INFO - Started process (PID=1737) to work on /home/airflow/.local/lib/python3.7/site-packages/airflow/example_dags/example_task_group_decorator.py
[2023-07-15T22:34:27.204+0000] {processor.py:826} INFO - Processing file /home/airflow/.local/lib/python3.7/site-packages/airflow/example_dags/example_task_group_decorator.py for tasks to queue
[2023-07-15T22:34:27.204+0000] {logging_mixin.py:150} INFO - [2023-07-15T22:34:27.204+0000] {dagbag.py:541} INFO - Filling up the DagBag from /home/airflow/.local/lib/python3.7/site-packages/airflow/example_dags/example_task_group_decorator.py
[2023-07-15T22:34:27.216+0000] {processor.py:836} INFO - DAG(s) dict_keys(['example_task_group_decorator']) retrieved from /home/airflow/.local/lib/python3.7/site-packages/airflow/example_dags/example_task_group_decorator.py
[2023-07-15T22:34:27.241+0000] {logging_mixin.py:150} INFO - [2023-07-15T22:34:27.241+0000] {dag.py:2742} INFO - Sync 1 DAGs
[2023-07-15T22:34:27.266+0000] {logging_mixin.py:150} INFO - [2023-07-15T22:34:27.266+0000] {dag.py:3508} INFO - Setting next_dagrun for example_task_group_decorator to 2023-07-14T22:34:27.266299+00:00, run_after=2023-07-15T22:34:27.266299+00:00
[2023-07-15T22:34:27.288+0000] {processor.py:179} INFO - Processing /home/airflow/.local/lib/python3.7/site-packages/airflow/example_dags/example_task_group_decorator.py took 0.087 seconds
[2023-07-15T22:34:57.483+0000] {processor.py:157} INFO - Started process (PID=1988) to work on /home/airflow/.local/lib/python3.7/site-packages/airflow/example_dags/example_task_group_decorator.py
[2023-07-15T22:34:57.484+0000] {processor.py:826} INFO - Processing file /home/airflow/.local/lib/python3.7/site-packages/airflow/example_dags/example_task_group_decorator.py for tasks to queue
[2023-07-15T22:34:57.484+0000] {logging_mixin.py:150} INFO - [2023-07-15T22:34:57.484+0000] {dagbag.py:541} INFO - Filling up the DagBag from /home/airflow/.local/lib/python3.7/site-packages/airflow/example_dags/example_task_group_decorator.py
[2023-07-15T22:34:57.497+0000] {processor.py:836} INFO - DAG(s) dict_keys(['example_task_group_decorator']) retrieved from /home/airflow/.local/lib/python3.7/site-packages/airflow/example_dags/example_task_group_decorator.py
[2023-07-15T22:34:57.522+0000] {logging_mixin.py:150} INFO - [2023-07-15T22:34:57.522+0000] {dag.py:2742} INFO - Sync 1 DAGs
[2023-07-15T22:34:57.547+0000] {logging_mixin.py:150} INFO - [2023-07-15T22:34:57.547+0000] {dag.py:3508} INFO - Setting next_dagrun for example_task_group_decorator to 2023-07-14T22:34:57.547406+00:00, run_after=2023-07-15T22:34:57.547406+00:00
[2023-07-15T22:34:57.567+0000] {processor.py:179} INFO - Processing /home/airflow/.local/lib/python3.7/site-packages/airflow/example_dags/example_task_group_decorator.py took 0.086 seconds
[2023-07-15T22:35:27.714+0000] {processor.py:157} INFO - Started process (PID=2237) to work on /home/airflow/.local/lib/python3.7/site-packages/airflow/example_dags/example_task_group_decorator.py
[2023-07-15T22:35:27.715+0000] {processor.py:826} INFO - Processing file /home/airflow/.local/lib/python3.7/site-packages/airflow/example_dags/example_task_group_decorator.py for tasks to queue
[2023-07-15T22:35:27.715+0000] {logging_mixin.py:150} INFO - [2023-07-15T22:35:27.715+0000] {dagbag.py:541} INFO - Filling up the DagBag from /home/airflow/.local/lib/python3.7/site-packages/airflow/example_dags/example_task_group_decorator.py
[2023-07-15T22:35:27.732+0000] {processor.py:836} INFO - DAG(s) dict_keys(['example_task_group_decorator']) retrieved from /home/airflow/.local/lib/python3.7/site-packages/airflow/example_dags/example_task_group_decorator.py
[2023-07-15T22:35:27.758+0000] {logging_mixin.py:150} INFO - [2023-07-15T22:35:27.758+0000] {dag.py:2742} INFO - Sync 1 DAGs
[2023-07-15T22:35:27.787+0000] {logging_mixin.py:150} INFO - [2023-07-15T22:35:27.787+0000] {dag.py:3508} INFO - Setting next_dagrun for example_task_group_decorator to 2023-07-14T22:35:27.787471+00:00, run_after=2023-07-15T22:35:27.787471+00:00
[2023-07-15T22:35:27.808+0000] {processor.py:179} INFO - Processing /home/airflow/.local/lib/python3.7/site-packages/airflow/example_dags/example_task_group_decorator.py took 0.096 seconds
