[2023-07-15T22:31:25.715+0000] {processor.py:157} INFO - Started process (PID=238) to work on /home/airflow/.local/lib/python3.7/site-packages/airflow/example_dags/tutorial_dag.py
[2023-07-15T22:31:25.716+0000] {processor.py:826} INFO - Processing file /home/airflow/.local/lib/python3.7/site-packages/airflow/example_dags/tutorial_dag.py for tasks to queue
[2023-07-15T22:31:25.716+0000] {logging_mixin.py:150} INFO - [2023-07-15T22:31:25.716+0000] {dagbag.py:541} INFO - Filling up the DagBag from /home/airflow/.local/lib/python3.7/site-packages/airflow/example_dags/tutorial_dag.py
[2023-07-15T22:31:25.723+0000] {processor.py:836} INFO - DAG(s) dict_keys(['tutorial_dag']) retrieved from /home/airflow/.local/lib/python3.7/site-packages/airflow/example_dags/tutorial_dag.py
[2023-07-15T22:31:25.735+0000] {logging_mixin.py:150} INFO - [2023-07-15T22:31:25.735+0000] {dag.py:2742} INFO - Sync 1 DAGs
[2023-07-15T22:31:25.766+0000] {logging_mixin.py:150} INFO - [2023-07-15T22:31:25.766+0000] {dag.py:3508} INFO - Setting next_dagrun for tutorial_dag to None, run_after=None
[2023-07-15T22:31:25.794+0000] {processor.py:179} INFO - Processing /home/airflow/.local/lib/python3.7/site-packages/airflow/example_dags/tutorial_dag.py took 0.082 seconds
[2023-07-15T22:31:56.098+0000] {processor.py:157} INFO - Started process (PID=487) to work on /home/airflow/.local/lib/python3.7/site-packages/airflow/example_dags/tutorial_dag.py
[2023-07-15T22:31:56.100+0000] {processor.py:826} INFO - Processing file /home/airflow/.local/lib/python3.7/site-packages/airflow/example_dags/tutorial_dag.py for tasks to queue
[2023-07-15T22:31:56.100+0000] {logging_mixin.py:150} INFO - [2023-07-15T22:31:56.100+0000] {dagbag.py:541} INFO - Filling up the DagBag from /home/airflow/.local/lib/python3.7/site-packages/airflow/example_dags/tutorial_dag.py
[2023-07-15T22:31:56.104+0000] {processor.py:836} INFO - DAG(s) dict_keys(['tutorial_dag']) retrieved from /home/airflow/.local/lib/python3.7/site-packages/airflow/example_dags/tutorial_dag.py
[2023-07-15T22:31:56.130+0000] {logging_mixin.py:150} INFO - [2023-07-15T22:31:56.129+0000] {dag.py:2742} INFO - Sync 1 DAGs
[2023-07-15T22:31:56.153+0000] {logging_mixin.py:150} INFO - [2023-07-15T22:31:56.153+0000] {dag.py:3508} INFO - Setting next_dagrun for tutorial_dag to None, run_after=None
[2023-07-15T22:31:56.172+0000] {processor.py:179} INFO - Processing /home/airflow/.local/lib/python3.7/site-packages/airflow/example_dags/tutorial_dag.py took 0.076 seconds
[2023-07-15T22:32:26.236+0000] {processor.py:157} INFO - Started process (PID=736) to work on /home/airflow/.local/lib/python3.7/site-packages/airflow/example_dags/tutorial_dag.py
[2023-07-15T22:32:26.238+0000] {processor.py:826} INFO - Processing file /home/airflow/.local/lib/python3.7/site-packages/airflow/example_dags/tutorial_dag.py for tasks to queue
[2023-07-15T22:32:26.238+0000] {logging_mixin.py:150} INFO - [2023-07-15T22:32:26.238+0000] {dagbag.py:541} INFO - Filling up the DagBag from /home/airflow/.local/lib/python3.7/site-packages/airflow/example_dags/tutorial_dag.py
[2023-07-15T22:32:26.243+0000] {processor.py:836} INFO - DAG(s) dict_keys(['tutorial_dag']) retrieved from /home/airflow/.local/lib/python3.7/site-packages/airflow/example_dags/tutorial_dag.py
[2023-07-15T22:32:26.270+0000] {logging_mixin.py:150} INFO - [2023-07-15T22:32:26.270+0000] {dag.py:2742} INFO - Sync 1 DAGs
[2023-07-15T22:32:26.298+0000] {logging_mixin.py:150} INFO - [2023-07-15T22:32:26.298+0000] {dag.py:3508} INFO - Setting next_dagrun for tutorial_dag to None, run_after=None
[2023-07-15T22:32:26.317+0000] {processor.py:179} INFO - Processing /home/airflow/.local/lib/python3.7/site-packages/airflow/example_dags/tutorial_dag.py took 0.084 seconds
[2023-07-15T22:32:56.436+0000] {processor.py:157} INFO - Started process (PID=985) to work on /home/airflow/.local/lib/python3.7/site-packages/airflow/example_dags/tutorial_dag.py
[2023-07-15T22:32:56.438+0000] {processor.py:826} INFO - Processing file /home/airflow/.local/lib/python3.7/site-packages/airflow/example_dags/tutorial_dag.py for tasks to queue
[2023-07-15T22:32:56.438+0000] {logging_mixin.py:150} INFO - [2023-07-15T22:32:56.438+0000] {dagbag.py:541} INFO - Filling up the DagBag from /home/airflow/.local/lib/python3.7/site-packages/airflow/example_dags/tutorial_dag.py
[2023-07-15T22:32:56.442+0000] {processor.py:836} INFO - DAG(s) dict_keys(['tutorial_dag']) retrieved from /home/airflow/.local/lib/python3.7/site-packages/airflow/example_dags/tutorial_dag.py
[2023-07-15T22:32:56.465+0000] {logging_mixin.py:150} INFO - [2023-07-15T22:32:56.464+0000] {dag.py:2742} INFO - Sync 1 DAGs
[2023-07-15T22:32:56.490+0000] {logging_mixin.py:150} INFO - [2023-07-15T22:32:56.489+0000] {dag.py:3508} INFO - Setting next_dagrun for tutorial_dag to None, run_after=None
[2023-07-15T22:32:56.511+0000] {processor.py:179} INFO - Processing /home/airflow/.local/lib/python3.7/site-packages/airflow/example_dags/tutorial_dag.py took 0.077 seconds
[2023-07-15T22:33:26.745+0000] {processor.py:157} INFO - Started process (PID=1234) to work on /home/airflow/.local/lib/python3.7/site-packages/airflow/example_dags/tutorial_dag.py
[2023-07-15T22:33:26.746+0000] {processor.py:826} INFO - Processing file /home/airflow/.local/lib/python3.7/site-packages/airflow/example_dags/tutorial_dag.py for tasks to queue
[2023-07-15T22:33:26.747+0000] {logging_mixin.py:150} INFO - [2023-07-15T22:33:26.747+0000] {dagbag.py:541} INFO - Filling up the DagBag from /home/airflow/.local/lib/python3.7/site-packages/airflow/example_dags/tutorial_dag.py
[2023-07-15T22:33:26.751+0000] {processor.py:836} INFO - DAG(s) dict_keys(['tutorial_dag']) retrieved from /home/airflow/.local/lib/python3.7/site-packages/airflow/example_dags/tutorial_dag.py
[2023-07-15T22:33:26.771+0000] {logging_mixin.py:150} INFO - [2023-07-15T22:33:26.771+0000] {dag.py:2742} INFO - Sync 1 DAGs
[2023-07-15T22:33:26.795+0000] {logging_mixin.py:150} INFO - [2023-07-15T22:33:26.795+0000] {dag.py:3508} INFO - Setting next_dagrun for tutorial_dag to None, run_after=None
[2023-07-15T22:33:26.813+0000] {processor.py:179} INFO - Processing /home/airflow/.local/lib/python3.7/site-packages/airflow/example_dags/tutorial_dag.py took 0.070 seconds
[2023-07-15T22:33:56.924+0000] {processor.py:157} INFO - Started process (PID=1483) to work on /home/airflow/.local/lib/python3.7/site-packages/airflow/example_dags/tutorial_dag.py
[2023-07-15T22:33:56.924+0000] {processor.py:826} INFO - Processing file /home/airflow/.local/lib/python3.7/site-packages/airflow/example_dags/tutorial_dag.py for tasks to queue
[2023-07-15T22:33:56.925+0000] {logging_mixin.py:150} INFO - [2023-07-15T22:33:56.925+0000] {dagbag.py:541} INFO - Filling up the DagBag from /home/airflow/.local/lib/python3.7/site-packages/airflow/example_dags/tutorial_dag.py
[2023-07-15T22:33:56.930+0000] {processor.py:836} INFO - DAG(s) dict_keys(['tutorial_dag']) retrieved from /home/airflow/.local/lib/python3.7/site-packages/airflow/example_dags/tutorial_dag.py
[2023-07-15T22:33:56.954+0000] {logging_mixin.py:150} INFO - [2023-07-15T22:33:56.953+0000] {dag.py:2742} INFO - Sync 1 DAGs
[2023-07-15T22:33:56.982+0000] {logging_mixin.py:150} INFO - [2023-07-15T22:33:56.982+0000] {dag.py:3508} INFO - Setting next_dagrun for tutorial_dag to None, run_after=None
[2023-07-15T22:33:57.003+0000] {processor.py:179} INFO - Processing /home/airflow/.local/lib/python3.7/site-packages/airflow/example_dags/tutorial_dag.py took 0.082 seconds
[2023-07-15T22:34:27.186+0000] {processor.py:157} INFO - Started process (PID=1734) to work on /home/airflow/.local/lib/python3.7/site-packages/airflow/example_dags/tutorial_dag.py
[2023-07-15T22:34:27.187+0000] {processor.py:826} INFO - Processing file /home/airflow/.local/lib/python3.7/site-packages/airflow/example_dags/tutorial_dag.py for tasks to queue
[2023-07-15T22:34:27.187+0000] {logging_mixin.py:150} INFO - [2023-07-15T22:34:27.187+0000] {dagbag.py:541} INFO - Filling up the DagBag from /home/airflow/.local/lib/python3.7/site-packages/airflow/example_dags/tutorial_dag.py
[2023-07-15T22:34:27.191+0000] {processor.py:836} INFO - DAG(s) dict_keys(['tutorial_dag']) retrieved from /home/airflow/.local/lib/python3.7/site-packages/airflow/example_dags/tutorial_dag.py
[2023-07-15T22:34:27.213+0000] {logging_mixin.py:150} INFO - [2023-07-15T22:34:27.212+0000] {dag.py:2742} INFO - Sync 1 DAGs
[2023-07-15T22:34:27.242+0000] {logging_mixin.py:150} INFO - [2023-07-15T22:34:27.242+0000] {dag.py:3508} INFO - Setting next_dagrun for tutorial_dag to None, run_after=None
[2023-07-15T22:34:27.261+0000] {processor.py:179} INFO - Processing /home/airflow/.local/lib/python3.7/site-packages/airflow/example_dags/tutorial_dag.py took 0.077 seconds
[2023-07-15T22:34:57.393+0000] {processor.py:157} INFO - Started process (PID=1981) to work on /home/airflow/.local/lib/python3.7/site-packages/airflow/example_dags/tutorial_dag.py
[2023-07-15T22:34:57.394+0000] {processor.py:826} INFO - Processing file /home/airflow/.local/lib/python3.7/site-packages/airflow/example_dags/tutorial_dag.py for tasks to queue
[2023-07-15T22:34:57.395+0000] {logging_mixin.py:150} INFO - [2023-07-15T22:34:57.395+0000] {dagbag.py:541} INFO - Filling up the DagBag from /home/airflow/.local/lib/python3.7/site-packages/airflow/example_dags/tutorial_dag.py
[2023-07-15T22:34:57.398+0000] {processor.py:836} INFO - DAG(s) dict_keys(['tutorial_dag']) retrieved from /home/airflow/.local/lib/python3.7/site-packages/airflow/example_dags/tutorial_dag.py
[2023-07-15T22:34:57.421+0000] {logging_mixin.py:150} INFO - [2023-07-15T22:34:57.421+0000] {dag.py:2742} INFO - Sync 1 DAGs
[2023-07-15T22:34:57.448+0000] {logging_mixin.py:150} INFO - [2023-07-15T22:34:57.448+0000] {dag.py:3508} INFO - Setting next_dagrun for tutorial_dag to None, run_after=None
[2023-07-15T22:34:57.468+0000] {processor.py:179} INFO - Processing /home/airflow/.local/lib/python3.7/site-packages/airflow/example_dags/tutorial_dag.py took 0.077 seconds
[2023-07-15T22:35:27.624+0000] {processor.py:157} INFO - Started process (PID=2230) to work on /home/airflow/.local/lib/python3.7/site-packages/airflow/example_dags/tutorial_dag.py
[2023-07-15T22:35:27.624+0000] {processor.py:826} INFO - Processing file /home/airflow/.local/lib/python3.7/site-packages/airflow/example_dags/tutorial_dag.py for tasks to queue
[2023-07-15T22:35:27.625+0000] {logging_mixin.py:150} INFO - [2023-07-15T22:35:27.625+0000] {dagbag.py:541} INFO - Filling up the DagBag from /home/airflow/.local/lib/python3.7/site-packages/airflow/example_dags/tutorial_dag.py
[2023-07-15T22:35:27.628+0000] {processor.py:836} INFO - DAG(s) dict_keys(['tutorial_dag']) retrieved from /home/airflow/.local/lib/python3.7/site-packages/airflow/example_dags/tutorial_dag.py
[2023-07-15T22:35:27.653+0000] {logging_mixin.py:150} INFO - [2023-07-15T22:35:27.653+0000] {dag.py:2742} INFO - Sync 1 DAGs
[2023-07-15T22:35:27.678+0000] {logging_mixin.py:150} INFO - [2023-07-15T22:35:27.677+0000] {dag.py:3508} INFO - Setting next_dagrun for tutorial_dag to None, run_after=None
[2023-07-15T22:35:27.700+0000] {processor.py:179} INFO - Processing /home/airflow/.local/lib/python3.7/site-packages/airflow/example_dags/tutorial_dag.py took 0.079 seconds
