[2023-07-15T22:31:26.251+0000] {processor.py:157} INFO - Started process (PID=288) to work on /home/airflow/.local/lib/python3.7/site-packages/airflow/example_dags/tutorial.py
[2023-07-15T22:31:26.251+0000] {processor.py:826} INFO - Processing file /home/airflow/.local/lib/python3.7/site-packages/airflow/example_dags/tutorial.py for tasks to queue
[2023-07-15T22:31:26.252+0000] {logging_mixin.py:150} INFO - [2023-07-15T22:31:26.251+0000] {dagbag.py:541} INFO - Filling up the DagBag from /home/airflow/.local/lib/python3.7/site-packages/airflow/example_dags/tutorial.py
[2023-07-15T22:31:26.259+0000] {processor.py:836} INFO - DAG(s) dict_keys(['tutorial']) retrieved from /home/airflow/.local/lib/python3.7/site-packages/airflow/example_dags/tutorial.py
[2023-07-15T22:31:26.271+0000] {logging_mixin.py:150} INFO - [2023-07-15T22:31:26.270+0000] {dag.py:2742} INFO - Sync 1 DAGs
[2023-07-15T22:31:26.296+0000] {logging_mixin.py:150} INFO - [2023-07-15T22:31:26.296+0000] {dag.py:3508} INFO - Setting next_dagrun for tutorial to 2023-07-14T22:31:26.295992+00:00, run_after=2023-07-15T22:31:26.295992+00:00
[2023-07-15T22:31:26.318+0000] {processor.py:179} INFO - Processing /home/airflow/.local/lib/python3.7/site-packages/airflow/example_dags/tutorial.py took 0.070 seconds
[2023-07-15T22:31:56.525+0000] {processor.py:157} INFO - Started process (PID=534) to work on /home/airflow/.local/lib/python3.7/site-packages/airflow/example_dags/tutorial.py
[2023-07-15T22:31:56.525+0000] {processor.py:826} INFO - Processing file /home/airflow/.local/lib/python3.7/site-packages/airflow/example_dags/tutorial.py for tasks to queue
[2023-07-15T22:31:56.526+0000] {logging_mixin.py:150} INFO - [2023-07-15T22:31:56.526+0000] {dagbag.py:541} INFO - Filling up the DagBag from /home/airflow/.local/lib/python3.7/site-packages/airflow/example_dags/tutorial.py
[2023-07-15T22:31:56.531+0000] {processor.py:836} INFO - DAG(s) dict_keys(['tutorial']) retrieved from /home/airflow/.local/lib/python3.7/site-packages/airflow/example_dags/tutorial.py
[2023-07-15T22:31:56.551+0000] {logging_mixin.py:150} INFO - [2023-07-15T22:31:56.551+0000] {dag.py:2742} INFO - Sync 1 DAGs
[2023-07-15T22:31:56.576+0000] {logging_mixin.py:150} INFO - [2023-07-15T22:31:56.576+0000] {dag.py:3508} INFO - Setting next_dagrun for tutorial to 2023-07-14T22:31:56.575959+00:00, run_after=2023-07-15T22:31:56.575959+00:00
[2023-07-15T22:31:56.594+0000] {processor.py:179} INFO - Processing /home/airflow/.local/lib/python3.7/site-packages/airflow/example_dags/tutorial.py took 0.072 seconds
[2023-07-15T22:32:26.709+0000] {processor.py:157} INFO - Started process (PID=781) to work on /home/airflow/.local/lib/python3.7/site-packages/airflow/example_dags/tutorial.py
[2023-07-15T22:32:26.710+0000] {processor.py:826} INFO - Processing file /home/airflow/.local/lib/python3.7/site-packages/airflow/example_dags/tutorial.py for tasks to queue
[2023-07-15T22:32:26.711+0000] {logging_mixin.py:150} INFO - [2023-07-15T22:32:26.711+0000] {dagbag.py:541} INFO - Filling up the DagBag from /home/airflow/.local/lib/python3.7/site-packages/airflow/example_dags/tutorial.py
[2023-07-15T22:32:26.716+0000] {processor.py:836} INFO - DAG(s) dict_keys(['tutorial']) retrieved from /home/airflow/.local/lib/python3.7/site-packages/airflow/example_dags/tutorial.py
[2023-07-15T22:32:26.737+0000] {logging_mixin.py:150} INFO - [2023-07-15T22:32:26.737+0000] {dag.py:2742} INFO - Sync 1 DAGs
[2023-07-15T22:32:26.762+0000] {logging_mixin.py:150} INFO - [2023-07-15T22:32:26.762+0000] {dag.py:3508} INFO - Setting next_dagrun for tutorial to 2023-07-14T22:32:26.762269+00:00, run_after=2023-07-15T22:32:26.762269+00:00
[2023-07-15T22:32:26.783+0000] {processor.py:179} INFO - Processing /home/airflow/.local/lib/python3.7/site-packages/airflow/example_dags/tutorial.py took 0.077 seconds
[2023-07-15T22:32:56.869+0000] {processor.py:157} INFO - Started process (PID=1030) to work on /home/airflow/.local/lib/python3.7/site-packages/airflow/example_dags/tutorial.py
[2023-07-15T22:32:56.869+0000] {processor.py:826} INFO - Processing file /home/airflow/.local/lib/python3.7/site-packages/airflow/example_dags/tutorial.py for tasks to queue
[2023-07-15T22:32:56.870+0000] {logging_mixin.py:150} INFO - [2023-07-15T22:32:56.870+0000] {dagbag.py:541} INFO - Filling up the DagBag from /home/airflow/.local/lib/python3.7/site-packages/airflow/example_dags/tutorial.py
[2023-07-15T22:32:56.875+0000] {processor.py:836} INFO - DAG(s) dict_keys(['tutorial']) retrieved from /home/airflow/.local/lib/python3.7/site-packages/airflow/example_dags/tutorial.py
[2023-07-15T22:32:56.898+0000] {logging_mixin.py:150} INFO - [2023-07-15T22:32:56.898+0000] {dag.py:2742} INFO - Sync 1 DAGs
[2023-07-15T22:32:56.926+0000] {logging_mixin.py:150} INFO - [2023-07-15T22:32:56.926+0000] {dag.py:3508} INFO - Setting next_dagrun for tutorial to 2023-07-14T22:32:56.925923+00:00, run_after=2023-07-15T22:32:56.925923+00:00
[2023-07-15T22:32:56.952+0000] {processor.py:179} INFO - Processing /home/airflow/.local/lib/python3.7/site-packages/airflow/example_dags/tutorial.py took 0.085 seconds
[2023-07-15T22:33:27.168+0000] {processor.py:157} INFO - Started process (PID=1279) to work on /home/airflow/.local/lib/python3.7/site-packages/airflow/example_dags/tutorial.py
[2023-07-15T22:33:27.169+0000] {processor.py:826} INFO - Processing file /home/airflow/.local/lib/python3.7/site-packages/airflow/example_dags/tutorial.py for tasks to queue
[2023-07-15T22:33:27.169+0000] {logging_mixin.py:150} INFO - [2023-07-15T22:33:27.169+0000] {dagbag.py:541} INFO - Filling up the DagBag from /home/airflow/.local/lib/python3.7/site-packages/airflow/example_dags/tutorial.py
[2023-07-15T22:33:27.176+0000] {processor.py:836} INFO - DAG(s) dict_keys(['tutorial']) retrieved from /home/airflow/.local/lib/python3.7/site-packages/airflow/example_dags/tutorial.py
[2023-07-15T22:33:27.197+0000] {logging_mixin.py:150} INFO - [2023-07-15T22:33:27.197+0000] {dag.py:2742} INFO - Sync 1 DAGs
[2023-07-15T22:33:27.224+0000] {logging_mixin.py:150} INFO - [2023-07-15T22:33:27.223+0000] {dag.py:3508} INFO - Setting next_dagrun for tutorial to 2023-07-14T22:33:27.223788+00:00, run_after=2023-07-15T22:33:27.223788+00:00
[2023-07-15T22:33:27.245+0000] {processor.py:179} INFO - Processing /home/airflow/.local/lib/python3.7/site-packages/airflow/example_dags/tutorial.py took 0.079 seconds
[2023-07-15T22:33:57.517+0000] {processor.py:157} INFO - Started process (PID=1530) to work on /home/airflow/.local/lib/python3.7/site-packages/airflow/example_dags/tutorial.py
[2023-07-15T22:33:57.519+0000] {processor.py:826} INFO - Processing file /home/airflow/.local/lib/python3.7/site-packages/airflow/example_dags/tutorial.py for tasks to queue
[2023-07-15T22:33:57.521+0000] {logging_mixin.py:150} INFO - [2023-07-15T22:33:57.520+0000] {dagbag.py:541} INFO - Filling up the DagBag from /home/airflow/.local/lib/python3.7/site-packages/airflow/example_dags/tutorial.py
[2023-07-15T22:33:57.531+0000] {processor.py:836} INFO - DAG(s) dict_keys(['tutorial']) retrieved from /home/airflow/.local/lib/python3.7/site-packages/airflow/example_dags/tutorial.py
[2023-07-15T22:33:57.573+0000] {logging_mixin.py:150} INFO - [2023-07-15T22:33:57.573+0000] {dag.py:2742} INFO - Sync 1 DAGs
[2023-07-15T22:33:57.608+0000] {logging_mixin.py:150} INFO - [2023-07-15T22:33:57.608+0000] {dag.py:3508} INFO - Setting next_dagrun for tutorial to 2023-07-14T22:33:57.608351+00:00, run_after=2023-07-15T22:33:57.608351+00:00
[2023-07-15T22:33:57.631+0000] {processor.py:179} INFO - Processing /home/airflow/.local/lib/python3.7/site-packages/airflow/example_dags/tutorial.py took 0.120 seconds
[2023-07-15T22:34:27.678+0000] {processor.py:157} INFO - Started process (PID=1779) to work on /home/airflow/.local/lib/python3.7/site-packages/airflow/example_dags/tutorial.py
[2023-07-15T22:34:27.679+0000] {processor.py:826} INFO - Processing file /home/airflow/.local/lib/python3.7/site-packages/airflow/example_dags/tutorial.py for tasks to queue
[2023-07-15T22:34:27.680+0000] {logging_mixin.py:150} INFO - [2023-07-15T22:34:27.680+0000] {dagbag.py:541} INFO - Filling up the DagBag from /home/airflow/.local/lib/python3.7/site-packages/airflow/example_dags/tutorial.py
[2023-07-15T22:34:27.686+0000] {processor.py:836} INFO - DAG(s) dict_keys(['tutorial']) retrieved from /home/airflow/.local/lib/python3.7/site-packages/airflow/example_dags/tutorial.py
[2023-07-15T22:34:27.710+0000] {logging_mixin.py:150} INFO - [2023-07-15T22:34:27.710+0000] {dag.py:2742} INFO - Sync 1 DAGs
[2023-07-15T22:34:27.735+0000] {logging_mixin.py:150} INFO - [2023-07-15T22:34:27.735+0000] {dag.py:3508} INFO - Setting next_dagrun for tutorial to 2023-07-14T22:34:27.735124+00:00, run_after=2023-07-15T22:34:27.735124+00:00
[2023-07-15T22:34:27.757+0000] {processor.py:179} INFO - Processing /home/airflow/.local/lib/python3.7/site-packages/airflow/example_dags/tutorial.py took 0.081 seconds
[2023-07-15T22:34:57.907+0000] {processor.py:157} INFO - Started process (PID=2026) to work on /home/airflow/.local/lib/python3.7/site-packages/airflow/example_dags/tutorial.py
[2023-07-15T22:34:57.909+0000] {processor.py:826} INFO - Processing file /home/airflow/.local/lib/python3.7/site-packages/airflow/example_dags/tutorial.py for tasks to queue
[2023-07-15T22:34:57.910+0000] {logging_mixin.py:150} INFO - [2023-07-15T22:34:57.909+0000] {dagbag.py:541} INFO - Filling up the DagBag from /home/airflow/.local/lib/python3.7/site-packages/airflow/example_dags/tutorial.py
[2023-07-15T22:34:57.916+0000] {processor.py:836} INFO - DAG(s) dict_keys(['tutorial']) retrieved from /home/airflow/.local/lib/python3.7/site-packages/airflow/example_dags/tutorial.py
[2023-07-15T22:34:57.940+0000] {logging_mixin.py:150} INFO - [2023-07-15T22:34:57.940+0000] {dag.py:2742} INFO - Sync 1 DAGs
[2023-07-15T22:34:57.966+0000] {logging_mixin.py:150} INFO - [2023-07-15T22:34:57.966+0000] {dag.py:3508} INFO - Setting next_dagrun for tutorial to 2023-07-14T22:34:57.966428+00:00, run_after=2023-07-15T22:34:57.966428+00:00
[2023-07-15T22:34:57.989+0000] {processor.py:179} INFO - Processing /home/airflow/.local/lib/python3.7/site-packages/airflow/example_dags/tutorial.py took 0.084 seconds
[2023-07-15T22:35:28.151+0000] {processor.py:157} INFO - Started process (PID=2275) to work on /home/airflow/.local/lib/python3.7/site-packages/airflow/example_dags/tutorial.py
[2023-07-15T22:35:28.151+0000] {processor.py:826} INFO - Processing file /home/airflow/.local/lib/python3.7/site-packages/airflow/example_dags/tutorial.py for tasks to queue
[2023-07-15T22:35:28.152+0000] {logging_mixin.py:150} INFO - [2023-07-15T22:35:28.152+0000] {dagbag.py:541} INFO - Filling up the DagBag from /home/airflow/.local/lib/python3.7/site-packages/airflow/example_dags/tutorial.py
[2023-07-15T22:35:28.156+0000] {processor.py:836} INFO - DAG(s) dict_keys(['tutorial']) retrieved from /home/airflow/.local/lib/python3.7/site-packages/airflow/example_dags/tutorial.py
[2023-07-15T22:35:28.177+0000] {logging_mixin.py:150} INFO - [2023-07-15T22:35:28.177+0000] {dag.py:2742} INFO - Sync 1 DAGs
[2023-07-15T22:35:28.201+0000] {logging_mixin.py:150} INFO - [2023-07-15T22:35:28.200+0000] {dag.py:3508} INFO - Setting next_dagrun for tutorial to 2023-07-14T22:35:28.200805+00:00, run_after=2023-07-15T22:35:28.200805+00:00
[2023-07-15T22:35:28.220+0000] {processor.py:179} INFO - Processing /home/airflow/.local/lib/python3.7/site-packages/airflow/example_dags/tutorial.py took 0.071 seconds
