[2023-07-15T22:31:25.873+0000] {processor.py:157} INFO - Started process (PID=253) to work on /home/airflow/.local/lib/python3.7/site-packages/airflow/example_dags/tutorial_taskflow_api.py
[2023-07-15T22:31:25.874+0000] {processor.py:826} INFO - Processing file /home/airflow/.local/lib/python3.7/site-packages/airflow/example_dags/tutorial_taskflow_api.py for tasks to queue
[2023-07-15T22:31:25.874+0000] {logging_mixin.py:150} INFO - [2023-07-15T22:31:25.874+0000] {dagbag.py:541} INFO - Filling up the DagBag from /home/airflow/.local/lib/python3.7/site-packages/airflow/example_dags/tutorial_taskflow_api.py
[2023-07-15T22:31:25.881+0000] {processor.py:836} INFO - DAG(s) dict_keys(['tutorial_taskflow_api']) retrieved from /home/airflow/.local/lib/python3.7/site-packages/airflow/example_dags/tutorial_taskflow_api.py
[2023-07-15T22:31:25.892+0000] {logging_mixin.py:150} INFO - [2023-07-15T22:31:25.892+0000] {dag.py:2742} INFO - Sync 1 DAGs
[2023-07-15T22:31:25.923+0000] {logging_mixin.py:150} INFO - [2023-07-15T22:31:25.923+0000] {dag.py:3508} INFO - Setting next_dagrun for tutorial_taskflow_api to None, run_after=None
[2023-07-15T22:31:25.946+0000] {processor.py:179} INFO - Processing /home/airflow/.local/lib/python3.7/site-packages/airflow/example_dags/tutorial_taskflow_api.py took 0.075 seconds
[2023-07-15T22:31:56.240+0000] {processor.py:157} INFO - Started process (PID=502) to work on /home/airflow/.local/lib/python3.7/site-packages/airflow/example_dags/tutorial_taskflow_api.py
[2023-07-15T22:31:56.241+0000] {processor.py:826} INFO - Processing file /home/airflow/.local/lib/python3.7/site-packages/airflow/example_dags/tutorial_taskflow_api.py for tasks to queue
[2023-07-15T22:31:56.242+0000] {logging_mixin.py:150} INFO - [2023-07-15T22:31:56.242+0000] {dagbag.py:541} INFO - Filling up the DagBag from /home/airflow/.local/lib/python3.7/site-packages/airflow/example_dags/tutorial_taskflow_api.py
[2023-07-15T22:31:56.247+0000] {processor.py:836} INFO - DAG(s) dict_keys(['tutorial_taskflow_api']) retrieved from /home/airflow/.local/lib/python3.7/site-packages/airflow/example_dags/tutorial_taskflow_api.py
[2023-07-15T22:31:56.268+0000] {logging_mixin.py:150} INFO - [2023-07-15T22:31:56.268+0000] {dag.py:2742} INFO - Sync 1 DAGs
[2023-07-15T22:31:56.293+0000] {logging_mixin.py:150} INFO - [2023-07-15T22:31:56.293+0000] {dag.py:3508} INFO - Setting next_dagrun for tutorial_taskflow_api to None, run_after=None
[2023-07-15T22:31:56.312+0000] {processor.py:179} INFO - Processing /home/airflow/.local/lib/python3.7/site-packages/airflow/example_dags/tutorial_taskflow_api.py took 0.075 seconds
[2023-07-15T22:32:26.416+0000] {processor.py:157} INFO - Started process (PID=751) to work on /home/airflow/.local/lib/python3.7/site-packages/airflow/example_dags/tutorial_taskflow_api.py
[2023-07-15T22:32:26.417+0000] {processor.py:826} INFO - Processing file /home/airflow/.local/lib/python3.7/site-packages/airflow/example_dags/tutorial_taskflow_api.py for tasks to queue
[2023-07-15T22:32:26.417+0000] {logging_mixin.py:150} INFO - [2023-07-15T22:32:26.417+0000] {dagbag.py:541} INFO - Filling up the DagBag from /home/airflow/.local/lib/python3.7/site-packages/airflow/example_dags/tutorial_taskflow_api.py
[2023-07-15T22:32:26.422+0000] {processor.py:836} INFO - DAG(s) dict_keys(['tutorial_taskflow_api']) retrieved from /home/airflow/.local/lib/python3.7/site-packages/airflow/example_dags/tutorial_taskflow_api.py
[2023-07-15T22:32:26.442+0000] {logging_mixin.py:150} INFO - [2023-07-15T22:32:26.442+0000] {dag.py:2742} INFO - Sync 1 DAGs
[2023-07-15T22:32:26.470+0000] {logging_mixin.py:150} INFO - [2023-07-15T22:32:26.470+0000] {dag.py:3508} INFO - Setting next_dagrun for tutorial_taskflow_api to None, run_after=None
[2023-07-15T22:32:26.491+0000] {processor.py:179} INFO - Processing /home/airflow/.local/lib/python3.7/site-packages/airflow/example_dags/tutorial_taskflow_api.py took 0.078 seconds
[2023-07-15T22:32:56.606+0000] {processor.py:157} INFO - Started process (PID=1000) to work on /home/airflow/.local/lib/python3.7/site-packages/airflow/example_dags/tutorial_taskflow_api.py
[2023-07-15T22:32:56.607+0000] {processor.py:826} INFO - Processing file /home/airflow/.local/lib/python3.7/site-packages/airflow/example_dags/tutorial_taskflow_api.py for tasks to queue
[2023-07-15T22:32:56.608+0000] {logging_mixin.py:150} INFO - [2023-07-15T22:32:56.607+0000] {dagbag.py:541} INFO - Filling up the DagBag from /home/airflow/.local/lib/python3.7/site-packages/airflow/example_dags/tutorial_taskflow_api.py
[2023-07-15T22:32:56.615+0000] {processor.py:836} INFO - DAG(s) dict_keys(['tutorial_taskflow_api']) retrieved from /home/airflow/.local/lib/python3.7/site-packages/airflow/example_dags/tutorial_taskflow_api.py
[2023-07-15T22:32:56.640+0000] {logging_mixin.py:150} INFO - [2023-07-15T22:32:56.640+0000] {dag.py:2742} INFO - Sync 1 DAGs
[2023-07-15T22:32:56.669+0000] {logging_mixin.py:150} INFO - [2023-07-15T22:32:56.668+0000] {dag.py:3508} INFO - Setting next_dagrun for tutorial_taskflow_api to None, run_after=None
[2023-07-15T22:32:56.689+0000] {processor.py:179} INFO - Processing /home/airflow/.local/lib/python3.7/site-packages/airflow/example_dags/tutorial_taskflow_api.py took 0.086 seconds
[2023-07-15T22:33:26.910+0000] {processor.py:157} INFO - Started process (PID=1249) to work on /home/airflow/.local/lib/python3.7/site-packages/airflow/example_dags/tutorial_taskflow_api.py
[2023-07-15T22:33:26.910+0000] {processor.py:826} INFO - Processing file /home/airflow/.local/lib/python3.7/site-packages/airflow/example_dags/tutorial_taskflow_api.py for tasks to queue
[2023-07-15T22:33:26.911+0000] {logging_mixin.py:150} INFO - [2023-07-15T22:33:26.911+0000] {dagbag.py:541} INFO - Filling up the DagBag from /home/airflow/.local/lib/python3.7/site-packages/airflow/example_dags/tutorial_taskflow_api.py
[2023-07-15T22:33:26.915+0000] {processor.py:836} INFO - DAG(s) dict_keys(['tutorial_taskflow_api']) retrieved from /home/airflow/.local/lib/python3.7/site-packages/airflow/example_dags/tutorial_taskflow_api.py
[2023-07-15T22:33:26.937+0000] {logging_mixin.py:150} INFO - [2023-07-15T22:33:26.937+0000] {dag.py:2742} INFO - Sync 1 DAGs
[2023-07-15T22:33:26.961+0000] {logging_mixin.py:150} INFO - [2023-07-15T22:33:26.961+0000] {dag.py:3508} INFO - Setting next_dagrun for tutorial_taskflow_api to None, run_after=None
[2023-07-15T22:33:26.984+0000] {processor.py:179} INFO - Processing /home/airflow/.local/lib/python3.7/site-packages/airflow/example_dags/tutorial_taskflow_api.py took 0.076 seconds
[2023-07-15T22:33:57.107+0000] {processor.py:157} INFO - Started process (PID=1498) to work on /home/airflow/.local/lib/python3.7/site-packages/airflow/example_dags/tutorial_taskflow_api.py
[2023-07-15T22:33:57.109+0000] {processor.py:826} INFO - Processing file /home/airflow/.local/lib/python3.7/site-packages/airflow/example_dags/tutorial_taskflow_api.py for tasks to queue
[2023-07-15T22:33:57.110+0000] {logging_mixin.py:150} INFO - [2023-07-15T22:33:57.109+0000] {dagbag.py:541} INFO - Filling up the DagBag from /home/airflow/.local/lib/python3.7/site-packages/airflow/example_dags/tutorial_taskflow_api.py
[2023-07-15T22:33:57.116+0000] {processor.py:836} INFO - DAG(s) dict_keys(['tutorial_taskflow_api']) retrieved from /home/airflow/.local/lib/python3.7/site-packages/airflow/example_dags/tutorial_taskflow_api.py
[2023-07-15T22:33:57.144+0000] {logging_mixin.py:150} INFO - [2023-07-15T22:33:57.144+0000] {dag.py:2742} INFO - Sync 1 DAGs
[2023-07-15T22:33:57.176+0000] {logging_mixin.py:150} INFO - [2023-07-15T22:33:57.176+0000] {dag.py:3508} INFO - Setting next_dagrun for tutorial_taskflow_api to None, run_after=None
[2023-07-15T22:33:57.198+0000] {processor.py:179} INFO - Processing /home/airflow/.local/lib/python3.7/site-packages/airflow/example_dags/tutorial_taskflow_api.py took 0.093 seconds
[2023-07-15T22:34:27.312+0000] {processor.py:157} INFO - Started process (PID=1747) to work on /home/airflow/.local/lib/python3.7/site-packages/airflow/example_dags/tutorial_taskflow_api.py
[2023-07-15T22:34:27.313+0000] {processor.py:826} INFO - Processing file /home/airflow/.local/lib/python3.7/site-packages/airflow/example_dags/tutorial_taskflow_api.py for tasks to queue
[2023-07-15T22:34:27.313+0000] {logging_mixin.py:150} INFO - [2023-07-15T22:34:27.313+0000] {dagbag.py:541} INFO - Filling up the DagBag from /home/airflow/.local/lib/python3.7/site-packages/airflow/example_dags/tutorial_taskflow_api.py
[2023-07-15T22:34:27.319+0000] {processor.py:836} INFO - DAG(s) dict_keys(['tutorial_taskflow_api']) retrieved from /home/airflow/.local/lib/python3.7/site-packages/airflow/example_dags/tutorial_taskflow_api.py
[2023-07-15T22:34:27.341+0000] {logging_mixin.py:150} INFO - [2023-07-15T22:34:27.341+0000] {dag.py:2742} INFO - Sync 1 DAGs
[2023-07-15T22:34:27.366+0000] {logging_mixin.py:150} INFO - [2023-07-15T22:34:27.365+0000] {dag.py:3508} INFO - Setting next_dagrun for tutorial_taskflow_api to None, run_after=None
[2023-07-15T22:34:27.388+0000] {processor.py:179} INFO - Processing /home/airflow/.local/lib/python3.7/site-packages/airflow/example_dags/tutorial_taskflow_api.py took 0.078 seconds
[2023-07-15T22:34:57.592+0000] {processor.py:157} INFO - Started process (PID=1998) to work on /home/airflow/.local/lib/python3.7/site-packages/airflow/example_dags/tutorial_taskflow_api.py
[2023-07-15T22:34:57.593+0000] {processor.py:826} INFO - Processing file /home/airflow/.local/lib/python3.7/site-packages/airflow/example_dags/tutorial_taskflow_api.py for tasks to queue
[2023-07-15T22:34:57.593+0000] {logging_mixin.py:150} INFO - [2023-07-15T22:34:57.593+0000] {dagbag.py:541} INFO - Filling up the DagBag from /home/airflow/.local/lib/python3.7/site-packages/airflow/example_dags/tutorial_taskflow_api.py
[2023-07-15T22:34:57.598+0000] {processor.py:836} INFO - DAG(s) dict_keys(['tutorial_taskflow_api']) retrieved from /home/airflow/.local/lib/python3.7/site-packages/airflow/example_dags/tutorial_taskflow_api.py
[2023-07-15T22:34:57.619+0000] {logging_mixin.py:150} INFO - [2023-07-15T22:34:57.618+0000] {dag.py:2742} INFO - Sync 1 DAGs
[2023-07-15T22:34:57.641+0000] {logging_mixin.py:150} INFO - [2023-07-15T22:34:57.641+0000] {dag.py:3508} INFO - Setting next_dagrun for tutorial_taskflow_api to None, run_after=None
[2023-07-15T22:34:57.660+0000] {processor.py:179} INFO - Processing /home/airflow/.local/lib/python3.7/site-packages/airflow/example_dags/tutorial_taskflow_api.py took 0.071 seconds
[2023-07-15T22:35:27.830+0000] {processor.py:157} INFO - Started process (PID=2247) to work on /home/airflow/.local/lib/python3.7/site-packages/airflow/example_dags/tutorial_taskflow_api.py
[2023-07-15T22:35:27.831+0000] {processor.py:826} INFO - Processing file /home/airflow/.local/lib/python3.7/site-packages/airflow/example_dags/tutorial_taskflow_api.py for tasks to queue
[2023-07-15T22:35:27.831+0000] {logging_mixin.py:150} INFO - [2023-07-15T22:35:27.831+0000] {dagbag.py:541} INFO - Filling up the DagBag from /home/airflow/.local/lib/python3.7/site-packages/airflow/example_dags/tutorial_taskflow_api.py
[2023-07-15T22:35:27.836+0000] {processor.py:836} INFO - DAG(s) dict_keys(['tutorial_taskflow_api']) retrieved from /home/airflow/.local/lib/python3.7/site-packages/airflow/example_dags/tutorial_taskflow_api.py
[2023-07-15T22:35:27.856+0000] {logging_mixin.py:150} INFO - [2023-07-15T22:35:27.856+0000] {dag.py:2742} INFO - Sync 1 DAGs
[2023-07-15T22:35:27.881+0000] {logging_mixin.py:150} INFO - [2023-07-15T22:35:27.881+0000] {dag.py:3508} INFO - Setting next_dagrun for tutorial_taskflow_api to None, run_after=None
[2023-07-15T22:35:27.900+0000] {processor.py:179} INFO - Processing /home/airflow/.local/lib/python3.7/site-packages/airflow/example_dags/tutorial_taskflow_api.py took 0.072 seconds
