[2023-07-16T03:18:54.895+0000] {taskinstance.py:1103} INFO - Dependencies all met for dep_context=non-requeueable deps ti=<TaskInstance: main_dag.tsk1 manual__2023-07-16T03:18:51.035571+00:00 [queued]>
[2023-07-16T03:18:54.904+0000] {taskinstance.py:1103} INFO - Dependencies all met for dep_context=requeueable deps ti=<TaskInstance: main_dag.tsk1 manual__2023-07-16T03:18:51.035571+00:00 [queued]>
[2023-07-16T03:18:54.905+0000] {taskinstance.py:1308} INFO - Starting attempt 1 of 1
[2023-07-16T03:18:54.921+0000] {taskinstance.py:1327} INFO - Executing <Task(BashOperator): tsk1> on 2023-07-16 03:18:51.035571+00:00
[2023-07-16T03:18:54.927+0000] {standard_task_runner.py:57} INFO - Started process 241 to run task
[2023-07-16T03:18:54.930+0000] {standard_task_runner.py:84} INFO - Running: ['***', 'tasks', 'run', 'main_dag', 'tsk1', 'manual__2023-07-16T03:18:51.035571+00:00', '--job-id', '429', '--raw', '--subdir', 'DAGS_FOLDER/main_dag.py', '--cfg-path', '/tmp/tmpa7km5k8d']
[2023-07-16T03:18:54.932+0000] {standard_task_runner.py:85} INFO - Job 429: Subtask tsk1
[2023-07-16T03:18:55.015+0000] {task_command.py:410} INFO - Running <TaskInstance: main_dag.tsk1 manual__2023-07-16T03:18:51.035571+00:00 [running]> on host 75cbd5457fb2
[2023-07-16T03:18:55.236+0000] {taskinstance.py:1547} INFO - Exporting env vars: AIRFLOW_CTX_DAG_OWNER='***' AIRFLOW_CTX_DAG_ID='main_dag' AIRFLOW_CTX_TASK_ID='tsk1' AIRFLOW_CTX_EXECUTION_DATE='2023-07-16T03:18:51.035571+00:00' AIRFLOW_CTX_TRY_NUMBER='1' AIRFLOW_CTX_DAG_RUN_ID='manual__2023-07-16T03:18:51.035571+00:00'
[2023-07-16T03:18:55.237+0000] {subprocess.py:63} INFO - Tmp dir root location: /tmp
[2023-07-16T03:18:55.238+0000] {subprocess.py:75} INFO - Running command: ['/bin/bash', '-c', 'pip install networkx']
[2023-07-16T03:18:55.251+0000] {subprocess.py:86} INFO - Output:
[2023-07-16T03:18:56.646+0000] {subprocess.py:93} INFO - Defaulting to user installation because normal site-packages is not writeable
[2023-07-16T03:18:56.985+0000] {subprocess.py:93} INFO - Collecting networkx
[2023-07-16T03:18:57.655+0000] {subprocess.py:93} INFO -   Downloading networkx-2.6.3-py3-none-any.whl (1.9 MB)
[2023-07-16T03:18:57.785+0000] {subprocess.py:93} INFO -      ━━━━━━━━━━━━━━━━━━━━━━━━━━━━━━━━━━━━━━━━ 1.9/1.9 MB 15.1 MB/s eta 0:00:00
[2023-07-16T03:19:02.536+0000] {subprocess.py:93} INFO - Installing collected packages: networkx
[2023-07-16T03:19:03.358+0000] {subprocess.py:93} INFO - Successfully installed networkx-2.6.3
[2023-07-16T03:19:04.683+0000] {subprocess.py:93} INFO - 
[2023-07-16T03:19:04.684+0000] {subprocess.py:93} INFO - [notice] A new release of pip is available: 23.1.2 -> 23.2
[2023-07-16T03:19:04.684+0000] {subprocess.py:93} INFO - [notice] To update, run: python -m pip install --upgrade pip
[2023-07-16T03:19:04.856+0000] {subprocess.py:97} INFO - Command exited with return code 0
[2023-07-16T03:19:04.893+0000] {taskinstance.py:1350} INFO - Marking task as SUCCESS. dag_id=main_dag, task_id=tsk1, execution_date=20230716T031851, start_date=20230716T031854, end_date=20230716T031904
[2023-07-16T03:19:04.934+0000] {local_task_job_runner.py:225} INFO - Task exited with return code 0
[2023-07-16T03:19:04.951+0000] {taskinstance.py:2653} INFO - 0 downstream tasks scheduled from follow-on schedule check
