[2023-07-17T14:58:21.929+0000] {taskinstance.py:1103} INFO - Dependencies all met for dep_context=non-requeueable deps ti=<TaskInstance: main_dag.install_libraries manual__2023-07-17T14:58:19.518558+00:00 [queued]>
[2023-07-17T14:58:21.943+0000] {taskinstance.py:1103} INFO - Dependencies all met for dep_context=requeueable deps ti=<TaskInstance: main_dag.install_libraries manual__2023-07-17T14:58:19.518558+00:00 [queued]>
[2023-07-17T14:58:21.944+0000] {taskinstance.py:1308} INFO - Starting attempt 1 of 1
[2023-07-17T14:58:21.960+0000] {taskinstance.py:1327} INFO - Executing <Task(BashOperator): install_libraries> on 2023-07-17 14:58:19.518558+00:00
[2023-07-17T14:58:21.970+0000] {standard_task_runner.py:57} INFO - Started process 183 to run task
[2023-07-17T14:58:21.974+0000] {standard_task_runner.py:84} INFO - Running: ['***', 'tasks', 'run', 'main_dag', 'install_libraries', 'manual__2023-07-17T14:58:19.518558+00:00', '--job-id', '704', '--raw', '--subdir', 'DAGS_FOLDER/main_dag.py', '--cfg-path', '/tmp/tmpifbzmx9y']
[2023-07-17T14:58:21.977+0000] {standard_task_runner.py:85} INFO - Job 704: Subtask install_libraries
[2023-07-17T14:58:22.044+0000] {task_command.py:410} INFO - Running <TaskInstance: main_dag.install_libraries manual__2023-07-17T14:58:19.518558+00:00 [running]> on host 78942c037002
[2023-07-17T14:58:22.173+0000] {taskinstance.py:1547} INFO - Exporting env vars: AIRFLOW_CTX_DAG_OWNER='***' AIRFLOW_CTX_DAG_ID='main_dag' AIRFLOW_CTX_TASK_ID='install_libraries' AIRFLOW_CTX_EXECUTION_DATE='2023-07-17T14:58:19.518558+00:00' AIRFLOW_CTX_TRY_NUMBER='1' AIRFLOW_CTX_DAG_RUN_ID='manual__2023-07-17T14:58:19.518558+00:00'
[2023-07-17T14:58:22.174+0000] {subprocess.py:63} INFO - Tmp dir root location: /tmp
[2023-07-17T14:58:22.175+0000] {subprocess.py:75} INFO - Running command: ['/bin/bash', '-c', 'pip install networkx==2.6.3 matplotlib scipy seaborn wikipedia']
[2023-07-17T14:58:22.188+0000] {subprocess.py:86} INFO - Output:
[2023-07-17T14:58:23.523+0000] {subprocess.py:93} INFO - Defaulting to user installation because normal site-packages is not writeable
[2023-07-17T14:58:23.879+0000] {subprocess.py:93} INFO - Collecting networkx==2.6.3
[2023-07-17T14:58:24.573+0000] {subprocess.py:93} INFO -   Downloading networkx-2.6.3-py3-none-any.whl (1.9 MB)
[2023-07-17T14:58:26.102+0000] {subprocess.py:93} INFO -      ━━━━━━━━━━━━━━━━━━━━━━━━━━━━━━━━━━━━━━━━ 1.9/1.9 MB 1.3 MB/s eta 0:00:00
[2023-07-17T14:58:26.509+0000] {subprocess.py:93} INFO - Collecting matplotlib
[2023-07-17T14:58:26.570+0000] {subprocess.py:93} INFO -   Downloading matplotlib-3.5.3-cp37-cp37m-manylinux_2_5_x86_64.manylinux1_x86_64.whl (11.2 MB)
[2023-07-17T14:58:31.313+0000] {subprocess.py:93} INFO -      ━━━━━━━━━━━━━━━━━━━━━━━━━━━━━━━━━━━━━━━━ 11.2/11.2 MB 2.4 MB/s eta 0:00:00
[2023-07-17T14:58:31.582+0000] {subprocess.py:93} INFO - Collecting scipy
[2023-07-17T14:58:31.639+0000] {subprocess.py:93} INFO -   Downloading scipy-1.7.3-cp37-cp37m-manylinux_2_12_x86_64.manylinux2010_x86_64.whl (38.1 MB)
[2023-07-17T14:58:47.710+0000] {subprocess.py:93} INFO -      ━━━━━━━━━━━━━━━━━━━━━━━━━━━━━━━━━━━━━━━━ 38.1/38.1 MB 2.3 MB/s eta 0:00:00
[2023-07-17T14:58:47.788+0000] {subprocess.py:93} INFO - Collecting seaborn
[2023-07-17T14:58:47.848+0000] {subprocess.py:93} INFO -   Downloading seaborn-0.12.2-py3-none-any.whl (293 kB)
[2023-07-17T14:58:47.972+0000] {subprocess.py:93} INFO -      ━━━━━━━━━━━━━━━━━━━━━━━━━━━━━━━━━━━━━━━ 293.3/293.3 kB 2.4 MB/s eta 0:00:00
[2023-07-17T14:58:48.096+0000] {subprocess.py:93} INFO - Collecting wikipedia
[2023-07-17T14:58:48.158+0000] {subprocess.py:93} INFO -   Downloading wikipedia-1.4.0.tar.gz (27 kB)
[2023-07-17T14:58:48.185+0000] {subprocess.py:93} INFO -   Preparing metadata (setup.py): started
[2023-07-17T14:58:48.899+0000] {subprocess.py:93} INFO -   Preparing metadata (setup.py): finished with status 'done'
[2023-07-17T14:58:49.060+0000] {subprocess.py:93} INFO - Collecting cycler>=0.10 (from matplotlib)
[2023-07-17T14:58:49.123+0000] {subprocess.py:93} INFO -   Downloading cycler-0.11.0-py3-none-any.whl (6.4 kB)
[2023-07-17T14:58:49.256+0000] {subprocess.py:93} INFO - Collecting fonttools>=4.22.0 (from matplotlib)
[2023-07-17T14:58:49.317+0000] {subprocess.py:93} INFO -   Downloading fonttools-4.38.0-py3-none-any.whl (965 kB)
[2023-07-17T14:58:49.724+0000] {subprocess.py:93} INFO -      ━━━━━━━━━━━━━━━━━━━━━━━━━━━━━━━━━━━━━━━ 965.4/965.4 kB 2.4 MB/s eta 0:00:00
[2023-07-17T14:58:49.944+0000] {subprocess.py:93} INFO - Collecting kiwisolver>=1.0.1 (from matplotlib)
[2023-07-17T14:58:50.002+0000] {subprocess.py:93} INFO -   Downloading kiwisolver-1.4.4-cp37-cp37m-manylinux_2_5_x86_64.manylinux1_x86_64.whl (1.1 MB)
[2023-07-17T14:58:50.484+0000] {subprocess.py:93} INFO -      ━━━━━━━━━━━━━━━━━━━━━━━━━━━━━━━━━━━━━━━━ 1.1/1.1 MB 2.4 MB/s eta 0:00:00
[2023-07-17T14:58:50.487+0000] {subprocess.py:93} INFO - Requirement already satisfied: numpy>=1.17 in /home/***/.local/lib/python3.7/site-packages (from matplotlib) (1.21.6)
[2023-07-17T14:58:50.488+0000] {subprocess.py:93} INFO - Requirement already satisfied: packaging>=20.0 in /home/***/.local/lib/python3.7/site-packages (from matplotlib) (21.3)
[2023-07-17T14:58:50.925+0000] {subprocess.py:93} INFO - Collecting pillow>=6.2.0 (from matplotlib)
[2023-07-17T14:58:50.993+0000] {subprocess.py:93} INFO -   Downloading Pillow-9.5.0-cp37-cp37m-manylinux_2_28_x86_64.whl (3.4 MB)
[2023-07-17T14:58:52.435+0000] {subprocess.py:93} INFO -      ━━━━━━━━━━━━━━━━━━━━━━━━━━━━━━━━━━━━━━━━ 3.4/3.4 MB 2.4 MB/s eta 0:00:00
[2023-07-17T14:58:52.441+0000] {subprocess.py:93} INFO - Requirement already satisfied: pyparsing>=2.2.1 in /home/***/.local/lib/python3.7/site-packages (from matplotlib) (3.1.0)
[2023-07-17T14:58:52.442+0000] {subprocess.py:93} INFO - Requirement already satisfied: python-dateutil>=2.7 in /home/***/.local/lib/python3.7/site-packages (from matplotlib) (2.8.2)
[2023-07-17T14:58:52.466+0000] {subprocess.py:93} INFO - Requirement already satisfied: pandas>=0.25 in /home/***/.local/lib/python3.7/site-packages (from seaborn) (1.3.5)
[2023-07-17T14:58:52.475+0000] {subprocess.py:93} INFO - Requirement already satisfied: typing_extensions in /home/***/.local/lib/python3.7/site-packages (from seaborn) (4.7.1)
[2023-07-17T14:58:52.479+0000] {subprocess.py:93} INFO - Requirement already satisfied: beautifulsoup4 in /home/***/.local/lib/python3.7/site-packages (from wikipedia) (4.12.2)
[2023-07-17T14:58:52.479+0000] {subprocess.py:93} INFO - Requirement already satisfied: requests<3.0.0,>=2.0.0 in /home/***/.local/lib/python3.7/site-packages (from wikipedia) (2.31.0)
[2023-07-17T14:58:52.545+0000] {subprocess.py:93} INFO - Requirement already satisfied: pytz>=2017.3 in /home/***/.local/lib/python3.7/site-packages (from pandas>=0.25->seaborn) (2023.3)
[2023-07-17T14:58:52.570+0000] {subprocess.py:93} INFO - Requirement already satisfied: six>=1.5 in /home/***/.local/lib/python3.7/site-packages (from python-dateutil>=2.7->matplotlib) (1.16.0)
[2023-07-17T14:58:52.579+0000] {subprocess.py:93} INFO - Requirement already satisfied: charset-normalizer<4,>=2 in /home/***/.local/lib/python3.7/site-packages (from requests<3.0.0,>=2.0.0->wikipedia) (3.1.0)
[2023-07-17T14:58:52.579+0000] {subprocess.py:93} INFO - Requirement already satisfied: idna<4,>=2.5 in /home/***/.local/lib/python3.7/site-packages (from requests<3.0.0,>=2.0.0->wikipedia) (3.4)
[2023-07-17T14:58:52.580+0000] {subprocess.py:93} INFO - Requirement already satisfied: urllib3<3,>=1.21.1 in /home/***/.local/lib/python3.7/site-packages (from requests<3.0.0,>=2.0.0->wikipedia) (1.26.16)
[2023-07-17T14:58:52.581+0000] {subprocess.py:93} INFO - Requirement already satisfied: certifi>=2017.4.17 in /home/***/.local/lib/python3.7/site-packages (from requests<3.0.0,>=2.0.0->wikipedia) (2023.5.7)
[2023-07-17T14:58:52.586+0000] {subprocess.py:93} INFO - Requirement already satisfied: soupsieve>1.2 in /home/***/.local/lib/python3.7/site-packages (from beautifulsoup4->wikipedia) (2.4.1)
[2023-07-17T14:58:52.627+0000] {subprocess.py:93} INFO - Building wheels for collected packages: wikipedia
[2023-07-17T14:58:52.627+0000] {subprocess.py:93} INFO -   Building wheel for wikipedia (setup.py): started
[2023-07-17T14:58:53.571+0000] {subprocess.py:93} INFO -   Building wheel for wikipedia (setup.py): finished with status 'done'
[2023-07-17T14:58:53.572+0000] {subprocess.py:93} INFO -   Created wheel for wikipedia: filename=wikipedia-1.4.0-py3-none-any.whl size=11680 sha256=92ae0eda43319fdb9dd9af2bdc632fdb102e3fc297705cfaad49dc4d6ea2a870
[2023-07-17T14:58:53.572+0000] {subprocess.py:93} INFO -   Stored in directory: /home/***/.cache/pip/wheels/15/93/6d/5b2c68b8a64c7a7a04947b4ed6d89fb557dcc6bc27d1d7f3ba
[2023-07-17T14:58:53.574+0000] {subprocess.py:93} INFO - Successfully built wikipedia
[2023-07-17T14:58:58.562+0000] {subprocess.py:93} INFO - Installing collected packages: scipy, pillow, networkx, kiwisolver, fonttools, cycler, wikipedia, matplotlib, seaborn
[2023-07-17T14:59:03.745+0000] {subprocess.py:93} INFO - Successfully installed cycler-0.11.0 fonttools-4.38.0 kiwisolver-1.4.4 matplotlib-3.5.3 networkx-2.6.3 pillow-9.5.0 scipy-1.7.3 seaborn-0.12.2 wikipedia-1.4.0
[2023-07-17T14:59:04.067+0000] {subprocess.py:93} INFO - 
[2023-07-17T14:59:04.067+0000] {subprocess.py:93} INFO - [notice] A new release of pip is available: 23.1.2 -> 23.2
[2023-07-17T14:59:04.068+0000] {subprocess.py:93} INFO - [notice] To update, run: python -m pip install --upgrade pip
[2023-07-17T14:59:04.345+0000] {subprocess.py:97} INFO - Command exited with return code 0
[2023-07-17T14:59:04.377+0000] {taskinstance.py:1350} INFO - Marking task as SUCCESS. dag_id=main_dag, task_id=install_libraries, execution_date=20230717T145819, start_date=20230717T145821, end_date=20230717T145904
[2023-07-17T14:59:04.417+0000] {local_task_job_runner.py:225} INFO - Task exited with return code 0
[2023-07-17T14:59:04.456+0000] {taskinstance.py:2653} INFO - 1 downstream tasks scheduled from follow-on schedule check
