[2023-07-16T04:10:12.958+0000] {taskinstance.py:1103} INFO - Dependencies all met for dep_context=non-requeueable deps ti=<TaskInstance: main_dag.install_libraries manual__2023-07-16T04:10:11.493603+00:00 [queued]>
[2023-07-16T04:10:12.968+0000] {taskinstance.py:1103} INFO - Dependencies all met for dep_context=requeueable deps ti=<TaskInstance: main_dag.install_libraries manual__2023-07-16T04:10:11.493603+00:00 [queued]>
[2023-07-16T04:10:12.968+0000] {taskinstance.py:1308} INFO - Starting attempt 1 of 1
[2023-07-16T04:10:12.982+0000] {taskinstance.py:1327} INFO - Executing <Task(BashOperator): install_libraries> on 2023-07-16 04:10:11.493603+00:00
[2023-07-16T04:10:12.987+0000] {standard_task_runner.py:57} INFO - Started process 556 to run task
[2023-07-16T04:10:12.988+0000] {standard_task_runner.py:84} INFO - Running: ['***', 'tasks', 'run', 'main_dag', 'install_libraries', 'manual__2023-07-16T04:10:11.493603+00:00', '--job-id', '468', '--raw', '--subdir', 'DAGS_FOLDER/main_dag.py', '--cfg-path', '/tmp/tmp02_nto2w']
[2023-07-16T04:10:12.992+0000] {standard_task_runner.py:85} INFO - Job 468: Subtask install_libraries
[2023-07-16T04:10:13.035+0000] {task_command.py:410} INFO - Running <TaskInstance: main_dag.install_libraries manual__2023-07-16T04:10:11.493603+00:00 [running]> on host 85db40224008
[2023-07-16T04:10:13.129+0000] {taskinstance.py:1547} INFO - Exporting env vars: AIRFLOW_CTX_DAG_OWNER='***' AIRFLOW_CTX_DAG_ID='main_dag' AIRFLOW_CTX_TASK_ID='install_libraries' AIRFLOW_CTX_EXECUTION_DATE='2023-07-16T04:10:11.493603+00:00' AIRFLOW_CTX_TRY_NUMBER='1' AIRFLOW_CTX_DAG_RUN_ID='manual__2023-07-16T04:10:11.493603+00:00'
[2023-07-16T04:10:13.130+0000] {subprocess.py:63} INFO - Tmp dir root location: /tmp
[2023-07-16T04:10:13.131+0000] {subprocess.py:75} INFO - Running command: ['/bin/bash', '-c', 'pip install networkx']
[2023-07-16T04:10:13.142+0000] {subprocess.py:86} INFO - Output:
[2023-07-16T04:10:13.803+0000] {subprocess.py:93} INFO - Defaulting to user installation because normal site-packages is not writeable
[2023-07-16T04:10:13.946+0000] {subprocess.py:93} INFO - Requirement already satisfied: networkx in /home/***/.local/lib/python3.7/site-packages (2.6.3)
[2023-07-16T04:10:18.650+0000] {subprocess.py:93} INFO - 
[2023-07-16T04:10:18.650+0000] {subprocess.py:93} INFO - [notice] A new release of pip is available: 23.1.2 -> 23.2
[2023-07-16T04:10:18.650+0000] {subprocess.py:93} INFO - [notice] To update, run: python -m pip install --upgrade pip
[2023-07-16T04:10:18.802+0000] {subprocess.py:97} INFO - Command exited with return code 0
[2023-07-16T04:10:18.831+0000] {taskinstance.py:1350} INFO - Marking task as SUCCESS. dag_id=main_dag, task_id=install_libraries, execution_date=20230716T041011, start_date=20230716T041012, end_date=20230716T041018
[2023-07-16T04:10:18.867+0000] {local_task_job_runner.py:225} INFO - Task exited with return code 0
[2023-07-16T04:10:18.896+0000] {taskinstance.py:2653} INFO - 1 downstream tasks scheduled from follow-on schedule check
