[2023-07-16T15:06:37.452+0000] {taskinstance.py:1103} INFO - Dependencies all met for dep_context=non-requeueable deps ti=<TaskInstance: main_dag.make_figures.plot_all_together manual__2023-07-16T15:06:25.587044+00:00 [queued]>
[2023-07-16T15:06:37.463+0000] {taskinstance.py:1103} INFO - Dependencies all met for dep_context=requeueable deps ti=<TaskInstance: main_dag.make_figures.plot_all_together manual__2023-07-16T15:06:25.587044+00:00 [queued]>
[2023-07-16T15:06:37.463+0000] {taskinstance.py:1308} INFO - Starting attempt 1 of 1
[2023-07-16T15:06:37.508+0000] {taskinstance.py:1327} INFO - Executing <Task(PythonOperator): make_figures.plot_all_together> on 2023-07-16 15:06:25.587044+00:00
[2023-07-16T15:06:37.516+0000] {standard_task_runner.py:57} INFO - Started process 547 to run task
[2023-07-16T15:06:37.520+0000] {standard_task_runner.py:84} INFO - Running: ['***', 'tasks', 'run', 'main_dag', 'make_figures.plot_all_together', 'manual__2023-07-16T15:06:25.587044+00:00', '--job-id', '528', '--raw', '--subdir', 'DAGS_FOLDER/main_dag.py', '--cfg-path', '/tmp/tmpjdtr0dpu']
[2023-07-16T15:06:37.528+0000] {standard_task_runner.py:85} INFO - Job 528: Subtask make_figures.plot_all_together
[2023-07-16T15:06:37.673+0000] {task_command.py:410} INFO - Running <TaskInstance: main_dag.make_figures.plot_all_together manual__2023-07-16T15:06:25.587044+00:00 [running]> on host 1696d5f40b5e
[2023-07-16T15:06:37.833+0000] {taskinstance.py:1547} INFO - Exporting env vars: AIRFLOW_CTX_DAG_OWNER='***' AIRFLOW_CTX_DAG_ID='main_dag' AIRFLOW_CTX_TASK_ID='make_figures.plot_all_together' AIRFLOW_CTX_EXECUTION_DATE='2023-07-16T15:06:25.587044+00:00' AIRFLOW_CTX_TRY_NUMBER='1' AIRFLOW_CTX_DAG_RUN_ID='manual__2023-07-16T15:06:25.587044+00:00'
[2023-07-16T15:09:25.139+0000] {taskinstance.py:1824} ERROR - Task failed with exception
Traceback (most recent call last):
  File "/home/airflow/.local/lib/python3.7/site-packages/airflow/operators/python.py", line 181, in execute
    return_value = self.execute_callable()
  File "/home/airflow/.local/lib/python3.7/site-packages/airflow/operators/python.py", line 198, in execute_callable
    return self.python_callable(*self.op_args, **self.op_kwargs)
  File "/opt/airflow/dags/main_dag.py", line 55, in all_together
    pos = nx.spring_layout(graph, seed=12345678, k=0.3)
  File "/home/airflow/.local/lib/python3.7/site-packages/networkx/utils/decorators.py", line 795, in func
    return argmap._lazy_compile(__wrapper)(*args, **kwargs)
  File "<class 'networkx.utils.decorators.argmap'> compilation 22", line 4, in argmap_spring_layout_19
    from pathlib import Path
  File "/home/airflow/.local/lib/python3.7/site-packages/networkx/drawing/layout.py", line 476, in spring_layout
    A = nx.to_scipy_sparse_matrix(G, weight=weight, dtype="f")
  File "/home/airflow/.local/lib/python3.7/site-packages/networkx/convert_matrix.py", line 851, in to_scipy_sparse_matrix
    import scipy as sp
ModuleNotFoundError: No module named 'scipy'
[2023-07-16T15:09:25.148+0000] {taskinstance.py:1350} INFO - Marking task as FAILED. dag_id=main_dag, task_id=make_figures.plot_all_together, execution_date=20230716T150625, start_date=20230716T150637, end_date=20230716T150925
[2023-07-16T15:09:25.163+0000] {standard_task_runner.py:109} ERROR - Failed to execute job 528 for task make_figures.plot_all_together (No module named 'scipy'; 547)
[2023-07-16T15:09:25.217+0000] {local_task_job_runner.py:225} INFO - Task exited with return code 1
[2023-07-16T15:09:25.234+0000] {taskinstance.py:2653} INFO - 0 downstream tasks scheduled from follow-on schedule check
