[2023-07-17T13:15:33.774+0000] {taskinstance.py:1103} INFO - Dependencies all met for dep_context=non-requeueable deps ti=<TaskInstance: main_dag.install_libraries manual__2023-07-17T13:15:32.839830+00:00 [queued]>
[2023-07-17T13:15:33.784+0000] {taskinstance.py:1103} INFO - Dependencies all met for dep_context=requeueable deps ti=<TaskInstance: main_dag.install_libraries manual__2023-07-17T13:15:32.839830+00:00 [queued]>
[2023-07-17T13:15:33.784+0000] {taskinstance.py:1308} INFO - Starting attempt 1 of 1
[2023-07-17T13:15:33.801+0000] {taskinstance.py:1327} INFO - Executing <Task(BashOperator): install_libraries> on 2023-07-17 13:15:32.839830+00:00
[2023-07-17T13:15:33.806+0000] {standard_task_runner.py:57} INFO - Started process 1277 to run task
[2023-07-17T13:15:33.809+0000] {standard_task_runner.py:84} INFO - Running: ['***', 'tasks', 'run', 'main_dag', 'install_libraries', 'manual__2023-07-17T13:15:32.839830+00:00', '--job-id', '684', '--raw', '--subdir', 'DAGS_FOLDER/main_dag.py', '--cfg-path', '/tmp/tmpagxvn253']
[2023-07-17T13:15:33.814+0000] {standard_task_runner.py:85} INFO - Job 684: Subtask install_libraries
[2023-07-17T13:15:33.856+0000] {task_command.py:410} INFO - Running <TaskInstance: main_dag.install_libraries manual__2023-07-17T13:15:32.839830+00:00 [running]> on host d3ee5a861c36
[2023-07-17T13:15:34.020+0000] {taskinstance.py:1547} INFO - Exporting env vars: AIRFLOW_CTX_DAG_OWNER='***' AIRFLOW_CTX_DAG_ID='main_dag' AIRFLOW_CTX_TASK_ID='install_libraries' AIRFLOW_CTX_EXECUTION_DATE='2023-07-17T13:15:32.839830+00:00' AIRFLOW_CTX_TRY_NUMBER='1' AIRFLOW_CTX_DAG_RUN_ID='manual__2023-07-17T13:15:32.839830+00:00'
[2023-07-17T13:15:34.022+0000] {subprocess.py:63} INFO - Tmp dir root location: /tmp
[2023-07-17T13:15:34.023+0000] {subprocess.py:75} INFO - Running command: ['/bin/bash', '-c', 'pip install networkx matplotlib scipy seaborn wikipedia']
[2023-07-17T13:15:34.035+0000] {subprocess.py:86} INFO - Output:
[2023-07-17T13:15:34.805+0000] {subprocess.py:93} INFO - Defaulting to user installation because normal site-packages is not writeable
[2023-07-17T13:15:34.963+0000] {subprocess.py:93} INFO - Requirement already satisfied: networkx in /home/***/.local/lib/python3.7/site-packages (2.6.3)
[2023-07-17T13:15:34.963+0000] {subprocess.py:93} INFO - Requirement already satisfied: matplotlib in /home/***/.local/lib/python3.7/site-packages (3.5.3)
[2023-07-17T13:15:34.963+0000] {subprocess.py:93} INFO - Requirement already satisfied: scipy in /home/***/.local/lib/python3.7/site-packages (1.7.3)
[2023-07-17T13:15:34.964+0000] {subprocess.py:93} INFO - Requirement already satisfied: seaborn in /home/***/.local/lib/python3.7/site-packages (0.12.2)
[2023-07-17T13:15:34.964+0000] {subprocess.py:93} INFO - Requirement already satisfied: wikipedia in /home/***/.local/lib/python3.7/site-packages (1.4.0)
[2023-07-17T13:15:34.990+0000] {subprocess.py:93} INFO - Requirement already satisfied: cycler>=0.10 in /home/***/.local/lib/python3.7/site-packages (from matplotlib) (0.11.0)
[2023-07-17T13:15:34.990+0000] {subprocess.py:93} INFO - Requirement already satisfied: fonttools>=4.22.0 in /home/***/.local/lib/python3.7/site-packages (from matplotlib) (4.38.0)
[2023-07-17T13:15:34.991+0000] {subprocess.py:93} INFO - Requirement already satisfied: kiwisolver>=1.0.1 in /home/***/.local/lib/python3.7/site-packages (from matplotlib) (1.4.4)
[2023-07-17T13:15:34.992+0000] {subprocess.py:93} INFO - Requirement already satisfied: numpy>=1.17 in /home/***/.local/lib/python3.7/site-packages (from matplotlib) (1.21.6)
[2023-07-17T13:15:34.992+0000] {subprocess.py:93} INFO - Requirement already satisfied: packaging>=20.0 in /home/***/.local/lib/python3.7/site-packages (from matplotlib) (21.3)
[2023-07-17T13:15:34.993+0000] {subprocess.py:93} INFO - Requirement already satisfied: pillow>=6.2.0 in /home/***/.local/lib/python3.7/site-packages (from matplotlib) (9.5.0)
[2023-07-17T13:15:34.994+0000] {subprocess.py:93} INFO - Requirement already satisfied: pyparsing>=2.2.1 in /home/***/.local/lib/python3.7/site-packages (from matplotlib) (3.1.0)
[2023-07-17T13:15:34.994+0000] {subprocess.py:93} INFO - Requirement already satisfied: python-dateutil>=2.7 in /home/***/.local/lib/python3.7/site-packages (from matplotlib) (2.8.2)
[2023-07-17T13:15:35.015+0000] {subprocess.py:93} INFO - Requirement already satisfied: pandas>=0.25 in /home/***/.local/lib/python3.7/site-packages (from seaborn) (1.3.5)
[2023-07-17T13:15:35.017+0000] {subprocess.py:93} INFO - Requirement already satisfied: typing_extensions in /home/***/.local/lib/python3.7/site-packages (from seaborn) (4.7.1)
[2023-07-17T13:15:35.020+0000] {subprocess.py:93} INFO - Requirement already satisfied: beautifulsoup4 in /home/***/.local/lib/python3.7/site-packages (from wikipedia) (4.12.2)
[2023-07-17T13:15:35.021+0000] {subprocess.py:93} INFO - Requirement already satisfied: requests<3.0.0,>=2.0.0 in /home/***/.local/lib/python3.7/site-packages (from wikipedia) (2.31.0)
[2023-07-17T13:15:35.080+0000] {subprocess.py:93} INFO - Requirement already satisfied: pytz>=2017.3 in /home/***/.local/lib/python3.7/site-packages (from pandas>=0.25->seaborn) (2023.3)
[2023-07-17T13:15:35.101+0000] {subprocess.py:93} INFO - Requirement already satisfied: six>=1.5 in /home/***/.local/lib/python3.7/site-packages (from python-dateutil>=2.7->matplotlib) (1.16.0)
[2023-07-17T13:15:35.110+0000] {subprocess.py:93} INFO - Requirement already satisfied: charset-normalizer<4,>=2 in /home/***/.local/lib/python3.7/site-packages (from requests<3.0.0,>=2.0.0->wikipedia) (3.1.0)
[2023-07-17T13:15:35.111+0000] {subprocess.py:93} INFO - Requirement already satisfied: idna<4,>=2.5 in /home/***/.local/lib/python3.7/site-packages (from requests<3.0.0,>=2.0.0->wikipedia) (3.4)
[2023-07-17T13:15:35.111+0000] {subprocess.py:93} INFO - Requirement already satisfied: urllib3<3,>=1.21.1 in /home/***/.local/lib/python3.7/site-packages (from requests<3.0.0,>=2.0.0->wikipedia) (1.26.16)
[2023-07-17T13:15:35.112+0000] {subprocess.py:93} INFO - Requirement already satisfied: certifi>=2017.4.17 in /home/***/.local/lib/python3.7/site-packages (from requests<3.0.0,>=2.0.0->wikipedia) (2023.5.7)
[2023-07-17T13:15:35.117+0000] {subprocess.py:93} INFO - Requirement already satisfied: soupsieve>1.2 in /home/***/.local/lib/python3.7/site-packages (from beautifulsoup4->wikipedia) (2.4.1)
[2023-07-17T13:15:40.081+0000] {subprocess.py:93} INFO - 
[2023-07-17T13:15:40.081+0000] {subprocess.py:93} INFO - [notice] A new release of pip is available: 23.1.2 -> 23.2
[2023-07-17T13:15:40.081+0000] {subprocess.py:93} INFO - [notice] To update, run: python -m pip install --upgrade pip
[2023-07-17T13:15:40.254+0000] {subprocess.py:97} INFO - Command exited with return code 0
[2023-07-17T13:15:40.286+0000] {taskinstance.py:1350} INFO - Marking task as SUCCESS. dag_id=main_dag, task_id=install_libraries, execution_date=20230717T131532, start_date=20230717T131533, end_date=20230717T131540
[2023-07-17T13:15:40.326+0000] {local_task_job_runner.py:225} INFO - Task exited with return code 0
[2023-07-17T13:15:40.371+0000] {taskinstance.py:2653} INFO - 1 downstream tasks scheduled from follow-on schedule check
