[2023-07-17T12:41:45.752+0000] {taskinstance.py:1103} INFO - Dependencies all met for dep_context=non-requeueable deps ti=<TaskInstance: main_dag.data_acquisition manual__2023-07-17T12:41:36.313619+00:00 [queued]>
[2023-07-17T12:41:45.763+0000] {taskinstance.py:1103} INFO - Dependencies all met for dep_context=requeueable deps ti=<TaskInstance: main_dag.data_acquisition manual__2023-07-17T12:41:36.313619+00:00 [queued]>
[2023-07-17T12:41:45.763+0000] {taskinstance.py:1308} INFO - Starting attempt 1 of 1
[2023-07-17T12:41:45.779+0000] {taskinstance.py:1327} INFO - Executing <Task(PythonOperator): data_acquisition> on 2023-07-17 12:41:36.313619+00:00
[2023-07-17T12:41:45.786+0000] {standard_task_runner.py:57} INFO - Started process 380 to run task
[2023-07-17T12:41:45.788+0000] {standard_task_runner.py:84} INFO - Running: ['***', 'tasks', 'run', 'main_dag', 'data_acquisition', 'manual__2023-07-17T12:41:36.313619+00:00', '--job-id', '678', '--raw', '--subdir', 'DAGS_FOLDER/main_dag.py', '--cfg-path', '/tmp/tmprbwqzjre']
[2023-07-17T12:41:45.791+0000] {standard_task_runner.py:85} INFO - Job 678: Subtask data_acquisition
[2023-07-17T12:41:45.835+0000] {task_command.py:410} INFO - Running <TaskInstance: main_dag.data_acquisition manual__2023-07-17T12:41:36.313619+00:00 [running]> on host d3ee5a861c36
[2023-07-17T12:41:45.930+0000] {taskinstance.py:1547} INFO - Exporting env vars: AIRFLOW_CTX_DAG_OWNER='***' AIRFLOW_CTX_DAG_ID='main_dag' AIRFLOW_CTX_TASK_ID='data_acquisition' AIRFLOW_CTX_EXECUTION_DATE='2023-07-17T12:41:36.313619+00:00' AIRFLOW_CTX_TRY_NUMBER='1' AIRFLOW_CTX_DAG_RUN_ID='manual__2023-07-17T12:41:36.313619+00:00'
[2023-07-17T12:42:42.243+0000] {logging_mixin.py:150} WARNING - /home/***/.local/lib/python3.7/site-packages/wikipedia/wikipedia.py:389 GuessedAtParserWarning: No parser was explicitly specified, so I'm using the best available HTML parser for this system ("lxml"). This usually isn't a problem, but if you run this code on another system, or in a different virtual environment, it may use a different parser and behave differently.

The code that caused this warning is on line 389 of the file /home/***/.local/lib/python3.7/site-packages/wikipedia/wikipedia.py. To get rid of this warning, pass the additional argument 'features="lxml"' to the BeautifulSoup constructor.
[2023-07-17T12:42:42.253+0000] {logging_mixin.py:150} INFO - Could not load Casp
[2023-07-17T12:43:03.215+0000] {logging_mixin.py:150} INFO - Could not load Computer Vision
[2023-07-17T12:43:15.196+0000] {logging_mixin.py:150} INFO - Could not load Dbscan
[2023-07-17T12:43:18.679+0000] {logging_mixin.py:150} INFO - Could not load Data Mining
[2023-07-17T12:44:19.268+0000] {logging_mixin.py:150} INFO - Could not load Github
[2023-07-17T12:44:24.797+0000] {logging_mixin.py:150} INFO - Could not load Google
[2023-07-17T12:44:50.263+0000] {logging_mixin.py:150} INFO - Could not load Identity Matrix
[2023-07-17T12:45:36.857+0000] {logging_mixin.py:150} INFO - Could not load Machine Learning
[2023-07-17T12:45:59.502+0000] {logging_mixin.py:150} INFO - Could not load Multilayer Perceptron
[2023-07-17T12:46:03.638+0000] {logging_mixin.py:150} INFO - Could not load Np-Hard
[2023-07-17T12:46:36.946+0000] {logging_mixin.py:150} INFO - Could not load Pmc (Identifier)
[2023-07-17T12:46:42.455+0000] {logging_mixin.py:150} INFO - Could not load Petar Veličković
[2023-07-17T12:46:44.793+0000] {logging_mixin.py:150} INFO - Could not load Physics
[2023-07-17T12:46:47.289+0000] {logging_mixin.py:150} INFO - Could not load Pixel
[2023-07-17T12:47:15.601+0000] {logging_mixin.py:150} INFO - Could not load Relu
[2023-07-17T12:48:02.694+0000] {logging_mixin.py:150} INFO - Could not load Social Graph
[2023-07-17T12:48:38.232+0000] {logging_mixin.py:150} INFO - Could not load Tensorflow
[2023-07-17T12:48:39.910+0000] {logging_mixin.py:150} INFO - Could not load Thomas Kipf
[2023-07-17T12:49:04.429+0000] {python.py:183} INFO - Done. Returned value was: None
[2023-07-17T12:49:04.442+0000] {taskinstance.py:1350} INFO - Marking task as SUCCESS. dag_id=main_dag, task_id=data_acquisition, execution_date=20230717T124136, start_date=20230717T124145, end_date=20230717T124904
[2023-07-17T12:49:04.502+0000] {local_task_job_runner.py:225} INFO - Task exited with return code 0
[2023-07-17T12:49:04.561+0000] {taskinstance.py:2653} INFO - 1 downstream tasks scheduled from follow-on schedule check
