[2023-07-17T13:39:57.883+0000] {taskinstance.py:1103} INFO - Dependencies all met for dep_context=non-requeueable deps ti=<TaskInstance: main_dag.install_libraries manual__2023-07-17T13:39:57.137920+00:00 [queued]>
[2023-07-17T13:39:57.893+0000] {taskinstance.py:1103} INFO - Dependencies all met for dep_context=requeueable deps ti=<TaskInstance: main_dag.install_libraries manual__2023-07-17T13:39:57.137920+00:00 [queued]>
[2023-07-17T13:39:57.893+0000] {taskinstance.py:1308} INFO - Starting attempt 1 of 1
[2023-07-17T13:39:57.909+0000] {taskinstance.py:1327} INFO - Executing <Task(BashOperator): install_libraries> on 2023-07-17 13:39:57.137920+00:00
[2023-07-17T13:39:57.913+0000] {standard_task_runner.py:57} INFO - Started process 687 to run task
[2023-07-17T13:39:57.917+0000] {standard_task_runner.py:84} INFO - Running: ['***', 'tasks', 'run', 'main_dag', 'install_libraries', 'manual__2023-07-17T13:39:57.137920+00:00', '--job-id', '693', '--raw', '--subdir', 'DAGS_FOLDER/main_dag.py', '--cfg-path', '/tmp/tmp455fls0v']
[2023-07-17T13:39:57.920+0000] {standard_task_runner.py:85} INFO - Job 693: Subtask install_libraries
[2023-07-17T13:39:57.966+0000] {task_command.py:410} INFO - Running <TaskInstance: main_dag.install_libraries manual__2023-07-17T13:39:57.137920+00:00 [running]> on host 46d66aa08365
[2023-07-17T13:39:58.061+0000] {taskinstance.py:1547} INFO - Exporting env vars: AIRFLOW_CTX_DAG_OWNER='***' AIRFLOW_CTX_DAG_ID='main_dag' AIRFLOW_CTX_TASK_ID='install_libraries' AIRFLOW_CTX_EXECUTION_DATE='2023-07-17T13:39:57.137920+00:00' AIRFLOW_CTX_TRY_NUMBER='1' AIRFLOW_CTX_DAG_RUN_ID='manual__2023-07-17T13:39:57.137920+00:00'
[2023-07-17T13:39:58.062+0000] {subprocess.py:63} INFO - Tmp dir root location: /tmp
[2023-07-17T13:39:58.063+0000] {subprocess.py:75} INFO - Running command: ['/bin/bash', '-c', 'pip install networkx matplotlib scipy seaborn wikipedia graph-tools']
[2023-07-17T13:39:58.077+0000] {subprocess.py:86} INFO - Output:
[2023-07-17T13:39:58.806+0000] {subprocess.py:93} INFO - Defaulting to user installation because normal site-packages is not writeable
[2023-07-17T13:39:58.949+0000] {subprocess.py:93} INFO - Requirement already satisfied: networkx in /home/***/.local/lib/python3.7/site-packages (2.6.3)
[2023-07-17T13:39:58.950+0000] {subprocess.py:93} INFO - Requirement already satisfied: matplotlib in /home/***/.local/lib/python3.7/site-packages (3.5.3)
[2023-07-17T13:39:58.950+0000] {subprocess.py:93} INFO - Requirement already satisfied: scipy in /home/***/.local/lib/python3.7/site-packages (1.7.3)
[2023-07-17T13:39:58.951+0000] {subprocess.py:93} INFO - Requirement already satisfied: seaborn in /home/***/.local/lib/python3.7/site-packages (0.12.2)
[2023-07-17T13:39:58.951+0000] {subprocess.py:93} INFO - Requirement already satisfied: wikipedia in /home/***/.local/lib/python3.7/site-packages (1.4.0)
[2023-07-17T13:39:59.295+0000] {subprocess.py:93} INFO - Collecting graph-tools
[2023-07-17T13:39:59.785+0000] {subprocess.py:93} INFO -   Downloading graph_tools-1.11-py3-none-any.whl (36 kB)
[2023-07-17T13:39:59.830+0000] {subprocess.py:93} INFO - Requirement already satisfied: cycler>=0.10 in /home/***/.local/lib/python3.7/site-packages (from matplotlib) (0.11.0)
[2023-07-17T13:39:59.831+0000] {subprocess.py:93} INFO - Requirement already satisfied: fonttools>=4.22.0 in /home/***/.local/lib/python3.7/site-packages (from matplotlib) (4.38.0)
[2023-07-17T13:39:59.832+0000] {subprocess.py:93} INFO - Requirement already satisfied: kiwisolver>=1.0.1 in /home/***/.local/lib/python3.7/site-packages (from matplotlib) (1.4.4)
[2023-07-17T13:39:59.833+0000] {subprocess.py:93} INFO - Requirement already satisfied: numpy>=1.17 in /home/***/.local/lib/python3.7/site-packages (from matplotlib) (1.21.6)
[2023-07-17T13:39:59.834+0000] {subprocess.py:93} INFO - Requirement already satisfied: packaging>=20.0 in /home/***/.local/lib/python3.7/site-packages (from matplotlib) (21.3)
[2023-07-17T13:39:59.835+0000] {subprocess.py:93} INFO - Requirement already satisfied: pillow>=6.2.0 in /home/***/.local/lib/python3.7/site-packages (from matplotlib) (9.5.0)
[2023-07-17T13:39:59.836+0000] {subprocess.py:93} INFO - Requirement already satisfied: pyparsing>=2.2.1 in /home/***/.local/lib/python3.7/site-packages (from matplotlib) (3.1.0)
[2023-07-17T13:39:59.837+0000] {subprocess.py:93} INFO - Requirement already satisfied: python-dateutil>=2.7 in /home/***/.local/lib/python3.7/site-packages (from matplotlib) (2.8.2)
[2023-07-17T13:39:59.861+0000] {subprocess.py:93} INFO - Requirement already satisfied: pandas>=0.25 in /home/***/.local/lib/python3.7/site-packages (from seaborn) (1.3.5)
[2023-07-17T13:39:59.862+0000] {subprocess.py:93} INFO - Requirement already satisfied: typing_extensions in /home/***/.local/lib/python3.7/site-packages (from seaborn) (4.7.1)
[2023-07-17T13:39:59.865+0000] {subprocess.py:93} INFO - Requirement already satisfied: beautifulsoup4 in /home/***/.local/lib/python3.7/site-packages (from wikipedia) (4.12.2)
[2023-07-17T13:39:59.866+0000] {subprocess.py:93} INFO - Requirement already satisfied: requests<3.0.0,>=2.0.0 in /home/***/.local/lib/python3.7/site-packages (from wikipedia) (2.31.0)
[2023-07-17T13:39:59.999+0000] {subprocess.py:93} INFO - Collecting perlcompat (from graph-tools)
[2023-07-17T13:40:00.297+0000] {subprocess.py:93} INFO -   Downloading perlcompat-1.1-py3-none-any.whl (15 kB)
[2023-07-17T13:40:00.408+0000] {subprocess.py:93} INFO - Collecting pytess (from graph-tools)
[2023-07-17T13:40:00.608+0000] {subprocess.py:93} INFO -   Downloading Pytess-1.0.0.tar.gz (11 kB)
[2023-07-17T13:40:00.626+0000] {subprocess.py:93} INFO -   Preparing metadata (setup.py): started
[2023-07-17T13:40:01.465+0000] {subprocess.py:93} INFO -   Preparing metadata (setup.py): finished with status 'done'
[2023-07-17T13:40:01.640+0000] {subprocess.py:93} INFO - Collecting tbdump (from graph-tools)
[2023-07-17T13:40:01.731+0000] {subprocess.py:93} INFO -   Downloading tbdump-1.4-py3-none-any.whl (17 kB)
[2023-07-17T13:40:01.808+0000] {subprocess.py:93} INFO - Requirement already satisfied: pytz>=2017.3 in /home/***/.local/lib/python3.7/site-packages (from pandas>=0.25->seaborn) (2023.3)
[2023-07-17T13:40:01.831+0000] {subprocess.py:93} INFO - Requirement already satisfied: six>=1.5 in /home/***/.local/lib/python3.7/site-packages (from python-dateutil>=2.7->matplotlib) (1.16.0)
[2023-07-17T13:40:01.842+0000] {subprocess.py:93} INFO - Requirement already satisfied: charset-normalizer<4,>=2 in /home/***/.local/lib/python3.7/site-packages (from requests<3.0.0,>=2.0.0->wikipedia) (3.1.0)
[2023-07-17T13:40:01.843+0000] {subprocess.py:93} INFO - Requirement already satisfied: idna<4,>=2.5 in /home/***/.local/lib/python3.7/site-packages (from requests<3.0.0,>=2.0.0->wikipedia) (3.4)
[2023-07-17T13:40:01.844+0000] {subprocess.py:93} INFO - Requirement already satisfied: urllib3<3,>=1.21.1 in /home/***/.local/lib/python3.7/site-packages (from requests<3.0.0,>=2.0.0->wikipedia) (1.26.16)
[2023-07-17T13:40:01.845+0000] {subprocess.py:93} INFO - Requirement already satisfied: certifi>=2017.4.17 in /home/***/.local/lib/python3.7/site-packages (from requests<3.0.0,>=2.0.0->wikipedia) (2023.5.7)
[2023-07-17T13:40:01.852+0000] {subprocess.py:93} INFO - Requirement already satisfied: soupsieve>1.2 in /home/***/.local/lib/python3.7/site-packages (from beautifulsoup4->wikipedia) (2.4.1)
[2023-07-17T13:40:02.051+0000] {subprocess.py:93} INFO - Collecting ansiterm (from tbdump->graph-tools)
[2023-07-17T13:40:02.243+0000] {subprocess.py:93} INFO -   Downloading ansiterm-1.1-py3-none-any.whl (15 kB)
[2023-07-17T13:40:02.291+0000] {subprocess.py:93} INFO - Building wheels for collected packages: pytess
[2023-07-17T13:40:02.291+0000] {subprocess.py:93} INFO -   Building wheel for pytess (setup.py): started
[2023-07-17T13:40:03.338+0000] {subprocess.py:93} INFO -   Building wheel for pytess (setup.py): finished with status 'done'
[2023-07-17T13:40:03.339+0000] {subprocess.py:93} INFO -   Created wheel for pytess: filename=Pytess-1.0.0-py3-none-any.whl size=11830 sha256=390c02895ab799e1d70cb9138ae8696aabc4e7f2dbdab5f15c1943f4ff5711d9
[2023-07-17T13:40:03.339+0000] {subprocess.py:93} INFO -   Stored in directory: /home/***/.cache/pip/wheels/1f/83/3e/60ef0e822197cdb7442f65eaece627fc616701e21ce3e97646
[2023-07-17T13:40:03.344+0000] {subprocess.py:93} INFO - Successfully built pytess
[2023-07-17T13:40:08.163+0000] {subprocess.py:93} INFO - Installing collected packages: pytess, perlcompat, ansiterm, tbdump, graph-tools
[2023-07-17T13:40:08.264+0000] {subprocess.py:93} INFO - Successfully installed ansiterm-1.1 graph-tools-1.11 perlcompat-1.1 pytess-1.0.0 tbdump-1.4
[2023-07-17T13:40:08.274+0000] {subprocess.py:93} INFO - 
[2023-07-17T13:40:08.274+0000] {subprocess.py:93} INFO - [notice] A new release of pip is available: 23.1.2 -> 23.2
[2023-07-17T13:40:08.275+0000] {subprocess.py:93} INFO - [notice] To update, run: python -m pip install --upgrade pip
[2023-07-17T13:40:08.449+0000] {subprocess.py:97} INFO - Command exited with return code 0
[2023-07-17T13:40:08.488+0000] {taskinstance.py:1350} INFO - Marking task as SUCCESS. dag_id=main_dag, task_id=install_libraries, execution_date=20230717T133957, start_date=20230717T133957, end_date=20230717T134008
[2023-07-17T13:40:08.515+0000] {local_task_job_runner.py:225} INFO - Task exited with return code 0
[2023-07-17T13:40:08.570+0000] {taskinstance.py:2653} INFO - 1 downstream tasks scheduled from follow-on schedule check
