[2023-07-17T13:31:07.930+0000] {taskinstance.py:1103} INFO - Dependencies all met for dep_context=non-requeueable deps ti=<TaskInstance: main_dag.preprocessing.remove_plural manual__2023-07-17T13:21:18.056740+00:00 [queued]>
[2023-07-17T13:31:07.940+0000] {taskinstance.py:1103} INFO - Dependencies all met for dep_context=requeueable deps ti=<TaskInstance: main_dag.preprocessing.remove_plural manual__2023-07-17T13:21:18.056740+00:00 [queued]>
[2023-07-17T13:31:07.940+0000] {taskinstance.py:1308} INFO - Starting attempt 1 of 1
[2023-07-17T13:31:07.955+0000] {taskinstance.py:1327} INFO - Executing <Task(PythonOperator): preprocessing.remove_plural> on 2023-07-17 13:21:18.056740+00:00
[2023-07-17T13:31:07.960+0000] {standard_task_runner.py:57} INFO - Started process 453 to run task
[2023-07-17T13:31:07.963+0000] {standard_task_runner.py:84} INFO - Running: ['***', 'tasks', 'run', 'main_dag', 'preprocessing.remove_plural', 'manual__2023-07-17T13:21:18.056740+00:00', '--job-id', '691', '--raw', '--subdir', 'DAGS_FOLDER/main_dag.py', '--cfg-path', '/tmp/tmp67rq030s']
[2023-07-17T13:31:07.967+0000] {standard_task_runner.py:85} INFO - Job 691: Subtask preprocessing.remove_plural
[2023-07-17T13:31:08.013+0000] {task_command.py:410} INFO - Running <TaskInstance: main_dag.preprocessing.remove_plural manual__2023-07-17T13:21:18.056740+00:00 [running]> on host 46d66aa08365
[2023-07-17T13:31:08.113+0000] {taskinstance.py:1547} INFO - Exporting env vars: AIRFLOW_CTX_DAG_OWNER='***' AIRFLOW_CTX_DAG_ID='main_dag' AIRFLOW_CTX_TASK_ID='preprocessing.remove_plural' AIRFLOW_CTX_EXECUTION_DATE='2023-07-17T13:21:18.056740+00:00' AIRFLOW_CTX_TRY_NUMBER='1' AIRFLOW_CTX_DAG_RUN_ID='manual__2023-07-17T13:21:18.056740+00:00'
[2023-07-17T13:31:32.079+0000] {taskinstance.py:1824} ERROR - Task failed with exception
Traceback (most recent call last):
  File "/home/airflow/.local/lib/python3.7/site-packages/airflow/operators/python.py", line 181, in execute
    return_value = self.execute_callable()
  File "/home/airflow/.local/lib/python3.7/site-packages/airflow/operators/python.py", line 198, in execute_callable
    return self.python_callable(*self.op_args, **self.op_kwargs)
  File "/opt/airflow/dags/main_dag.py", line 103, in remove_plural
    nx.write_graphml(graph, f"data/{kwargs['write_file_name']}.graphml")
  File "/home/airflow/.local/lib/python3.7/site-packages/networkx/utils/decorators.py", line 795, in func
    return argmap._lazy_compile(__wrapper)(*args, **kwargs)
  File "<class 'networkx.utils.decorators.argmap'> compilation 14", line 5, in argmap_write_graphml_lxml_10
    import warnings
  File "/home/airflow/.local/lib/python3.7/site-packages/networkx/readwrite/graphml.py", line 178, in write_graphml_lxml
    edge_id_from_attribute=edge_id_from_attribute,
  File "/home/airflow/.local/lib/python3.7/site-packages/networkx/readwrite/graphml.py", line 729, in __init__
    self.add_graph_element(graph)
  File "/home/airflow/.local/lib/python3.7/site-packages/networkx/readwrite/graphml.py", line 770, in add_graph_element
    T = self.xml_type[self.attr_type(k, "node", v)]
KeyError: <class 'dict'>
[2023-07-17T13:31:32.090+0000] {taskinstance.py:1350} INFO - Marking task as FAILED. dag_id=main_dag, task_id=preprocessing.remove_plural, execution_date=20230717T132118, start_date=20230717T133107, end_date=20230717T133132
[2023-07-17T13:31:32.104+0000] {standard_task_runner.py:109} ERROR - Failed to execute job 691 for task preprocessing.remove_plural (<class 'dict'>; 453)
[2023-07-17T13:31:32.124+0000] {local_task_job_runner.py:225} INFO - Task exited with return code 1
[2023-07-17T13:31:32.153+0000] {taskinstance.py:2653} INFO - 0 downstream tasks scheduled from follow-on schedule check
