[2023-07-16T04:20:00.409+0000] {taskinstance.py:1103} INFO - Dependencies all met for dep_context=non-requeueable deps ti=<TaskInstance: main_dag.preprocess_data manual__2023-07-16T04:19:50.658437+00:00 [queued]>
[2023-07-16T04:20:00.420+0000] {taskinstance.py:1103} INFO - Dependencies all met for dep_context=requeueable deps ti=<TaskInstance: main_dag.preprocess_data manual__2023-07-16T04:19:50.658437+00:00 [queued]>
[2023-07-16T04:20:00.420+0000] {taskinstance.py:1308} INFO - Starting attempt 1 of 1
[2023-07-16T04:20:00.435+0000] {taskinstance.py:1327} INFO - Executing <Task(PythonOperator): preprocess_data> on 2023-07-16 04:19:50.658437+00:00
[2023-07-16T04:20:00.439+0000] {standard_task_runner.py:57} INFO - Started process 830 to run task
[2023-07-16T04:20:00.442+0000] {standard_task_runner.py:84} INFO - Running: ['***', 'tasks', 'run', 'main_dag', 'preprocess_data', 'manual__2023-07-16T04:19:50.658437+00:00', '--job-id', '475', '--raw', '--subdir', 'DAGS_FOLDER/main_dag.py', '--cfg-path', '/tmp/tmpajpemzim']
[2023-07-16T04:20:00.445+0000] {standard_task_runner.py:85} INFO - Job 475: Subtask preprocess_data
[2023-07-16T04:20:00.489+0000] {task_command.py:410} INFO - Running <TaskInstance: main_dag.preprocess_data manual__2023-07-16T04:19:50.658437+00:00 [running]> on host 85db40224008
[2023-07-16T04:20:00.581+0000] {taskinstance.py:1547} INFO - Exporting env vars: AIRFLOW_CTX_DAG_OWNER='***' AIRFLOW_CTX_DAG_ID='main_dag' AIRFLOW_CTX_TASK_ID='preprocess_data' AIRFLOW_CTX_EXECUTION_DATE='2023-07-16T04:19:50.658437+00:00' AIRFLOW_CTX_TRY_NUMBER='1' AIRFLOW_CTX_DAG_RUN_ID='manual__2023-07-16T04:19:50.658437+00:00'
[2023-07-16T04:20:00.643+0000] {taskinstance.py:1824} ERROR - Task failed with exception
Traceback (most recent call last):
  File "/home/airflow/.local/lib/python3.7/site-packages/airflow/operators/python.py", line 181, in execute
    return_value = self.execute_callable()
  File "/home/airflow/.local/lib/python3.7/site-packages/airflow/operators/python.py", line 198, in execute_callable
    return self.python_callable(*self.op_args, **self.op_kwargs)
  File "/opt/airflow/dags/main_dag.py", line 43, in proprocess_graph
    graph = nx.node_link_graph(json.loads(serialized_graph))
  File "/usr/local/lib/python3.7/json/__init__.py", line 341, in loads
    raise TypeError(f'the JSON object must be str, bytes or bytearray, '
TypeError: the JSON object must be str, bytes or bytearray, not NoneType
[2023-07-16T04:20:00.651+0000] {taskinstance.py:1350} INFO - Marking task as FAILED. dag_id=main_dag, task_id=preprocess_data, execution_date=20230716T041950, start_date=20230716T042000, end_date=20230716T042000
[2023-07-16T04:20:00.664+0000] {standard_task_runner.py:109} ERROR - Failed to execute job 475 for task preprocess_data (the JSON object must be str, bytes or bytearray, not NoneType; 830)
[2023-07-16T04:20:00.694+0000] {local_task_job_runner.py:225} INFO - Task exited with return code 1
[2023-07-16T04:20:00.720+0000] {taskinstance.py:2653} INFO - 0 downstream tasks scheduled from follow-on schedule check
