[2023-07-16T19:21:00.609+0000] {taskinstance.py:1103} INFO - Dependencies all met for dep_context=non-requeueable deps ti=<TaskInstance: main_dag.install_libraries manual__2023-07-16T19:20:58.492183+00:00 [queued]>
[2023-07-16T19:21:00.618+0000] {taskinstance.py:1103} INFO - Dependencies all met for dep_context=requeueable deps ti=<TaskInstance: main_dag.install_libraries manual__2023-07-16T19:20:58.492183+00:00 [queued]>
[2023-07-16T19:21:00.618+0000] {taskinstance.py:1308} INFO - Starting attempt 1 of 1
[2023-07-16T19:21:00.636+0000] {taskinstance.py:1327} INFO - Executing <Task(BashOperator): install_libraries> on 2023-07-16 19:20:58.492183+00:00
[2023-07-16T19:21:00.640+0000] {standard_task_runner.py:57} INFO - Started process 178 to run task
[2023-07-16T19:21:00.643+0000] {standard_task_runner.py:84} INFO - Running: ['***', 'tasks', 'run', 'main_dag', 'install_libraries', 'manual__2023-07-16T19:20:58.492183+00:00', '--job-id', '611', '--raw', '--subdir', 'DAGS_FOLDER/main_dag.py', '--cfg-path', '/tmp/tmpa1c6lzm3']
[2023-07-16T19:21:00.644+0000] {standard_task_runner.py:85} INFO - Job 611: Subtask install_libraries
[2023-07-16T19:21:00.687+0000] {task_command.py:410} INFO - Running <TaskInstance: main_dag.install_libraries manual__2023-07-16T19:20:58.492183+00:00 [running]> on host 4af6825cfb44
[2023-07-16T19:21:00.784+0000] {taskinstance.py:1547} INFO - Exporting env vars: AIRFLOW_CTX_DAG_OWNER='***' AIRFLOW_CTX_DAG_ID='main_dag' AIRFLOW_CTX_TASK_ID='install_libraries' AIRFLOW_CTX_EXECUTION_DATE='2023-07-16T19:20:58.492183+00:00' AIRFLOW_CTX_TRY_NUMBER='1' AIRFLOW_CTX_DAG_RUN_ID='manual__2023-07-16T19:20:58.492183+00:00'
[2023-07-16T19:21:00.785+0000] {subprocess.py:63} INFO - Tmp dir root location: /tmp
[2023-07-16T19:21:00.785+0000] {subprocess.py:75} INFO - Running command: ['/bin/bash', '-c', 'pip install networkx matplotlib scipy seaborn']
[2023-07-16T19:21:00.795+0000] {subprocess.py:86} INFO - Output:
[2023-07-16T19:21:01.940+0000] {subprocess.py:93} INFO - Defaulting to user installation because normal site-packages is not writeable
[2023-07-16T19:21:02.455+0000] {subprocess.py:93} INFO - Collecting networkx
[2023-07-16T19:21:03.072+0000] {subprocess.py:93} INFO -   Downloading networkx-2.6.3-py3-none-any.whl (1.9 MB)
[2023-07-16T19:21:03.208+0000] {subprocess.py:93} INFO -      ━━━━━━━━━━━━━━━━━━━━━━━━━━━━━━━━━━━━━━━━ 1.9/1.9 MB 14.8 MB/s eta 0:00:00
[2023-07-16T19:21:03.476+0000] {subprocess.py:93} INFO - Collecting matplotlib
[2023-07-16T19:21:03.497+0000] {subprocess.py:93} INFO -   Downloading matplotlib-3.5.3-cp37-cp37m-manylinux_2_5_x86_64.manylinux1_x86_64.whl (11.2 MB)
[2023-07-16T19:21:03.885+0000] {subprocess.py:93} INFO -      ━━━━━━━━━━━━━━━━━━━━━━━━━━━━━━━━━━━━━━━━ 11.2/11.2 MB 27.3 MB/s eta 0:00:00
[2023-07-16T19:21:04.093+0000] {subprocess.py:93} INFO - Collecting scipy
[2023-07-16T19:21:04.113+0000] {subprocess.py:93} INFO -   Downloading scipy-1.7.3-cp37-cp37m-manylinux_2_12_x86_64.manylinux2010_x86_64.whl (38.1 MB)
[2023-07-16T19:21:05.757+0000] {subprocess.py:93} INFO -      ━━━━━━━━━━━━━━━━━━━━━━━━━━━━━━━━━━━━━━━━ 38.1/38.1 MB 14.7 MB/s eta 0:00:00
[2023-07-16T19:21:05.925+0000] {subprocess.py:93} INFO - Collecting seaborn
[2023-07-16T19:21:05.946+0000] {subprocess.py:93} INFO -   Downloading seaborn-0.12.2-py3-none-any.whl (293 kB)
[2023-07-16T19:21:05.971+0000] {subprocess.py:93} INFO -      ━━━━━━━━━━━━━━━━━━━━━━━━━━━━━━━━━━━━━━ 293.3/293.3 kB 13.5 MB/s eta 0:00:00
[2023-07-16T19:21:06.033+0000] {subprocess.py:93} INFO - Collecting cycler>=0.10 (from matplotlib)
[2023-07-16T19:21:06.054+0000] {subprocess.py:93} INFO -   Downloading cycler-0.11.0-py3-none-any.whl (6.4 kB)
[2023-07-16T19:21:06.165+0000] {subprocess.py:93} INFO - Collecting fonttools>=4.22.0 (from matplotlib)
[2023-07-16T19:21:06.186+0000] {subprocess.py:93} INFO -   Downloading fonttools-4.38.0-py3-none-any.whl (965 kB)
[2023-07-16T19:21:06.246+0000] {subprocess.py:93} INFO -      ━━━━━━━━━━━━━━━━━━━━━━━━━━━━━━━━━━━━━━ 965.4/965.4 kB 17.0 MB/s eta 0:00:00
[2023-07-16T19:21:06.340+0000] {subprocess.py:93} INFO - Collecting kiwisolver>=1.0.1 (from matplotlib)
[2023-07-16T19:21:06.365+0000] {subprocess.py:93} INFO -   Downloading kiwisolver-1.4.4-cp37-cp37m-manylinux_2_5_x86_64.manylinux1_x86_64.whl (1.1 MB)
[2023-07-16T19:21:06.433+0000] {subprocess.py:93} INFO -      ━━━━━━━━━━━━━━━━━━━━━━━━━━━━━━━━━━━━━━━━ 1.1/1.1 MB 17.5 MB/s eta 0:00:00
[2023-07-16T19:21:06.436+0000] {subprocess.py:93} INFO - Requirement already satisfied: numpy>=1.17 in /home/***/.local/lib/python3.7/site-packages (from matplotlib) (1.21.6)
[2023-07-16T19:21:06.437+0000] {subprocess.py:93} INFO - Requirement already satisfied: packaging>=20.0 in /home/***/.local/lib/python3.7/site-packages (from matplotlib) (21.3)
[2023-07-16T19:21:06.804+0000] {subprocess.py:93} INFO - Collecting pillow>=6.2.0 (from matplotlib)
[2023-07-16T19:21:06.827+0000] {subprocess.py:93} INFO -   Downloading Pillow-9.5.0-cp37-cp37m-manylinux_2_28_x86_64.whl (3.4 MB)
[2023-07-16T19:21:07.126+0000] {subprocess.py:93} INFO -      ━━━━━━━━━━━━━━━━━━━━━━━━━━━━━━━━━━━━━━━━ 3.4/3.4 MB 11.5 MB/s eta 0:00:00
[2023-07-16T19:21:07.132+0000] {subprocess.py:93} INFO - Requirement already satisfied: pyparsing>=2.2.1 in /home/***/.local/lib/python3.7/site-packages (from matplotlib) (3.1.0)
[2023-07-16T19:21:07.133+0000] {subprocess.py:93} INFO - Requirement already satisfied: python-dateutil>=2.7 in /home/***/.local/lib/python3.7/site-packages (from matplotlib) (2.8.2)
[2023-07-16T19:21:07.157+0000] {subprocess.py:93} INFO - Requirement already satisfied: pandas>=0.25 in /home/***/.local/lib/python3.7/site-packages (from seaborn) (1.3.5)
[2023-07-16T19:21:07.165+0000] {subprocess.py:93} INFO - Requirement already satisfied: typing_extensions in /home/***/.local/lib/python3.7/site-packages (from seaborn) (4.7.1)
[2023-07-16T19:21:07.229+0000] {subprocess.py:93} INFO - Requirement already satisfied: pytz>=2017.3 in /home/***/.local/lib/python3.7/site-packages (from pandas>=0.25->seaborn) (2023.3)
[2023-07-16T19:21:07.252+0000] {subprocess.py:93} INFO - Requirement already satisfied: six>=1.5 in /home/***/.local/lib/python3.7/site-packages (from python-dateutil>=2.7->matplotlib) (1.16.0)
[2023-07-16T19:21:12.088+0000] {subprocess.py:93} INFO - Installing collected packages: scipy, pillow, networkx, kiwisolver, fonttools, cycler, matplotlib, seaborn
[2023-07-16T19:21:17.037+0000] {subprocess.py:93} INFO - Successfully installed cycler-0.11.0 fonttools-4.38.0 kiwisolver-1.4.4 matplotlib-3.5.3 networkx-2.6.3 pillow-9.5.0 scipy-1.7.3 seaborn-0.12.2
[2023-07-16T19:21:21.009+0000] {subprocess.py:93} INFO - 
[2023-07-16T19:21:21.010+0000] {subprocess.py:93} INFO - [notice] A new release of pip is available: 23.1.2 -> 23.2
[2023-07-16T19:21:21.010+0000] {subprocess.py:93} INFO - [notice] To update, run: python -m pip install --upgrade pip
[2023-07-16T19:21:21.439+0000] {subprocess.py:97} INFO - Command exited with return code 0
[2023-07-16T19:21:21.487+0000] {taskinstance.py:1350} INFO - Marking task as SUCCESS. dag_id=main_dag, task_id=install_libraries, execution_date=20230716T192058, start_date=20230716T192100, end_date=20230716T192121
[2023-07-16T19:21:21.531+0000] {local_task_job_runner.py:225} INFO - Task exited with return code 0
[2023-07-16T19:21:21.594+0000] {taskinstance.py:2653} INFO - 1 downstream tasks scheduled from follow-on schedule check
