[2023-07-17T23:20:58.735+0000] {taskinstance.py:1103} INFO - Dependencies all met for dep_context=non-requeueable deps ti=<TaskInstance: main_dag.install_libraries manual__2023-07-17T23:20:56.537598+00:00 [queued]>
[2023-07-17T23:20:58.744+0000] {taskinstance.py:1103} INFO - Dependencies all met for dep_context=requeueable deps ti=<TaskInstance: main_dag.install_libraries manual__2023-07-17T23:20:56.537598+00:00 [queued]>
[2023-07-17T23:20:58.745+0000] {taskinstance.py:1308} INFO - Starting attempt 1 of 1
[2023-07-17T23:20:58.761+0000] {taskinstance.py:1327} INFO - Executing <Task(BashOperator): install_libraries> on 2023-07-17 23:20:56.537598+00:00
[2023-07-17T23:20:58.765+0000] {standard_task_runner.py:57} INFO - Started process 1776 to run task
[2023-07-17T23:20:58.768+0000] {standard_task_runner.py:84} INFO - Running: ['***', 'tasks', 'run', 'main_dag', 'install_libraries', 'manual__2023-07-17T23:20:56.537598+00:00', '--job-id', '864', '--raw', '--subdir', 'DAGS_FOLDER/main_dag.py', '--cfg-path', '/tmp/tmpbffzhb7c']
[2023-07-17T23:20:58.769+0000] {standard_task_runner.py:85} INFO - Job 864: Subtask install_libraries
[2023-07-17T23:20:58.812+0000] {task_command.py:410} INFO - Running <TaskInstance: main_dag.install_libraries manual__2023-07-17T23:20:56.537598+00:00 [running]> on host ac2d7d5a0887
[2023-07-17T23:20:58.905+0000] {taskinstance.py:1547} INFO - Exporting env vars: AIRFLOW_CTX_DAG_OWNER='***' AIRFLOW_CTX_DAG_ID='main_dag' AIRFLOW_CTX_TASK_ID='install_libraries' AIRFLOW_CTX_EXECUTION_DATE='2023-07-17T23:20:56.537598+00:00' AIRFLOW_CTX_TRY_NUMBER='1' AIRFLOW_CTX_DAG_RUN_ID='manual__2023-07-17T23:20:56.537598+00:00'
[2023-07-17T23:20:58.907+0000] {subprocess.py:63} INFO - Tmp dir root location: /tmp
[2023-07-17T23:20:58.907+0000] {subprocess.py:75} INFO - Running command: ['/bin/bash', '-c', 'pip install networkx matplotlib scipy seaborn wikipedia']
[2023-07-17T23:20:58.917+0000] {subprocess.py:86} INFO - Output:
[2023-07-17T23:20:59.641+0000] {subprocess.py:93} INFO - Defaulting to user installation because normal site-packages is not writeable
[2023-07-17T23:20:59.821+0000] {subprocess.py:93} INFO - Requirement already satisfied: networkx in /home/***/.local/lib/python3.7/site-packages (2.6.3)
[2023-07-17T23:20:59.822+0000] {subprocess.py:93} INFO - Requirement already satisfied: matplotlib in /home/***/.local/lib/python3.7/site-packages (3.5.3)
[2023-07-17T23:20:59.822+0000] {subprocess.py:93} INFO - Requirement already satisfied: scipy in /home/***/.local/lib/python3.7/site-packages (1.7.3)
[2023-07-17T23:20:59.822+0000] {subprocess.py:93} INFO - Requirement already satisfied: seaborn in /home/***/.local/lib/python3.7/site-packages (0.12.2)
[2023-07-17T23:20:59.823+0000] {subprocess.py:93} INFO - Requirement already satisfied: wikipedia in /home/***/.local/lib/python3.7/site-packages (1.4.0)
[2023-07-17T23:20:59.848+0000] {subprocess.py:93} INFO - Requirement already satisfied: cycler>=0.10 in /home/***/.local/lib/python3.7/site-packages (from matplotlib) (0.11.0)
[2023-07-17T23:20:59.849+0000] {subprocess.py:93} INFO - Requirement already satisfied: fonttools>=4.22.0 in /home/***/.local/lib/python3.7/site-packages (from matplotlib) (4.38.0)
[2023-07-17T23:20:59.850+0000] {subprocess.py:93} INFO - Requirement already satisfied: kiwisolver>=1.0.1 in /home/***/.local/lib/python3.7/site-packages (from matplotlib) (1.4.4)
[2023-07-17T23:20:59.850+0000] {subprocess.py:93} INFO - Requirement already satisfied: numpy>=1.17 in /home/***/.local/lib/python3.7/site-packages (from matplotlib) (1.21.6)
[2023-07-17T23:20:59.851+0000] {subprocess.py:93} INFO - Requirement already satisfied: packaging>=20.0 in /home/***/.local/lib/python3.7/site-packages (from matplotlib) (21.3)
[2023-07-17T23:20:59.852+0000] {subprocess.py:93} INFO - Requirement already satisfied: pillow>=6.2.0 in /home/***/.local/lib/python3.7/site-packages (from matplotlib) (9.5.0)
[2023-07-17T23:20:59.852+0000] {subprocess.py:93} INFO - Requirement already satisfied: pyparsing>=2.2.1 in /home/***/.local/lib/python3.7/site-packages (from matplotlib) (3.1.0)
[2023-07-17T23:20:59.853+0000] {subprocess.py:93} INFO - Requirement already satisfied: python-dateutil>=2.7 in /home/***/.local/lib/python3.7/site-packages (from matplotlib) (2.8.2)
[2023-07-17T23:20:59.876+0000] {subprocess.py:93} INFO - Requirement already satisfied: pandas>=0.25 in /home/***/.local/lib/python3.7/site-packages (from seaborn) (1.3.5)
[2023-07-17T23:20:59.878+0000] {subprocess.py:93} INFO - Requirement already satisfied: typing_extensions in /home/***/.local/lib/python3.7/site-packages (from seaborn) (4.7.1)
[2023-07-17T23:20:59.881+0000] {subprocess.py:93} INFO - Requirement already satisfied: beautifulsoup4 in /home/***/.local/lib/python3.7/site-packages (from wikipedia) (4.12.2)
[2023-07-17T23:20:59.881+0000] {subprocess.py:93} INFO - Requirement already satisfied: requests<3.0.0,>=2.0.0 in /home/***/.local/lib/python3.7/site-packages (from wikipedia) (2.31.0)
[2023-07-17T23:20:59.946+0000] {subprocess.py:93} INFO - Requirement already satisfied: pytz>=2017.3 in /home/***/.local/lib/python3.7/site-packages (from pandas>=0.25->seaborn) (2023.3)
[2023-07-17T23:20:59.969+0000] {subprocess.py:93} INFO - Requirement already satisfied: six>=1.5 in /home/***/.local/lib/python3.7/site-packages (from python-dateutil>=2.7->matplotlib) (1.16.0)
[2023-07-17T23:20:59.978+0000] {subprocess.py:93} INFO - Requirement already satisfied: charset-normalizer<4,>=2 in /home/***/.local/lib/python3.7/site-packages (from requests<3.0.0,>=2.0.0->wikipedia) (3.1.0)
[2023-07-17T23:20:59.979+0000] {subprocess.py:93} INFO - Requirement already satisfied: idna<4,>=2.5 in /home/***/.local/lib/python3.7/site-packages (from requests<3.0.0,>=2.0.0->wikipedia) (3.4)
[2023-07-17T23:20:59.980+0000] {subprocess.py:93} INFO - Requirement already satisfied: urllib3<3,>=1.21.1 in /home/***/.local/lib/python3.7/site-packages (from requests<3.0.0,>=2.0.0->wikipedia) (1.26.16)
[2023-07-17T23:20:59.981+0000] {subprocess.py:93} INFO - Requirement already satisfied: certifi>=2017.4.17 in /home/***/.local/lib/python3.7/site-packages (from requests<3.0.0,>=2.0.0->wikipedia) (2023.5.7)
[2023-07-17T23:20:59.986+0000] {subprocess.py:93} INFO - Requirement already satisfied: soupsieve>1.2 in /home/***/.local/lib/python3.7/site-packages (from beautifulsoup4->wikipedia) (2.4.1)
[2023-07-17T23:21:04.896+0000] {subprocess.py:93} INFO - 
[2023-07-17T23:21:04.896+0000] {subprocess.py:93} INFO - [notice] A new release of pip is available: 23.1.2 -> 23.2
[2023-07-17T23:21:04.896+0000] {subprocess.py:93} INFO - [notice] To update, run: python -m pip install --upgrade pip
[2023-07-17T23:21:05.064+0000] {subprocess.py:97} INFO - Command exited with return code 0
[2023-07-17T23:21:05.089+0000] {taskinstance.py:1350} INFO - Marking task as SUCCESS. dag_id=main_dag, task_id=install_libraries, execution_date=20230717T232056, start_date=20230717T232058, end_date=20230717T232105
[2023-07-17T23:21:05.120+0000] {local_task_job_runner.py:225} INFO - Task exited with return code 0
[2023-07-17T23:21:05.178+0000] {taskinstance.py:2653} INFO - 1 downstream tasks scheduled from follow-on schedule check
