[2023-07-16T15:12:15.328+0000] {taskinstance.py:1103} INFO - Dependencies all met for dep_context=non-requeueable deps ti=<TaskInstance: main_dag.install_libraries manual__2023-07-16T15:12:14.142676+00:00 [queued]>
[2023-07-16T15:12:15.337+0000] {taskinstance.py:1103} INFO - Dependencies all met for dep_context=requeueable deps ti=<TaskInstance: main_dag.install_libraries manual__2023-07-16T15:12:14.142676+00:00 [queued]>
[2023-07-16T15:12:15.337+0000] {taskinstance.py:1308} INFO - Starting attempt 1 of 1
[2023-07-16T15:12:15.351+0000] {taskinstance.py:1327} INFO - Executing <Task(BashOperator): install_libraries> on 2023-07-16 15:12:14.142676+00:00
[2023-07-16T15:12:15.355+0000] {standard_task_runner.py:57} INFO - Started process 706 to run task
[2023-07-16T15:12:15.358+0000] {standard_task_runner.py:84} INFO - Running: ['***', 'tasks', 'run', 'main_dag', 'install_libraries', 'manual__2023-07-16T15:12:14.142676+00:00', '--job-id', '529', '--raw', '--subdir', 'DAGS_FOLDER/main_dag.py', '--cfg-path', '/tmp/tmpml8xuw9w']
[2023-07-16T15:12:15.360+0000] {standard_task_runner.py:85} INFO - Job 529: Subtask install_libraries
[2023-07-16T15:12:15.402+0000] {task_command.py:410} INFO - Running <TaskInstance: main_dag.install_libraries manual__2023-07-16T15:12:14.142676+00:00 [running]> on host 1696d5f40b5e
[2023-07-16T15:12:15.488+0000] {taskinstance.py:1547} INFO - Exporting env vars: AIRFLOW_CTX_DAG_OWNER='***' AIRFLOW_CTX_DAG_ID='main_dag' AIRFLOW_CTX_TASK_ID='install_libraries' AIRFLOW_CTX_EXECUTION_DATE='2023-07-16T15:12:14.142676+00:00' AIRFLOW_CTX_TRY_NUMBER='1' AIRFLOW_CTX_DAG_RUN_ID='manual__2023-07-16T15:12:14.142676+00:00'
[2023-07-16T15:12:15.489+0000] {subprocess.py:63} INFO - Tmp dir root location: /tmp
[2023-07-16T15:12:15.490+0000] {subprocess.py:75} INFO - Running command: ['/bin/bash', '-c', 'pip install networkx matplotlib scipy']
[2023-07-16T15:12:15.500+0000] {subprocess.py:86} INFO - Output:
[2023-07-16T15:12:16.169+0000] {subprocess.py:93} INFO - Defaulting to user installation because normal site-packages is not writeable
[2023-07-16T15:12:16.310+0000] {subprocess.py:93} INFO - Requirement already satisfied: networkx in /home/***/.local/lib/python3.7/site-packages (2.6.3)
[2023-07-16T15:12:16.311+0000] {subprocess.py:93} INFO - Requirement already satisfied: matplotlib in /home/***/.local/lib/python3.7/site-packages (3.5.3)
[2023-07-16T15:12:17.297+0000] {subprocess.py:93} INFO - Collecting scipy
[2023-07-16T15:12:17.578+0000] {subprocess.py:93} INFO -   Downloading scipy-1.7.3-cp37-cp37m-manylinux_2_12_x86_64.manylinux2010_x86_64.whl (38.1 MB)
[2023-07-16T15:12:20.473+0000] {subprocess.py:93} INFO -      ━━━━━━━━━━━━━━━━━━━━━━━━━━━━━━━━━━━━━━━━ 38.1/38.1 MB 14.1 MB/s eta 0:00:00
[2023-07-16T15:12:20.544+0000] {subprocess.py:93} INFO - Requirement already satisfied: cycler>=0.10 in /home/***/.local/lib/python3.7/site-packages (from matplotlib) (0.11.0)
[2023-07-16T15:12:20.545+0000] {subprocess.py:93} INFO - Requirement already satisfied: fonttools>=4.22.0 in /home/***/.local/lib/python3.7/site-packages (from matplotlib) (4.38.0)
[2023-07-16T15:12:20.545+0000] {subprocess.py:93} INFO - Requirement already satisfied: kiwisolver>=1.0.1 in /home/***/.local/lib/python3.7/site-packages (from matplotlib) (1.4.4)
[2023-07-16T15:12:20.546+0000] {subprocess.py:93} INFO - Requirement already satisfied: numpy>=1.17 in /home/***/.local/lib/python3.7/site-packages (from matplotlib) (1.21.6)
[2023-07-16T15:12:20.547+0000] {subprocess.py:93} INFO - Requirement already satisfied: packaging>=20.0 in /home/***/.local/lib/python3.7/site-packages (from matplotlib) (21.3)
[2023-07-16T15:12:20.548+0000] {subprocess.py:93} INFO - Requirement already satisfied: pillow>=6.2.0 in /home/***/.local/lib/python3.7/site-packages (from matplotlib) (9.5.0)
[2023-07-16T15:12:20.549+0000] {subprocess.py:93} INFO - Requirement already satisfied: pyparsing>=2.2.1 in /home/***/.local/lib/python3.7/site-packages (from matplotlib) (3.1.0)
[2023-07-16T15:12:20.550+0000] {subprocess.py:93} INFO - Requirement already satisfied: python-dateutil>=2.7 in /home/***/.local/lib/python3.7/site-packages (from matplotlib) (2.8.2)
[2023-07-16T15:12:20.601+0000] {subprocess.py:93} INFO - Requirement already satisfied: typing-extensions in /home/***/.local/lib/python3.7/site-packages (from kiwisolver>=1.0.1->matplotlib) (4.7.1)
[2023-07-16T15:12:20.626+0000] {subprocess.py:93} INFO - Requirement already satisfied: six>=1.5 in /home/***/.local/lib/python3.7/site-packages (from python-dateutil>=2.7->matplotlib) (1.16.0)
[2023-07-16T15:12:25.698+0000] {subprocess.py:93} INFO - Installing collected packages: scipy
[2023-07-16T15:12:28.333+0000] {subprocess.py:93} INFO - Successfully installed scipy-1.7.3
[2023-07-16T15:12:28.343+0000] {subprocess.py:93} INFO - 
[2023-07-16T15:12:28.344+0000] {subprocess.py:93} INFO - [notice] A new release of pip is available: 23.1.2 -> 23.2
[2023-07-16T15:12:28.344+0000] {subprocess.py:93} INFO - [notice] To update, run: python -m pip install --upgrade pip
[2023-07-16T15:12:28.537+0000] {subprocess.py:97} INFO - Command exited with return code 0
[2023-07-16T15:12:28.568+0000] {taskinstance.py:1350} INFO - Marking task as SUCCESS. dag_id=main_dag, task_id=install_libraries, execution_date=20230716T151214, start_date=20230716T151215, end_date=20230716T151228
[2023-07-16T15:12:28.609+0000] {local_task_job_runner.py:225} INFO - Task exited with return code 0
[2023-07-16T15:12:28.640+0000] {taskinstance.py:2653} INFO - 1 downstream tasks scheduled from follow-on schedule check
