[2023-07-16T03:59:26.809+0000] {taskinstance.py:1103} INFO - Dependencies all met for dep_context=non-requeueable deps ti=<TaskInstance: main_dag.install_libraries manual__2023-07-16T03:59:24.617884+00:00 [queued]>
[2023-07-16T03:59:26.819+0000] {taskinstance.py:1103} INFO - Dependencies all met for dep_context=requeueable deps ti=<TaskInstance: main_dag.install_libraries manual__2023-07-16T03:59:24.617884+00:00 [queued]>
[2023-07-16T03:59:26.819+0000] {taskinstance.py:1308} INFO - Starting attempt 1 of 1
[2023-07-16T03:59:26.833+0000] {taskinstance.py:1327} INFO - Executing <Task(BashOperator): install_libraries> on 2023-07-16 03:59:24.617884+00:00
[2023-07-16T03:59:26.837+0000] {standard_task_runner.py:57} INFO - Started process 270 to run task
[2023-07-16T03:59:26.841+0000] {standard_task_runner.py:84} INFO - Running: ['***', 'tasks', 'run', 'main_dag', 'install_libraries', 'manual__2023-07-16T03:59:24.617884+00:00', '--job-id', '466', '--raw', '--subdir', 'DAGS_FOLDER/main_dag.py', '--cfg-path', '/tmp/tmpwa1unu_n']
[2023-07-16T03:59:26.842+0000] {standard_task_runner.py:85} INFO - Job 466: Subtask install_libraries
[2023-07-16T03:59:26.885+0000] {task_command.py:410} INFO - Running <TaskInstance: main_dag.install_libraries manual__2023-07-16T03:59:24.617884+00:00 [running]> on host 85db40224008
[2023-07-16T03:59:26.983+0000] {taskinstance.py:1547} INFO - Exporting env vars: AIRFLOW_CTX_DAG_OWNER='***' AIRFLOW_CTX_DAG_ID='main_dag' AIRFLOW_CTX_TASK_ID='install_libraries' AIRFLOW_CTX_EXECUTION_DATE='2023-07-16T03:59:24.617884+00:00' AIRFLOW_CTX_TRY_NUMBER='1' AIRFLOW_CTX_DAG_RUN_ID='manual__2023-07-16T03:59:24.617884+00:00'
[2023-07-16T03:59:26.984+0000] {subprocess.py:63} INFO - Tmp dir root location: /tmp
[2023-07-16T03:59:26.984+0000] {subprocess.py:75} INFO - Running command: ['/bin/bash', '-c', 'pip install networkx']
[2023-07-16T03:59:26.997+0000] {subprocess.py:86} INFO - Output:
[2023-07-16T03:59:27.747+0000] {subprocess.py:93} INFO - Defaulting to user installation because normal site-packages is not writeable
[2023-07-16T03:59:28.050+0000] {subprocess.py:93} INFO - Collecting networkx
[2023-07-16T03:59:28.825+0000] {subprocess.py:93} INFO -   Downloading networkx-2.6.3-py3-none-any.whl (1.9 MB)
[2023-07-16T03:59:29.842+0000] {subprocess.py:93} INFO -      ━━━━━━━━━━━━━━━━━━━━━━━━━━━━━━━━━━━━━━━━ 1.9/1.9 MB 1.9 MB/s eta 0:00:00
[2023-07-16T03:59:34.504+0000] {subprocess.py:93} INFO - Installing collected packages: networkx
[2023-07-16T03:59:35.323+0000] {subprocess.py:93} INFO - Successfully installed networkx-2.6.3
[2023-07-16T03:59:35.333+0000] {subprocess.py:93} INFO - 
[2023-07-16T03:59:35.333+0000] {subprocess.py:93} INFO - [notice] A new release of pip is available: 23.1.2 -> 23.2
[2023-07-16T03:59:35.333+0000] {subprocess.py:93} INFO - [notice] To update, run: python -m pip install --upgrade pip
[2023-07-16T03:59:35.492+0000] {subprocess.py:97} INFO - Command exited with return code 0
[2023-07-16T03:59:35.518+0000] {taskinstance.py:1350} INFO - Marking task as SUCCESS. dag_id=main_dag, task_id=install_libraries, execution_date=20230716T035924, start_date=20230716T035926, end_date=20230716T035935
[2023-07-16T03:59:35.566+0000] {local_task_job_runner.py:225} INFO - Task exited with return code 0
[2023-07-16T03:59:35.604+0000] {taskinstance.py:2653} INFO - 1 downstream tasks scheduled from follow-on schedule check
