[2023-07-16T01:35:38.733+0000] {taskinstance.py:1103} INFO - Dependencies all met for dep_context=non-requeueable deps ti=<TaskInstance: main_dag.tsk1 manual__2023-07-16T01:35:37.534798+00:00 [queued]>
[2023-07-16T01:35:38.743+0000] {taskinstance.py:1103} INFO - Dependencies all met for dep_context=requeueable deps ti=<TaskInstance: main_dag.tsk1 manual__2023-07-16T01:35:37.534798+00:00 [queued]>
[2023-07-16T01:35:38.743+0000] {taskinstance.py:1308} INFO - Starting attempt 1 of 1
[2023-07-16T01:35:38.757+0000] {taskinstance.py:1327} INFO - Executing <Task(BashOperator): tsk1> on 2023-07-16 01:35:37.534798+00:00
[2023-07-16T01:35:38.762+0000] {standard_task_runner.py:57} INFO - Started process 2431 to run task
[2023-07-16T01:35:38.764+0000] {standard_task_runner.py:84} INFO - Running: ['***', 'tasks', 'run', 'main_dag', 'tsk1', 'manual__2023-07-16T01:35:37.534798+00:00', '--job-id', '420', '--raw', '--subdir', 'DAGS_FOLDER/main_dag.py', '--cfg-path', '/tmp/tmp9hggu1lq']
[2023-07-16T01:35:38.765+0000] {standard_task_runner.py:85} INFO - Job 420: Subtask tsk1
[2023-07-16T01:35:38.811+0000] {task_command.py:410} INFO - Running <TaskInstance: main_dag.tsk1 manual__2023-07-16T01:35:37.534798+00:00 [running]> on host 3be1cdcf9db5
[2023-07-16T01:35:38.904+0000] {taskinstance.py:1547} INFO - Exporting env vars: AIRFLOW_CTX_DAG_OWNER='***' AIRFLOW_CTX_DAG_ID='main_dag' AIRFLOW_CTX_TASK_ID='tsk1' AIRFLOW_CTX_EXECUTION_DATE='2023-07-16T01:35:37.534798+00:00' AIRFLOW_CTX_TRY_NUMBER='1' AIRFLOW_CTX_DAG_RUN_ID='manual__2023-07-16T01:35:37.534798+00:00'
[2023-07-16T01:35:38.906+0000] {subprocess.py:63} INFO - Tmp dir root location: /tmp
[2023-07-16T01:35:38.906+0000] {subprocess.py:75} INFO - Running command: ['/bin/bash', '-c', 'pip install networkx']
[2023-07-16T01:35:38.915+0000] {subprocess.py:86} INFO - Output:
[2023-07-16T01:35:39.574+0000] {subprocess.py:93} INFO - Defaulting to user installation because normal site-packages is not writeable
[2023-07-16T01:35:40.179+0000] {subprocess.py:93} INFO - Collecting networkx
[2023-07-16T01:35:40.186+0000] {subprocess.py:93} INFO -   Using cached networkx-2.6.3-py3-none-any.whl (1.9 MB)
[2023-07-16T01:35:44.966+0000] {subprocess.py:93} INFO - Installing collected packages: networkx
[2023-07-16T01:35:45.764+0000] {subprocess.py:93} INFO - Successfully installed networkx-2.6.3
[2023-07-16T01:35:45.773+0000] {subprocess.py:93} INFO - 
[2023-07-16T01:35:45.774+0000] {subprocess.py:93} INFO - [notice] A new release of pip is available: 23.1.2 -> 23.2
[2023-07-16T01:35:45.774+0000] {subprocess.py:93} INFO - [notice] To update, run: python -m pip install --upgrade pip
[2023-07-16T01:35:45.928+0000] {subprocess.py:97} INFO - Command exited with return code 0
[2023-07-16T01:35:45.963+0000] {taskinstance.py:1350} INFO - Marking task as SUCCESS. dag_id=main_dag, task_id=tsk1, execution_date=20230716T013537, start_date=20230716T013538, end_date=20230716T013545
[2023-07-16T01:35:45.993+0000] {local_task_job_runner.py:225} INFO - Task exited with return code 0
[2023-07-16T01:35:46.012+0000] {taskinstance.py:2653} INFO - 0 downstream tasks scheduled from follow-on schedule check
