[2023-07-17T08:52:55.099+0000] {taskinstance.py:1103} INFO - Dependencies all met for dep_context=non-requeueable deps ti=<TaskInstance: main_dag.make_figures.plot_k_core_shell manual__2023-07-17T08:41:27.786321+00:00 [queued]>
[2023-07-17T08:52:55.115+0000] {taskinstance.py:1103} INFO - Dependencies all met for dep_context=requeueable deps ti=<TaskInstance: main_dag.make_figures.plot_k_core_shell manual__2023-07-17T08:41:27.786321+00:00 [queued]>
[2023-07-17T08:52:55.115+0000] {taskinstance.py:1308} INFO - Starting attempt 1 of 1
[2023-07-17T08:52:55.145+0000] {taskinstance.py:1327} INFO - Executing <Task(PythonOperator): make_figures.plot_k_core_shell> on 2023-07-17 08:41:27.786321+00:00
[2023-07-17T08:52:55.154+0000] {standard_task_runner.py:57} INFO - Started process 4483 to run task
[2023-07-17T08:52:55.158+0000] {standard_task_runner.py:84} INFO - Running: ['***', 'tasks', 'run', 'main_dag', 'make_figures.plot_k_core_shell', 'manual__2023-07-17T08:41:27.786321+00:00', '--job-id', '642', '--raw', '--subdir', 'DAGS_FOLDER/main_dag.py', '--cfg-path', '/tmp/tmpoynf359s']
[2023-07-17T08:52:55.166+0000] {standard_task_runner.py:85} INFO - Job 642: Subtask make_figures.plot_k_core_shell
[2023-07-17T08:52:55.239+0000] {task_command.py:410} INFO - Running <TaskInstance: main_dag.make_figures.plot_k_core_shell manual__2023-07-17T08:41:27.786321+00:00 [running]> on host 0314a966ffa9
[2023-07-17T08:52:55.368+0000] {taskinstance.py:1547} INFO - Exporting env vars: AIRFLOW_CTX_DAG_OWNER='***' AIRFLOW_CTX_DAG_ID='main_dag' AIRFLOW_CTX_TASK_ID='make_figures.plot_k_core_shell' AIRFLOW_CTX_EXECUTION_DATE='2023-07-17T08:41:27.786321+00:00' AIRFLOW_CTX_TRY_NUMBER='1' AIRFLOW_CTX_DAG_RUN_ID='manual__2023-07-17T08:41:27.786321+00:00'
[2023-07-17T08:53:00.637+0000] {taskinstance.py:1824} ERROR - Task failed with exception
Traceback (most recent call last):
  File "/home/airflow/.local/lib/python3.7/site-packages/airflow/operators/python.py", line 181, in execute
    return_value = self.execute_callable()
  File "/home/airflow/.local/lib/python3.7/site-packages/airflow/operators/python.py", line 198, in execute_callable
    return self.python_callable(*self.op_args, **self.op_kwargs)
  File "/opt/airflow/dags/main_dag.py", line 258, in k_core_shell_figure
    graph_core_2 = nx.k_shell(graph, 2)
  File "/home/airflow/.local/lib/python3.7/site-packages/networkx/algorithms/core.py", line 256, in k_shell
    return _core_subgraph(G, k_filter, k, core_number)
  File "/home/airflow/.local/lib/python3.7/site-packages/networkx/algorithms/core.py", line 141, in _core_subgraph
    core = core_number(G)
  File "/home/airflow/.local/lib/python3.7/site-packages/networkx/utils/decorators.py", line 795, in func
    return argmap._lazy_compile(__wrapper)(*args, **kwargs)
  File "<class 'networkx.utils.decorators.argmap'> compilation 13", line 4, in argmap_core_number_10
    from pathlib import Path
  File "/home/airflow/.local/lib/python3.7/site-packages/networkx/algorithms/core.py", line 90, in core_number
    raise NetworkXError(msg)
networkx.exception.NetworkXError: Input graph has self loops which is not permitted; Consider using G.remove_edges_from(nx.selfloop_edges(G)).
[2023-07-17T08:53:00.662+0000] {taskinstance.py:1350} INFO - Marking task as FAILED. dag_id=main_dag, task_id=make_figures.plot_k_core_shell, execution_date=20230717T084127, start_date=20230717T085255, end_date=20230717T085300
[2023-07-17T08:53:00.698+0000] {standard_task_runner.py:109} ERROR - Failed to execute job 642 for task make_figures.plot_k_core_shell (Input graph has self loops which is not permitted; Consider using G.remove_edges_from(nx.selfloop_edges(G)).; 4483)
[2023-07-17T08:53:00.787+0000] {local_task_job_runner.py:225} INFO - Task exited with return code 1
[2023-07-17T08:53:00.866+0000] {taskinstance.py:2653} INFO - 0 downstream tasks scheduled from follow-on schedule check
