[2023-07-17T22:25:29.158+0000] {taskinstance.py:1103} INFO - Dependencies all met for dep_context=non-requeueable deps ti=<TaskInstance: main_dag.install_libraries manual__2023-07-17T22:25:27.186172+00:00 [queued]>
[2023-07-17T22:25:29.167+0000] {taskinstance.py:1103} INFO - Dependencies all met for dep_context=requeueable deps ti=<TaskInstance: main_dag.install_libraries manual__2023-07-17T22:25:27.186172+00:00 [queued]>
[2023-07-17T22:25:29.167+0000] {taskinstance.py:1308} INFO - Starting attempt 1 of 1
[2023-07-17T22:25:29.182+0000] {taskinstance.py:1327} INFO - Executing <Task(BashOperator): install_libraries> on 2023-07-17 22:25:27.186172+00:00
[2023-07-17T22:25:29.187+0000] {standard_task_runner.py:57} INFO - Started process 178 to run task
[2023-07-17T22:25:29.189+0000] {standard_task_runner.py:84} INFO - Running: ['***', 'tasks', 'run', 'main_dag', 'install_libraries', 'manual__2023-07-17T22:25:27.186172+00:00', '--job-id', '836', '--raw', '--subdir', 'DAGS_FOLDER/main_dag.py', '--cfg-path', '/tmp/tmp3ny_be30']
[2023-07-17T22:25:29.190+0000] {standard_task_runner.py:85} INFO - Job 836: Subtask install_libraries
[2023-07-17T22:25:29.232+0000] {task_command.py:410} INFO - Running <TaskInstance: main_dag.install_libraries manual__2023-07-17T22:25:27.186172+00:00 [running]> on host ac2d7d5a0887
[2023-07-17T22:25:29.332+0000] {taskinstance.py:1547} INFO - Exporting env vars: AIRFLOW_CTX_DAG_OWNER='***' AIRFLOW_CTX_DAG_ID='main_dag' AIRFLOW_CTX_TASK_ID='install_libraries' AIRFLOW_CTX_EXECUTION_DATE='2023-07-17T22:25:27.186172+00:00' AIRFLOW_CTX_TRY_NUMBER='1' AIRFLOW_CTX_DAG_RUN_ID='manual__2023-07-17T22:25:27.186172+00:00'
[2023-07-17T22:25:29.332+0000] {subprocess.py:63} INFO - Tmp dir root location: /tmp
[2023-07-17T22:25:29.333+0000] {subprocess.py:75} INFO - Running command: ['/bin/bash', '-c', 'pip install networkx matplotlib scipy seaborn wikipedia']
[2023-07-17T22:25:29.344+0000] {subprocess.py:86} INFO - Output:
[2023-07-17T22:25:30.587+0000] {subprocess.py:93} INFO - Defaulting to user installation because normal site-packages is not writeable
[2023-07-17T22:25:31.032+0000] {subprocess.py:93} INFO - Collecting networkx
[2023-07-17T22:25:37.639+0000] {subprocess.py:93} INFO -   Downloading networkx-2.6.3-py3-none-any.whl (1.9 MB)
[2023-07-17T22:25:39.170+0000] {subprocess.py:93} INFO -      ━━━━━━━━━━━━━━━━━━━━━━━━━━━━━━━━━━━━━━━━ 1.9/1.9 MB 1.3 MB/s eta 0:00:00
[2023-07-17T22:25:39.465+0000] {subprocess.py:93} INFO - Collecting matplotlib
[2023-07-17T22:25:39.485+0000] {subprocess.py:93} INFO -   Downloading matplotlib-3.5.3-cp37-cp37m-manylinux_2_5_x86_64.manylinux1_x86_64.whl (11.2 MB)
[2023-07-17T22:25:40.016+0000] {subprocess.py:93} INFO -      ━━━━━━━━━━━━━━━━━━━━━━━━━━━━━━━━━━━━━━━━ 11.2/11.2 MB 20.0 MB/s eta 0:00:00
[2023-07-17T22:25:40.230+0000] {subprocess.py:93} INFO - Collecting scipy
[2023-07-17T22:25:40.251+0000] {subprocess.py:93} INFO -   Downloading scipy-1.7.3-cp37-cp37m-manylinux_2_12_x86_64.manylinux2010_x86_64.whl (38.1 MB)
[2023-07-17T22:25:46.721+0000] {subprocess.py:93} INFO -      ━━━━━━━━━━━━━━━━━━━━━━━━━━━━━━━━━━━━━━━━ 38.1/38.1 MB 4.0 MB/s eta 0:00:00
[2023-07-17T22:25:46.805+0000] {subprocess.py:93} INFO - Collecting seaborn
[2023-07-17T22:25:46.830+0000] {subprocess.py:93} INFO -   Downloading seaborn-0.12.2-py3-none-any.whl (293 kB)
[2023-07-17T22:25:46.922+0000] {subprocess.py:93} INFO -      ━━━━━━━━━━━━━━━━━━━━━━━━━━━━━━━━━━━━━━━ 293.3/293.3 kB 3.2 MB/s eta 0:00:00
[2023-07-17T22:25:46.958+0000] {subprocess.py:93} INFO - Collecting wikipedia
[2023-07-17T22:25:46.976+0000] {subprocess.py:93} INFO -   Downloading wikipedia-1.4.0.tar.gz (27 kB)
[2023-07-17T22:25:46.993+0000] {subprocess.py:93} INFO -   Preparing metadata (setup.py): started
[2023-07-17T22:25:47.734+0000] {subprocess.py:93} INFO -   Preparing metadata (setup.py): finished with status 'done'
[2023-07-17T22:25:47.815+0000] {subprocess.py:93} INFO - Collecting cycler>=0.10 (from matplotlib)
[2023-07-17T22:25:47.835+0000] {subprocess.py:93} INFO -   Downloading cycler-0.11.0-py3-none-any.whl (6.4 kB)
[2023-07-17T22:25:47.956+0000] {subprocess.py:93} INFO - Collecting fonttools>=4.22.0 (from matplotlib)
[2023-07-17T22:25:47.979+0000] {subprocess.py:93} INFO -   Downloading fonttools-4.38.0-py3-none-any.whl (965 kB)
[2023-07-17T22:25:48.243+0000] {subprocess.py:93} INFO -      ━━━━━━━━━━━━━━━━━━━━━━━━━━━━━━━━━━━━━━━ 965.4/965.4 kB 3.7 MB/s eta 0:00:00
[2023-07-17T22:25:48.348+0000] {subprocess.py:93} INFO - Collecting kiwisolver>=1.0.1 (from matplotlib)
[2023-07-17T22:25:48.370+0000] {subprocess.py:93} INFO -   Downloading kiwisolver-1.4.4-cp37-cp37m-manylinux_2_5_x86_64.manylinux1_x86_64.whl (1.1 MB)
[2023-07-17T22:25:48.785+0000] {subprocess.py:93} INFO -      ━━━━━━━━━━━━━━━━━━━━━━━━━━━━━━━━━━━━━━━━ 1.1/1.1 MB 2.8 MB/s eta 0:00:00
[2023-07-17T22:25:48.788+0000] {subprocess.py:93} INFO - Requirement already satisfied: numpy>=1.17 in /home/***/.local/lib/python3.7/site-packages (from matplotlib) (1.21.6)
[2023-07-17T22:25:48.788+0000] {subprocess.py:93} INFO - Requirement already satisfied: packaging>=20.0 in /home/***/.local/lib/python3.7/site-packages (from matplotlib) (21.3)
[2023-07-17T22:25:49.161+0000] {subprocess.py:93} INFO - Collecting pillow>=6.2.0 (from matplotlib)
[2023-07-17T22:25:49.182+0000] {subprocess.py:93} INFO -   Downloading Pillow-9.5.0-cp37-cp37m-manylinux_2_28_x86_64.whl (3.4 MB)
[2023-07-17T22:25:50.229+0000] {subprocess.py:93} INFO -      ━━━━━━━━━━━━━━━━━━━━━━━━━━━━━━━━━━━━━━━━ 3.4/3.4 MB 3.3 MB/s eta 0:00:00
[2023-07-17T22:25:50.235+0000] {subprocess.py:93} INFO - Requirement already satisfied: pyparsing>=2.2.1 in /home/***/.local/lib/python3.7/site-packages (from matplotlib) (3.1.0)
[2023-07-17T22:25:50.235+0000] {subprocess.py:93} INFO - Requirement already satisfied: python-dateutil>=2.7 in /home/***/.local/lib/python3.7/site-packages (from matplotlib) (2.8.2)
[2023-07-17T22:25:50.259+0000] {subprocess.py:93} INFO - Requirement already satisfied: pandas>=0.25 in /home/***/.local/lib/python3.7/site-packages (from seaborn) (1.3.5)
[2023-07-17T22:25:50.268+0000] {subprocess.py:93} INFO - Requirement already satisfied: typing_extensions in /home/***/.local/lib/python3.7/site-packages (from seaborn) (4.7.1)
[2023-07-17T22:25:50.274+0000] {subprocess.py:93} INFO - Requirement already satisfied: beautifulsoup4 in /home/***/.local/lib/python3.7/site-packages (from wikipedia) (4.12.2)
[2023-07-17T22:25:50.275+0000] {subprocess.py:93} INFO - Requirement already satisfied: requests<3.0.0,>=2.0.0 in /home/***/.local/lib/python3.7/site-packages (from wikipedia) (2.31.0)
[2023-07-17T22:25:50.339+0000] {subprocess.py:93} INFO - Requirement already satisfied: pytz>=2017.3 in /home/***/.local/lib/python3.7/site-packages (from pandas>=0.25->seaborn) (2023.3)
[2023-07-17T22:25:50.363+0000] {subprocess.py:93} INFO - Requirement already satisfied: six>=1.5 in /home/***/.local/lib/python3.7/site-packages (from python-dateutil>=2.7->matplotlib) (1.16.0)
[2023-07-17T22:25:50.372+0000] {subprocess.py:93} INFO - Requirement already satisfied: charset-normalizer<4,>=2 in /home/***/.local/lib/python3.7/site-packages (from requests<3.0.0,>=2.0.0->wikipedia) (3.1.0)
[2023-07-17T22:25:50.372+0000] {subprocess.py:93} INFO - Requirement already satisfied: idna<4,>=2.5 in /home/***/.local/lib/python3.7/site-packages (from requests<3.0.0,>=2.0.0->wikipedia) (3.4)
[2023-07-17T22:25:50.373+0000] {subprocess.py:93} INFO - Requirement already satisfied: urllib3<3,>=1.21.1 in /home/***/.local/lib/python3.7/site-packages (from requests<3.0.0,>=2.0.0->wikipedia) (1.26.16)
[2023-07-17T22:25:50.374+0000] {subprocess.py:93} INFO - Requirement already satisfied: certifi>=2017.4.17 in /home/***/.local/lib/python3.7/site-packages (from requests<3.0.0,>=2.0.0->wikipedia) (2023.5.7)
[2023-07-17T22:25:50.379+0000] {subprocess.py:93} INFO - Requirement already satisfied: soupsieve>1.2 in /home/***/.local/lib/python3.7/site-packages (from beautifulsoup4->wikipedia) (2.4.1)
[2023-07-17T22:25:50.420+0000] {subprocess.py:93} INFO - Building wheels for collected packages: wikipedia
[2023-07-17T22:25:50.421+0000] {subprocess.py:93} INFO -   Building wheel for wikipedia (setup.py): started
[2023-07-17T22:25:51.477+0000] {subprocess.py:93} INFO -   Building wheel for wikipedia (setup.py): finished with status 'done'
[2023-07-17T22:25:51.478+0000] {subprocess.py:93} INFO -   Created wheel for wikipedia: filename=wikipedia-1.4.0-py3-none-any.whl size=11680 sha256=7c4099bf1f9bc69d5d425714c20659b862e121deb41424b453d7ae717c9a0032
[2023-07-17T22:25:51.479+0000] {subprocess.py:93} INFO -   Stored in directory: /home/***/.cache/pip/wheels/15/93/6d/5b2c68b8a64c7a7a04947b4ed6d89fb557dcc6bc27d1d7f3ba
[2023-07-17T22:25:51.483+0000] {subprocess.py:93} INFO - Successfully built wikipedia
[2023-07-17T22:25:56.642+0000] {subprocess.py:93} INFO - Installing collected packages: scipy, pillow, networkx, kiwisolver, fonttools, cycler, wikipedia, matplotlib, seaborn
[2023-07-17T22:26:02.181+0000] {subprocess.py:93} INFO - Successfully installed cycler-0.11.0 fonttools-4.38.0 kiwisolver-1.4.4 matplotlib-3.5.3 networkx-2.6.3 pillow-9.5.0 scipy-1.7.3 seaborn-0.12.2 wikipedia-1.4.0
[2023-07-17T22:26:10.861+0000] {subprocess.py:97} INFO - Command exited with return code 0
[2023-07-17T22:26:10.901+0000] {taskinstance.py:1350} INFO - Marking task as SUCCESS. dag_id=main_dag, task_id=install_libraries, execution_date=20230717T222527, start_date=20230717T222529, end_date=20230717T222610
[2023-07-17T22:26:10.935+0000] {local_task_job_runner.py:225} INFO - Task exited with return code 0
[2023-07-17T22:26:10.988+0000] {taskinstance.py:2653} INFO - 1 downstream tasks scheduled from follow-on schedule check
