[2023-07-16T01:32:01.238+0000] {taskinstance.py:1103} INFO - Dependencies all met for dep_context=non-requeueable deps ti=<TaskInstance: main_dag.tsk1 manual__2023-07-16T01:31:59.690712+00:00 [queued]>
[2023-07-16T01:32:01.248+0000] {taskinstance.py:1103} INFO - Dependencies all met for dep_context=requeueable deps ti=<TaskInstance: main_dag.tsk1 manual__2023-07-16T01:31:59.690712+00:00 [queued]>
[2023-07-16T01:32:01.248+0000] {taskinstance.py:1308} INFO - Starting attempt 1 of 1
[2023-07-16T01:32:01.267+0000] {taskinstance.py:1327} INFO - Executing <Task(BashOperator): tsk1> on 2023-07-16 01:31:59.690712+00:00
[2023-07-16T01:32:01.271+0000] {standard_task_runner.py:57} INFO - Started process 2264 to run task
[2023-07-16T01:32:01.275+0000] {standard_task_runner.py:84} INFO - Running: ['***', 'tasks', 'run', 'main_dag', 'tsk1', 'manual__2023-07-16T01:31:59.690712+00:00', '--job-id', '416', '--raw', '--subdir', 'DAGS_FOLDER/main_dag.py', '--cfg-path', '/tmp/tmpo9bh9bpa']
[2023-07-16T01:32:01.276+0000] {standard_task_runner.py:85} INFO - Job 416: Subtask tsk1
[2023-07-16T01:32:01.317+0000] {task_command.py:410} INFO - Running <TaskInstance: main_dag.tsk1 manual__2023-07-16T01:31:59.690712+00:00 [running]> on host 3be1cdcf9db5
[2023-07-16T01:32:01.411+0000] {taskinstance.py:1547} INFO - Exporting env vars: AIRFLOW_CTX_DAG_OWNER='***' AIRFLOW_CTX_DAG_ID='main_dag' AIRFLOW_CTX_TASK_ID='tsk1' AIRFLOW_CTX_EXECUTION_DATE='2023-07-16T01:31:59.690712+00:00' AIRFLOW_CTX_TRY_NUMBER='1' AIRFLOW_CTX_DAG_RUN_ID='manual__2023-07-16T01:31:59.690712+00:00'
[2023-07-16T01:32:01.412+0000] {subprocess.py:63} INFO - Tmp dir root location: /tmp
[2023-07-16T01:32:01.412+0000] {subprocess.py:75} INFO - Running command: ['/bin/bash', '-c', 'docker exec ***-project_***-scheduler_1 bash pip install networkx']
[2023-07-16T01:32:01.422+0000] {subprocess.py:86} INFO - Output:
[2023-07-16T01:32:01.439+0000] {subprocess.py:93} INFO - Cannot connect to the Docker daemon at unix:///var/run/docker.sock. Is the docker daemon running?
[2023-07-16T01:32:01.441+0000] {subprocess.py:97} INFO - Command exited with return code 1
[2023-07-16T01:32:01.453+0000] {taskinstance.py:1824} ERROR - Task failed with exception
Traceback (most recent call last):
  File "/home/airflow/.local/lib/python3.7/site-packages/airflow/operators/bash.py", line 211, in execute
    f"Bash command failed. The command returned a non-zero exit code {result.exit_code}."
airflow.exceptions.AirflowException: Bash command failed. The command returned a non-zero exit code 1.
[2023-07-16T01:32:01.456+0000] {taskinstance.py:1350} INFO - Marking task as FAILED. dag_id=main_dag, task_id=tsk1, execution_date=20230716T013159, start_date=20230716T013201, end_date=20230716T013201
[2023-07-16T01:32:01.469+0000] {standard_task_runner.py:109} ERROR - Failed to execute job 416 for task tsk1 (Bash command failed. The command returned a non-zero exit code 1.; 2264)
[2023-07-16T01:32:01.486+0000] {local_task_job_runner.py:225} INFO - Task exited with return code 1
[2023-07-16T01:32:01.504+0000] {taskinstance.py:2653} INFO - 0 downstream tasks scheduled from follow-on schedule check
