[2023-07-17T17:47:18.416+0000] {taskinstance.py:1103} INFO - Dependencies all met for dep_context=non-requeueable deps ti=<TaskInstance: main_dag.preprocessing.remove_plural manual__2023-07-17T17:40:06.249965+00:00 [queued]>
[2023-07-17T17:47:18.427+0000] {taskinstance.py:1103} INFO - Dependencies all met for dep_context=requeueable deps ti=<TaskInstance: main_dag.preprocessing.remove_plural manual__2023-07-17T17:40:06.249965+00:00 [queued]>
[2023-07-17T17:47:18.427+0000] {taskinstance.py:1308} INFO - Starting attempt 1 of 1
[2023-07-17T17:47:18.442+0000] {taskinstance.py:1327} INFO - Executing <Task(PythonOperator): preprocessing.remove_plural> on 2023-07-17 17:40:06.249965+00:00
[2023-07-17T17:47:18.446+0000] {standard_task_runner.py:57} INFO - Started process 2563 to run task
[2023-07-17T17:47:18.449+0000] {standard_task_runner.py:84} INFO - Running: ['***', 'tasks', 'run', 'main_dag', 'preprocessing.remove_plural', 'manual__2023-07-17T17:40:06.249965+00:00', '--job-id', '731', '--raw', '--subdir', 'DAGS_FOLDER/main_dag.py', '--cfg-path', '/tmp/tmpeev_tzrb']
[2023-07-17T17:47:18.452+0000] {standard_task_runner.py:85} INFO - Job 731: Subtask preprocessing.remove_plural
[2023-07-17T17:47:18.494+0000] {task_command.py:410} INFO - Running <TaskInstance: main_dag.preprocessing.remove_plural manual__2023-07-17T17:40:06.249965+00:00 [running]> on host 78942c037002
[2023-07-17T17:47:18.587+0000] {taskinstance.py:1547} INFO - Exporting env vars: AIRFLOW_CTX_DAG_OWNER='***' AIRFLOW_CTX_DAG_ID='main_dag' AIRFLOW_CTX_TASK_ID='preprocessing.remove_plural' AIRFLOW_CTX_EXECUTION_DATE='2023-07-17T17:40:06.249965+00:00' AIRFLOW_CTX_TRY_NUMBER='1' AIRFLOW_CTX_DAG_RUN_ID='manual__2023-07-17T17:40:06.249965+00:00'
[2023-07-17T17:47:18.637+0000] {taskinstance.py:1824} ERROR - Task failed with exception
Traceback (most recent call last):
  File "/home/airflow/.local/lib/python3.7/site-packages/airflow/operators/python.py", line 181, in execute
    return_value = self.execute_callable()
  File "/home/airflow/.local/lib/python3.7/site-packages/airflow/operators/python.py", line 198, in execute_callable
    return self.python_callable(*self.op_args, **self.op_kwargs)
  File "/opt/airflow/dags/main_dag.py", line 96, in remove_plural
    graph = nx.read_yaml(f"data/{kwargs['read_filename']}")
  File "/home/airflow/.local/lib/python3.7/site-packages/networkx/__init__.py", line 33, in __getattr__
    "\nread_yaml has been removed from NetworkX, please use `yaml`\n"
ImportError: 
read_yaml has been removed from NetworkX, please use `yaml`
directly:

    import yaml

    with open('path', 'r') as fh:
        yaml.load(fh, Loader=yaml.Loader)

Note that yaml.Loader is considered insecure - see the pyyaml
documentation for further details.

This message will be removed in NetworkX 3.0.
[2023-07-17T17:47:18.645+0000] {taskinstance.py:1350} INFO - Marking task as FAILED. dag_id=main_dag, task_id=preprocessing.remove_plural, execution_date=20230717T174006, start_date=20230717T174718, end_date=20230717T174718
[2023-07-17T17:47:18.655+0000] {standard_task_runner.py:109} ERROR - Failed to execute job 731 for task preprocessing.remove_plural (
read_yaml has been removed from NetworkX, please use `yaml`
directly:

    import yaml

    with open('path', 'r') as fh:
        yaml.load(fh, Loader=yaml.Loader)

Note that yaml.Loader is considered insecure - see the pyyaml
documentation for further details.

This message will be removed in NetworkX 3.0.; 2563)
[2023-07-17T17:47:18.701+0000] {local_task_job_runner.py:225} INFO - Task exited with return code 1
[2023-07-17T17:47:18.758+0000] {taskinstance.py:2653} INFO - 0 downstream tasks scheduled from follow-on schedule check
