[2023-07-17T08:52:54.991+0000] {taskinstance.py:1103} INFO - Dependencies all met for dep_context=non-requeueable deps ti=<TaskInstance: main_dag.make_figures.plot_correlation manual__2023-07-17T08:41:27.786321+00:00 [queued]>
[2023-07-17T08:52:55.004+0000] {taskinstance.py:1103} INFO - Dependencies all met for dep_context=requeueable deps ti=<TaskInstance: main_dag.make_figures.plot_correlation manual__2023-07-17T08:41:27.786321+00:00 [queued]>
[2023-07-17T08:52:55.004+0000] {taskinstance.py:1308} INFO - Starting attempt 1 of 1
[2023-07-17T08:52:55.020+0000] {taskinstance.py:1327} INFO - Executing <Task(PythonOperator): make_figures.plot_correlation> on 2023-07-17 08:41:27.786321+00:00
[2023-07-17T08:52:55.025+0000] {standard_task_runner.py:57} INFO - Started process 4480 to run task
[2023-07-17T08:52:55.029+0000] {standard_task_runner.py:84} INFO - Running: ['***', 'tasks', 'run', 'main_dag', 'make_figures.plot_correlation', 'manual__2023-07-17T08:41:27.786321+00:00', '--job-id', '638', '--raw', '--subdir', 'DAGS_FOLDER/main_dag.py', '--cfg-path', '/tmp/tmpv5sd6oo7']
[2023-07-17T08:52:55.033+0000] {standard_task_runner.py:85} INFO - Job 638: Subtask make_figures.plot_correlation
[2023-07-17T08:52:55.092+0000] {task_command.py:410} INFO - Running <TaskInstance: main_dag.make_figures.plot_correlation manual__2023-07-17T08:41:27.786321+00:00 [running]> on host 0314a966ffa9
[2023-07-17T08:52:55.269+0000] {taskinstance.py:1547} INFO - Exporting env vars: AIRFLOW_CTX_DAG_OWNER='***' AIRFLOW_CTX_DAG_ID='main_dag' AIRFLOW_CTX_TASK_ID='make_figures.plot_correlation' AIRFLOW_CTX_EXECUTION_DATE='2023-07-17T08:41:27.786321+00:00' AIRFLOW_CTX_TRY_NUMBER='1' AIRFLOW_CTX_DAG_RUN_ID='manual__2023-07-17T08:41:27.786321+00:00'
[2023-07-17T08:52:56.477+0000] {font_manager.py:1443} INFO - generated new fontManager
[2023-07-17T09:02:06.866+0000] {taskinstance.py:1824} ERROR - Task failed with exception
Traceback (most recent call last):
  File "/home/airflow/.local/lib/python3.7/site-packages/airflow/operators/python.py", line 181, in execute
    return_value = self.execute_callable()
  File "/home/airflow/.local/lib/python3.7/site-packages/airflow/operators/python.py", line 198, in execute_callable
    return self.python_callable(*self.op_args, **self.op_kwargs)
  File "/opt/airflow/dags/main_dag.py", line 243, in correlation_figure
    fig.map_lower(sns.kdeplot, cmap="Reds_r")
  File "/home/airflow/.local/lib/python3.7/site-packages/seaborn/axisgrid.py", line 1389, in map_lower
    self._map_bivariate(func, indices, **kwargs)
  File "/home/airflow/.local/lib/python3.7/site-packages/seaborn/axisgrid.py", line 1568, in _map_bivariate
    self._plot_bivariate(x_var, y_var, ax, func, **kws)
  File "/home/airflow/.local/lib/python3.7/site-packages/seaborn/axisgrid.py", line 1609, in _plot_bivariate
    func(x=x, y=y, **kwargs)
  File "/home/airflow/.local/lib/python3.7/site-packages/seaborn/distributions.py", line 1743, in kdeplot
    **kwargs,
  File "/home/airflow/.local/lib/python3.7/site-packages/seaborn/distributions.py", line 1188, in plot_bivariate_density
    **contour_kws,
  File "/home/airflow/.local/lib/python3.7/site-packages/matplotlib/__init__.py", line 1414, in inner
    return func(ax, *map(sanitize_sequence, args), **kwargs)
  File "/home/airflow/.local/lib/python3.7/site-packages/matplotlib/axes/_axes.py", line 6303, in contour
    contours = mcontour.QuadContourSet(self, *args, **kwargs)
  File "/home/airflow/.local/lib/python3.7/site-packages/matplotlib/contour.py", line 812, in __init__
    kwargs = self._process_args(*args, **kwargs)
  File "/home/airflow/.local/lib/python3.7/site-packages/matplotlib/contour.py", line 1446, in _process_args
    x, y, z = self._contour_args(args, kwargs)
  File "/home/airflow/.local/lib/python3.7/site-packages/matplotlib/contour.py", line 1497, in _contour_args
    self._process_contour_level_args(args)
  File "/home/airflow/.local/lib/python3.7/site-packages/matplotlib/contour.py", line 1194, in _process_contour_level_args
    raise ValueError("Contour levels must be increasing")
ValueError: Contour levels must be increasing
[2023-07-17T09:02:06.879+0000] {taskinstance.py:1350} INFO - Marking task as FAILED. dag_id=main_dag, task_id=make_figures.plot_correlation, execution_date=20230717T084127, start_date=20230717T085254, end_date=20230717T090206
[2023-07-17T09:02:06.895+0000] {standard_task_runner.py:109} ERROR - Failed to execute job 638 for task make_figures.plot_correlation (Contour levels must be increasing; 4480)
[2023-07-17T09:02:06.953+0000] {local_task_job_runner.py:225} INFO - Task exited with return code 1
[2023-07-17T09:02:07.010+0000] {taskinstance.py:2653} INFO - 0 downstream tasks scheduled from follow-on schedule check
