[2023-07-15T22:31:24.600+0000] {manager.py:487} INFO - Processing files using up to 2 processes at a time 
[2023-07-15T22:31:24.601+0000] {manager.py:488} INFO - Process each file at most once every 30 seconds
[2023-07-15T22:31:24.601+0000] {manager.py:490} INFO - Checking for new files in /opt/airflow/dags every 300 seconds
[2023-07-15T22:31:24.601+0000] {manager.py:758} INFO - Searching for files in /opt/airflow/dags
[2023-07-15T22:31:24.610+0000] {manager.py:761} INFO - There are 46 files in /opt/airflow/dags
[2023-07-15T22:31:24.935+0000] {manager.py:889} INFO - 
================================================================================
DAG File Processing Stats

File Path                                                                                                                           PID  Runtime      # DAGs    # Errors  Last Runtime    Last Run
--------------------------------------------------------------------------------------------------------------------------------  -----  ---------  --------  ----------  --------------  ----------
/home/airflow/.local/lib/python3.7/site-packages/airflow/example_dags/example_time_delta_sensor_async.py                            164  0.27s             0           0
/home/airflow/.local/lib/python3.7/site-packages/airflow/example_dags/example_branch_python_dop_operator_3.py                       167  0.24s             0           0
/home/airflow/.local/lib/python3.7/site-packages/airflow/example_dags/example_latest_only_with_trigger.py                                                  0           0
/home/airflow/.local/lib/python3.7/site-packages/airflow/example_dags/example_skip_dag.py                                                                  0           0
/home/airflow/.local/lib/python3.7/site-packages/airflow/example_dags/example_datasets.py                                                                  0           0
/home/airflow/.local/lib/python3.7/site-packages/airflow/example_dags/example_branch_labels.py                                                             0           0
/home/airflow/.local/lib/python3.7/site-packages/airflow/example_dags/example_setup_teardown.py                                                            0           0
/home/airflow/.local/lib/python3.7/site-packages/airflow/example_dags/example_python_operator.py                                                           0           0
/home/airflow/.local/lib/python3.7/site-packages/airflow/example_dags/example_task_group.py                                                                0           0
/home/airflow/.local/lib/python3.7/site-packages/airflow/example_dags/example_xcomargs.py                                                                  0           0
/home/airflow/.local/lib/python3.7/site-packages/airflow/example_dags/example_passing_params_via_test_command.py                                           0           0
/home/airflow/.local/lib/python3.7/site-packages/airflow/example_dags/example_params_ui_tutorial.py                                                        0           0
/home/airflow/.local/lib/python3.7/site-packages/airflow/example_dags/example_dynamic_task_mapping.py                                                      0           0
/home/airflow/.local/lib/python3.7/site-packages/airflow/example_dags/example_trigger_controller_dag.py                                                    0           0
/home/airflow/.local/lib/python3.7/site-packages/airflow/example_dags/example_short_circuit_operator.py                                                    0           0
/home/airflow/.local/lib/python3.7/site-packages/airflow/example_dags/tutorial_dag.py                                                                      0           0
/home/airflow/.local/lib/python3.7/site-packages/airflow/example_dags/example_task_group_decorator.py                                                      0           0
/home/airflow/.local/lib/python3.7/site-packages/airflow/example_dags/example_sensors.py                                                                   0           0
/home/airflow/.local/lib/python3.7/site-packages/airflow/example_dags/tutorial_taskflow_api.py                                                             0           0
/home/airflow/.local/lib/python3.7/site-packages/airflow/example_dags/example_branch_day_of_week_operator.py                                               0           0
/home/airflow/.local/lib/python3.7/site-packages/airflow/example_dags/example_nested_branch_dag.py                                                         0           0
/home/airflow/.local/lib/python3.7/site-packages/airflow/example_dags/example_sla_dag.py                                                                   0           0
/home/airflow/.local/lib/python3.7/site-packages/airflow/example_dags/example_kubernetes_executor.py                                                       0           0
/home/airflow/.local/lib/python3.7/site-packages/airflow/example_dags/example_branch_operator.py                                                           0           0
/home/airflow/.local/lib/python3.7/site-packages/airflow/example_dags/example_setup_teardown_taskflow.py                                                   0           0
/home/airflow/.local/lib/python3.7/site-packages/airflow/example_dags/tutorial.py                                                                          0           0
/home/airflow/.local/lib/python3.7/site-packages/airflow/example_dags/example_latest_only.py                                                               0           0
/home/airflow/.local/lib/python3.7/site-packages/airflow/example_dags/example_branch_operator_decorator.py                                                 0           0
/home/airflow/.local/lib/python3.7/site-packages/airflow/example_dags/example_complex.py                                                                   0           0
/home/airflow/.local/lib/python3.7/site-packages/airflow/example_dags/example_branch_datetime_operator.py                                                  0           0
/home/airflow/.local/lib/python3.7/site-packages/airflow/example_dags/example_dynamic_task_mapping_with_no_taskflow_operators.py                           0           0
/home/airflow/.local/lib/python3.7/site-packages/airflow/example_dags/example_short_circuit_decorator.py                                                   0           0
/home/airflow/.local/lib/python3.7/site-packages/airflow/example_dags/example_trigger_target_dag.py                                                        0           0
/home/airflow/.local/lib/python3.7/site-packages/airflow/example_dags/example_subdag_operator.py                                                           0           0
/home/airflow/.local/lib/python3.7/site-packages/airflow/example_dags/example_dag_decorator.py                                                             0           0
/home/airflow/.local/lib/python3.7/site-packages/airflow/example_dags/tutorial_taskflow_api_virtualenv.py                                                  0           0
/home/airflow/.local/lib/python3.7/site-packages/airflow/example_dags/example_params_trigger_ui.py                                                         0           0
/home/airflow/.local/lib/python3.7/site-packages/airflow/example_dags/example_external_task_marker_dag.py                                                  0           0
/home/airflow/.local/lib/python3.7/site-packages/airflow/example_dags/example_sensor_decorator.py                                                          0           0
/home/airflow/.local/lib/python3.7/site-packages/airflow/example_dags/example_xcom.py                                                                      0           0
/home/airflow/.local/lib/python3.7/site-packages/airflow/example_dags/example_local_kubernetes_executor.py                                                 0           0
/home/airflow/.local/lib/python3.7/site-packages/airflow/example_dags/example_bash_operator.py                                                             0           0
/home/airflow/.local/lib/python3.7/site-packages/airflow/example_dags/subdags/subdag.py                                                                    0           0
/home/airflow/.local/lib/python3.7/site-packages/airflow/example_dags/plugins/listener_plugin.py                                                           0           0
/home/airflow/.local/lib/python3.7/site-packages/airflow/example_dags/plugins/event_listener.py                                                            0           0
/home/airflow/.local/lib/python3.7/site-packages/airflow/example_dags/plugins/workday.py                                                                   0           0
================================================================================
[2023-07-15T22:31:55.074+0000] {manager.py:889} INFO - 
================================================================================
DAG File Processing Stats

File Path                                                                                                                           PID  Runtime      # DAGs    # Errors  Last Runtime    Last Run
--------------------------------------------------------------------------------------------------------------------------------  -----  ---------  --------  ----------  --------------  -------------------
/home/airflow/.local/lib/python3.7/site-packages/airflow/example_dags/example_setup_teardown.py                                                            0           0  0.04s           2023-07-15T22:31:25
/home/airflow/.local/lib/python3.7/site-packages/airflow/example_dags/example_setup_teardown_taskflow.py                                                   0           0  0.03s           2023-07-15T22:31:26
/home/airflow/.local/lib/python3.7/site-packages/airflow/example_dags/subdags/subdag.py                                                                    0           0  0.04s           2023-07-15T22:31:27
/home/airflow/.local/lib/python3.7/site-packages/airflow/example_dags/plugins/listener_plugin.py                                                           0           0  0.04s           2023-07-15T22:31:27
/home/airflow/.local/lib/python3.7/site-packages/airflow/example_dags/plugins/event_listener.py                                                            0           0  0.03s           2023-07-15T22:31:27
/home/airflow/.local/lib/python3.7/site-packages/airflow/example_dags/plugins/workday.py                                                                   0           0  1.19s           2023-07-15T22:31:28
/home/airflow/.local/lib/python3.7/site-packages/airflow/example_dags/example_time_delta_sensor_async.py                            414  0.01s             1           0  0.34s           2023-07-15T22:31:24
/home/airflow/.local/lib/python3.7/site-packages/airflow/example_dags/example_branch_python_dop_operator_3.py                       417  0.01s             1           0  0.31s           2023-07-15T22:31:24
/home/airflow/.local/lib/python3.7/site-packages/airflow/example_dags/example_latest_only_with_trigger.py                                                  1           0  0.09s           2023-07-15T22:31:25
/home/airflow/.local/lib/python3.7/site-packages/airflow/example_dags/example_skip_dag.py                                                                  1           0  0.08s           2023-07-15T22:31:25
/home/airflow/.local/lib/python3.7/site-packages/airflow/example_dags/example_branch_labels.py                                                             1           0  0.09s           2023-07-15T22:31:25
/home/airflow/.local/lib/python3.7/site-packages/airflow/example_dags/example_python_operator.py                                                           1           0  0.09s           2023-07-15T22:31:25
/home/airflow/.local/lib/python3.7/site-packages/airflow/example_dags/example_task_group.py                                                                1           0  0.09s           2023-07-15T22:31:25
/home/airflow/.local/lib/python3.7/site-packages/airflow/example_dags/example_passing_params_via_test_command.py                                           1           0  0.09s           2023-07-15T22:31:25
/home/airflow/.local/lib/python3.7/site-packages/airflow/example_dags/example_params_ui_tutorial.py                                                        1           0  0.12s           2023-07-15T22:31:25
/home/airflow/.local/lib/python3.7/site-packages/airflow/example_dags/example_dynamic_task_mapping.py                                                      1           0  0.10s           2023-07-15T22:31:25
/home/airflow/.local/lib/python3.7/site-packages/airflow/example_dags/example_trigger_controller_dag.py                                                    1           0  0.10s           2023-07-15T22:31:25
/home/airflow/.local/lib/python3.7/site-packages/airflow/example_dags/example_short_circuit_operator.py                                                    1           0  0.09s           2023-07-15T22:31:25
/home/airflow/.local/lib/python3.7/site-packages/airflow/example_dags/tutorial_dag.py                                                                      1           0  0.10s           2023-07-15T22:31:25
/home/airflow/.local/lib/python3.7/site-packages/airflow/example_dags/example_task_group_decorator.py                                                      1           0  0.11s           2023-07-15T22:31:25
/home/airflow/.local/lib/python3.7/site-packages/airflow/example_dags/example_sensors.py                                                                   1           0  0.09s           2023-07-15T22:31:25
/home/airflow/.local/lib/python3.7/site-packages/airflow/example_dags/tutorial_taskflow_api.py                                                             1           0  0.10s           2023-07-15T22:31:25
/home/airflow/.local/lib/python3.7/site-packages/airflow/example_dags/example_branch_day_of_week_operator.py                                               1           0  0.10s           2023-07-15T22:31:26
/home/airflow/.local/lib/python3.7/site-packages/airflow/example_dags/example_nested_branch_dag.py                                                         1           0  0.09s           2023-07-15T22:31:26
/home/airflow/.local/lib/python3.7/site-packages/airflow/example_dags/example_sla_dag.py                                                                   1           0  0.09s           2023-07-15T22:31:26
/home/airflow/.local/lib/python3.7/site-packages/airflow/example_dags/example_kubernetes_executor.py                                                       1           0  1.04s           2023-07-15T22:31:27
/home/airflow/.local/lib/python3.7/site-packages/airflow/example_dags/example_branch_operator.py                                                           1           0  0.09s           2023-07-15T22:31:26
/home/airflow/.local/lib/python3.7/site-packages/airflow/example_dags/tutorial.py                                                                          1           0  0.09s           2023-07-15T22:31:26
/home/airflow/.local/lib/python3.7/site-packages/airflow/example_dags/example_latest_only.py                                                               1           0  0.09s           2023-07-15T22:31:26
/home/airflow/.local/lib/python3.7/site-packages/airflow/example_dags/example_branch_operator_decorator.py                                                 1           0  0.09s           2023-07-15T22:31:26
/home/airflow/.local/lib/python3.7/site-packages/airflow/example_dags/example_complex.py                                                                   1           0  0.09s           2023-07-15T22:31:26
/home/airflow/.local/lib/python3.7/site-packages/airflow/example_dags/example_dynamic_task_mapping_with_no_taskflow_operators.py                           1           0  0.09s           2023-07-15T22:31:26
/home/airflow/.local/lib/python3.7/site-packages/airflow/example_dags/example_short_circuit_decorator.py                                                   1           0  0.09s           2023-07-15T22:31:26
/home/airflow/.local/lib/python3.7/site-packages/airflow/example_dags/example_trigger_target_dag.py                                                        1           0  0.09s           2023-07-15T22:31:27
/home/airflow/.local/lib/python3.7/site-packages/airflow/example_dags/example_dag_decorator.py                                                             1           0  0.09s           2023-07-15T22:31:27
/home/airflow/.local/lib/python3.7/site-packages/airflow/example_dags/tutorial_taskflow_api_virtualenv.py                                                  1           0  0.08s           2023-07-15T22:31:27
/home/airflow/.local/lib/python3.7/site-packages/airflow/example_dags/example_params_trigger_ui.py                                                         1           0  0.10s           2023-07-15T22:31:27
/home/airflow/.local/lib/python3.7/site-packages/airflow/example_dags/example_sensor_decorator.py                                                          1           0  0.09s           2023-07-15T22:31:27
/home/airflow/.local/lib/python3.7/site-packages/airflow/example_dags/example_xcom.py                                                                      1           0  0.08s           2023-07-15T22:31:27
/home/airflow/.local/lib/python3.7/site-packages/airflow/example_dags/example_local_kubernetes_executor.py                                                 1           0  0.25s           2023-07-15T22:31:27
/home/airflow/.local/lib/python3.7/site-packages/airflow/example_dags/example_bash_operator.py                                                             1           0  0.10s           2023-07-15T22:31:27
/home/airflow/.local/lib/python3.7/site-packages/airflow/example_dags/example_xcomargs.py                                                                  2           0  0.09s           2023-07-15T22:31:25
/home/airflow/.local/lib/python3.7/site-packages/airflow/example_dags/example_external_task_marker_dag.py                                                  2           0  0.09s           2023-07-15T22:31:27
/home/airflow/.local/lib/python3.7/site-packages/airflow/example_dags/example_branch_datetime_operator.py                                                  3           0  0.11s           2023-07-15T22:31:26
/home/airflow/.local/lib/python3.7/site-packages/airflow/example_dags/example_subdag_operator.py                                                           3           0  0.11s           2023-07-15T22:31:27
/home/airflow/.local/lib/python3.7/site-packages/airflow/example_dags/example_datasets.py                                                                  6           0  0.13s           2023-07-15T22:31:25
================================================================================
[2023-07-15T22:32:25.439+0000] {manager.py:889} INFO - 
================================================================================
DAG File Processing Stats

File Path                                                                                                                           PID  Runtime      # DAGs    # Errors  Last Runtime    Last Run
--------------------------------------------------------------------------------------------------------------------------------  -----  ---------  --------  ----------  --------------  -------------------
/home/airflow/.local/lib/python3.7/site-packages/airflow/example_dags/example_setup_teardown.py                                                            0           0  0.03s           2023-07-15T22:31:55
/home/airflow/.local/lib/python3.7/site-packages/airflow/example_dags/example_setup_teardown_taskflow.py                                                   0           0  0.03s           2023-07-15T22:31:56
/home/airflow/.local/lib/python3.7/site-packages/airflow/example_dags/subdags/subdag.py                                                                    0           0  0.13s           2023-07-15T22:31:58
/home/airflow/.local/lib/python3.7/site-packages/airflow/example_dags/plugins/listener_plugin.py                                                           0           0  0.05s           2023-07-15T22:31:58
/home/airflow/.local/lib/python3.7/site-packages/airflow/example_dags/plugins/event_listener.py                                                            0           0  0.03s           2023-07-15T22:31:58
/home/airflow/.local/lib/python3.7/site-packages/airflow/example_dags/plugins/workday.py                                                                   0           0  0.77s           2023-07-15T22:32:00
/home/airflow/.local/lib/python3.7/site-packages/airflow/example_dags/example_time_delta_sensor_async.py                            663  0.02s             1           0  0.10s           2023-07-15T22:31:55
/home/airflow/.local/lib/python3.7/site-packages/airflow/example_dags/example_branch_python_dop_operator_3.py                       666  0.01s             1           0  0.11s           2023-07-15T22:31:55
/home/airflow/.local/lib/python3.7/site-packages/airflow/example_dags/example_latest_only_with_trigger.py                                                  1           0  0.09s           2023-07-15T22:31:55
/home/airflow/.local/lib/python3.7/site-packages/airflow/example_dags/example_skip_dag.py                                                                  1           0  0.09s           2023-07-15T22:31:55
/home/airflow/.local/lib/python3.7/site-packages/airflow/example_dags/example_branch_labels.py                                                             1           0  0.10s           2023-07-15T22:31:55
/home/airflow/.local/lib/python3.7/site-packages/airflow/example_dags/example_python_operator.py                                                           1           0  0.24s           2023-07-15T22:31:55
/home/airflow/.local/lib/python3.7/site-packages/airflow/example_dags/example_task_group.py                                                                1           0  0.09s           2023-07-15T22:31:55
/home/airflow/.local/lib/python3.7/site-packages/airflow/example_dags/example_passing_params_via_test_command.py                                           1           0  0.10s           2023-07-15T22:31:55
/home/airflow/.local/lib/python3.7/site-packages/airflow/example_dags/example_params_ui_tutorial.py                                                        1           0  0.17s           2023-07-15T22:31:55
/home/airflow/.local/lib/python3.7/site-packages/airflow/example_dags/example_dynamic_task_mapping.py                                                      1           0  0.11s           2023-07-15T22:31:56
/home/airflow/.local/lib/python3.7/site-packages/airflow/example_dags/example_trigger_controller_dag.py                                                    1           0  0.10s           2023-07-15T22:31:56
/home/airflow/.local/lib/python3.7/site-packages/airflow/example_dags/example_short_circuit_operator.py                                                    1           0  0.10s           2023-07-15T22:31:56
/home/airflow/.local/lib/python3.7/site-packages/airflow/example_dags/tutorial_dag.py                                                                      1           0  0.09s           2023-07-15T22:31:56
/home/airflow/.local/lib/python3.7/site-packages/airflow/example_dags/example_task_group_decorator.py                                                      1           0  0.10s           2023-07-15T22:31:56
/home/airflow/.local/lib/python3.7/site-packages/airflow/example_dags/example_sensors.py                                                                   1           0  0.10s           2023-07-15T22:31:56
/home/airflow/.local/lib/python3.7/site-packages/airflow/example_dags/tutorial_taskflow_api.py                                                             1           0  0.09s           2023-07-15T22:31:56
/home/airflow/.local/lib/python3.7/site-packages/airflow/example_dags/example_branch_day_of_week_operator.py                                               1           0  0.09s           2023-07-15T22:31:56
/home/airflow/.local/lib/python3.7/site-packages/airflow/example_dags/example_nested_branch_dag.py                                                         1           0  0.10s           2023-07-15T22:31:56
/home/airflow/.local/lib/python3.7/site-packages/airflow/example_dags/example_sla_dag.py                                                                   1           0  0.09s           2023-07-15T22:31:56
/home/airflow/.local/lib/python3.7/site-packages/airflow/example_dags/example_kubernetes_executor.py                                                       1           0  0.51s           2023-07-15T22:31:57
/home/airflow/.local/lib/python3.7/site-packages/airflow/example_dags/example_branch_operator.py                                                           1           0  0.09s           2023-07-15T22:31:56
/home/airflow/.local/lib/python3.7/site-packages/airflow/example_dags/tutorial.py                                                                          1           0  0.09s           2023-07-15T22:31:56
/home/airflow/.local/lib/python3.7/site-packages/airflow/example_dags/example_latest_only.py                                                               1           0  0.09s           2023-07-15T22:31:56
/home/airflow/.local/lib/python3.7/site-packages/airflow/example_dags/example_branch_operator_decorator.py                                                 1           0  0.10s           2023-07-15T22:31:56
/home/airflow/.local/lib/python3.7/site-packages/airflow/example_dags/example_complex.py                                                                   1           0  0.10s           2023-07-15T22:31:56
/home/airflow/.local/lib/python3.7/site-packages/airflow/example_dags/example_dynamic_task_mapping_with_no_taskflow_operators.py                           1           0  0.10s           2023-07-15T22:31:56
/home/airflow/.local/lib/python3.7/site-packages/airflow/example_dags/example_short_circuit_decorator.py                                                   1           0  0.09s           2023-07-15T22:31:57
/home/airflow/.local/lib/python3.7/site-packages/airflow/example_dags/example_trigger_target_dag.py                                                        1           0  0.09s           2023-07-15T22:31:57
/home/airflow/.local/lib/python3.7/site-packages/airflow/example_dags/example_dag_decorator.py                                                             1           0  0.28s           2023-07-15T22:31:57
/home/airflow/.local/lib/python3.7/site-packages/airflow/example_dags/tutorial_taskflow_api_virtualenv.py                                                  1           0  0.10s           2023-07-15T22:31:57
/home/airflow/.local/lib/python3.7/site-packages/airflow/example_dags/example_params_trigger_ui.py                                                         1           0  0.16s           2023-07-15T22:31:57
/home/airflow/.local/lib/python3.7/site-packages/airflow/example_dags/example_sensor_decorator.py                                                          1           0  0.13s           2023-07-15T22:31:57
/home/airflow/.local/lib/python3.7/site-packages/airflow/example_dags/example_xcom.py                                                                      1           0  0.18s           2023-07-15T22:31:58
/home/airflow/.local/lib/python3.7/site-packages/airflow/example_dags/example_local_kubernetes_executor.py                                                 1           0  0.32s           2023-07-15T22:31:58
/home/airflow/.local/lib/python3.7/site-packages/airflow/example_dags/example_bash_operator.py                                                             1           0  0.23s           2023-07-15T22:31:58
/home/airflow/.local/lib/python3.7/site-packages/airflow/example_dags/example_xcomargs.py                                                                  2           0  0.10s           2023-07-15T22:31:55
/home/airflow/.local/lib/python3.7/site-packages/airflow/example_dags/example_external_task_marker_dag.py                                                  2           0  0.13s           2023-07-15T22:31:57
/home/airflow/.local/lib/python3.7/site-packages/airflow/example_dags/example_branch_datetime_operator.py                                                  3           0  0.11s           2023-07-15T22:31:56
/home/airflow/.local/lib/python3.7/site-packages/airflow/example_dags/example_subdag_operator.py                                                           3           0  0.13s           2023-07-15T22:31:57
/home/airflow/.local/lib/python3.7/site-packages/airflow/example_dags/example_datasets.py                                                                  6           0  0.15s           2023-07-15T22:31:55
================================================================================
[2023-07-15T22:32:55.582+0000] {manager.py:889} INFO - 
================================================================================
DAG File Processing Stats

File Path                                                                                                                           PID  Runtime      # DAGs    # Errors  Last Runtime    Last Run
--------------------------------------------------------------------------------------------------------------------------------  -----  ---------  --------  ----------  --------------  -------------------
/home/airflow/.local/lib/python3.7/site-packages/airflow/example_dags/example_setup_teardown.py                                                            0           0  0.03s           2023-07-15T22:32:25
/home/airflow/.local/lib/python3.7/site-packages/airflow/example_dags/example_setup_teardown_taskflow.py                                                   0           0  0.04s           2023-07-15T22:32:26
/home/airflow/.local/lib/python3.7/site-packages/airflow/example_dags/subdags/subdag.py                                                                    0           0  0.04s           2023-07-15T22:32:28
/home/airflow/.local/lib/python3.7/site-packages/airflow/example_dags/plugins/listener_plugin.py                                                           0           0  0.03s           2023-07-15T22:32:29
/home/airflow/.local/lib/python3.7/site-packages/airflow/example_dags/plugins/event_listener.py                                                            0           0  0.03s           2023-07-15T22:32:29
/home/airflow/.local/lib/python3.7/site-packages/airflow/example_dags/plugins/workday.py                                                                   0           0  0.34s           2023-07-15T22:32:31
/home/airflow/.local/lib/python3.7/site-packages/airflow/example_dags/example_time_delta_sensor_async.py                            912  0.01s             1           0  0.08s           2023-07-15T22:32:25
/home/airflow/.local/lib/python3.7/site-packages/airflow/example_dags/example_branch_python_dop_operator_3.py                       915  0.00s             1           0  0.10s           2023-07-15T22:32:25
/home/airflow/.local/lib/python3.7/site-packages/airflow/example_dags/example_latest_only_with_trigger.py                                                  1           0  0.09s           2023-07-15T22:32:25
/home/airflow/.local/lib/python3.7/site-packages/airflow/example_dags/example_skip_dag.py                                                                  1           0  0.09s           2023-07-15T22:32:25
/home/airflow/.local/lib/python3.7/site-packages/airflow/example_dags/example_branch_labels.py                                                             1           0  0.09s           2023-07-15T22:32:25
/home/airflow/.local/lib/python3.7/site-packages/airflow/example_dags/example_python_operator.py                                                           1           0  0.10s           2023-07-15T22:32:25
/home/airflow/.local/lib/python3.7/site-packages/airflow/example_dags/example_task_group.py                                                                1           0  0.09s           2023-07-15T22:32:25
/home/airflow/.local/lib/python3.7/site-packages/airflow/example_dags/example_passing_params_via_test_command.py                                           1           0  0.10s           2023-07-15T22:32:26
/home/airflow/.local/lib/python3.7/site-packages/airflow/example_dags/example_params_ui_tutorial.py                                                        1           0  0.16s           2023-07-15T22:32:26
/home/airflow/.local/lib/python3.7/site-packages/airflow/example_dags/example_dynamic_task_mapping.py                                                      1           0  0.09s           2023-07-15T22:32:26
/home/airflow/.local/lib/python3.7/site-packages/airflow/example_dags/example_trigger_controller_dag.py                                                    1           0  0.09s           2023-07-15T22:32:26
/home/airflow/.local/lib/python3.7/site-packages/airflow/example_dags/example_short_circuit_operator.py                                                    1           0  0.10s           2023-07-15T22:32:26
/home/airflow/.local/lib/python3.7/site-packages/airflow/example_dags/tutorial_dag.py                                                                      1           0  0.10s           2023-07-15T22:32:26
/home/airflow/.local/lib/python3.7/site-packages/airflow/example_dags/example_task_group_decorator.py                                                      1           0  0.10s           2023-07-15T22:32:26
/home/airflow/.local/lib/python3.7/site-packages/airflow/example_dags/example_sensors.py                                                                   1           0  0.10s           2023-07-15T22:32:26
/home/airflow/.local/lib/python3.7/site-packages/airflow/example_dags/tutorial_taskflow_api.py                                                             1           0  0.10s           2023-07-15T22:32:26
/home/airflow/.local/lib/python3.7/site-packages/airflow/example_dags/example_branch_day_of_week_operator.py                                               1           0  0.10s           2023-07-15T22:32:26
/home/airflow/.local/lib/python3.7/site-packages/airflow/example_dags/example_nested_branch_dag.py                                                         1           0  0.10s           2023-07-15T22:32:26
/home/airflow/.local/lib/python3.7/site-packages/airflow/example_dags/example_sla_dag.py                                                                   1           0  0.11s           2023-07-15T22:32:26
/home/airflow/.local/lib/python3.7/site-packages/airflow/example_dags/example_kubernetes_executor.py                                                       1           0  0.30s           2023-07-15T22:32:28
/home/airflow/.local/lib/python3.7/site-packages/airflow/example_dags/example_branch_operator.py                                                           1           0  0.12s           2023-07-15T22:32:26
/home/airflow/.local/lib/python3.7/site-packages/airflow/example_dags/tutorial.py                                                                          1           0  0.09s           2023-07-15T22:32:26
/home/airflow/.local/lib/python3.7/site-packages/airflow/example_dags/example_latest_only.py                                                               1           0  0.09s           2023-07-15T22:32:26
/home/airflow/.local/lib/python3.7/site-packages/airflow/example_dags/example_branch_operator_decorator.py                                                 1           0  0.10s           2023-07-15T22:32:26
/home/airflow/.local/lib/python3.7/site-packages/airflow/example_dags/example_complex.py                                                                   1           0  0.10s           2023-07-15T22:32:27
/home/airflow/.local/lib/python3.7/site-packages/airflow/example_dags/example_dynamic_task_mapping_with_no_taskflow_operators.py                           1           0  0.09s           2023-07-15T22:32:27
/home/airflow/.local/lib/python3.7/site-packages/airflow/example_dags/example_short_circuit_decorator.py                                                   1           0  0.09s           2023-07-15T22:32:27
/home/airflow/.local/lib/python3.7/site-packages/airflow/example_dags/example_trigger_target_dag.py                                                        1           0  0.09s           2023-07-15T22:32:27
/home/airflow/.local/lib/python3.7/site-packages/airflow/example_dags/example_dag_decorator.py                                                             1           0  0.23s           2023-07-15T22:32:28
/home/airflow/.local/lib/python3.7/site-packages/airflow/example_dags/tutorial_taskflow_api_virtualenv.py                                                  1           0  0.10s           2023-07-15T22:32:28
/home/airflow/.local/lib/python3.7/site-packages/airflow/example_dags/example_params_trigger_ui.py                                                         1           0  0.16s           2023-07-15T22:32:28
/home/airflow/.local/lib/python3.7/site-packages/airflow/example_dags/example_sensor_decorator.py                                                          1           0  0.09s           2023-07-15T22:32:28
/home/airflow/.local/lib/python3.7/site-packages/airflow/example_dags/example_xcom.py                                                                      1           0  0.09s           2023-07-15T22:32:28
/home/airflow/.local/lib/python3.7/site-packages/airflow/example_dags/example_local_kubernetes_executor.py                                                 1           0  0.26s           2023-07-15T22:32:29
/home/airflow/.local/lib/python3.7/site-packages/airflow/example_dags/example_bash_operator.py                                                             1           0  0.11s           2023-07-15T22:32:29
/home/airflow/.local/lib/python3.7/site-packages/airflow/example_dags/example_xcomargs.py                                                                  2           0  0.10s           2023-07-15T22:32:25
/home/airflow/.local/lib/python3.7/site-packages/airflow/example_dags/example_external_task_marker_dag.py                                                  2           0  0.10s           2023-07-15T22:32:28
/home/airflow/.local/lib/python3.7/site-packages/airflow/example_dags/example_branch_datetime_operator.py                                                  3           0  0.11s           2023-07-15T22:32:27
/home/airflow/.local/lib/python3.7/site-packages/airflow/example_dags/example_subdag_operator.py                                                           3           0  0.11s           2023-07-15T22:32:27
/home/airflow/.local/lib/python3.7/site-packages/airflow/example_dags/example_datasets.py                                                                  6           0  0.14s           2023-07-15T22:32:25
================================================================================
[2023-07-15T22:33:25.737+0000] {manager.py:889} INFO - 
================================================================================
DAG File Processing Stats

File Path                                                                                                                           PID  Runtime      # DAGs    # Errors  Last Runtime    Last Run
--------------------------------------------------------------------------------------------------------------------------------  -----  ---------  --------  ----------  --------------  -------------------
/home/airflow/.local/lib/python3.7/site-packages/airflow/example_dags/example_setup_teardown.py                                                            0           0  0.04s           2023-07-15T22:32:55
/home/airflow/.local/lib/python3.7/site-packages/airflow/example_dags/example_setup_teardown_taskflow.py                                                   0           0  0.04s           2023-07-15T22:32:56
/home/airflow/.local/lib/python3.7/site-packages/airflow/example_dags/subdags/subdag.py                                                                    0           0  0.03s           2023-07-15T22:32:59
/home/airflow/.local/lib/python3.7/site-packages/airflow/example_dags/plugins/listener_plugin.py                                                           0           0  0.04s           2023-07-15T22:32:59
/home/airflow/.local/lib/python3.7/site-packages/airflow/example_dags/plugins/event_listener.py                                                            0           0  0.03s           2023-07-15T22:32:59
/home/airflow/.local/lib/python3.7/site-packages/airflow/example_dags/plugins/workday.py                                                                   0           0  0.39s           2023-07-15T22:33:01
/home/airflow/.local/lib/python3.7/site-packages/airflow/example_dags/example_time_delta_sensor_async.py                           1161  0.01s             1           0  0.09s           2023-07-15T22:32:55
/home/airflow/.local/lib/python3.7/site-packages/airflow/example_dags/example_branch_python_dop_operator_3.py                      1164  0.00s             1           0  0.10s           2023-07-15T22:32:55
/home/airflow/.local/lib/python3.7/site-packages/airflow/example_dags/example_latest_only_with_trigger.py                                                  1           0  0.09s           2023-07-15T22:32:55
/home/airflow/.local/lib/python3.7/site-packages/airflow/example_dags/example_skip_dag.py                                                                  1           0  0.09s           2023-07-15T22:32:55
/home/airflow/.local/lib/python3.7/site-packages/airflow/example_dags/example_branch_labels.py                                                             1           0  0.11s           2023-07-15T22:32:55
/home/airflow/.local/lib/python3.7/site-packages/airflow/example_dags/example_python_operator.py                                                           1           0  0.12s           2023-07-15T22:32:56
/home/airflow/.local/lib/python3.7/site-packages/airflow/example_dags/example_task_group.py                                                                1           0  0.11s           2023-07-15T22:32:56
/home/airflow/.local/lib/python3.7/site-packages/airflow/example_dags/example_passing_params_via_test_command.py                                           1           0  0.10s           2023-07-15T22:32:56
/home/airflow/.local/lib/python3.7/site-packages/airflow/example_dags/example_params_ui_tutorial.py                                                        1           0  0.17s           2023-07-15T22:32:56
/home/airflow/.local/lib/python3.7/site-packages/airflow/example_dags/example_dynamic_task_mapping.py                                                      1           0  0.10s           2023-07-15T22:32:56
/home/airflow/.local/lib/python3.7/site-packages/airflow/example_dags/example_trigger_controller_dag.py                                                    1           0  0.10s           2023-07-15T22:32:56
/home/airflow/.local/lib/python3.7/site-packages/airflow/example_dags/example_short_circuit_operator.py                                                    1           0  0.10s           2023-07-15T22:32:56
/home/airflow/.local/lib/python3.7/site-packages/airflow/example_dags/tutorial_dag.py                                                                      1           0  0.09s           2023-07-15T22:32:56
/home/airflow/.local/lib/python3.7/site-packages/airflow/example_dags/example_task_group_decorator.py                                                      1           0  0.11s           2023-07-15T22:32:56
/home/airflow/.local/lib/python3.7/site-packages/airflow/example_dags/example_sensors.py                                                                   1           0  0.12s           2023-07-15T22:32:56
/home/airflow/.local/lib/python3.7/site-packages/airflow/example_dags/tutorial_taskflow_api.py                                                             1           0  0.11s           2023-07-15T22:32:56
/home/airflow/.local/lib/python3.7/site-packages/airflow/example_dags/example_branch_day_of_week_operator.py                                               1           0  0.10s           2023-07-15T22:32:56
/home/airflow/.local/lib/python3.7/site-packages/airflow/example_dags/example_nested_branch_dag.py                                                         1           0  0.10s           2023-07-15T22:32:56
/home/airflow/.local/lib/python3.7/site-packages/airflow/example_dags/example_sla_dag.py                                                                   1           0  0.10s           2023-07-15T22:32:56
/home/airflow/.local/lib/python3.7/site-packages/airflow/example_dags/example_kubernetes_executor.py                                                       1           0  0.29s           2023-07-15T22:32:58
/home/airflow/.local/lib/python3.7/site-packages/airflow/example_dags/example_branch_operator.py                                                           1           0  0.12s           2023-07-15T22:32:56
/home/airflow/.local/lib/python3.7/site-packages/airflow/example_dags/tutorial.py                                                                          1           0  0.10s           2023-07-15T22:32:56
/home/airflow/.local/lib/python3.7/site-packages/airflow/example_dags/example_latest_only.py                                                               1           0  0.10s           2023-07-15T22:32:57
/home/airflow/.local/lib/python3.7/site-packages/airflow/example_dags/example_branch_operator_decorator.py                                                 1           0  0.10s           2023-07-15T22:32:57
/home/airflow/.local/lib/python3.7/site-packages/airflow/example_dags/example_complex.py                                                                   1           0  0.11s           2023-07-15T22:32:57
/home/airflow/.local/lib/python3.7/site-packages/airflow/example_dags/example_dynamic_task_mapping_with_no_taskflow_operators.py                           1           0  0.09s           2023-07-15T22:32:57
/home/airflow/.local/lib/python3.7/site-packages/airflow/example_dags/example_short_circuit_decorator.py                                                   1           0  0.10s           2023-07-15T22:32:57
/home/airflow/.local/lib/python3.7/site-packages/airflow/example_dags/example_trigger_target_dag.py                                                        1           0  0.10s           2023-07-15T22:32:57
/home/airflow/.local/lib/python3.7/site-packages/airflow/example_dags/example_dag_decorator.py                                                             1           0  0.20s           2023-07-15T22:32:58
/home/airflow/.local/lib/python3.7/site-packages/airflow/example_dags/tutorial_taskflow_api_virtualenv.py                                                  1           0  0.10s           2023-07-15T22:32:58
/home/airflow/.local/lib/python3.7/site-packages/airflow/example_dags/example_params_trigger_ui.py                                                         1           0  0.19s           2023-07-15T22:32:59
/home/airflow/.local/lib/python3.7/site-packages/airflow/example_dags/example_sensor_decorator.py                                                          1           0  0.11s           2023-07-15T22:32:59
/home/airflow/.local/lib/python3.7/site-packages/airflow/example_dags/example_xcom.py                                                                      1           0  0.10s           2023-07-15T22:32:59
/home/airflow/.local/lib/python3.7/site-packages/airflow/example_dags/example_local_kubernetes_executor.py                                                 1           0  0.25s           2023-07-15T22:32:59
/home/airflow/.local/lib/python3.7/site-packages/airflow/example_dags/example_bash_operator.py                                                             1           0  0.12s           2023-07-15T22:32:59
/home/airflow/.local/lib/python3.7/site-packages/airflow/example_dags/example_xcomargs.py                                                                  2           0  0.10s           2023-07-15T22:32:56
/home/airflow/.local/lib/python3.7/site-packages/airflow/example_dags/example_external_task_marker_dag.py                                                  2           0  0.12s           2023-07-15T22:32:59
/home/airflow/.local/lib/python3.7/site-packages/airflow/example_dags/example_branch_datetime_operator.py                                                  3           0  0.12s           2023-07-15T22:32:57
/home/airflow/.local/lib/python3.7/site-packages/airflow/example_dags/example_subdag_operator.py                                                           3           0  0.12s           2023-07-15T22:32:57
/home/airflow/.local/lib/python3.7/site-packages/airflow/example_dags/example_datasets.py                                                                  6           0  0.15s           2023-07-15T22:32:55
================================================================================
[2023-07-15T22:33:56.010+0000] {manager.py:889} INFO - 
================================================================================
DAG File Processing Stats

File Path                                                                                                                           PID  Runtime      # DAGs    # Errors  Last Runtime    Last Run
--------------------------------------------------------------------------------------------------------------------------------  -----  ---------  --------  ----------  --------------  -------------------
/home/airflow/.local/lib/python3.7/site-packages/airflow/example_dags/example_setup_teardown.py                                                            0           0  0.04s           2023-07-15T22:33:26
/home/airflow/.local/lib/python3.7/site-packages/airflow/example_dags/example_setup_teardown_taskflow.py                                                   0           0  0.03s           2023-07-15T22:33:27
/home/airflow/.local/lib/python3.7/site-packages/airflow/example_dags/subdags/subdag.py                                                                    0           0  0.04s           2023-07-15T22:33:30
/home/airflow/.local/lib/python3.7/site-packages/airflow/example_dags/plugins/listener_plugin.py                                                           0           0  0.04s           2023-07-15T22:33:30
/home/airflow/.local/lib/python3.7/site-packages/airflow/example_dags/plugins/event_listener.py                                                            0           0  0.04s           2023-07-15T22:33:30
/home/airflow/.local/lib/python3.7/site-packages/airflow/example_dags/plugins/workday.py                                                                   0           0  0.39s           2023-07-15T22:33:32
/home/airflow/.local/lib/python3.7/site-packages/airflow/example_dags/example_time_delta_sensor_async.py                           1410  0.01s             1           0  0.11s           2023-07-15T22:33:25
/home/airflow/.local/lib/python3.7/site-packages/airflow/example_dags/example_branch_python_dop_operator_3.py                      1413  0.00s             1           0  0.11s           2023-07-15T22:33:25
/home/airflow/.local/lib/python3.7/site-packages/airflow/example_dags/example_latest_only_with_trigger.py                                                  1           0  0.10s           2023-07-15T22:33:25
/home/airflow/.local/lib/python3.7/site-packages/airflow/example_dags/example_skip_dag.py                                                                  1           0  0.09s           2023-07-15T22:33:26
/home/airflow/.local/lib/python3.7/site-packages/airflow/example_dags/example_branch_labels.py                                                             1           0  0.10s           2023-07-15T22:33:26
/home/airflow/.local/lib/python3.7/site-packages/airflow/example_dags/example_python_operator.py                                                           1           0  0.10s           2023-07-15T22:33:26
/home/airflow/.local/lib/python3.7/site-packages/airflow/example_dags/example_task_group.py                                                                1           0  0.11s           2023-07-15T22:33:26
/home/airflow/.local/lib/python3.7/site-packages/airflow/example_dags/example_passing_params_via_test_command.py                                           1           0  0.10s           2023-07-15T22:33:26
/home/airflow/.local/lib/python3.7/site-packages/airflow/example_dags/example_params_ui_tutorial.py                                                        1           0  0.17s           2023-07-15T22:33:26
/home/airflow/.local/lib/python3.7/site-packages/airflow/example_dags/example_dynamic_task_mapping.py                                                      1           0  0.12s           2023-07-15T22:33:26
/home/airflow/.local/lib/python3.7/site-packages/airflow/example_dags/example_trigger_controller_dag.py                                                    1           0  0.10s           2023-07-15T22:33:26
/home/airflow/.local/lib/python3.7/site-packages/airflow/example_dags/example_short_circuit_operator.py                                                    1           0  0.10s           2023-07-15T22:33:26
/home/airflow/.local/lib/python3.7/site-packages/airflow/example_dags/tutorial_dag.py                                                                      1           0  0.09s           2023-07-15T22:33:26
/home/airflow/.local/lib/python3.7/site-packages/airflow/example_dags/example_task_group_decorator.py                                                      1           0  0.11s           2023-07-15T22:33:26
/home/airflow/.local/lib/python3.7/site-packages/airflow/example_dags/example_sensors.py                                                                   1           0  0.11s           2023-07-15T22:33:26
/home/airflow/.local/lib/python3.7/site-packages/airflow/example_dags/tutorial_taskflow_api.py                                                             1           0  0.10s           2023-07-15T22:33:26
/home/airflow/.local/lib/python3.7/site-packages/airflow/example_dags/example_branch_day_of_week_operator.py                                               1           0  0.11s           2023-07-15T22:33:27
/home/airflow/.local/lib/python3.7/site-packages/airflow/example_dags/example_nested_branch_dag.py                                                         1           0  0.10s           2023-07-15T22:33:27
/home/airflow/.local/lib/python3.7/site-packages/airflow/example_dags/example_sla_dag.py                                                                   1           0  0.10s           2023-07-15T22:33:27
/home/airflow/.local/lib/python3.7/site-packages/airflow/example_dags/example_kubernetes_executor.py                                                       1           0  0.29s           2023-07-15T22:33:29
/home/airflow/.local/lib/python3.7/site-packages/airflow/example_dags/example_branch_operator.py                                                           1           0  0.10s           2023-07-15T22:33:27
/home/airflow/.local/lib/python3.7/site-packages/airflow/example_dags/tutorial.py                                                                          1           0  0.10s           2023-07-15T22:33:27
/home/airflow/.local/lib/python3.7/site-packages/airflow/example_dags/example_latest_only.py                                                               1           0  0.10s           2023-07-15T22:33:27
/home/airflow/.local/lib/python3.7/site-packages/airflow/example_dags/example_branch_operator_decorator.py                                                 1           0  0.11s           2023-07-15T22:33:27
/home/airflow/.local/lib/python3.7/site-packages/airflow/example_dags/example_complex.py                                                                   1           0  0.11s           2023-07-15T22:33:27
/home/airflow/.local/lib/python3.7/site-packages/airflow/example_dags/example_dynamic_task_mapping_with_no_taskflow_operators.py                           1           0  0.10s           2023-07-15T22:33:27
/home/airflow/.local/lib/python3.7/site-packages/airflow/example_dags/example_short_circuit_decorator.py                                                   1           0  0.10s           2023-07-15T22:33:27
/home/airflow/.local/lib/python3.7/site-packages/airflow/example_dags/example_trigger_target_dag.py                                                        1           0  0.09s           2023-07-15T22:33:27
/home/airflow/.local/lib/python3.7/site-packages/airflow/example_dags/example_dag_decorator.py                                                             1           0  0.22s           2023-07-15T22:33:29
/home/airflow/.local/lib/python3.7/site-packages/airflow/example_dags/tutorial_taskflow_api_virtualenv.py                                                  1           0  0.10s           2023-07-15T22:33:30
/home/airflow/.local/lib/python3.7/site-packages/airflow/example_dags/example_params_trigger_ui.py                                                         1           0  0.16s           2023-07-15T22:33:30
/home/airflow/.local/lib/python3.7/site-packages/airflow/example_dags/example_sensor_decorator.py                                                          1           0  0.09s           2023-07-15T22:33:30
/home/airflow/.local/lib/python3.7/site-packages/airflow/example_dags/example_xcom.py                                                                      1           0  0.09s           2023-07-15T22:33:30
/home/airflow/.local/lib/python3.7/site-packages/airflow/example_dags/example_local_kubernetes_executor.py                                                 1           0  0.27s           2023-07-15T22:33:30
/home/airflow/.local/lib/python3.7/site-packages/airflow/example_dags/example_bash_operator.py                                                             1           0  0.12s           2023-07-15T22:33:30
/home/airflow/.local/lib/python3.7/site-packages/airflow/example_dags/example_xcomargs.py                                                                  2           0  0.11s           2023-07-15T22:33:26
/home/airflow/.local/lib/python3.7/site-packages/airflow/example_dags/example_external_task_marker_dag.py                                                  2           0  0.10s           2023-07-15T22:33:30
/home/airflow/.local/lib/python3.7/site-packages/airflow/example_dags/example_branch_datetime_operator.py                                                  3           0  0.12s           2023-07-15T22:33:27
/home/airflow/.local/lib/python3.7/site-packages/airflow/example_dags/example_subdag_operator.py                                                           3           0  0.12s           2023-07-15T22:33:27
/home/airflow/.local/lib/python3.7/site-packages/airflow/example_dags/example_datasets.py                                                                  6           0  0.15s           2023-07-15T22:33:26
================================================================================
[2023-07-15T22:34:26.144+0000] {manager.py:889} INFO - 
================================================================================
DAG File Processing Stats

File Path                                                                                                                           PID  Runtime      # DAGs    # Errors  Last Runtime    Last Run
--------------------------------------------------------------------------------------------------------------------------------  -----  ---------  --------  ----------  --------------  -------------------
/home/airflow/.local/lib/python3.7/site-packages/airflow/example_dags/example_setup_teardown.py                                                            0           0  0.03s           2023-07-15T22:33:56
/home/airflow/.local/lib/python3.7/site-packages/airflow/example_dags/example_setup_teardown_taskflow.py                                                   0           0  0.04s           2023-07-15T22:33:57
/home/airflow/.local/lib/python3.7/site-packages/airflow/example_dags/subdags/subdag.py                                                                    0           0  0.03s           2023-07-15T22:34:00
/home/airflow/.local/lib/python3.7/site-packages/airflow/example_dags/plugins/listener_plugin.py                                                           0           0  0.03s           2023-07-15T22:34:00
/home/airflow/.local/lib/python3.7/site-packages/airflow/example_dags/plugins/event_listener.py                                                            0           0  0.03s           2023-07-15T22:34:00
/home/airflow/.local/lib/python3.7/site-packages/airflow/example_dags/plugins/workday.py                                                                   0           0  0.36s           2023-07-15T22:34:03
/home/airflow/.local/lib/python3.7/site-packages/airflow/example_dags/example_time_delta_sensor_async.py                           1659  0.01s             1           0  0.10s           2023-07-15T22:33:56
/home/airflow/.local/lib/python3.7/site-packages/airflow/example_dags/example_branch_python_dop_operator_3.py                      1662  0.01s             1           0  0.11s           2023-07-15T22:33:56
/home/airflow/.local/lib/python3.7/site-packages/airflow/example_dags/example_latest_only_with_trigger.py                                                  1           0  0.09s           2023-07-15T22:33:56
/home/airflow/.local/lib/python3.7/site-packages/airflow/example_dags/example_skip_dag.py                                                                  1           0  0.10s           2023-07-15T22:33:56
/home/airflow/.local/lib/python3.7/site-packages/airflow/example_dags/example_branch_labels.py                                                             1           0  0.11s           2023-07-15T22:33:56
/home/airflow/.local/lib/python3.7/site-packages/airflow/example_dags/example_python_operator.py                                                           1           0  0.10s           2023-07-15T22:33:56
/home/airflow/.local/lib/python3.7/site-packages/airflow/example_dags/example_task_group.py                                                                1           0  0.10s           2023-07-15T22:33:56
/home/airflow/.local/lib/python3.7/site-packages/airflow/example_dags/example_passing_params_via_test_command.py                                           1           0  0.10s           2023-07-15T22:33:56
/home/airflow/.local/lib/python3.7/site-packages/airflow/example_dags/example_params_ui_tutorial.py                                                        1           0  0.18s           2023-07-15T22:33:56
/home/airflow/.local/lib/python3.7/site-packages/airflow/example_dags/example_dynamic_task_mapping.py                                                      1           0  0.11s           2023-07-15T22:33:56
/home/airflow/.local/lib/python3.7/site-packages/airflow/example_dags/example_trigger_controller_dag.py                                                    1           0  0.10s           2023-07-15T22:33:56
/home/airflow/.local/lib/python3.7/site-packages/airflow/example_dags/example_short_circuit_operator.py                                                    1           0  0.10s           2023-07-15T22:33:56
/home/airflow/.local/lib/python3.7/site-packages/airflow/example_dags/tutorial_dag.py                                                                      1           0  0.10s           2023-07-15T22:33:57
/home/airflow/.local/lib/python3.7/site-packages/airflow/example_dags/example_task_group_decorator.py                                                      1           0  0.12s           2023-07-15T22:33:57
/home/airflow/.local/lib/python3.7/site-packages/airflow/example_dags/example_sensors.py                                                                   1           0  0.11s           2023-07-15T22:33:57
/home/airflow/.local/lib/python3.7/site-packages/airflow/example_dags/tutorial_taskflow_api.py                                                             1           0  0.11s           2023-07-15T22:33:57
/home/airflow/.local/lib/python3.7/site-packages/airflow/example_dags/example_branch_day_of_week_operator.py                                               1           0  0.11s           2023-07-15T22:33:57
/home/airflow/.local/lib/python3.7/site-packages/airflow/example_dags/example_nested_branch_dag.py                                                         1           0  0.11s           2023-07-15T22:33:57
/home/airflow/.local/lib/python3.7/site-packages/airflow/example_dags/example_sla_dag.py                                                                   1           0  0.12s           2023-07-15T22:33:57
/home/airflow/.local/lib/python3.7/site-packages/airflow/example_dags/example_kubernetes_executor.py                                                       1           0  0.28s           2023-07-15T22:34:00
/home/airflow/.local/lib/python3.7/site-packages/airflow/example_dags/example_branch_operator.py                                                           1           0  0.13s           2023-07-15T22:33:57
/home/airflow/.local/lib/python3.7/site-packages/airflow/example_dags/tutorial.py                                                                          1           0  0.14s           2023-07-15T22:33:57
/home/airflow/.local/lib/python3.7/site-packages/airflow/example_dags/example_latest_only.py                                                               1           0  0.14s           2023-07-15T22:33:57
/home/airflow/.local/lib/python3.7/site-packages/airflow/example_dags/example_branch_operator_decorator.py                                                 1           0  0.10s           2023-07-15T22:33:57
/home/airflow/.local/lib/python3.7/site-packages/airflow/example_dags/example_complex.py                                                                   1           0  0.12s           2023-07-15T22:33:57
/home/airflow/.local/lib/python3.7/site-packages/airflow/example_dags/example_dynamic_task_mapping_with_no_taskflow_operators.py                           1           0  0.09s           2023-07-15T22:33:57
/home/airflow/.local/lib/python3.7/site-packages/airflow/example_dags/example_short_circuit_decorator.py                                                   1           0  0.09s           2023-07-15T22:33:58
/home/airflow/.local/lib/python3.7/site-packages/airflow/example_dags/example_trigger_target_dag.py                                                        1           0  0.10s           2023-07-15T22:33:58
/home/airflow/.local/lib/python3.7/site-packages/airflow/example_dags/example_dag_decorator.py                                                             1           0  0.20s           2023-07-15T22:34:00
/home/airflow/.local/lib/python3.7/site-packages/airflow/example_dags/tutorial_taskflow_api_virtualenv.py                                                  1           0  0.10s           2023-07-15T22:34:00
/home/airflow/.local/lib/python3.7/site-packages/airflow/example_dags/example_params_trigger_ui.py                                                         1           0  0.16s           2023-07-15T22:34:00
/home/airflow/.local/lib/python3.7/site-packages/airflow/example_dags/example_sensor_decorator.py                                                          1           0  0.09s           2023-07-15T22:34:00
/home/airflow/.local/lib/python3.7/site-packages/airflow/example_dags/example_xcom.py                                                                      1           0  0.10s           2023-07-15T22:34:00
/home/airflow/.local/lib/python3.7/site-packages/airflow/example_dags/example_local_kubernetes_executor.py                                                 1           0  0.27s           2023-07-15T22:34:00
/home/airflow/.local/lib/python3.7/site-packages/airflow/example_dags/example_bash_operator.py                                                             1           0  0.11s           2023-07-15T22:34:00
/home/airflow/.local/lib/python3.7/site-packages/airflow/example_dags/example_xcomargs.py                                                                  2           0  0.11s           2023-07-15T22:33:56
/home/airflow/.local/lib/python3.7/site-packages/airflow/example_dags/example_external_task_marker_dag.py                                                  2           0  0.10s           2023-07-15T22:34:00
/home/airflow/.local/lib/python3.7/site-packages/airflow/example_dags/example_branch_datetime_operator.py                                                  3           0  0.12s           2023-07-15T22:33:57
/home/airflow/.local/lib/python3.7/site-packages/airflow/example_dags/example_subdag_operator.py                                                           3           0  0.14s           2023-07-15T22:33:58
/home/airflow/.local/lib/python3.7/site-packages/airflow/example_dags/example_datasets.py                                                                  6           0  0.16s           2023-07-15T22:33:56
================================================================================
[2023-07-15T22:34:56.583+0000] {manager.py:889} INFO - 
================================================================================
DAG File Processing Stats

File Path                                                                                                                           PID  Runtime      # DAGs    # Errors  Last Runtime    Last Run
--------------------------------------------------------------------------------------------------------------------------------  -----  ---------  --------  ----------  --------------  -------------------
/home/airflow/.local/lib/python3.7/site-packages/airflow/example_dags/example_setup_teardown.py                                                            0           0  0.03s           2023-07-15T22:34:26
/home/airflow/.local/lib/python3.7/site-packages/airflow/example_dags/example_setup_teardown_taskflow.py                                                   0           0  0.04s           2023-07-15T22:34:27
/home/airflow/.local/lib/python3.7/site-packages/airflow/example_dags/subdags/subdag.py                                                                    0           0  0.03s           2023-07-15T22:34:31
/home/airflow/.local/lib/python3.7/site-packages/airflow/example_dags/plugins/listener_plugin.py                                                           0           0  0.04s           2023-07-15T22:34:31
/home/airflow/.local/lib/python3.7/site-packages/airflow/example_dags/plugins/event_listener.py                                                            0           0  0.03s           2023-07-15T22:34:31
/home/airflow/.local/lib/python3.7/site-packages/airflow/example_dags/plugins/workday.py                                                                   0           0  0.37s           2023-07-15T22:34:33
/home/airflow/.local/lib/python3.7/site-packages/airflow/example_dags/example_time_delta_sensor_async.py                           1908  0.01s             1           0  0.10s           2023-07-15T22:34:26
/home/airflow/.local/lib/python3.7/site-packages/airflow/example_dags/example_branch_python_dop_operator_3.py                      1911  0.00s             1           0  0.11s           2023-07-15T22:34:26
/home/airflow/.local/lib/python3.7/site-packages/airflow/example_dags/example_latest_only_with_trigger.py                                                  1           0  0.13s           2023-07-15T22:34:26
/home/airflow/.local/lib/python3.7/site-packages/airflow/example_dags/example_skip_dag.py                                                                  1           0  0.13s           2023-07-15T22:34:26
/home/airflow/.local/lib/python3.7/site-packages/airflow/example_dags/example_branch_labels.py                                                             1           0  0.10s           2023-07-15T22:34:26
/home/airflow/.local/lib/python3.7/site-packages/airflow/example_dags/example_python_operator.py                                                           1           0  0.10s           2023-07-15T22:34:26
/home/airflow/.local/lib/python3.7/site-packages/airflow/example_dags/example_task_group.py                                                                1           0  0.10s           2023-07-15T22:34:26
/home/airflow/.local/lib/python3.7/site-packages/airflow/example_dags/example_passing_params_via_test_command.py                                           1           0  0.10s           2023-07-15T22:34:26
/home/airflow/.local/lib/python3.7/site-packages/airflow/example_dags/example_params_ui_tutorial.py                                                        1           0  0.17s           2023-07-15T22:34:27
/home/airflow/.local/lib/python3.7/site-packages/airflow/example_dags/example_dynamic_task_mapping.py                                                      1           0  0.09s           2023-07-15T22:34:26
/home/airflow/.local/lib/python3.7/site-packages/airflow/example_dags/example_trigger_controller_dag.py                                                    1           0  0.09s           2023-07-15T22:34:27
/home/airflow/.local/lib/python3.7/site-packages/airflow/example_dags/example_short_circuit_operator.py                                                    1           0  0.10s           2023-07-15T22:34:27
/home/airflow/.local/lib/python3.7/site-packages/airflow/example_dags/tutorial_dag.py                                                                      1           0  0.10s           2023-07-15T22:34:27
/home/airflow/.local/lib/python3.7/site-packages/airflow/example_dags/example_task_group_decorator.py                                                      1           0  0.10s           2023-07-15T22:34:27
/home/airflow/.local/lib/python3.7/site-packages/airflow/example_dags/example_sensors.py                                                                   1           0  0.10s           2023-07-15T22:34:27
/home/airflow/.local/lib/python3.7/site-packages/airflow/example_dags/tutorial_taskflow_api.py                                                             1           0  0.10s           2023-07-15T22:34:27
/home/airflow/.local/lib/python3.7/site-packages/airflow/example_dags/example_branch_day_of_week_operator.py                                               1           0  0.09s           2023-07-15T22:34:27
/home/airflow/.local/lib/python3.7/site-packages/airflow/example_dags/example_nested_branch_dag.py                                                         1           0  0.10s           2023-07-15T22:34:27
/home/airflow/.local/lib/python3.7/site-packages/airflow/example_dags/example_sla_dag.py                                                                   1           0  0.11s           2023-07-15T22:34:27
/home/airflow/.local/lib/python3.7/site-packages/airflow/example_dags/example_kubernetes_executor.py                                                       1           0  0.29s           2023-07-15T22:34:30
/home/airflow/.local/lib/python3.7/site-packages/airflow/example_dags/example_branch_operator.py                                                           1           0  0.11s           2023-07-15T22:34:27
/home/airflow/.local/lib/python3.7/site-packages/airflow/example_dags/tutorial.py                                                                          1           0  0.10s           2023-07-15T22:34:27
/home/airflow/.local/lib/python3.7/site-packages/airflow/example_dags/example_latest_only.py                                                               1           0  0.10s           2023-07-15T22:34:27
/home/airflow/.local/lib/python3.7/site-packages/airflow/example_dags/example_branch_operator_decorator.py                                                 1           0  0.10s           2023-07-15T22:34:27
/home/airflow/.local/lib/python3.7/site-packages/airflow/example_dags/example_complex.py                                                                   1           0  0.11s           2023-07-15T22:34:27
/home/airflow/.local/lib/python3.7/site-packages/airflow/example_dags/example_dynamic_task_mapping_with_no_taskflow_operators.py                           1           0  0.09s           2023-07-15T22:34:28
/home/airflow/.local/lib/python3.7/site-packages/airflow/example_dags/example_short_circuit_decorator.py                                                   1           0  0.09s           2023-07-15T22:34:28
/home/airflow/.local/lib/python3.7/site-packages/airflow/example_dags/example_trigger_target_dag.py                                                        1           0  0.09s           2023-07-15T22:34:28
/home/airflow/.local/lib/python3.7/site-packages/airflow/example_dags/example_dag_decorator.py                                                             1           0  0.20s           2023-07-15T22:34:30
/home/airflow/.local/lib/python3.7/site-packages/airflow/example_dags/tutorial_taskflow_api_virtualenv.py                                                  1           0  0.10s           2023-07-15T22:34:30
/home/airflow/.local/lib/python3.7/site-packages/airflow/example_dags/example_params_trigger_ui.py                                                         1           0  0.19s           2023-07-15T22:34:30
/home/airflow/.local/lib/python3.7/site-packages/airflow/example_dags/example_sensor_decorator.py                                                          1           0  0.10s           2023-07-15T22:34:31
/home/airflow/.local/lib/python3.7/site-packages/airflow/example_dags/example_xcom.py                                                                      1           0  0.10s           2023-07-15T22:34:31
/home/airflow/.local/lib/python3.7/site-packages/airflow/example_dags/example_local_kubernetes_executor.py                                                 1           0  0.27s           2023-07-15T22:34:31
/home/airflow/.local/lib/python3.7/site-packages/airflow/example_dags/example_bash_operator.py                                                             1           0  0.11s           2023-07-15T22:34:31
/home/airflow/.local/lib/python3.7/site-packages/airflow/example_dags/example_xcomargs.py                                                                  2           0  0.10s           2023-07-15T22:34:26
/home/airflow/.local/lib/python3.7/site-packages/airflow/example_dags/example_external_task_marker_dag.py                                                  2           0  0.11s           2023-07-15T22:34:31
/home/airflow/.local/lib/python3.7/site-packages/airflow/example_dags/example_branch_datetime_operator.py                                                  3           0  0.12s           2023-07-15T22:34:28
/home/airflow/.local/lib/python3.7/site-packages/airflow/example_dags/example_subdag_operator.py                                                           3           0  0.12s           2023-07-15T22:34:28
/home/airflow/.local/lib/python3.7/site-packages/airflow/example_dags/example_datasets.py                                                                  6           0  0.14s           2023-07-15T22:34:26
================================================================================
[2023-07-15T22:35:26.693+0000] {manager.py:889} INFO - 
================================================================================
DAG File Processing Stats

File Path                                                                                                                           PID  Runtime      # DAGs    # Errors  Last Runtime    Last Run
--------------------------------------------------------------------------------------------------------------------------------  -----  ---------  --------  ----------  --------------  -------------------
/home/airflow/.local/lib/python3.7/site-packages/airflow/example_dags/example_setup_teardown.py                                                            0           0  0.04s           2023-07-15T22:34:56
/home/airflow/.local/lib/python3.7/site-packages/airflow/example_dags/example_setup_teardown_taskflow.py                                                   0           0  0.04s           2023-07-15T22:34:57
/home/airflow/.local/lib/python3.7/site-packages/airflow/example_dags/subdags/subdag.py                                                                    0           0  0.04s           2023-07-15T22:35:02
/home/airflow/.local/lib/python3.7/site-packages/airflow/example_dags/plugins/listener_plugin.py                                                           0           0  0.04s           2023-07-15T22:35:02
/home/airflow/.local/lib/python3.7/site-packages/airflow/example_dags/plugins/event_listener.py                                                            0           0  0.03s           2023-07-15T22:35:02
/home/airflow/.local/lib/python3.7/site-packages/airflow/example_dags/plugins/workday.py                                                                   0           0  0.37s           2023-07-15T22:35:04
/home/airflow/.local/lib/python3.7/site-packages/airflow/example_dags/example_time_delta_sensor_async.py                           2157  0.01s             1           0  0.10s           2023-07-15T22:34:56
/home/airflow/.local/lib/python3.7/site-packages/airflow/example_dags/example_branch_python_dop_operator_3.py                                              1           0  0.10s           2023-07-15T22:34:56
/home/airflow/.local/lib/python3.7/site-packages/airflow/example_dags/example_latest_only_with_trigger.py                                                  1           0  0.09s           2023-07-15T22:34:56
/home/airflow/.local/lib/python3.7/site-packages/airflow/example_dags/example_skip_dag.py                                                                  1           0  0.09s           2023-07-15T22:34:56
/home/airflow/.local/lib/python3.7/site-packages/airflow/example_dags/example_branch_labels.py                                                             1           0  0.11s           2023-07-15T22:34:56
/home/airflow/.local/lib/python3.7/site-packages/airflow/example_dags/example_python_operator.py                                                           1           0  0.16s           2023-07-15T22:34:57
/home/airflow/.local/lib/python3.7/site-packages/airflow/example_dags/example_task_group.py                                                                1           0  0.15s           2023-07-15T22:34:57
/home/airflow/.local/lib/python3.7/site-packages/airflow/example_dags/example_passing_params_via_test_command.py                                           1           0  0.11s           2023-07-15T22:34:57
/home/airflow/.local/lib/python3.7/site-packages/airflow/example_dags/example_params_ui_tutorial.py                                                        1           0  0.16s           2023-07-15T22:34:57
/home/airflow/.local/lib/python3.7/site-packages/airflow/example_dags/example_dynamic_task_mapping.py                                                      1           0  0.09s           2023-07-15T22:34:57
/home/airflow/.local/lib/python3.7/site-packages/airflow/example_dags/example_trigger_controller_dag.py                                                    1           0  0.09s           2023-07-15T22:34:57
/home/airflow/.local/lib/python3.7/site-packages/airflow/example_dags/example_short_circuit_operator.py                                                    1           0  0.10s           2023-07-15T22:34:57
/home/airflow/.local/lib/python3.7/site-packages/airflow/example_dags/tutorial_dag.py                                                                      1           0  0.10s           2023-07-15T22:34:57
/home/airflow/.local/lib/python3.7/site-packages/airflow/example_dags/example_task_group_decorator.py                                                      1           0  0.10s           2023-07-15T22:34:57
/home/airflow/.local/lib/python3.7/site-packages/airflow/example_dags/example_sensors.py                                                                   1           0  0.10s           2023-07-15T22:34:57
/home/airflow/.local/lib/python3.7/site-packages/airflow/example_dags/tutorial_taskflow_api.py                                                             1           0  0.09s           2023-07-15T22:34:57
/home/airflow/.local/lib/python3.7/site-packages/airflow/example_dags/example_branch_day_of_week_operator.py                                               1           0  0.10s           2023-07-15T22:34:57
/home/airflow/.local/lib/python3.7/site-packages/airflow/example_dags/example_nested_branch_dag.py                                                         1           0  0.10s           2023-07-15T22:34:57
/home/airflow/.local/lib/python3.7/site-packages/airflow/example_dags/example_sla_dag.py                                                                   1           0  0.10s           2023-07-15T22:34:57
/home/airflow/.local/lib/python3.7/site-packages/airflow/example_dags/example_kubernetes_executor.py                                                       1           0  0.33s           2023-07-15T22:35:01
/home/airflow/.local/lib/python3.7/site-packages/airflow/example_dags/example_branch_operator.py                                                           1           0  0.12s           2023-07-15T22:34:57
/home/airflow/.local/lib/python3.7/site-packages/airflow/example_dags/tutorial.py                                                                          1           0  0.10s           2023-07-15T22:34:57
/home/airflow/.local/lib/python3.7/site-packages/airflow/example_dags/example_latest_only.py                                                               1           0  0.11s           2023-07-15T22:34:58
/home/airflow/.local/lib/python3.7/site-packages/airflow/example_dags/example_branch_operator_decorator.py                                                 1           0  0.10s           2023-07-15T22:34:58
/home/airflow/.local/lib/python3.7/site-packages/airflow/example_dags/example_complex.py                                                                   1           0  0.11s           2023-07-15T22:34:58
/home/airflow/.local/lib/python3.7/site-packages/airflow/example_dags/example_dynamic_task_mapping_with_no_taskflow_operators.py                           1           0  0.13s           2023-07-15T22:34:58
/home/airflow/.local/lib/python3.7/site-packages/airflow/example_dags/example_short_circuit_decorator.py                                                   1           0  0.10s           2023-07-15T22:34:58
/home/airflow/.local/lib/python3.7/site-packages/airflow/example_dags/example_trigger_target_dag.py                                                        1           0  0.10s           2023-07-15T22:34:58
/home/airflow/.local/lib/python3.7/site-packages/airflow/example_dags/example_dag_decorator.py                                                             1           0  0.22s           2023-07-15T22:35:01
/home/airflow/.local/lib/python3.7/site-packages/airflow/example_dags/tutorial_taskflow_api_virtualenv.py                                                  1           0  0.10s           2023-07-15T22:35:01
/home/airflow/.local/lib/python3.7/site-packages/airflow/example_dags/example_params_trigger_ui.py                                                         1           0  0.18s           2023-07-15T22:35:01
/home/airflow/.local/lib/python3.7/site-packages/airflow/example_dags/example_sensor_decorator.py                                                          1           0  0.09s           2023-07-15T22:35:01
/home/airflow/.local/lib/python3.7/site-packages/airflow/example_dags/example_xcom.py                                                                      1           0  0.11s           2023-07-15T22:35:02
/home/airflow/.local/lib/python3.7/site-packages/airflow/example_dags/example_local_kubernetes_executor.py                                                 1           0  0.26s           2023-07-15T22:35:02
/home/airflow/.local/lib/python3.7/site-packages/airflow/example_dags/example_bash_operator.py                                                             1           0  0.13s           2023-07-15T22:35:02
/home/airflow/.local/lib/python3.7/site-packages/airflow/example_dags/example_xcomargs.py                                                                  2           0  0.11s           2023-07-15T22:34:57
/home/airflow/.local/lib/python3.7/site-packages/airflow/example_dags/example_external_task_marker_dag.py                                                  2           0  0.10s           2023-07-15T22:35:01
/home/airflow/.local/lib/python3.7/site-packages/airflow/example_dags/example_branch_datetime_operator.py                                                  3           0  0.16s           2023-07-15T22:34:58
/home/airflow/.local/lib/python3.7/site-packages/airflow/example_dags/example_subdag_operator.py                                                           3           0  0.12s           2023-07-15T22:34:59
/home/airflow/.local/lib/python3.7/site-packages/airflow/example_dags/example_datasets.py                                                                  6           0  0.15s           2023-07-15T22:34:56
================================================================================
[2023-07-15T22:35:48.903+0000] {manager.py:470} INFO - Exiting gracefully upon receiving signal 15
[2023-07-15T22:36:25.995+0000] {manager.py:487} INFO - Processing files using up to 2 processes at a time 
[2023-07-15T22:36:25.996+0000] {manager.py:488} INFO - Process each file at most once every 30 seconds
[2023-07-15T22:36:25.996+0000] {manager.py:490} INFO - Checking for new files in /opt/airflow/dags every 300 seconds
[2023-07-15T22:36:25.996+0000] {manager.py:758} INFO - Searching for files in /opt/airflow/dags
[2023-07-15T22:36:25.997+0000] {manager.py:761} INFO - There are 0 files in /opt/airflow/dags
[2023-07-15T22:41:26.647+0000] {manager.py:758} INFO - Searching for files in /opt/airflow/dags
[2023-07-15T22:41:26.648+0000] {manager.py:761} INFO - There are 1 files in /opt/airflow/dags
[2023-07-15T22:41:27.700+0000] {manager.py:889} INFO - 
================================================================================
DAG File Processing Stats

File Path                      PID    Runtime      # DAGs    # Errors  Last Runtime    Last Run
-----------------------------  -----  ---------  --------  ----------  --------------  -------------------
/opt/airflow/dags/main_dag.py                           0           1  0.05s           2023-07-15T22:41:26
================================================================================
[2023-07-15T22:41:57.884+0000] {manager.py:889} INFO - 
================================================================================
DAG File Processing Stats

File Path                      PID    Runtime      # DAGs    # Errors  Last Runtime    Last Run
-----------------------------  -----  ---------  --------  ----------  --------------  -------------------
/opt/airflow/dags/main_dag.py                           0           1  0.05s           2023-07-15T22:41:56
================================================================================
[2023-07-15T22:42:28.070+0000] {manager.py:889} INFO - 
================================================================================
DAG File Processing Stats

File Path                      PID    Runtime      # DAGs    # Errors  Last Runtime    Last Run
-----------------------------  -----  ---------  --------  ----------  --------------  -------------------
/opt/airflow/dags/main_dag.py                           1           0  0.26s           2023-07-15T22:42:18
================================================================================
