[2023-07-17T21:35:12.491+0000] {taskinstance.py:1103} INFO - Dependencies all met for dep_context=non-requeueable deps ti=<TaskInstance: main_dag.install_libraries manual__2023-07-17T21:35:09.696216+00:00 [queued]>
[2023-07-17T21:35:12.500+0000] {taskinstance.py:1103} INFO - Dependencies all met for dep_context=requeueable deps ti=<TaskInstance: main_dag.install_libraries manual__2023-07-17T21:35:09.696216+00:00 [queued]>
[2023-07-17T21:35:12.500+0000] {taskinstance.py:1308} INFO - Starting attempt 1 of 1
[2023-07-17T21:35:12.515+0000] {taskinstance.py:1327} INFO - Executing <Task(BashOperator): install_libraries> on 2023-07-17 21:35:09.696216+00:00
[2023-07-17T21:35:12.520+0000] {standard_task_runner.py:57} INFO - Started process 231 to run task
[2023-07-17T21:35:12.522+0000] {standard_task_runner.py:84} INFO - Running: ['***', 'tasks', 'run', 'main_dag', 'install_libraries', 'manual__2023-07-17T21:35:09.696216+00:00', '--job-id', '787', '--raw', '--subdir', 'DAGS_FOLDER/main_dag.py', '--cfg-path', '/tmp/tmpx_9y_idd']
[2023-07-17T21:35:12.524+0000] {standard_task_runner.py:85} INFO - Job 787: Subtask install_libraries
[2023-07-17T21:35:12.568+0000] {task_command.py:410} INFO - Running <TaskInstance: main_dag.install_libraries manual__2023-07-17T21:35:09.696216+00:00 [running]> on host 7e57cd07412d
[2023-07-17T21:35:12.668+0000] {taskinstance.py:1547} INFO - Exporting env vars: AIRFLOW_CTX_DAG_OWNER='***' AIRFLOW_CTX_DAG_ID='main_dag' AIRFLOW_CTX_TASK_ID='install_libraries' AIRFLOW_CTX_EXECUTION_DATE='2023-07-17T21:35:09.696216+00:00' AIRFLOW_CTX_TRY_NUMBER='1' AIRFLOW_CTX_DAG_RUN_ID='manual__2023-07-17T21:35:09.696216+00:00'
[2023-07-17T21:35:12.669+0000] {subprocess.py:63} INFO - Tmp dir root location: /tmp
[2023-07-17T21:35:12.670+0000] {subprocess.py:75} INFO - Running command: ['/bin/bash', '-c', 'pip install networkx matplotlib scipy seaborn wikipedia']
[2023-07-17T21:35:12.683+0000] {subprocess.py:86} INFO - Output:
[2023-07-17T21:35:13.908+0000] {subprocess.py:93} INFO - Defaulting to user installation because normal site-packages is not writeable
[2023-07-17T21:35:14.383+0000] {subprocess.py:93} INFO - Collecting networkx
[2023-07-17T21:35:19.771+0000] {subprocess.py:93} INFO -   Downloading networkx-2.6.3-py3-none-any.whl (1.9 MB)
[2023-07-17T21:35:20.042+0000] {subprocess.py:93} INFO -      ━━━━━━━━━━━━━━━━━━━━━━━━━━━━━━━━━━━━━━━━ 1.9/1.9 MB 7.2 MB/s eta 0:00:00
[2023-07-17T21:35:20.300+0000] {subprocess.py:93} INFO - Collecting matplotlib
[2023-07-17T21:35:20.323+0000] {subprocess.py:93} INFO -   Downloading matplotlib-3.5.3-cp37-cp37m-manylinux_2_5_x86_64.manylinux1_x86_64.whl (11.2 MB)
[2023-07-17T21:35:21.301+0000] {subprocess.py:93} INFO -      ━━━━━━━━━━━━━━━━━━━━━━━━━━━━━━━━━━━━━━━━ 11.2/11.2 MB 10.8 MB/s eta 0:00:00
[2023-07-17T21:35:21.724+0000] {subprocess.py:93} INFO - Collecting scipy
[2023-07-17T21:35:21.747+0000] {subprocess.py:93} INFO -   Downloading scipy-1.7.3-cp37-cp37m-manylinux_2_12_x86_64.manylinux2010_x86_64.whl (38.1 MB)
[2023-07-17T21:35:26.746+0000] {subprocess.py:93} INFO -      ━━━━━━━━━━━━━━━━━━━━━━━━━━━━━━━━━━━━━━━━ 38.1/38.1 MB 5.5 MB/s eta 0:00:00
[2023-07-17T21:35:26.833+0000] {subprocess.py:93} INFO - Collecting seaborn
[2023-07-17T21:35:26.854+0000] {subprocess.py:93} INFO -   Downloading seaborn-0.12.2-py3-none-any.whl (293 kB)
[2023-07-17T21:35:26.917+0000] {subprocess.py:93} INFO -      ━━━━━━━━━━━━━━━━━━━━━━━━━━━━━━━━━━━━━━━ 293.3/293.3 kB 4.9 MB/s eta 0:00:00
[2023-07-17T21:35:27.050+0000] {subprocess.py:93} INFO - Collecting wikipedia
[2023-07-17T21:35:27.074+0000] {subprocess.py:93} INFO -   Downloading wikipedia-1.4.0.tar.gz (27 kB)
[2023-07-17T21:35:27.095+0000] {subprocess.py:93} INFO -   Preparing metadata (setup.py): started
[2023-07-17T21:35:27.836+0000] {subprocess.py:93} INFO -   Preparing metadata (setup.py): finished with status 'done'
[2023-07-17T21:35:27.900+0000] {subprocess.py:93} INFO - Collecting cycler>=0.10 (from matplotlib)
[2023-07-17T21:35:27.920+0000] {subprocess.py:93} INFO -   Downloading cycler-0.11.0-py3-none-any.whl (6.4 kB)
[2023-07-17T21:35:28.035+0000] {subprocess.py:93} INFO - Collecting fonttools>=4.22.0 (from matplotlib)
[2023-07-17T21:35:28.061+0000] {subprocess.py:93} INFO -   Downloading fonttools-4.38.0-py3-none-any.whl (965 kB)
[2023-07-17T21:35:28.212+0000] {subprocess.py:93} INFO -      ━━━━━━━━━━━━━━━━━━━━━━━━━━━━━━━━━━━━━━━ 965.4/965.4 kB 6.5 MB/s eta 0:00:00
[2023-07-17T21:35:28.310+0000] {subprocess.py:93} INFO - Collecting kiwisolver>=1.0.1 (from matplotlib)
[2023-07-17T21:35:28.331+0000] {subprocess.py:93} INFO -   Downloading kiwisolver-1.4.4-cp37-cp37m-manylinux_2_5_x86_64.manylinux1_x86_64.whl (1.1 MB)
[2023-07-17T21:35:28.494+0000] {subprocess.py:93} INFO -      ━━━━━━━━━━━━━━━━━━━━━━━━━━━━━━━━━━━━━━━━ 1.1/1.1 MB 7.1 MB/s eta 0:00:00
[2023-07-17T21:35:28.497+0000] {subprocess.py:93} INFO - Requirement already satisfied: numpy>=1.17 in /home/***/.local/lib/python3.7/site-packages (from matplotlib) (1.21.6)
[2023-07-17T21:35:28.498+0000] {subprocess.py:93} INFO - Requirement already satisfied: packaging>=20.0 in /home/***/.local/lib/python3.7/site-packages (from matplotlib) (21.3)
[2023-07-17T21:35:28.856+0000] {subprocess.py:93} INFO - Collecting pillow>=6.2.0 (from matplotlib)
[2023-07-17T21:35:28.881+0000] {subprocess.py:93} INFO -   Downloading Pillow-9.5.0-cp37-cp37m-manylinux_2_28_x86_64.whl (3.4 MB)
[2023-07-17T21:35:29.410+0000] {subprocess.py:93} INFO -      ━━━━━━━━━━━━━━━━━━━━━━━━━━━━━━━━━━━━━━━━ 3.4/3.4 MB 6.5 MB/s eta 0:00:00
[2023-07-17T21:35:29.416+0000] {subprocess.py:93} INFO - Requirement already satisfied: pyparsing>=2.2.1 in /home/***/.local/lib/python3.7/site-packages (from matplotlib) (3.1.0)
[2023-07-17T21:35:29.417+0000] {subprocess.py:93} INFO - Requirement already satisfied: python-dateutil>=2.7 in /home/***/.local/lib/python3.7/site-packages (from matplotlib) (2.8.2)
[2023-07-17T21:35:29.442+0000] {subprocess.py:93} INFO - Requirement already satisfied: pandas>=0.25 in /home/***/.local/lib/python3.7/site-packages (from seaborn) (1.3.5)
[2023-07-17T21:35:29.450+0000] {subprocess.py:93} INFO - Requirement already satisfied: typing_extensions in /home/***/.local/lib/python3.7/site-packages (from seaborn) (4.7.1)
[2023-07-17T21:35:29.455+0000] {subprocess.py:93} INFO - Requirement already satisfied: beautifulsoup4 in /home/***/.local/lib/python3.7/site-packages (from wikipedia) (4.12.2)
[2023-07-17T21:35:29.456+0000] {subprocess.py:93} INFO - Requirement already satisfied: requests<3.0.0,>=2.0.0 in /home/***/.local/lib/python3.7/site-packages (from wikipedia) (2.31.0)
[2023-07-17T21:35:29.529+0000] {subprocess.py:93} INFO - Requirement already satisfied: pytz>=2017.3 in /home/***/.local/lib/python3.7/site-packages (from pandas>=0.25->seaborn) (2023.3)
[2023-07-17T21:35:29.559+0000] {subprocess.py:93} INFO - Requirement already satisfied: six>=1.5 in /home/***/.local/lib/python3.7/site-packages (from python-dateutil>=2.7->matplotlib) (1.16.0)
[2023-07-17T21:35:29.569+0000] {subprocess.py:93} INFO - Requirement already satisfied: charset-normalizer<4,>=2 in /home/***/.local/lib/python3.7/site-packages (from requests<3.0.0,>=2.0.0->wikipedia) (3.1.0)
[2023-07-17T21:35:29.570+0000] {subprocess.py:93} INFO - Requirement already satisfied: idna<4,>=2.5 in /home/***/.local/lib/python3.7/site-packages (from requests<3.0.0,>=2.0.0->wikipedia) (3.4)
[2023-07-17T21:35:29.571+0000] {subprocess.py:93} INFO - Requirement already satisfied: urllib3<3,>=1.21.1 in /home/***/.local/lib/python3.7/site-packages (from requests<3.0.0,>=2.0.0->wikipedia) (1.26.16)
[2023-07-17T21:35:29.572+0000] {subprocess.py:93} INFO - Requirement already satisfied: certifi>=2017.4.17 in /home/***/.local/lib/python3.7/site-packages (from requests<3.0.0,>=2.0.0->wikipedia) (2023.5.7)
[2023-07-17T21:35:29.579+0000] {subprocess.py:93} INFO - Requirement already satisfied: soupsieve>1.2 in /home/***/.local/lib/python3.7/site-packages (from beautifulsoup4->wikipedia) (2.4.1)
[2023-07-17T21:35:29.623+0000] {subprocess.py:93} INFO - Building wheels for collected packages: wikipedia
[2023-07-17T21:35:29.624+0000] {subprocess.py:93} INFO -   Building wheel for wikipedia (setup.py): started
[2023-07-17T21:35:30.622+0000] {subprocess.py:93} INFO -   Building wheel for wikipedia (setup.py): finished with status 'done'
[2023-07-17T21:35:30.623+0000] {subprocess.py:93} INFO -   Created wheel for wikipedia: filename=wikipedia-1.4.0-py3-none-any.whl size=11680 sha256=7b365ef541346349b65244a291f7d0a2ed3847d6dadfb9599850320a537e09e8
[2023-07-17T21:35:30.623+0000] {subprocess.py:93} INFO -   Stored in directory: /home/***/.cache/pip/wheels/15/93/6d/5b2c68b8a64c7a7a04947b4ed6d89fb557dcc6bc27d1d7f3ba
[2023-07-17T21:35:30.625+0000] {subprocess.py:93} INFO - Successfully built wikipedia
[2023-07-17T21:35:35.698+0000] {subprocess.py:93} INFO - Installing collected packages: scipy, pillow, networkx, kiwisolver, fonttools, cycler, wikipedia, matplotlib, seaborn
[2023-07-17T21:35:40.874+0000] {subprocess.py:93} INFO - Successfully installed cycler-0.11.0 fonttools-4.38.0 kiwisolver-1.4.4 matplotlib-3.5.3 networkx-2.6.3 pillow-9.5.0 scipy-1.7.3 seaborn-0.12.2 wikipedia-1.4.0
[2023-07-17T21:35:41.017+0000] {subprocess.py:93} INFO - 
[2023-07-17T21:35:41.018+0000] {subprocess.py:93} INFO - [notice] A new release of pip is available: 23.1.2 -> 23.2
[2023-07-17T21:35:41.018+0000] {subprocess.py:93} INFO - [notice] To update, run: python -m pip install --upgrade pip
[2023-07-17T21:35:41.258+0000] {subprocess.py:97} INFO - Command exited with return code 0
[2023-07-17T21:35:41.306+0000] {taskinstance.py:1350} INFO - Marking task as SUCCESS. dag_id=main_dag, task_id=install_libraries, execution_date=20230717T213509, start_date=20230717T213512, end_date=20230717T213541
[2023-07-17T21:35:41.366+0000] {local_task_job_runner.py:225} INFO - Task exited with return code 0
[2023-07-17T21:35:41.428+0000] {taskinstance.py:2653} INFO - 1 downstream tasks scheduled from follow-on schedule check
