[2023-07-17T09:32:01.033+0000] {taskinstance.py:1103} INFO - Dependencies all met for dep_context=non-requeueable deps ti=<TaskInstance: main_dag.install_libraries manual__2023-07-17T09:32:00.011715+00:00 [queued]>
[2023-07-17T09:32:01.044+0000] {taskinstance.py:1103} INFO - Dependencies all met for dep_context=requeueable deps ti=<TaskInstance: main_dag.install_libraries manual__2023-07-17T09:32:00.011715+00:00 [queued]>
[2023-07-17T09:32:01.044+0000] {taskinstance.py:1308} INFO - Starting attempt 1 of 1
[2023-07-17T09:32:01.061+0000] {taskinstance.py:1327} INFO - Executing <Task(BashOperator): install_libraries> on 2023-07-17 09:32:00.011715+00:00
[2023-07-17T09:32:01.066+0000] {standard_task_runner.py:57} INFO - Started process 686 to run task
[2023-07-17T09:32:01.068+0000] {standard_task_runner.py:84} INFO - Running: ['***', 'tasks', 'run', 'main_dag', 'install_libraries', 'manual__2023-07-17T09:32:00.011715+00:00', '--job-id', '648', '--raw', '--subdir', 'DAGS_FOLDER/main_dag.py', '--cfg-path', '/tmp/tmp1ysgwq9b']
[2023-07-17T09:32:01.071+0000] {standard_task_runner.py:85} INFO - Job 648: Subtask install_libraries
[2023-07-17T09:32:01.114+0000] {task_command.py:410} INFO - Running <TaskInstance: main_dag.install_libraries manual__2023-07-17T09:32:00.011715+00:00 [running]> on host a888360a1584
[2023-07-17T09:32:01.217+0000] {taskinstance.py:1547} INFO - Exporting env vars: AIRFLOW_CTX_DAG_OWNER='***' AIRFLOW_CTX_DAG_ID='main_dag' AIRFLOW_CTX_TASK_ID='install_libraries' AIRFLOW_CTX_EXECUTION_DATE='2023-07-17T09:32:00.011715+00:00' AIRFLOW_CTX_TRY_NUMBER='1' AIRFLOW_CTX_DAG_RUN_ID='manual__2023-07-17T09:32:00.011715+00:00'
[2023-07-17T09:32:01.220+0000] {subprocess.py:63} INFO - Tmp dir root location: /tmp
[2023-07-17T09:32:01.221+0000] {subprocess.py:75} INFO - Running command: ['/bin/bash', '-c', 'pip install networkx matplotlib scipy seaborn wikipedia']
[2023-07-17T09:32:01.232+0000] {subprocess.py:86} INFO - Output:
[2023-07-17T09:32:01.970+0000] {subprocess.py:93} INFO - Defaulting to user installation because normal site-packages is not writeable
[2023-07-17T09:32:02.142+0000] {subprocess.py:93} INFO - Requirement already satisfied: networkx in /home/***/.local/lib/python3.7/site-packages (2.6.3)
[2023-07-17T09:32:02.143+0000] {subprocess.py:93} INFO - Requirement already satisfied: matplotlib in /home/***/.local/lib/python3.7/site-packages (3.5.3)
[2023-07-17T09:32:02.143+0000] {subprocess.py:93} INFO - Requirement already satisfied: scipy in /home/***/.local/lib/python3.7/site-packages (1.7.3)
[2023-07-17T09:32:02.144+0000] {subprocess.py:93} INFO - Requirement already satisfied: seaborn in /home/***/.local/lib/python3.7/site-packages (0.12.2)
[2023-07-17T09:32:02.144+0000] {subprocess.py:93} INFO - Requirement already satisfied: wikipedia in /home/***/.local/lib/python3.7/site-packages (1.4.0)
[2023-07-17T09:32:02.169+0000] {subprocess.py:93} INFO - Requirement already satisfied: cycler>=0.10 in /home/***/.local/lib/python3.7/site-packages (from matplotlib) (0.11.0)
[2023-07-17T09:32:02.170+0000] {subprocess.py:93} INFO - Requirement already satisfied: fonttools>=4.22.0 in /home/***/.local/lib/python3.7/site-packages (from matplotlib) (4.38.0)
[2023-07-17T09:32:02.171+0000] {subprocess.py:93} INFO - Requirement already satisfied: kiwisolver>=1.0.1 in /home/***/.local/lib/python3.7/site-packages (from matplotlib) (1.4.4)
[2023-07-17T09:32:02.171+0000] {subprocess.py:93} INFO - Requirement already satisfied: numpy>=1.17 in /home/***/.local/lib/python3.7/site-packages (from matplotlib) (1.21.6)
[2023-07-17T09:32:02.172+0000] {subprocess.py:93} INFO - Requirement already satisfied: packaging>=20.0 in /home/***/.local/lib/python3.7/site-packages (from matplotlib) (21.3)
[2023-07-17T09:32:02.173+0000] {subprocess.py:93} INFO - Requirement already satisfied: pillow>=6.2.0 in /home/***/.local/lib/python3.7/site-packages (from matplotlib) (9.5.0)
[2023-07-17T09:32:02.173+0000] {subprocess.py:93} INFO - Requirement already satisfied: pyparsing>=2.2.1 in /home/***/.local/lib/python3.7/site-packages (from matplotlib) (3.1.0)
[2023-07-17T09:32:02.174+0000] {subprocess.py:93} INFO - Requirement already satisfied: python-dateutil>=2.7 in /home/***/.local/lib/python3.7/site-packages (from matplotlib) (2.8.2)
[2023-07-17T09:32:02.195+0000] {subprocess.py:93} INFO - Requirement already satisfied: pandas>=0.25 in /home/***/.local/lib/python3.7/site-packages (from seaborn) (1.3.5)
[2023-07-17T09:32:02.197+0000] {subprocess.py:93} INFO - Requirement already satisfied: typing_extensions in /home/***/.local/lib/python3.7/site-packages (from seaborn) (4.7.1)
[2023-07-17T09:32:02.199+0000] {subprocess.py:93} INFO - Requirement already satisfied: beautifulsoup4 in /home/***/.local/lib/python3.7/site-packages (from wikipedia) (4.12.2)
[2023-07-17T09:32:02.200+0000] {subprocess.py:93} INFO - Requirement already satisfied: requests<3.0.0,>=2.0.0 in /home/***/.local/lib/python3.7/site-packages (from wikipedia) (2.31.0)
[2023-07-17T09:32:02.260+0000] {subprocess.py:93} INFO - Requirement already satisfied: pytz>=2017.3 in /home/***/.local/lib/python3.7/site-packages (from pandas>=0.25->seaborn) (2023.3)
[2023-07-17T09:32:02.281+0000] {subprocess.py:93} INFO - Requirement already satisfied: six>=1.5 in /home/***/.local/lib/python3.7/site-packages (from python-dateutil>=2.7->matplotlib) (1.16.0)
[2023-07-17T09:32:02.290+0000] {subprocess.py:93} INFO - Requirement already satisfied: charset-normalizer<4,>=2 in /home/***/.local/lib/python3.7/site-packages (from requests<3.0.0,>=2.0.0->wikipedia) (3.1.0)
[2023-07-17T09:32:02.290+0000] {subprocess.py:93} INFO - Requirement already satisfied: idna<4,>=2.5 in /home/***/.local/lib/python3.7/site-packages (from requests<3.0.0,>=2.0.0->wikipedia) (3.4)
[2023-07-17T09:32:02.291+0000] {subprocess.py:93} INFO - Requirement already satisfied: urllib3<3,>=1.21.1 in /home/***/.local/lib/python3.7/site-packages (from requests<3.0.0,>=2.0.0->wikipedia) (1.26.16)
[2023-07-17T09:32:02.292+0000] {subprocess.py:93} INFO - Requirement already satisfied: certifi>=2017.4.17 in /home/***/.local/lib/python3.7/site-packages (from requests<3.0.0,>=2.0.0->wikipedia) (2023.5.7)
[2023-07-17T09:32:02.297+0000] {subprocess.py:93} INFO - Requirement already satisfied: soupsieve>1.2 in /home/***/.local/lib/python3.7/site-packages (from beautifulsoup4->wikipedia) (2.4.1)
[2023-07-17T09:32:07.423+0000] {subprocess.py:93} INFO - 
[2023-07-17T09:32:07.424+0000] {subprocess.py:93} INFO - [notice] A new release of pip is available: 23.1.2 -> 23.2
[2023-07-17T09:32:07.424+0000] {subprocess.py:93} INFO - [notice] To update, run: python -m pip install --upgrade pip
[2023-07-17T09:32:07.593+0000] {subprocess.py:97} INFO - Command exited with return code 0
[2023-07-17T09:32:07.628+0000] {taskinstance.py:1350} INFO - Marking task as SUCCESS. dag_id=main_dag, task_id=install_libraries, execution_date=20230717T093200, start_date=20230717T093201, end_date=20230717T093207
[2023-07-17T09:32:07.660+0000] {local_task_job_runner.py:225} INFO - Task exited with return code 0
[2023-07-17T09:32:07.695+0000] {taskinstance.py:2653} INFO - 1 downstream tasks scheduled from follow-on schedule check
