[2023-07-17T09:28:45.833+0000] {taskinstance.py:1103} INFO - Dependencies all met for dep_context=non-requeueable deps ti=<TaskInstance: main_dag.preprocessing.remove_plural manual__2023-07-17T09:13:22.241658+00:00 [queued]>
[2023-07-17T09:28:45.846+0000] {taskinstance.py:1103} INFO - Dependencies all met for dep_context=requeueable deps ti=<TaskInstance: main_dag.preprocessing.remove_plural manual__2023-07-17T09:13:22.241658+00:00 [queued]>
[2023-07-17T09:28:45.846+0000] {taskinstance.py:1308} INFO - Starting attempt 1 of 1
[2023-07-17T09:28:45.860+0000] {taskinstance.py:1327} INFO - Executing <Task(PythonOperator): preprocessing.remove_plural> on 2023-07-17 09:13:22.241658+00:00
[2023-07-17T09:28:45.864+0000] {standard_task_runner.py:57} INFO - Started process 607 to run task
[2023-07-17T09:28:45.867+0000] {standard_task_runner.py:84} INFO - Running: ['***', 'tasks', 'run', 'main_dag', 'preprocessing.remove_plural', 'manual__2023-07-17T09:13:22.241658+00:00', '--job-id', '647', '--raw', '--subdir', 'DAGS_FOLDER/main_dag.py', '--cfg-path', '/tmp/tmpndvytn8d']
[2023-07-17T09:28:45.870+0000] {standard_task_runner.py:85} INFO - Job 647: Subtask preprocessing.remove_plural
[2023-07-17T09:28:45.916+0000] {task_command.py:410} INFO - Running <TaskInstance: main_dag.preprocessing.remove_plural manual__2023-07-17T09:13:22.241658+00:00 [running]> on host a888360a1584
[2023-07-17T09:28:46.012+0000] {taskinstance.py:1547} INFO - Exporting env vars: AIRFLOW_CTX_DAG_OWNER='***' AIRFLOW_CTX_DAG_ID='main_dag' AIRFLOW_CTX_TASK_ID='preprocessing.remove_plural' AIRFLOW_CTX_EXECUTION_DATE='2023-07-17T09:13:22.241658+00:00' AIRFLOW_CTX_TRY_NUMBER='1' AIRFLOW_CTX_DAG_RUN_ID='manual__2023-07-17T09:13:22.241658+00:00'
[2023-07-17T09:28:46.013+0000] {taskinstance.py:1824} ERROR - Task failed with exception
Traceback (most recent call last):
  File "/home/airflow/.local/lib/python3.7/site-packages/airflow/operators/python.py", line 181, in execute
    return_value = self.execute_callable()
  File "/home/airflow/.local/lib/python3.7/site-packages/airflow/operators/python.py", line 198, in execute_callable
    return self.python_callable(*self.op_args, **self.op_kwargs)
  File "/opt/airflow/dags/main_dag.py", line 96, in remove_plural
    import network as nx
ModuleNotFoundError: No module named 'network'
[2023-07-17T09:28:46.022+0000] {taskinstance.py:1350} INFO - Marking task as FAILED. dag_id=main_dag, task_id=preprocessing.remove_plural, execution_date=20230717T091322, start_date=20230717T092845, end_date=20230717T092846
[2023-07-17T09:28:46.037+0000] {standard_task_runner.py:109} ERROR - Failed to execute job 647 for task preprocessing.remove_plural (No module named 'network'; 607)
[2023-07-17T09:28:46.079+0000] {local_task_job_runner.py:225} INFO - Task exited with return code 1
[2023-07-17T09:28:46.137+0000] {taskinstance.py:2653} INFO - 0 downstream tasks scheduled from follow-on schedule check
