[2023-07-16T03:25:17.084+0000] {taskinstance.py:1103} INFO - Dependencies all met for dep_context=non-requeueable deps ti=<TaskInstance: main_dag.read_data manual__2023-07-16T03:25:08.499973+00:00 [queued]>
[2023-07-16T03:25:17.094+0000] {taskinstance.py:1103} INFO - Dependencies all met for dep_context=requeueable deps ti=<TaskInstance: main_dag.read_data manual__2023-07-16T03:25:08.499973+00:00 [queued]>
[2023-07-16T03:25:17.094+0000] {taskinstance.py:1308} INFO - Starting attempt 1 of 1
[2023-07-16T03:25:17.108+0000] {taskinstance.py:1327} INFO - Executing <Task(PythonOperator): read_data> on 2023-07-16 03:25:08.499973+00:00
[2023-07-16T03:25:17.112+0000] {standard_task_runner.py:57} INFO - Started process 466 to run task
[2023-07-16T03:25:17.116+0000] {standard_task_runner.py:84} INFO - Running: ['***', 'tasks', 'run', 'main_dag', 'read_data', 'manual__2023-07-16T03:25:08.499973+00:00', '--job-id', '437', '--raw', '--subdir', 'DAGS_FOLDER/main_dag.py', '--cfg-path', '/tmp/tmpqvyrq5n5']
[2023-07-16T03:25:17.118+0000] {standard_task_runner.py:85} INFO - Job 437: Subtask read_data
[2023-07-16T03:25:17.157+0000] {task_command.py:410} INFO - Running <TaskInstance: main_dag.read_data manual__2023-07-16T03:25:08.499973+00:00 [running]> on host 75cbd5457fb2
[2023-07-16T03:25:17.248+0000] {taskinstance.py:1547} INFO - Exporting env vars: AIRFLOW_CTX_DAG_OWNER='***' AIRFLOW_CTX_DAG_ID='main_dag' AIRFLOW_CTX_TASK_ID='read_data' AIRFLOW_CTX_EXECUTION_DATE='2023-07-16T03:25:08.499973+00:00' AIRFLOW_CTX_TRY_NUMBER='1' AIRFLOW_CTX_DAG_RUN_ID='manual__2023-07-16T03:25:08.499973+00:00'
[2023-07-16T03:25:17.249+0000] {taskinstance.py:1824} ERROR - Task failed with exception
Traceback (most recent call last):
  File "/home/airflow/.local/lib/python3.7/site-packages/airflow/operators/python.py", line 181, in execute
    return_value = self.execute_callable()
  File "/home/airflow/.local/lib/python3.7/site-packages/airflow/operators/python.py", line 198, in execute_callable
    return self.python_callable(*self.op_args, **self.op_kwargs)
  File "/opt/airflow/dags/main_dag.py", line 32, in read_graph
    g = networkx.read_edgelist(f"data/{kwargs['name']}.txt", create_using=networkx.Graph(), nodetype=int)
NameError: name 'networkx' is not defined
[2023-07-16T03:25:17.258+0000] {taskinstance.py:1350} INFO - Marking task as FAILED. dag_id=main_dag, task_id=read_data, execution_date=20230716T032508, start_date=20230716T032517, end_date=20230716T032517
[2023-07-16T03:25:17.270+0000] {standard_task_runner.py:109} ERROR - Failed to execute job 437 for task read_data (name 'networkx' is not defined; 466)
[2023-07-16T03:25:17.287+0000] {local_task_job_runner.py:225} INFO - Task exited with return code 1
[2023-07-16T03:25:17.307+0000] {taskinstance.py:2653} INFO - 0 downstream tasks scheduled from follow-on schedule check
