[2023-07-16T03:25:09.178+0000] {taskinstance.py:1103} INFO - Dependencies all met for dep_context=non-requeueable deps ti=<TaskInstance: main_dag.install_libraries manual__2023-07-16T03:25:08.499973+00:00 [queued]>
[2023-07-16T03:25:09.188+0000] {taskinstance.py:1103} INFO - Dependencies all met for dep_context=requeueable deps ti=<TaskInstance: main_dag.install_libraries manual__2023-07-16T03:25:08.499973+00:00 [queued]>
[2023-07-16T03:25:09.189+0000] {taskinstance.py:1308} INFO - Starting attempt 1 of 1
[2023-07-16T03:25:09.203+0000] {taskinstance.py:1327} INFO - Executing <Task(BashOperator): install_libraries> on 2023-07-16 03:25:08.499973+00:00
[2023-07-16T03:25:09.207+0000] {standard_task_runner.py:57} INFO - Started process 457 to run task
[2023-07-16T03:25:09.210+0000] {standard_task_runner.py:84} INFO - Running: ['***', 'tasks', 'run', 'main_dag', 'install_libraries', 'manual__2023-07-16T03:25:08.499973+00:00', '--job-id', '435', '--raw', '--subdir', 'DAGS_FOLDER/main_dag.py', '--cfg-path', '/tmp/tmpd2vxrh3_']
[2023-07-16T03:25:09.213+0000] {standard_task_runner.py:85} INFO - Job 435: Subtask install_libraries
[2023-07-16T03:25:09.253+0000] {task_command.py:410} INFO - Running <TaskInstance: main_dag.install_libraries manual__2023-07-16T03:25:08.499973+00:00 [running]> on host 75cbd5457fb2
[2023-07-16T03:25:09.344+0000] {taskinstance.py:1547} INFO - Exporting env vars: AIRFLOW_CTX_DAG_OWNER='***' AIRFLOW_CTX_DAG_ID='main_dag' AIRFLOW_CTX_TASK_ID='install_libraries' AIRFLOW_CTX_EXECUTION_DATE='2023-07-16T03:25:08.499973+00:00' AIRFLOW_CTX_TRY_NUMBER='1' AIRFLOW_CTX_DAG_RUN_ID='manual__2023-07-16T03:25:08.499973+00:00'
[2023-07-16T03:25:09.345+0000] {subprocess.py:63} INFO - Tmp dir root location: /tmp
[2023-07-16T03:25:09.346+0000] {subprocess.py:75} INFO - Running command: ['/bin/bash', '-c', 'pip install networkx']
[2023-07-16T03:25:09.355+0000] {subprocess.py:86} INFO - Output:
[2023-07-16T03:25:10.042+0000] {subprocess.py:93} INFO - Defaulting to user installation because normal site-packages is not writeable
[2023-07-16T03:25:10.175+0000] {subprocess.py:93} INFO - Requirement already satisfied: networkx in /home/***/.local/lib/python3.7/site-packages (2.6.3)
[2023-07-16T03:25:14.845+0000] {subprocess.py:93} INFO - 
[2023-07-16T03:25:14.846+0000] {subprocess.py:93} INFO - [notice] A new release of pip is available: 23.1.2 -> 23.2
[2023-07-16T03:25:14.846+0000] {subprocess.py:93} INFO - [notice] To update, run: python -m pip install --upgrade pip
[2023-07-16T03:25:15.010+0000] {subprocess.py:97} INFO - Command exited with return code 0
[2023-07-16T03:25:15.037+0000] {taskinstance.py:1350} INFO - Marking task as SUCCESS. dag_id=main_dag, task_id=install_libraries, execution_date=20230716T032508, start_date=20230716T032509, end_date=20230716T032515
[2023-07-16T03:25:15.085+0000] {local_task_job_runner.py:225} INFO - Task exited with return code 0
[2023-07-16T03:25:15.113+0000] {taskinstance.py:2653} INFO - 1 downstream tasks scheduled from follow-on schedule check
