[2023-07-17T13:40:09.810+0000] {taskinstance.py:1103} INFO - Dependencies all met for dep_context=non-requeueable deps ti=<TaskInstance: main_dag.data_acquisition manual__2023-07-17T13:39:57.137920+00:00 [queued]>
[2023-07-17T13:40:09.819+0000] {taskinstance.py:1103} INFO - Dependencies all met for dep_context=requeueable deps ti=<TaskInstance: main_dag.data_acquisition manual__2023-07-17T13:39:57.137920+00:00 [queued]>
[2023-07-17T13:40:09.819+0000] {taskinstance.py:1308} INFO - Starting attempt 1 of 1
[2023-07-17T13:40:09.833+0000] {taskinstance.py:1327} INFO - Executing <Task(PythonOperator): data_acquisition> on 2023-07-17 13:39:57.137920+00:00
[2023-07-17T13:40:09.838+0000] {standard_task_runner.py:57} INFO - Started process 712 to run task
[2023-07-17T13:40:09.841+0000] {standard_task_runner.py:84} INFO - Running: ['***', 'tasks', 'run', 'main_dag', 'data_acquisition', 'manual__2023-07-17T13:39:57.137920+00:00', '--job-id', '694', '--raw', '--subdir', 'DAGS_FOLDER/main_dag.py', '--cfg-path', '/tmp/tmp6ghxni1_']
[2023-07-17T13:40:09.845+0000] {standard_task_runner.py:85} INFO - Job 694: Subtask data_acquisition
[2023-07-17T13:40:09.886+0000] {task_command.py:410} INFO - Running <TaskInstance: main_dag.data_acquisition manual__2023-07-17T13:39:57.137920+00:00 [running]> on host 46d66aa08365
[2023-07-17T13:40:09.978+0000] {taskinstance.py:1547} INFO - Exporting env vars: AIRFLOW_CTX_DAG_OWNER='***' AIRFLOW_CTX_DAG_ID='main_dag' AIRFLOW_CTX_TASK_ID='data_acquisition' AIRFLOW_CTX_EXECUTION_DATE='2023-07-17T13:39:57.137920+00:00' AIRFLOW_CTX_TRY_NUMBER='1' AIRFLOW_CTX_DAG_RUN_ID='manual__2023-07-17T13:39:57.137920+00:00'
[2023-07-17T13:40:10.046+0000] {taskinstance.py:1824} ERROR - Task failed with exception
Traceback (most recent call last):
  File "/home/airflow/.local/lib/python3.7/site-packages/airflow/operators/python.py", line 181, in execute
    return_value = self.execute_callable()
  File "/home/airflow/.local/lib/python3.7/site-packages/airflow/operators/python.py", line 198, in execute_callable
    return self.python_callable(*self.op_args, **self.op_kwargs)
  File "/opt/airflow/dags/main_dag.py", line 59, in data_acquisition
    import graph_tool.all as gt
ModuleNotFoundError: No module named 'graph_tool'
[2023-07-17T13:40:10.054+0000] {taskinstance.py:1350} INFO - Marking task as FAILED. dag_id=main_dag, task_id=data_acquisition, execution_date=20230717T133957, start_date=20230717T134009, end_date=20230717T134010
[2023-07-17T13:40:10.067+0000] {standard_task_runner.py:109} ERROR - Failed to execute job 694 for task data_acquisition (No module named 'graph_tool'; 712)
[2023-07-17T13:40:10.093+0000] {local_task_job_runner.py:225} INFO - Task exited with return code 1
[2023-07-17T13:40:10.124+0000] {taskinstance.py:2653} INFO - 0 downstream tasks scheduled from follow-on schedule check
